#################################################################
# If you used AutoDock Vina in your work, please cite:          #
#                                                               #
# O. Trott, A. J. Olson,                                        #
# AutoDock Vina: improving the speed and accuracy of docking    #
# with a new scoring function, efficient optimization and       #
# multithreading, Journal of Computational Chemistry 31 (2010)  #
# 455-461                                                       #
#                                                               #
# DOI 10.1002/jcc.21334                                         #
#                                                               #
# Please see http://vina.scripps.edu for more information.      #
#################################################################

Output will be mol_datas/846-49-1_out.pdbqt
Reading input ... done.
Setting up the scoring function ... done.
Analyzing the binding site ... done.
Using random seed: 1000
Performing search ... done.
Refining results ... done.

mode |   affinity | dist from best mode
     | (kcal/mol) | rmsd l.b.| rmsd u.b.
-----+------------+----------+----------
   1         -7.0      0.000      0.000
   2         -6.7      6.177      9.381
   3         -6.2      5.609      7.539
   4         -6.1      7.112      9.124
   5         -6.0     14.934     15.983
   6         -5.9     14.065     15.356
   7         -5.8     14.547     15.777
   8         -5.7     13.882     15.408
   9         -5.7      3.261      5.667
  10         -5.6     13.902     15.282
  11         -5.6     14.235     15.545
  12         -5.5     14.495     15.445
  13         -5.5     14.306     15.643
  14         -5.4     14.470     15.852
  15         -5.3     13.999     14.828
  16         -5.2     14.273     15.609
  17         -5.2     14.599     15.659
  18         -5.2     14.516     15.539
  19         -5.0     15.266     16.175
  20         -4.9     15.047     16.502
Writing output ... done.
