#################################################################
# If you used AutoDock Vina in your work, please cite:          #
#                                                               #
# O. Trott, A. J. Olson,                                        #
# AutoDock Vina: improving the speed and accuracy of docking    #
# with a new scoring function, efficient optimization and       #
# multithreading, Journal of Computational Chemistry 31 (2010)  #
# 455-461                                                       #
#                                                               #
# DOI 10.1002/jcc.21334                                         #
#                                                               #
# Please see http://vina.scripps.edu for more information.      #
#################################################################

Output will be mol_datas/315-30-0_out.pdbqt
Reading input ... done.
Setting up the scoring function ... done.
Analyzing the binding site ... done.
Using random seed: 1000
Performing search ... done.
Refining results ... done.

mode |   affinity | dist from best mode
     | (kcal/mol) | rmsd l.b.| rmsd u.b.
-----+------------+----------+----------
   1         -5.7      0.000      0.000
   2         -5.7      1.209      2.839
   3         -5.6      2.080      2.793
   4         -5.6     10.204     11.081
   5         -5.6      2.963      4.026
   6         -5.5      3.376      4.647
   7         -5.5      1.609      2.459
   8         -5.5      4.042      4.952
   9         -5.5      3.111      4.012
  10         -5.4     10.355     11.593
  11         -5.4     10.048     11.105
  12         -5.4      3.585      4.638
  13         -5.4      1.941      2.858
  14         -5.4      2.032      2.965
  15         -5.4      3.369      3.969
  16         -5.3     10.345     11.629
  17         -5.3      3.679      4.629
  18         -5.3     10.241     11.386
  19         -5.2     10.067     11.292
  20         -5.1      9.939     11.113
Writing output ... done.
