#################################################################
# If you used AutoDock Vina in your work, please cite:          #
#                                                               #
# O. Trott, A. J. Olson,                                        #
# AutoDock Vina: improving the speed and accuracy of docking    #
# with a new scoring function, efficient optimization and       #
# multithreading, Journal of Computational Chemistry 31 (2010)  #
# 455-461                                                       #
#                                                               #
# DOI 10.1002/jcc.21334                                         #
#                                                               #
# Please see http://vina.scripps.edu for more information.      #
#################################################################

Output will be mol_datas/2367-82-0_out.pdbqt
Reading input ... done.
Setting up the scoring function ... done.
Analyzing the binding site ... done.
Using random seed: 1000
Performing search ... done.
Refining results ... done.

mode |   affinity | dist from best mode
     | (kcal/mol) | rmsd l.b.| rmsd u.b.
-----+------------+----------+----------
   1         -6.5      0.000      0.000
   2         -6.4      0.414      2.648
   3         -6.4      1.323      3.130
   4         -6.2      1.121      2.976
   5         -6.2      1.111      3.010
   6         -6.1      0.970      2.975
   7         -6.1      3.722      5.405
   8         -6.0      3.719      5.028
   9         -6.0      3.774      5.582
  10         -6.0      3.774      4.937
  11         -5.9      3.403      4.442
  12         -5.8      2.104      3.634
  13         -5.8      3.123      4.645
  14         -5.4      3.058      4.251
  15         -5.2      9.710     11.707
  16         -5.2      9.723     11.540
  17         -5.2      9.720     11.668
  18         -5.2      9.991     11.790
  19         -5.2      9.710     11.417
  20         -5.2     10.084     12.004
Writing output ... done.
