#################################################################
# If you used AutoDock Vina in your work, please cite:          #
#                                                               #
# O. Trott, A. J. Olson,                                        #
# AutoDock Vina: improving the speed and accuracy of docking    #
# with a new scoring function, efficient optimization and       #
# multithreading, Journal of Computational Chemistry 31 (2010)  #
# 455-461                                                       #
#                                                               #
# DOI 10.1002/jcc.21334                                         #
#                                                               #
# Please see http://vina.scripps.edu for more information.      #
#################################################################

Output will be mol_datas/95-14-7_out.pdbqt
Reading input ... done.
Setting up the scoring function ... done.
Analyzing the binding site ... done.
Using random seed: 1000
Performing search ... done.
Refining results ... done.

mode |   affinity | dist from best mode
     | (kcal/mol) | rmsd l.b.| rmsd u.b.
-----+------------+----------+----------
   1         -6.8      0.000      0.000
   2         -6.7      0.424      1.956
   3         -6.2      1.688      2.854
   4         -6.1      9.599     10.482
   5         -6.0      3.577      4.633
   6         -6.0      4.240      4.933
   7         -6.0      1.652      2.866
   8         -5.8      9.577     10.546
   9         -5.8      4.180      5.176
  10         -5.7      4.222      5.204
  11         -5.6     10.224     11.302
  12         -5.5     11.015     12.202
  13         -5.5      2.235      3.601
  14         -5.4      3.439      4.066
  15         -5.4     10.843     12.021
  16         -5.3     10.353     11.481
  17         -5.2     10.252     11.291
  18         -4.9     10.117     11.282
  19         -4.6      6.992      8.130
  20         -4.5     12.981     13.748
Writing output ... done.
