#################################################################
# If you used AutoDock Vina in your work, please cite:          #
#                                                               #
# O. Trott, A. J. Olson,                                        #
# AutoDock Vina: improving the speed and accuracy of docking    #
# with a new scoring function, efficient optimization and       #
# multithreading, Journal of Computational Chemistry 31 (2010)  #
# 455-461                                                       #
#                                                               #
# DOI 10.1002/jcc.21334                                         #
#                                                               #
# Please see http://vina.scripps.edu for more information.      #
#################################################################

Output will be mol_datas/75-26-3_out.pdbqt
Reading input ... done.
Setting up the scoring function ... done.
Analyzing the binding site ... done.
Using random seed: 1000
Performing search ... done.
Refining results ... done.

mode |   affinity | dist from best mode
     | (kcal/mol) | rmsd l.b.| rmsd u.b.
-----+------------+----------+----------
   1         -3.3      0.000      0.000
   2         -3.1      5.635      6.201
   3         -3.1      1.802      2.499
   4         -3.0      5.830      6.445
   5         -3.0      5.875      6.656
   6         -2.9     12.607     12.794
   7         -2.9     12.784     12.966
   8         -2.8      2.548      3.030
   9         -2.8      3.264      3.957
  10         -2.8      2.253      2.570
  11         -2.8      3.072      3.801
  12         -2.8      4.795      4.952
  13         -2.8      2.486      3.046
  14         -2.7      3.342      4.397
  15         -2.7      4.289      4.566
  16         -2.6      8.712      8.984
  17         -2.6     11.665     12.292
  18         -2.6     11.928     12.373
  19         -2.6      9.306      9.958
  20         -2.6      3.112      3.715
Writing output ... done.
