#################################################################
# If you used AutoDock Vina in your work, please cite:          #
#                                                               #
# O. Trott, A. J. Olson,                                        #
# AutoDock Vina: improving the speed and accuracy of docking    #
# with a new scoring function, efficient optimization and       #
# multithreading, Journal of Computational Chemistry 31 (2010)  #
# 455-461                                                       #
#                                                               #
# DOI 10.1002/jcc.21334                                         #
#                                                               #
# Please see http://vina.scripps.edu for more information.      #
#################################################################

Output will be mol_datas/112-53-8_out.pdbqt
Reading input ... done.
Setting up the scoring function ... done.
Analyzing the binding site ... done.
Using random seed: 1000
Performing search ... done.
Refining results ... done.

mode |   affinity | dist from best mode
     | (kcal/mol) | rmsd l.b.| rmsd u.b.
-----+------------+----------+----------
   1         -6.3      0.000      0.000
   2         -6.0      1.764      2.201
   3         -6.0      3.648      4.518
   4         -5.9      2.863      6.050
   5         -5.7      2.253      5.741
   6         -5.7      2.460      3.317
   7         -5.7      2.504      5.311
   8         -5.7      3.018      5.713
   9         -5.6      1.488      2.350
  10         -5.4      2.250      3.790
  11         -5.3      1.470      2.167
  12         -5.3      4.024      5.687
  13         -5.3      4.291      5.143
  14         -5.3      2.605      5.065
  15         -5.2      3.422      4.445
  16         -5.1      6.710      8.216
  17         -5.1      6.922      9.878
  18         -5.1      5.299      6.745
  19         -5.1      3.034      5.292
  20         -4.9      4.855      7.524
Writing output ... done.
