#################################################################
# If you used AutoDock Vina in your work, please cite:          #
#                                                               #
# O. Trott, A. J. Olson,                                        #
# AutoDock Vina: improving the speed and accuracy of docking    #
# with a new scoring function, efficient optimization and       #
# multithreading, Journal of Computational Chemistry 31 (2010)  #
# 455-461                                                       #
#                                                               #
# DOI 10.1002/jcc.21334                                         #
#                                                               #
# Please see http://vina.scripps.edu for more information.      #
#################################################################

Output will be mol_datas/834-12-8_out.pdbqt
Reading input ... done.
Setting up the scoring function ... done.
Analyzing the binding site ... done.
Using random seed: 1000
Performing search ... done.
Refining results ... done.

mode |   affinity | dist from best mode
     | (kcal/mol) | rmsd l.b.| rmsd u.b.
-----+------------+----------+----------
   1         -6.6      0.000      0.000
   2         -6.5      0.637      5.006
   3         -6.3      2.001      4.447
   4         -6.2      2.360      5.884
   5         -6.2      2.222      5.362
   6         -6.1      1.707      5.487
   7         -6.1      1.436      5.040
   8         -6.0      5.998      9.399
   9         -5.9      5.413      7.895
  10         -5.9      7.143      9.996
  11         -5.8      7.195      9.530
  12         -5.8      6.303      9.315
  13         -5.8      2.232      4.772
  14         -5.7      5.094      7.239
  15         -5.7      1.729      3.981
  16         -5.7      6.318     10.023
  17         -5.4      1.900      3.966
  18         -4.4      6.090      9.142
  19         -3.8      6.908      8.890
Writing output ... done.
