#################################################################
# If you used AutoDock Vina in your work, please cite:          #
#                                                               #
# O. Trott, A. J. Olson,                                        #
# AutoDock Vina: improving the speed and accuracy of docking    #
# with a new scoring function, efficient optimization and       #
# multithreading, Journal of Computational Chemistry 31 (2010)  #
# 455-461                                                       #
#                                                               #
# DOI 10.1002/jcc.21334                                         #
#                                                               #
# Please see http://vina.scripps.edu for more information.      #
#################################################################

Output will be mol_datas/128-62-1_out.pdbqt
Reading input ... done.
Setting up the scoring function ... done.
Analyzing the binding site ... done.
Using random seed: 1000
Performing search ... done.
Refining results ... done.

mode |   affinity | dist from best mode
     | (kcal/mol) | rmsd l.b.| rmsd u.b.
-----+------------+----------+----------
   1         -5.0      0.000      0.000
   2         -4.9      1.575      2.134
   3         -4.9      3.535      6.378
   4         -4.7      2.004      7.558
   5         -4.7      1.973      8.057
   6         -4.5      3.338      6.273
   7         -4.3      4.419      6.666
   8         -4.2      3.019      8.112
   9         -4.2      3.297      6.299
  10         -4.2      4.873      8.450
  11         -4.2      1.607      2.178
  12         -4.0      3.781      6.058
  13         -3.9      1.613      2.543
  14         -3.9      2.924      9.223
  15         -3.9      4.536      7.717
  16         -3.8      3.361      5.949
  17         -3.8      3.774      6.396
  18         -3.8      4.248      6.985
  19         -3.6      2.462      7.986
  20         -3.6      3.985      7.109
Writing output ... done.
