#################################################################
# If you used AutoDock Vina in your work, please cite:          #
#                                                               #
# O. Trott, A. J. Olson,                                        #
# AutoDock Vina: improving the speed and accuracy of docking    #
# with a new scoring function, efficient optimization and       #
# multithreading, Journal of Computational Chemistry 31 (2010)  #
# 455-461                                                       #
#                                                               #
# DOI 10.1002/jcc.21334                                         #
#                                                               #
# Please see http://vina.scripps.edu for more information.      #
#################################################################

Output will be mol_datas/626-89-1_out.pdbqt
Reading input ... done.
Setting up the scoring function ... done.
Analyzing the binding site ... done.
Using random seed: 1000
Performing search ... done.
Refining results ... done.

mode |   affinity | dist from best mode
     | (kcal/mol) | rmsd l.b.| rmsd u.b.
-----+------------+----------+----------
   1         -4.7      0.000      0.000
   2         -4.6      3.925      4.970
   3         -4.5      1.151      1.621
   4         -4.5      2.956      4.599
   5         -4.2      2.037      2.533
   6         -4.2      2.274      3.718
   7         -4.2      2.613      3.568
   8         -4.1      1.937      3.652
   9         -4.1      2.264      4.117
  10         -4.1      3.637      4.622
  11         -4.1     10.786     11.930
  12         -4.0      9.656     10.826
  13         -4.0      9.673     10.807
  14         -3.8      3.434      4.084
  15         -3.8     11.028     11.728
  16         -3.7     11.454     12.440
  17         -3.7     10.401     11.355
  18         -3.5     10.023     10.897
  19         -3.5     10.856     11.967
  20         -3.4      9.561     10.577
Writing output ... done.
