#################################################################
# If you used AutoDock Vina in your work, please cite:          #
#                                                               #
# O. Trott, A. J. Olson,                                        #
# AutoDock Vina: improving the speed and accuracy of docking    #
# with a new scoring function, efficient optimization and       #
# multithreading, Journal of Computational Chemistry 31 (2010)  #
# 455-461                                                       #
#                                                               #
# DOI 10.1002/jcc.21334                                         #
#                                                               #
# Please see http://vina.scripps.edu for more information.      #
#################################################################

Output will be mol_datas/149-91-7_out.pdbqt
Reading input ... done.
Setting up the scoring function ... done.
Analyzing the binding site ... done.
Using random seed: 1000
Performing search ... done.
Refining results ... done.

mode |   affinity | dist from best mode
     | (kcal/mol) | rmsd l.b.| rmsd u.b.
-----+------------+----------+----------
   1         -6.3      0.000      0.000
   2         -6.3      0.009      2.429
   3         -6.3      8.451     10.538
   4         -6.3      8.448     10.368
   5         -6.2      2.302      4.763
   6         -6.2      7.435      9.996
   7         -6.1      7.441     10.210
   8         -6.1      7.416      9.522
   9         -6.1      7.386      9.622
  10         -6.1      1.699      3.751
  11         -6.1      8.470     10.943
  12         -6.0      1.539      4.597
  13         -6.0      1.537      4.097
  14         -6.0      1.620      3.670
  15         -5.9      8.014      9.542
  16         -5.9      8.037     10.352
  17         -5.9      2.643      5.057
  18         -5.9      8.014      9.252
  19         -5.8      1.705      2.723
  20         -5.7      1.728      3.308
Writing output ... done.
