#################################################################
# If you used AutoDock Vina in your work, please cite:          #
#                                                               #
# O. Trott, A. J. Olson,                                        #
# AutoDock Vina: improving the speed and accuracy of docking    #
# with a new scoring function, efficient optimization and       #
# multithreading, Journal of Computational Chemistry 31 (2010)  #
# 455-461                                                       #
#                                                               #
# DOI 10.1002/jcc.21334                                         #
#                                                               #
# Please see http://vina.scripps.edu for more information.      #
#################################################################

Output will be mol_datas/564-25-0_out.pdbqt
Reading input ... done.
Setting up the scoring function ... done.
Analyzing the binding site ... done.
Using random seed: 1000
Performing search ... done.
Refining results ... done.

mode |   affinity | dist from best mode
     | (kcal/mol) | rmsd l.b.| rmsd u.b.
-----+------------+----------+----------
   1         -5.3      0.000      0.000
   2         -5.1      2.961      4.387
   3         -5.1      1.468      2.007
   4         -5.1      4.221      6.759
   5         -4.7      4.756      9.726
   6         -4.7      3.421      8.347
   7         -4.5      2.512      3.465
   8         -4.4      6.700     12.025
   9         -4.3      2.321      4.449
  10         -4.2      2.295      4.412
  11         -4.2      7.429     12.615
  12         -4.2      3.187      6.738
  13         -4.1      2.887      5.143
  14         -4.0      2.031      2.743
  15         -3.9      2.944      7.654
  16         -3.7      2.388      4.418
  17         -3.7      3.112      7.108
  18         -3.7      3.515      7.843
  19         -3.6      2.457      4.611
  20         -3.5      2.787      7.404
Writing output ... done.
