#################################################################
# If you used AutoDock Vina in your work, please cite:          #
#                                                               #
# O. Trott, A. J. Olson,                                        #
# AutoDock Vina: improving the speed and accuracy of docking    #
# with a new scoring function, efficient optimization and       #
# multithreading, Journal of Computational Chemistry 31 (2010)  #
# 455-461                                                       #
#                                                               #
# DOI 10.1002/jcc.21334                                         #
#                                                               #
# Please see http://vina.scripps.edu for more information.      #
#################################################################

Output will be mol_datas/151-67-7_out.pdbqt
Reading input ... done.
Setting up the scoring function ... done.
Analyzing the binding site ... done.
Using random seed: 1000
Performing search ... done.
Refining results ... done.

mode |   affinity | dist from best mode
     | (kcal/mol) | rmsd l.b.| rmsd u.b.
-----+------------+----------+----------
   1         -4.9      0.000      0.000
   2         -4.9      3.137      3.457
   3         -4.8      3.145      3.490
   4         -4.6      6.309      6.738
   5         -4.4      3.228      3.442
   6         -4.3      4.080      4.486
   7         -4.2      2.803      3.102
   8         -4.2      3.426      3.610
   9         -4.2      4.573      5.061
  10         -4.2      3.781      4.573
  11         -4.2     12.207     12.625
  12         -4.1      4.289      4.739
  13         -4.1      3.201      3.767
  14         -4.1      3.524      3.784
  15         -4.1      4.437      4.928
  16         -4.0      4.654      5.085
  17         -4.0      5.382      5.776
  18         -3.9      4.869      5.185
  19         -3.9      4.784      5.328
  20         -3.8      9.765     10.264
Writing output ... done.
