#################################################################
# If you used AutoDock Vina in your work, please cite:          #
#                                                               #
# O. Trott, A. J. Olson,                                        #
# AutoDock Vina: improving the speed and accuracy of docking    #
# with a new scoring function, efficient optimization and       #
# multithreading, Journal of Computational Chemistry 31 (2010)  #
# 455-461                                                       #
#                                                               #
# DOI 10.1002/jcc.21334                                         #
#                                                               #
# Please see http://vina.scripps.edu for more information.      #
#################################################################

Output will be mol_datas/872-55-9_out.pdbqt
Reading input ... done.
Setting up the scoring function ... done.
Analyzing the binding site ... done.
Using random seed: 1000
Performing search ... done.
Refining results ... done.

mode |   affinity | dist from best mode
     | (kcal/mol) | rmsd l.b.| rmsd u.b.
-----+------------+----------+----------
   1         -5.0      0.000      0.000
   2         -4.9      0.915      3.334
   3         -4.8      1.679      2.105
   4         -4.6      3.441      5.058
   5         -4.6      1.504      3.595
   6         -4.5      3.435      4.781
   7         -4.5      3.625      4.867
   8         -4.5      3.539      4.928
   9         -4.2      2.777      4.440
  10         -4.2      2.091      2.702
  11         -4.1      9.150     10.849
  12         -3.9      8.926     11.058
  13         -3.8      9.284     10.289
  14         -3.7     10.369     11.245
  15         -3.5      3.134      4.097
  16         -3.1     15.199     16.268
  17         -3.1     19.189     20.247
  18         -2.9     16.331     17.642
  19         -2.8     18.956     19.865
Writing output ... done.
