#################################################################
# If you used AutoDock Vina in your work, please cite:          #
#                                                               #
# O. Trott, A. J. Olson,                                        #
# AutoDock Vina: improving the speed and accuracy of docking    #
# with a new scoring function, efficient optimization and       #
# multithreading, Journal of Computational Chemistry 31 (2010)  #
# 455-461                                                       #
#                                                               #
# DOI 10.1002/jcc.21334                                         #
#                                                               #
# Please see http://vina.scripps.edu for more information.      #
#################################################################

Output will be mol_datas/96-50-4_out.pdbqt
Reading input ... done.
Setting up the scoring function ... done.
Analyzing the binding site ... done.
Using random seed: 1000
Performing search ... done.
Refining results ... done.

mode |   affinity | dist from best mode
     | (kcal/mol) | rmsd l.b.| rmsd u.b.
-----+------------+----------+----------
   1         -3.8      0.000      0.000
   2         -3.6      2.006      2.509
   3         -3.6      5.941      6.224
   4         -3.6      5.886      6.066
   5         -3.5      2.654      2.967
   6         -3.5      2.277      2.539
   7         -3.3      4.765      5.015
   8         -3.3      9.532     10.165
   9         -3.2      4.052      4.372
  10         -3.2      9.645     10.409
  11         -3.2      4.549      4.785
  12         -3.2     11.047     11.450
  13         -3.1     12.353     13.098
  14         -3.1      9.735     10.354
  15         -3.0     11.496     12.183
  16         -2.9      9.835     10.501
  17         -2.9     10.505     11.071
  18         -2.9      4.735      4.993
  19         -2.8     11.726     12.265
  20         -2.7     11.789     12.395
Writing output ... done.
