#################################################################
# If you used AutoDock Vina in your work, please cite:          #
#                                                               #
# O. Trott, A. J. Olson,                                        #
# AutoDock Vina: improving the speed and accuracy of docking    #
# with a new scoring function, efficient optimization and       #
# multithreading, Journal of Computational Chemistry 31 (2010)  #
# 455-461                                                       #
#                                                               #
# DOI 10.1002/jcc.21334                                         #
#                                                               #
# Please see http://vina.scripps.edu for more information.      #
#################################################################

Output will be mol_datas/78-83-1_out.pdbqt
Reading input ... done.
Setting up the scoring function ... done.
Analyzing the binding site ... done.
Using random seed: 1000
Performing search ... done.
Refining results ... done.

mode |   affinity | dist from best mode
     | (kcal/mol) | rmsd l.b.| rmsd u.b.
-----+------------+----------+----------
   1         -3.8      0.000      0.000
   2         -3.8      1.199      1.897
   3         -3.8      6.051      6.694
   4         -3.6      4.556      5.067
   5         -3.5      5.454      5.991
   6         -3.5      3.163      3.914
   7         -3.4      2.198      2.502
   8         -3.3      3.767      4.325
   9         -3.3      4.842      5.486
  10         -3.2      5.020      5.537
  11         -3.2     14.068     14.370
  12         -3.1      5.424      6.149
  13         -3.1      1.700      2.476
  14         -3.1     12.847     13.317
  15         -3.1      9.815     10.695
  16         -3.0      4.534      5.077
  17         -3.0      9.105      9.951
  18         -3.0      4.342      4.841
  19         -3.0      8.979      9.907
  20         -2.9      2.879      3.779
Writing output ... done.
