#################################################################
# If you used AutoDock Vina in your work, please cite:          #
#                                                               #
# O. Trott, A. J. Olson,                                        #
# AutoDock Vina: improving the speed and accuracy of docking    #
# with a new scoring function, efficient optimization and       #
# multithreading, Journal of Computational Chemistry 31 (2010)  #
# 455-461                                                       #
#                                                               #
# DOI 10.1002/jcc.21334                                         #
#                                                               #
# Please see http://vina.scripps.edu for more information.      #
#################################################################

Output will be mol_datas/55702-45-9_out.pdbqt
Reading input ... done.
Setting up the scoring function ... done.
Analyzing the binding site ... done.
Using random seed: 1000
Performing search ... done.
Refining results ... done.

mode |   affinity | dist from best mode
     | (kcal/mol) | rmsd l.b.| rmsd u.b.
-----+------------+----------+----------
   1         -6.1      0.000      0.000
   2         -6.0      6.500      9.767
   3         -5.5      8.854     10.638
   4         -5.5      2.424      3.577
   5         -4.8      7.449     10.048
   6         -4.6     18.046     19.654
   7         -4.5     16.130     16.904
   8         -4.5     15.645     17.504
   9         -4.4     16.247     18.238
  10         -4.3     16.623     17.897
  11         -4.3      2.073      5.027
  12         -4.3     15.735     16.566
  13         -4.2      3.056      5.167
  14         -4.2      2.172      3.018
  15         -4.1     16.230     17.097
  16         -4.0     16.214     16.969
  17         -4.0     15.698     16.713
  18         -4.0     16.051     17.403
  19         -3.8     15.901     17.040
  20         -3.8     15.808     16.877
Writing output ... done.
