#################################################################
# If you used AutoDock Vina in your work, please cite:          #
#                                                               #
# O. Trott, A. J. Olson,                                        #
# AutoDock Vina: improving the speed and accuracy of docking    #
# with a new scoring function, efficient optimization and       #
# multithreading, Journal of Computational Chemistry 31 (2010)  #
# 455-461                                                       #
#                                                               #
# DOI 10.1002/jcc.21334                                         #
#                                                               #
# Please see http://vina.scripps.edu for more information.      #
#################################################################

Output will be mol_datas/71-41-0_out.pdbqt
Reading input ... done.
Setting up the scoring function ... done.
Analyzing the binding site ... done.
Using random seed: 1000
Performing search ... done.
Refining results ... done.

mode |   affinity | dist from best mode
     | (kcal/mol) | rmsd l.b.| rmsd u.b.
-----+------------+----------+----------
   1         -4.6      0.000      0.000
   2         -4.0      5.237      5.801
   3         -4.0      4.430      5.443
   4         -4.0      3.253      4.871
   5         -3.7      2.013      3.432
   6         -3.7      2.476      4.286
   7         -3.7     10.961     11.987
   8         -3.7      2.287      2.731
   9         -3.6      2.290      3.486
  10         -3.6      4.015      4.848
  11         -3.6     12.014     12.666
  12         -3.5      4.433      5.281
  13         -3.4      5.743      6.708
  14         -3.4      3.490      4.505
  15         -3.4      5.056      6.513
  16         -3.3      6.924      7.982
  17         -3.3      4.237      5.047
  18         -3.3      8.753      9.862
  19         -3.3      6.184      7.194
  20         -3.2      5.240      6.132
Writing output ... done.
