#################################################################
# If you used AutoDock Vina in your work, please cite:          #
#                                                               #
# O. Trott, A. J. Olson,                                        #
# AutoDock Vina: improving the speed and accuracy of docking    #
# with a new scoring function, efficient optimization and       #
# multithreading, Journal of Computational Chemistry 31 (2010)  #
# 455-461                                                       #
#                                                               #
# DOI 10.1002/jcc.21334                                         #
#                                                               #
# Please see http://vina.scripps.edu for more information.      #
#################################################################

Output will be mol_datas/105-67-9_out.pdbqt
Reading input ... done.
Setting up the scoring function ... done.
Analyzing the binding site ... done.
Using random seed: 1000
Performing search ... done.
Refining results ... done.

mode |   affinity | dist from best mode
     | (kcal/mol) | rmsd l.b.| rmsd u.b.
-----+------------+----------+----------
   1         -6.6      0.000      0.000
   2         -6.5      1.403      3.184
   3         -6.2      1.907      3.799
   4         -6.1      3.232      4.451
   5         -6.1      2.813      3.974
   6         -6.1      2.378      3.291
   7         -6.0      3.143      4.670
   8         -5.7      9.009     10.435
   9         -5.7      3.022      3.717
  10         -5.7      1.640      2.567
  11         -5.6      8.609      9.954
  12         -5.5      8.784     11.079
  13         -5.4      8.139     10.308
  14         -5.3      9.816     10.908
  15         -5.2      8.483     10.557
  16         -5.1      9.872     10.886
  17         -5.1      9.904     11.898
  18         -5.0      7.805      9.917
  19         -4.8      8.421     10.654
  20         -4.2     10.888     12.911
Writing output ... done.
