#################################################################
# If you used AutoDock Vina in your work, please cite:          #
#                                                               #
# O. Trott, A. J. Olson,                                        #
# AutoDock Vina: improving the speed and accuracy of docking    #
# with a new scoring function, efficient optimization and       #
# multithreading, Journal of Computational Chemistry 31 (2010)  #
# 455-461                                                       #
#                                                               #
# DOI 10.1002/jcc.21334                                         #
#                                                               #
# Please see http://vina.scripps.edu for more information.      #
#################################################################

Output will be mol_datas/100-47-0_out.pdbqt
Reading input ... done.
Setting up the scoring function ... done.
Analyzing the binding site ... done.
Using random seed: 1000
Performing search ... done.
Refining results ... done.

mode |   affinity | dist from best mode
     | (kcal/mol) | rmsd l.b.| rmsd u.b.
-----+------------+----------+----------
   1         -6.4      0.000      0.000
   2         -6.1      3.118      4.930
   3         -6.0      1.559      2.147
   4         -5.9      3.863      4.731
   5         -5.8      4.031      5.427
   6         -5.5      2.202      3.690
   7         -5.4     10.094     11.164
   8         -5.3      9.789     10.954
   9         -5.3      2.198      3.079
  10         -5.2      2.402      4.041
  11         -5.1      2.570      3.619
  12         -5.0      3.843      4.620
  13         -4.9     11.835     12.972
  14         -4.8     10.609     11.697
  15         -4.7     10.470     11.619
  16         -4.6      3.870      4.999
  17         -4.4     11.988     13.082
  18         -4.1     11.267     12.474
  19         -3.7     20.018     20.598
  20         -3.7     20.278     21.028
Writing output ... done.
