#################################################################
# If you used AutoDock Vina in your work, please cite:          #
#                                                               #
# O. Trott, A. J. Olson,                                        #
# AutoDock Vina: improving the speed and accuracy of docking    #
# with a new scoring function, efficient optimization and       #
# multithreading, Journal of Computational Chemistry 31 (2010)  #
# 455-461                                                       #
#                                                               #
# DOI 10.1002/jcc.21334                                         #
#                                                               #
# Please see http://vina.scripps.edu for more information.      #
#################################################################

Output will be mol_datas/43121-43-3_out.pdbqt
Reading input ... done.
Setting up the scoring function ... done.
Analyzing the binding site ... done.
Using random seed: 1000
Performing search ... done.
Refining results ... done.

mode |   affinity | dist from best mode
     | (kcal/mol) | rmsd l.b.| rmsd u.b.
-----+------------+----------+----------
   1         -6.3      0.000      0.000
   2         -6.1      2.788      4.972
   3         -5.9      0.987      1.737
   4         -5.7      6.998      9.225
   5         -5.3      2.239      3.894
   6         -5.2      5.704      7.448
   7         -4.9     15.644     17.417
   8         -4.6      2.993      4.728
   9         -4.5      6.201      8.338
  10         -4.5     15.537     17.041
  11         -4.5     15.382     16.894
  12         -4.4     15.216     16.754
  13         -4.4      5.190      7.942
  14         -4.2     15.474     16.973
  15         -4.2      5.579      8.323
  16         -4.2     15.632     16.825
  17         -3.8     15.817     17.160
  18         -3.7      5.026      7.660
  19         -3.5     15.750     16.952
  20         -3.3     15.535     17.008
Writing output ... done.
