#################################################################
# If you used AutoDock Vina in your work, please cite:          #
#                                                               #
# O. Trott, A. J. Olson,                                        #
# AutoDock Vina: improving the speed and accuracy of docking    #
# with a new scoring function, efficient optimization and       #
# multithreading, Journal of Computational Chemistry 31 (2010)  #
# 455-461                                                       #
#                                                               #
# DOI 10.1002/jcc.21334                                         #
#                                                               #
# Please see http://vina.scripps.edu for more information.      #
#################################################################

Output will be mol_datas/@57-48-7_out.pdbqt
Reading input ... done.
Setting up the scoring function ... done.
Analyzing the binding site ... done.
Using random seed: 1000
Performing search ... done.
Refining results ... done.

mode |   affinity | dist from best mode
     | (kcal/mol) | rmsd l.b.| rmsd u.b.
-----+------------+----------+----------
   1         -5.0      0.000      0.000
   2         -4.7      1.705      3.085
   3         -4.6      8.576     10.234
   4         -4.5      1.268      3.689
   5         -4.5      8.304     10.192
   6         -4.4      2.004      3.542
   7         -4.4      9.281     10.936
   8         -4.3      2.195      4.279
   9         -4.2      1.967      4.257
  10         -4.1     10.570     12.592
  11         -4.1      1.670      2.678
  12         -4.1      3.362      5.372
  13         -4.1      1.772      3.678
  14         -4.0      8.093      9.734
  15         -3.6      2.635      4.397
  16         -3.6      9.576     11.120
  17         -3.4      9.035     10.866
  18         -3.3      2.311      4.060
  19         -3.2      8.048      9.848
  20         -2.9     18.111     19.164
Writing output ... done.
