#################################################################
# If you used AutoDock Vina in your work, please cite:          #
#                                                               #
# O. Trott, A. J. Olson,                                        #
# AutoDock Vina: improving the speed and accuracy of docking    #
# with a new scoring function, efficient optimization and       #
# multithreading, Journal of Computational Chemistry 31 (2010)  #
# 455-461                                                       #
#                                                               #
# DOI 10.1002/jcc.21334                                         #
#                                                               #
# Please see http://vina.scripps.edu for more information.      #
#################################################################

Output will be mol_datas/100-68-5_out.pdbqt
Reading input ... done.
Setting up the scoring function ... done.
Analyzing the binding site ... done.
Using random seed: 1000
Performing search ... done.
Refining results ... done.

mode |   affinity | dist from best mode
     | (kcal/mol) | rmsd l.b.| rmsd u.b.
-----+------------+----------+----------
   1         -5.8      0.000      0.000
   2         -5.8      0.090      1.715
   3         -5.4      2.725      5.052
   4         -5.4      2.834      4.838
   5         -4.9      1.924      3.591
   6         -4.9      3.344      4.030
   7         -4.9      1.760      2.124
   8         -4.6     10.070     11.077
   9         -4.6     10.071     11.176
  10         -4.6      9.994     11.221
  11         -4.6      9.981     11.246
  12         -4.5      3.350      4.466
  13         -4.4     10.410     11.532
  14         -3.9     10.286     11.364
  15         -3.8     10.824     11.910
  16         -3.6      8.149      9.226
  17         -3.3     13.307     14.399
  18         -3.1     15.290     16.250
  19         -3.1     16.953     18.369
  20         -3.1     15.420     16.318
Writing output ... done.
