#################################################################
# If you used AutoDock Vina in your work, please cite:          #
#                                                               #
# O. Trott, A. J. Olson,                                        #
# AutoDock Vina: improving the speed and accuracy of docking    #
# with a new scoring function, efficient optimization and       #
# multithreading, Journal of Computational Chemistry 31 (2010)  #
# 455-461                                                       #
#                                                               #
# DOI 10.1002/jcc.21334                                         #
#                                                               #
# Please see http://vina.scripps.edu for more information.      #
#################################################################

Output will be mol_datas/501-52-0_out.pdbqt
Reading input ... done.
Setting up the scoring function ... done.
Analyzing the binding site ... done.
Using random seed: 1000
Performing search ... done.
Refining results ... done.

mode |   affinity | dist from best mode
     | (kcal/mol) | rmsd l.b.| rmsd u.b.
-----+------------+----------+----------
   1         -7.2      0.000      0.000
   2         -7.0      2.457      2.820
   3         -7.0      3.690      5.273
   4         -6.9      2.895      4.196
   5         -6.4      3.204      4.124
   6         -6.3      3.267      5.128
   7         -6.2      3.222      4.943
   8         -6.1      2.992      3.984
   9         -6.0      6.317      9.814
  10         -6.0      1.186      1.630
  11         -6.0      6.338      9.909
  12         -5.9      1.398      2.419
  13         -5.9      6.831      9.911
  14         -5.9      8.952     10.196
  15         -5.7      9.057     10.972
  16         -5.6      9.363     11.123
  17         -5.3      8.641     10.298
  18         -5.0      9.491     11.180
  19         -5.0      5.804      7.607
  20         -4.9      3.299      6.141
Writing output ... done.
