#################################################################
# If you used AutoDock Vina in your work, please cite:          #
#                                                               #
# O. Trott, A. J. Olson,                                        #
# AutoDock Vina: improving the speed and accuracy of docking    #
# with a new scoring function, efficient optimization and       #
# multithreading, Journal of Computational Chemistry 31 (2010)  #
# 455-461                                                       #
#                                                               #
# DOI 10.1002/jcc.21334                                         #
#                                                               #
# Please see http://vina.scripps.edu for more information.      #
#################################################################

Output will be mol_datas/2114-20-7_out.pdbqt
Reading input ... done.
Setting up the scoring function ... done.
Analyzing the binding site ... done.
Using random seed: 1000
Performing search ... done.
Refining results ... done.

mode |   affinity | dist from best mode
     | (kcal/mol) | rmsd l.b.| rmsd u.b.
-----+------------+----------+----------
   1         -5.5      0.000      0.000
   2         -5.4      2.669      2.758
   3         -5.3      3.242      5.331
   4         -5.1      2.714      3.933
   5         -5.1      3.537      4.755
   6         -5.0      2.431      3.174
   7         -4.9      1.370      1.922
   8         -4.9      2.840      3.988
   9         -4.6      4.733      8.027
  10         -4.6      5.754      9.023
  11         -4.4      7.783     10.076
  12         -4.3      7.971     11.006
  13         -4.2      7.814     10.184
  14         -4.0     10.038     10.961
  15         -3.9      8.312     10.188
  16         -3.6      8.929     10.085
  17         -3.5      6.830      9.357
  18         -3.3     18.865     20.024
  19         -3.3     16.347     17.019
  20         -3.0     15.530     16.206
Writing output ... done.
