#################################################################
# If you used AutoDock Vina in your work, please cite:          #
#                                                               #
# O. Trott, A. J. Olson,                                        #
# AutoDock Vina: improving the speed and accuracy of docking    #
# with a new scoring function, efficient optimization and       #
# multithreading, Journal of Computational Chemistry 31 (2010)  #
# 455-461                                                       #
#                                                               #
# DOI 10.1002/jcc.21334                                         #
#                                                               #
# Please see http://vina.scripps.edu for more information.      #
#################################################################

Output will be mol_datas/92-24-0_out.pdbqt
Reading input ... done.
Setting up the scoring function ... done.
Analyzing the binding site ... done.
Using random seed: 1000
Performing search ... done.
Refining results ... done.

mode |   affinity | dist from best mode
     | (kcal/mol) | rmsd l.b.| rmsd u.b.
-----+------------+----------+----------
   1         -8.2      0.000      0.000
   2         -8.2      0.072      6.639
   3         -8.2      0.036      6.283
   4         -6.6      6.145      8.990
   5         -6.6      6.125      8.976
   6         -6.4     17.042     19.127
   7         -6.3     17.041     18.197
   8         -6.3     17.016     19.070
   9         -6.3      6.121     11.757
  10         -6.3      6.599     10.653
  11         -6.2     14.543     15.684
  12         -6.2     14.564     15.707
  13         -6.2     14.517     15.972
  14         -6.2     14.827     15.872
  15         -5.8     15.195     16.756
  16         -5.8     16.885     17.545
  17         -5.7     15.074     16.281
  18         -5.7     14.564     15.499
  19         -5.7     14.518     15.565
Writing output ... done.
