#################################################################
# If you used AutoDock Vina in your work, please cite:          #
#                                                               #
# O. Trott, A. J. Olson,                                        #
# AutoDock Vina: improving the speed and accuracy of docking    #
# with a new scoring function, efficient optimization and       #
# multithreading, Journal of Computational Chemistry 31 (2010)  #
# 455-461                                                       #
#                                                               #
# DOI 10.1002/jcc.21334                                         #
#                                                               #
# Please see http://vina.scripps.edu for more information.      #
#################################################################

Output will be mol_datas/693-02-7_out.pdbqt
Reading input ... done.
Setting up the scoring function ... done.
Analyzing the binding site ... done.
Using random seed: 1000
Performing search ... done.
Refining results ... done.

mode |   affinity | dist from best mode
     | (kcal/mol) | rmsd l.b.| rmsd u.b.
-----+------------+----------+----------
   1         -4.7      0.000      0.000
   2         -4.6      0.476      3.510
   3         -4.3      2.939      4.540
   4         -4.3      3.705      5.164
   5         -4.2      3.498      4.937
   6         -4.2      1.128      2.046
   7         -4.1      3.166      3.785
   8         -4.0      9.300     10.762
   9         -4.0      2.797      4.426
  10         -4.0      3.709      5.674
  11         -3.9      9.896     11.172
  12         -3.9     11.872     13.252
  13         -3.8      4.291      7.057
  14         -3.8     11.109     12.443
  15         -3.6     11.474     12.093
  16         -3.5     11.233     12.825
  17         -3.5     11.813     13.300
  18         -3.5     10.416     11.805
  19         -3.4     10.059     11.236
  20         -3.3     10.400     11.495
Writing output ... done.
