#################################################################
# If you used AutoDock Vina in your work, please cite:          #
#                                                               #
# O. Trott, A. J. Olson,                                        #
# AutoDock Vina: improving the speed and accuracy of docking    #
# with a new scoring function, efficient optimization and       #
# multithreading, Journal of Computational Chemistry 31 (2010)  #
# 455-461                                                       #
#                                                               #
# DOI 10.1002/jcc.21334                                         #
#                                                               #
# Please see http://vina.scripps.edu for more information.      #
#################################################################

Output will be mol_datas/1002-84-2_out.pdbqt
Reading input ... done.
Setting up the scoring function ... done.
Analyzing the binding site ... done.
Using random seed: 1000
Performing search ... done.
Refining results ... done.

mode |   affinity | dist from best mode
     | (kcal/mol) | rmsd l.b.| rmsd u.b.
-----+------------+----------+----------
   1         -6.9      0.000      0.000
   2         -6.8      2.253      5.091
   3         -6.8      0.881      4.548
   4         -6.8      2.607      4.865
   5         -6.7      2.921      6.179
   6         -6.7      2.977      5.930
   7         -6.5      2.328      4.125
   8         -6.5      3.047      5.609
   9         -6.3      2.683      5.429
  10         -6.3      4.487      7.279
  11         -6.1      4.450      7.674
  12         -6.1      2.774      5.926
  13         -6.1      3.028      5.655
  14         -5.9      3.715      5.612
  15         -5.9      3.600      6.583
  16         -5.8      4.274      7.373
  17         -5.7      4.381      7.486
  18         -5.7      5.198      8.620
  19         -5.6      4.826      7.753
  20         -5.5      4.277      6.362
Writing output ... done.
