#################################################################
# If you used AutoDock Vina in your work, please cite:          #
#                                                               #
# O. Trott, A. J. Olson,                                        #
# AutoDock Vina: improving the speed and accuracy of docking    #
# with a new scoring function, efficient optimization and       #
# multithreading, Journal of Computational Chemistry 31 (2010)  #
# 455-461                                                       #
#                                                               #
# DOI 10.1002/jcc.21334                                         #
#                                                               #
# Please see http://vina.scripps.edu for more information.      #
#################################################################

Output will be mol_datas/106-50-3_out.pdbqt
Reading input ... done.
Setting up the scoring function ... done.
Analyzing the binding site ... done.
Using random seed: 1000
Performing search ... done.
Refining results ... done.

mode |   affinity | dist from best mode
     | (kcal/mol) | rmsd l.b.| rmsd u.b.
-----+------------+----------+----------
   1         -5.5      0.000      0.000
   2         -5.5      0.063      3.316
   3         -5.5      0.070      1.714
   4         -5.5      0.063      3.732
   5         -5.1      1.797      3.568
   6         -5.1      1.827      2.329
   7         -5.1      1.817      2.710
   8         -5.1      3.996      5.368
   9         -5.1      4.060      5.194
  10         -5.1      3.967      4.843
  11         -5.1      3.964      5.594
  12         -5.0      2.611      4.146
  13         -5.0      3.679      4.535
  14         -5.0      8.958      9.975
  15         -5.0      8.970     10.064
  16         -4.8      1.680      3.308
  17         -4.8      7.854      8.675
  18         -4.7      9.183     10.220
  19         -4.6      8.113      9.452
  20         -4.4      2.839      3.717
Writing output ... done.
