#################################################################
# If you used AutoDock Vina in your work, please cite:          #
#                                                               #
# O. Trott, A. J. Olson,                                        #
# AutoDock Vina: improving the speed and accuracy of docking    #
# with a new scoring function, efficient optimization and       #
# multithreading, Journal of Computational Chemistry 31 (2010)  #
# 455-461                                                       #
#                                                               #
# DOI 10.1002/jcc.21334                                         #
#                                                               #
# Please see http://vina.scripps.edu for more information.      #
#################################################################

Output will be mol_datas/124-48-1_out.pdbqt
Reading input ... done.
Setting up the scoring function ... done.
Analyzing the binding site ... done.
Using random seed: 1000
Performing search ... done.
Refining results ... done.

mode |   affinity | dist from best mode
     | (kcal/mol) | rmsd l.b.| rmsd u.b.
-----+------------+----------+----------
   1         -3.3      0.000      0.000
   2         -3.1      2.154      2.739
   3         -3.0      1.792      2.245
   4         -2.9      2.810      2.977
   5         -2.8      2.680      2.950
   6         -2.8      4.605      4.605
   7         -2.8     12.863     12.948
   8         -2.7      1.725      2.689
   9         -2.7      3.971      4.532
  10         -2.7      4.098      4.527
  11         -2.7      5.201      5.973
  12         -2.7      9.775      9.888
  13         -2.6      9.417      9.448
  14         -2.6      9.265      9.265
  15         -2.6     11.802     11.802
  16         -2.6     13.124     13.432
  17         -2.5     12.713     12.806
  18         -2.5     11.552     11.557
  19         -2.5     10.691     10.691
  20         -2.5     11.436     11.529
Writing output ... done.
