#################################################################
# If you used AutoDock Vina in your work, please cite:          #
#                                                               #
# O. Trott, A. J. Olson,                                        #
# AutoDock Vina: improving the speed and accuracy of docking    #
# with a new scoring function, efficient optimization and       #
# multithreading, Journal of Computational Chemistry 31 (2010)  #
# 455-461                                                       #
#                                                               #
# DOI 10.1002/jcc.21334                                         #
#                                                               #
# Please see http://vina.scripps.edu for more information.      #
#################################################################

Output will be mol_datas/106-42-3_out.pdbqt
Reading input ... done.
Setting up the scoring function ... done.
Analyzing the binding site ... done.
Using random seed: 1000
Performing search ... done.
Refining results ... done.

mode |   affinity | dist from best mode
     | (kcal/mol) | rmsd l.b.| rmsd u.b.
-----+------------+----------+----------
   1         -6.2      0.000      0.000
   2         -6.2      0.030      1.714
   3         -6.2      0.132      3.786
   4         -6.0      3.037      4.242
   5         -6.0      3.022      4.873
   6         -6.0      3.043      5.163
   7         -6.0      3.036      4.549
   8         -5.9      1.022      1.633
   9         -5.7      0.600      3.397
  10         -5.6      1.237      3.425
  11         -5.5      2.858      4.749
  12         -5.2      9.541     10.966
  13         -5.2      9.463     11.000
  14         -5.2      9.370     10.800
  15         -4.9      3.035      3.890
  16         -4.9      9.500     10.917
  17         -4.9      9.506     10.896
  18         -4.6     10.829     12.264
  19         -4.3     16.322     16.763
  20         -4.3     16.571     17.300
Writing output ... done.
