#################################################################
# If you used AutoDock Vina in your work, please cite:          #
#                                                               #
# O. Trott, A. J. Olson,                                        #
# AutoDock Vina: improving the speed and accuracy of docking    #
# with a new scoring function, efficient optimization and       #
# multithreading, Journal of Computational Chemistry 31 (2010)  #
# 455-461                                                       #
#                                                               #
# DOI 10.1002/jcc.21334                                         #
#                                                               #
# Please see http://vina.scripps.edu for more information.      #
#################################################################

Output will be mol_datas/77-27-0_out.pdbqt
Reading input ... done.
Setting up the scoring function ... done.
Analyzing the binding site ... done.
Using random seed: 1000
Performing search ... done.
Refining results ... done.

mode |   affinity | dist from best mode
     | (kcal/mol) | rmsd l.b.| rmsd u.b.
-----+------------+----------+----------
   1         -6.8      0.000      0.000
   2         -6.7      2.420      3.765
   3         -6.1      2.815      4.625
   4         -4.6     15.747     17.204
   5         -4.6     15.413     16.837
   6         -4.6      5.132      8.103
   7         -4.6     17.404     18.706
   8         -4.6     16.601     18.359
   9         -4.5     15.892     17.274
  10         -4.3     15.722     16.951
  11         -4.1     18.453     20.442
  12         -3.9     15.747     17.334
  13         -3.9     16.214     17.594
Writing output ... done.
