#################################################################
# If you used AutoDock Vina in your work, please cite:          #
#                                                               #
# O. Trott, A. J. Olson,                                        #
# AutoDock Vina: improving the speed and accuracy of docking    #
# with a new scoring function, efficient optimization and       #
# multithreading, Journal of Computational Chemistry 31 (2010)  #
# 455-461                                                       #
#                                                               #
# DOI 10.1002/jcc.21334                                         #
#                                                               #
# Please see http://vina.scripps.edu for more information.      #
#################################################################

Output will be mol_datas/4170-30-3_out.pdbqt
Reading input ... done.
Setting up the scoring function ... done.
Analyzing the binding site ... done.
Using random seed: 1000
Performing search ... done.
Refining results ... done.

mode |   affinity | dist from best mode
     | (kcal/mol) | rmsd l.b.| rmsd u.b.
-----+------------+----------+----------
   1         -4.3      0.000      0.000
   2         -3.9      1.680      2.627
   3         -3.6      5.115      5.672
   4         -3.5      2.730      3.418
   5         -3.5      2.620      4.117
   6         -3.5      4.946      5.721
   7         -3.5      2.328      3.243
   8         -3.4     11.369     11.867
   9         -3.4      2.489      3.649
  10         -3.3      8.385      8.850
  11         -3.3      5.955      6.902
  12         -3.3      9.013      9.417
  13         -3.2      4.713      5.284
  14         -3.2     12.322     12.791
  15         -3.2      3.975      4.907
  16         -3.2     10.908     11.397
  17         -3.2      4.421      4.996
  18         -3.1     13.463     13.917
  19         -3.1     11.094     11.593
  20         -2.9      4.318      5.051
Writing output ... done.
