#################################################################
# If you used AutoDock Vina in your work, please cite:          #
#                                                               #
# O. Trott, A. J. Olson,                                        #
# AutoDock Vina: improving the speed and accuracy of docking    #
# with a new scoring function, efficient optimization and       #
# multithreading, Journal of Computational Chemistry 31 (2010)  #
# 455-461                                                       #
#                                                               #
# DOI 10.1002/jcc.21334                                         #
#                                                               #
# Please see http://vina.scripps.edu for more information.      #
#################################################################

Output will be mol_datas/68-94-0_out.pdbqt
Reading input ... done.
Setting up the scoring function ... done.
Analyzing the binding site ... done.
Using random seed: 1000
Performing search ... done.
Refining results ... done.

mode |   affinity | dist from best mode
     | (kcal/mol) | rmsd l.b.| rmsd u.b.
-----+------------+----------+----------
   1         -5.8      0.000      0.000
   2         -5.7      0.996      2.911
   3         -5.7      1.551      2.368
   4         -5.5      2.942      4.002
   5         -5.3      1.867      3.743
   6         -5.3      2.705      3.448
   7         -5.3      2.017      2.766
   8         -5.3      9.097     10.652
   9         -5.3      3.152      4.727
  10         -5.2      6.728      8.545
  11         -5.2      8.703     10.327
  12         -5.2      3.546      4.816
  13         -5.2      3.355      4.286
  14         -5.0      8.358      9.515
  15         -4.9      8.696     10.263
  16         -4.9      9.734     11.052
  17         -4.8      8.755      9.819
  18         -4.8      2.215      2.786
  19         -4.8      9.045     10.853
  20         -4.7      9.350     10.876
Writing output ... done.
