#################################################################
# If you used AutoDock Vina in your work, please cite:          #
#                                                               #
# O. Trott, A. J. Olson,                                        #
# AutoDock Vina: improving the speed and accuracy of docking    #
# with a new scoring function, efficient optimization and       #
# multithreading, Journal of Computational Chemistry 31 (2010)  #
# 455-461                                                       #
#                                                               #
# DOI 10.1002/jcc.21334                                         #
#                                                               #
# Please see http://vina.scripps.edu for more information.      #
#################################################################

Output will be mol_datas/597-49-9_out.pdbqt
Reading input ... done.
Setting up the scoring function ... done.
Analyzing the binding site ... done.
Using random seed: 1000
Performing search ... done.
Refining results ... done.

mode |   affinity | dist from best mode
     | (kcal/mol) | rmsd l.b.| rmsd u.b.
-----+------------+----------+----------
   1         -5.1      0.000      0.000
   2         -5.1      0.105      2.972
   3         -5.1      0.073      3.013
   4         -4.3      1.820      3.041
   5         -4.2      1.722      2.204
   6         -4.2      7.141      8.603
   7         -4.2      1.855      3.260
   8         -4.2      7.165      9.126
   9         -4.1      7.015      8.983
  10         -4.0      1.626      2.969
  11         -4.0      1.561      2.852
  12         -3.8     11.468     12.884
  13         -3.7      1.618      3.116
  14         -3.7     11.275     12.386
  15         -3.7      8.840     10.498
  16         -3.7      8.829     10.473
  17         -3.6      8.524     10.038
  18         -3.6     10.691     11.765
  19         -3.6     10.488     11.774
  20         -3.5     11.029     12.324
Writing output ... done.
