#################################################################
# If you used AutoDock Vina in your work, please cite:          #
#                                                               #
# O. Trott, A. J. Olson,                                        #
# AutoDock Vina: improving the speed and accuracy of docking    #
# with a new scoring function, efficient optimization and       #
# multithreading, Journal of Computational Chemistry 31 (2010)  #
# 455-461                                                       #
#                                                               #
# DOI 10.1002/jcc.21334                                         #
#                                                               #
# Please see http://vina.scripps.edu for more information.      #
#################################################################

Output will be mol_datas/123-11-5_out.pdbqt
Reading input ... done.
Setting up the scoring function ... done.
Analyzing the binding site ... done.
Using random seed: 1000
Performing search ... done.
Refining results ... done.

mode |   affinity | dist from best mode
     | (kcal/mol) | rmsd l.b.| rmsd u.b.
-----+------------+----------+----------
   1         -6.1      0.000      0.000
   2         -5.9      1.469      2.132
   3         -5.7      1.361      4.689
   4         -5.7      2.049      3.128
   5         -5.7      2.010      2.703
   6         -5.6      1.898      2.683
   7         -5.4      2.557      2.699
   8         -5.4      8.152     10.272
   9         -5.2      7.492      8.836
  10         -5.1      8.589     10.218
  11         -5.1      8.585     10.183
  12         -5.1      8.415     10.047
  13         -5.1      2.343      3.681
  14         -5.0      8.927     10.935
  15         -4.6      2.761      4.414
  16         -4.6      8.454      9.420
  17         -4.5      5.625      6.764
  18         -4.4      2.797      3.890
  19         -4.3     10.116     12.066
  20         -4.0      9.642     11.762
Writing output ... done.
