#################################################################
# If you used AutoDock Vina in your work, please cite:          #
#                                                               #
# O. Trott, A. J. Olson,                                        #
# AutoDock Vina: improving the speed and accuracy of docking    #
# with a new scoring function, efficient optimization and       #
# multithreading, Journal of Computational Chemistry 31 (2010)  #
# 455-461                                                       #
#                                                               #
# DOI 10.1002/jcc.21334                                         #
#                                                               #
# Please see http://vina.scripps.edu for more information.      #
#################################################################

Output will be mol_datas/122-59-8_out.pdbqt
Reading input ... done.
Setting up the scoring function ... done.
Analyzing the binding site ... done.
Using random seed: 1000
Performing search ... done.
Refining results ... done.

mode |   affinity | dist from best mode
     | (kcal/mol) | rmsd l.b.| rmsd u.b.
-----+------------+----------+----------
   1         -6.7      0.000      0.000
   2         -6.6      2.168      2.812
   3         -6.5      3.260      5.307
   4         -6.5      3.202      5.464
   5         -6.3      3.404      4.220
   6         -5.9      3.478      4.161
   7         -5.8      9.286     10.487
   8         -5.7      4.998      8.590
   9         -5.6      6.081      9.608
  10         -5.2     10.334     12.344
  11         -5.0      9.016     10.973
  12         -5.0      9.224     11.691
  13         -4.8      7.295     10.050
  14         -4.5      5.727      7.700
  15         -4.0     15.946     16.857
Writing output ... done.
