#################################################################
# If you used AutoDock Vina in your work, please cite:          #
#                                                               #
# O. Trott, A. J. Olson,                                        #
# AutoDock Vina: improving the speed and accuracy of docking    #
# with a new scoring function, efficient optimization and       #
# multithreading, Journal of Computational Chemistry 31 (2010)  #
# 455-461                                                       #
#                                                               #
# DOI 10.1002/jcc.21334                                         #
#                                                               #
# Please see http://vina.scripps.edu for more information.      #
#################################################################

Output will be mol_datas/106-39-8_out.pdbqt
Reading input ... done.
Setting up the scoring function ... done.
Analyzing the binding site ... done.
Using random seed: 1000
Performing search ... done.
Refining results ... done.

mode |   affinity | dist from best mode
     | (kcal/mol) | rmsd l.b.| rmsd u.b.
-----+------------+----------+----------
   1         -5.3      0.000      0.000
   2         -5.2      4.272      5.160
   3         -5.2      4.300      4.938
   4         -5.1      3.254      4.057
   5         -5.1      3.269      3.691
   6         -5.1      2.109      2.571
   7         -5.1      2.276      2.886
   8         -5.0      3.275      3.683
   9         -5.0      3.032      3.573
  10         -4.9      2.365      3.284
  11         -4.8      3.898      4.396
  12         -4.7      3.105      3.844
  13         -4.6     10.175     11.126
  14         -4.6      9.647     10.618
  15         -4.4      9.766     10.737
  16         -4.3      3.421      3.958
  17         -4.1     10.210     11.234
  18         -4.1      6.759      7.740
  19         -3.9      7.471      8.458
  20         -3.5     17.566     18.455
Writing output ... done.
