#################################################################
# If you used AutoDock Vina in your work, please cite:          #
#                                                               #
# O. Trott, A. J. Olson,                                        #
# AutoDock Vina: improving the speed and accuracy of docking    #
# with a new scoring function, efficient optimization and       #
# multithreading, Journal of Computational Chemistry 31 (2010)  #
# 455-461                                                       #
#                                                               #
# DOI 10.1002/jcc.21334                                         #
#                                                               #
# Please see http://vina.scripps.edu for more information.      #
#################################################################

Output will be mol_datas/789-02-6_out.pdbqt
Reading input ... done.
Setting up the scoring function ... done.
Analyzing the binding site ... done.
Using random seed: 1000
Performing search ... done.
Refining results ... done.

mode |   affinity | dist from best mode
     | (kcal/mol) | rmsd l.b.| rmsd u.b.
-----+------------+----------+----------
   1         -7.5      0.000      0.000
   2         -7.2      2.401      5.390
   3         -6.9      1.549      5.081
   4         -6.7      1.709      5.281
   5         -6.2     15.027     16.663
   6         -6.2     15.998     17.642
   7         -6.1     15.481     17.057
   8         -6.1     14.956     16.748
   9         -5.9     15.395     16.306
  10         -5.9     15.277     17.024
  11         -5.7     15.141     16.754
  12         -5.7     14.975     16.898
  13         -5.6     15.216     17.091
  14         -5.6     15.701     17.567
  15         -5.6     15.756     16.819
  16         -5.5     15.463     17.276
  17         -5.4     15.646     17.026
  18         -5.4     15.139     16.363
  19         -5.3     15.426     17.055
  20         -5.0     15.133     17.051
Writing output ... done.
