#################################################################
# If you used AutoDock Vina in your work, please cite:          #
#                                                               #
# O. Trott, A. J. Olson,                                        #
# AutoDock Vina: improving the speed and accuracy of docking    #
# with a new scoring function, efficient optimization and       #
# multithreading, Journal of Computational Chemistry 31 (2010)  #
# 455-461                                                       #
#                                                               #
# DOI 10.1002/jcc.21334                                         #
#                                                               #
# Please see http://vina.scripps.edu for more information.      #
#################################################################

Output will be mol_datas/93-55-0_out.pdbqt
Reading input ... done.
Setting up the scoring function ... done.
Analyzing the binding site ... done.
Using random seed: 1000
Performing search ... done.
Refining results ... done.

mode |   affinity | dist from best mode
     | (kcal/mol) | rmsd l.b.| rmsd u.b.
-----+------------+----------+----------
   1         -7.1      0.000      0.000
   2         -6.8      0.962      2.055
   3         -6.6      1.347      4.595
   4         -6.5      1.829      4.728
   5         -6.2      3.599      5.260
   6         -6.2      3.710      5.295
   7         -6.0      1.666      3.955
   8         -5.9      2.780      3.840
   9         -5.8      2.543      3.835
  10         -5.7      1.981      2.446
  11         -5.7      8.649     10.224
  12         -5.7      8.666     10.216
  13         -5.6      9.390     10.457
  14         -5.6      9.357     10.343
  15         -5.6     10.546     11.830
  16         -5.6      9.260     10.987
  17         -5.5      2.477      3.635
  18         -5.4      3.466      5.059
  19         -5.4      1.490      4.137
  20         -4.9      5.303      6.794
Writing output ... done.
