#################################################################
# If you used AutoDock Vina in your work, please cite:          #
#                                                               #
# O. Trott, A. J. Olson,                                        #
# AutoDock Vina: improving the speed and accuracy of docking    #
# with a new scoring function, efficient optimization and       #
# multithreading, Journal of Computational Chemistry 31 (2010)  #
# 455-461                                                       #
#                                                               #
# DOI 10.1002/jcc.21334                                         #
#                                                               #
# Please see http://vina.scripps.edu for more information.      #
#################################################################

Output will be mol_datas/65882-61-3_out.pdbqt
Reading input ... done.
Setting up the scoring function ... done.
Analyzing the binding site ... done.
Using random seed: 1000
Performing search ... done.
Refining results ... done.

mode |   affinity | dist from best mode
     | (kcal/mol) | rmsd l.b.| rmsd u.b.
-----+------------+----------+----------
   1         -6.0      0.000      0.000
   2         -6.0      1.738      3.301
   3         -5.4      2.951      4.980
   4         -5.4      2.439      4.146
   5         -5.3      9.073     10.477
   6         -5.3      9.621     11.112
   7         -5.3      1.638      2.562
   8         -5.2      2.342      3.329
   9         -5.2      2.795      3.941
  10         -5.1      8.822     10.265
  11         -4.9      9.288     11.023
  12         -4.9      3.190      3.936
  13         -4.7      8.230     10.044
  14         -4.5      9.008     10.906
  15         -3.9      2.250      3.834
  16         -3.1     16.266     17.310
  17         -3.1     12.132     13.599
  18         -3.0     15.859     17.508
  19         -3.0     16.281     17.299
Writing output ... done.
