#################################################################
# If you used AutoDock Vina in your work, please cite:          #
#                                                               #
# O. Trott, A. J. Olson,                                        #
# AutoDock Vina: improving the speed and accuracy of docking    #
# with a new scoring function, efficient optimization and       #
# multithreading, Journal of Computational Chemistry 31 (2010)  #
# 455-461                                                       #
#                                                               #
# DOI 10.1002/jcc.21334                                         #
#                                                               #
# Please see http://vina.scripps.edu for more information.      #
#################################################################

Output will be mol_datas/352-34-1_out.pdbqt
Reading input ... done.
Setting up the scoring function ... done.
Analyzing the binding site ... done.
Using random seed: 1000
Performing search ... done.
Refining results ... done.

mode |   affinity | dist from best mode
     | (kcal/mol) | rmsd l.b.| rmsd u.b.
-----+------------+----------+----------
   1         -5.8      0.000      0.000
   2         -5.8      0.025      1.713
   3         -5.6      4.705      5.614
   4         -5.2      3.557      4.002
   5         -5.1      3.432      4.368
   6         -5.1      3.063      3.642
   7         -4.9      4.113      4.860
   8         -4.7     10.085     10.987
   9         -4.6      3.809      4.442
  10         -4.4      9.381     10.270
  11         -4.4     10.725     11.723
  12         -4.3      9.426     10.251
  13         -4.1      6.791      7.919
  14         -4.0      3.805      4.669
  15         -3.9      9.677     10.692
  16         -3.9     10.371     11.338
  17         -3.9      6.563      7.433
  18         -3.8     10.233     11.272
  19         -3.6     16.866     17.688
  20         -3.4     15.174     15.985
Writing output ... done.
