#################################################################
# If you used AutoDock Vina in your work, please cite:          #
#                                                               #
# O. Trott, A. J. Olson,                                        #
# AutoDock Vina: improving the speed and accuracy of docking    #
# with a new scoring function, efficient optimization and       #
# multithreading, Journal of Computational Chemistry 31 (2010)  #
# 455-461                                                       #
#                                                               #
# DOI 10.1002/jcc.21334                                         #
#                                                               #
# Please see http://vina.scripps.edu for more information.      #
#################################################################

Output will be mol_datas/580-16-5_out.pdbqt
Reading input ... done.
Setting up the scoring function ... done.
Analyzing the binding site ... done.
Using random seed: 1000
Performing search ... done.
Refining results ... done.

mode |   affinity | dist from best mode
     | (kcal/mol) | rmsd l.b.| rmsd u.b.
-----+------------+----------+----------
   1         -7.4      0.000      0.000
   2         -7.3      2.451      3.950
   3         -6.9      3.396      4.621
   4         -6.8      1.003      2.217
   5         -6.8      3.127      3.955
   6         -6.7      2.660      4.424
   7         -6.4      4.145      5.449
   8         -6.3      3.592      5.058
   9         -6.1      8.008      9.605
  10         -6.1      2.668      3.393
  11         -6.1      3.761      5.335
  12         -6.1      1.158      1.585
  13         -6.0      1.887      2.625
  14         -5.9      2.955      3.997
  15         -5.9      3.276      4.569
  16         -5.9      3.741      4.952
  17         -5.8      8.001      9.326
  18         -5.7      2.737      4.027
  19         -5.7      8.045      9.580
  20         -5.6      1.831      3.244
Writing output ... done.
