#################################################################
# If you used AutoDock Vina in your work, please cite:          #
#                                                               #
# O. Trott, A. J. Olson,                                        #
# AutoDock Vina: improving the speed and accuracy of docking    #
# with a new scoring function, efficient optimization and       #
# multithreading, Journal of Computational Chemistry 31 (2010)  #
# 455-461                                                       #
#                                                               #
# DOI 10.1002/jcc.21334                                         #
#                                                               #
# Please see http://vina.scripps.edu for more information.      #
#################################################################

Output will be mol_datas/977-79-7_out.pdbqt
Reading input ... done.
Setting up the scoring function ... done.
Analyzing the binding site ... done.
Using random seed: 1000
Performing search ... done.
Refining results ... done.

mode |   affinity | dist from best mode
     | (kcal/mol) | rmsd l.b.| rmsd u.b.
-----+------------+----------+----------
   1         -6.1      0.000      0.000
   2         -5.9      4.675      7.923
   3         -5.6     12.135     15.229
   4         -5.4      2.227      3.428
   5         -5.4      4.114      7.229
   6         -5.4      2.391      3.289
   7         -5.2      4.518      6.463
   8         -5.2      4.851      7.183
   9         -5.2      1.390      6.824
  10         -5.2      1.974      6.778
  11         -5.1      3.952      5.718
  12         -4.7      4.087      5.653
  13         -4.7      7.254     11.051
  14         -4.7      5.006      7.103
  15         -4.6      4.786      6.874
  16         -4.5      3.852      6.038
  17         -4.5      4.022      6.286
  18         -4.4     11.062     13.785
  19         -4.3      3.718      4.746
Writing output ... done.
