#################################################################
# If you used AutoDock Vina in your work, please cite:          #
#                                                               #
# O. Trott, A. J. Olson,                                        #
# AutoDock Vina: improving the speed and accuracy of docking    #
# with a new scoring function, efficient optimization and       #
# multithreading, Journal of Computational Chemistry 31 (2010)  #
# 455-461                                                       #
#                                                               #
# DOI 10.1002/jcc.21334                                         #
#                                                               #
# Please see http://vina.scripps.edu for more information.      #
#################################################################

Output will be mol_datas/513-36-0_out.pdbqt
Reading input ... done.
Setting up the scoring function ... done.
Analyzing the binding site ... done.
Using random seed: 1000
Performing search ... done.
Refining results ... done.

mode |   affinity | dist from best mode
     | (kcal/mol) | rmsd l.b.| rmsd u.b.
-----+------------+----------+----------
   1         -3.8      0.000      0.000
   2         -3.7      1.742      2.059
   3         -3.7      1.553      2.061
   4         -3.6      1.914      2.854
   5         -3.5      5.566      6.313
   6         -3.5      4.993      5.672
   7         -3.4      2.605      3.407
   8         -3.4      1.746      2.500
   9         -3.4      2.343      3.841
  10         -3.4      3.629      4.373
  11         -3.2      5.733      6.482
  12         -3.2     12.418     12.693
  13         -3.2     11.510     12.045
  14         -3.1      3.873      4.305
  15         -3.1      7.507      8.467
  16         -3.1     11.358     12.300
  17         -3.1     11.546     12.266
  18         -3.1      2.192      2.933
  19         -3.0     11.635     12.503
  20         -2.9      9.319     10.123
Writing output ... done.
