#################################################################
# If you used AutoDock Vina in your work, please cite:          #
#                                                               #
# O. Trott, A. J. Olson,                                        #
# AutoDock Vina: improving the speed and accuracy of docking    #
# with a new scoring function, efficient optimization and       #
# multithreading, Journal of Computational Chemistry 31 (2010)  #
# 455-461                                                       #
#                                                               #
# DOI 10.1002/jcc.21334                                         #
#                                                               #
# Please see http://vina.scripps.edu for more information.      #
#################################################################

Output will be mol_datas/7581-97-7_out.pdbqt
Reading input ... done.
Setting up the scoring function ... done.
Analyzing the binding site ... done.
Using random seed: 1000
Performing search ... done.
Refining results ... done.

mode |   affinity | dist from best mode
     | (kcal/mol) | rmsd l.b.| rmsd u.b.
-----+------------+----------+----------
   1         -4.1      0.000      0.000
   2         -4.1      1.850      2.867
   3         -3.9      1.002      3.412
   4         -3.8      0.937      2.610
   5         -3.8      2.215      2.723
   6         -3.8      1.553      1.928
   7         -3.7      2.413      3.138
   8         -3.6      2.503      2.979
   9         -3.5      4.670      5.254
  10         -3.5      3.157      4.176
  11         -3.5      2.338      3.608
  12         -3.5      2.044      2.294
  13         -3.4     10.352     11.457
  14         -3.4      9.929     11.184
  15         -3.4      1.985      2.892
  16         -3.4      2.227      3.088
  17         -3.3      9.061     10.628
  18         -3.3      7.530      8.952
  19         -3.2      8.464      9.744
  20         -3.1      9.013     10.112
Writing output ... done.
