#################################################################
# If you used AutoDock Vina in your work, please cite:          #
#                                                               #
# O. Trott, A. J. Olson,                                        #
# AutoDock Vina: improving the speed and accuracy of docking    #
# with a new scoring function, efficient optimization and       #
# multithreading, Journal of Computational Chemistry 31 (2010)  #
# 455-461                                                       #
#                                                               #
# DOI 10.1002/jcc.21334                                         #
#                                                               #
# Please see http://vina.scripps.edu for more information.      #
#################################################################

Output will be mol_datas/230-46-6_out.pdbqt
Reading input ... done.
Setting up the scoring function ... done.
Analyzing the binding site ... done.
Using random seed: 1000
Performing search ... done.
Refining results ... done.

mode |   affinity | dist from best mode
     | (kcal/mol) | rmsd l.b.| rmsd u.b.
-----+------------+----------+----------
   1         -7.4      0.000      0.000
   2         -7.4      2.943      4.353
   3         -7.3      1.883      3.398
   4         -7.2      1.851      4.546
   5         -7.2      2.958      4.157
   6         -7.1      1.162      4.335
   7         -6.8      6.086      8.095
   8         -6.7      1.989      4.130
   9         -6.6      1.665      1.973
  10         -6.6      6.282      8.058
  11         -6.2      1.818      4.403
  12         -6.2      6.404      9.074
  13         -6.2      6.813      9.184
  14         -5.9      7.314     10.217
  15         -5.6      6.558      8.117
  16         -5.0     19.404     20.764
  17         -4.8      3.252      5.658
  18         -4.8      3.169      6.276
Writing output ... done.
