#################################################################
# If you used AutoDock Vina in your work, please cite:          #
#                                                               #
# O. Trott, A. J. Olson,                                        #
# AutoDock Vina: improving the speed and accuracy of docking    #
# with a new scoring function, efficient optimization and       #
# multithreading, Journal of Computational Chemistry 31 (2010)  #
# 455-461                                                       #
#                                                               #
# DOI 10.1002/jcc.21334                                         #
#                                                               #
# Please see http://vina.scripps.edu for more information.      #
#################################################################

Output will be mol_datas/591-50-4_out.pdbqt
Reading input ... done.
Setting up the scoring function ... done.
Analyzing the binding site ... done.
Using random seed: 1000
Performing search ... done.
Refining results ... done.

mode |   affinity | dist from best mode
     | (kcal/mol) | rmsd l.b.| rmsd u.b.
-----+------------+----------+----------
   1         -5.8      0.000      0.000
   2         -5.8      0.034      1.832
   3         -5.6      1.054      2.053
   4         -5.5      4.321      5.510
   5         -5.2      4.160      5.271
   6         -5.0      2.339      3.408
   7         -4.9      3.735      4.525
   8         -4.6     10.098     11.283
   9         -4.3     10.898     12.099
  10         -4.2     10.205     11.145
  11         -3.9      2.235      3.256
  12         -3.4     10.179     11.332
  13         -3.3     16.814     17.729
  14         -3.2     14.940     15.863
  15         -3.2     13.122     13.484
  16         -3.1     15.186     16.120
  17         -3.1      6.494      7.645
  18         -2.9     15.062     16.123
  19         -2.9     15.425     16.235
  20         -2.8     16.860     17.828
Writing output ... done.
