#################################################################
# If you used AutoDock Vina in your work, please cite:          #
#                                                               #
# O. Trott, A. J. Olson,                                        #
# AutoDock Vina: improving the speed and accuracy of docking    #
# with a new scoring function, efficient optimization and       #
# multithreading, Journal of Computational Chemistry 31 (2010)  #
# 455-461                                                       #
#                                                               #
# DOI 10.1002/jcc.21334                                         #
#                                                               #
# Please see http://vina.scripps.edu for more information.      #
#################################################################

Output will be mol_datas/15879-93-3_out.pdbqt
Reading input ... done.
Setting up the scoring function ... done.
Analyzing the binding site ... done.
Using random seed: 1000
Performing search ... done.
Refining results ... done.

mode |   affinity | dist from best mode
     | (kcal/mol) | rmsd l.b.| rmsd u.b.
-----+------------+----------+----------
   1         -6.1      0.000      0.000
   2         -5.8      2.952      5.717
   3         -5.5      5.028      7.021
   4         -5.3      7.201      9.175
   5         -5.3      4.325      6.161
   6         -5.0      3.657      4.871
   7         -4.9      1.578      2.590
   8         -4.7      6.093      8.234
   9         -4.4     15.125     16.378
  10         -4.3     15.341     16.643
  11         -3.9     15.256     16.240
  12         -3.8     15.921     17.422
  13         -3.8     15.364     16.741
  14         -3.7     15.596     16.941
  15         -3.7     10.121     12.597
  16         -3.7      3.977      5.762
  17         -3.4      3.696      5.727
  18         -3.2     16.700     18.173
Writing output ... done.
