#################################################################
# If you used AutoDock Vina in your work, please cite:          #
#                                                               #
# O. Trott, A. J. Olson,                                        #
# AutoDock Vina: improving the speed and accuracy of docking    #
# with a new scoring function, efficient optimization and       #
# multithreading, Journal of Computational Chemistry 31 (2010)  #
# 455-461                                                       #
#                                                               #
# DOI 10.1002/jcc.21334                                         #
#                                                               #
# Please see http://vina.scripps.edu for more information.      #
#################################################################

Output will be mol_datas/127-31-1_out.pdbqt
Reading input ... done.
Setting up the scoring function ... done.
Analyzing the binding site ... done.
Using random seed: 1000
Performing search ... done.
Refining results ... done.

mode |   affinity | dist from best mode
     | (kcal/mol) | rmsd l.b.| rmsd u.b.
-----+------------+----------+----------
   1         -5.1      0.000      0.000
   2         -4.9      4.068      7.124
   3         -4.8      2.714      3.648
   4         -4.6      2.604      6.533
   5         -4.5      3.527      7.227
   6         -4.5      3.665      6.971
   7         -4.3      4.418      6.274
   8         -4.2      4.942      7.978
   9         -4.1      3.757      7.551
  10         -4.1      9.467     13.051
  11         -4.0      5.842      8.785
  12         -3.9      5.534      7.989
  13         -3.9      4.864      6.729
  14         -3.7      4.602      6.699
  15         -3.7      4.373      7.281
  16         -3.6      9.728     13.397
  17         -3.5      4.588      8.292
  18         -3.5      2.845      5.321
  19         -3.4     10.860     14.572
Writing output ... done.
