#################################################################
# If you used AutoDock Vina in your work, please cite:          #
#                                                               #
# O. Trott, A. J. Olson,                                        #
# AutoDock Vina: improving the speed and accuracy of docking    #
# with a new scoring function, efficient optimization and       #
# multithreading, Journal of Computational Chemistry 31 (2010)  #
# 455-461                                                       #
#                                                               #
# DOI 10.1002/jcc.21334                                         #
#                                                               #
# Please see http://vina.scripps.edu for more information.      #
#################################################################

Output will be mol_datas/104-76-7_out.pdbqt
Reading input ... done.
Setting up the scoring function ... done.
Analyzing the binding site ... done.
Using random seed: 1000
Performing search ... done.
Refining results ... done.

mode |   affinity | dist from best mode
     | (kcal/mol) | rmsd l.b.| rmsd u.b.
-----+------------+----------+----------
   1         -5.6      0.000      0.000
   2         -5.4      1.456      4.436
   3         -5.3      1.499      2.078
   4         -5.2      2.074      4.376
   5         -5.1      2.154      4.449
   6         -5.0      2.124      4.712
   7         -5.0      2.008      3.338
   8         -5.0      2.099      2.947
   9         -4.9      8.289     10.036
  10         -4.8      2.081      2.927
  11         -4.5     10.647     12.303
  12         -4.5      2.803      3.729
  13         -4.4      2.350      4.164
  14         -4.4      8.601      9.833
  15         -4.4      7.388      8.672
  16         -4.4      2.520      4.191
  17         -4.3     11.358     12.674
  18         -4.3      9.726     11.206
  19         -4.2     11.023     12.535
  20         -4.1      9.212     10.462
Writing output ... done.
