#################################################################
# If you used AutoDock Vina in your work, please cite:          #
#                                                               #
# O. Trott, A. J. Olson,                                        #
# AutoDock Vina: improving the speed and accuracy of docking    #
# with a new scoring function, efficient optimization and       #
# multithreading, Journal of Computational Chemistry 31 (2010)  #
# 455-461                                                       #
#                                                               #
# DOI 10.1002/jcc.21334                                         #
#                                                               #
# Please see http://vina.scripps.edu for more information.      #
#################################################################

Output will be mol_datas/292-64-8_out.pdbqt
Reading input ... done.
Setting up the scoring function ... done.
Analyzing the binding site ... done.
Using random seed: 1000
Performing search ... done.
Refining results ... done.

mode |   affinity | dist from best mode
     | (kcal/mol) | rmsd l.b.| rmsd u.b.
-----+------------+----------+----------
   1         -5.7      0.000      0.000
   2         -5.5      0.625      2.655
   3         -5.3      2.230      4.042
   4         -5.3      1.162      3.358
   5         -5.3      3.692      5.669
   6         -5.3      3.172      4.903
   7         -5.2      1.990      3.653
   8         -5.1      3.006      4.307
   9         -5.1      2.032      3.221
  10         -5.0      1.265      2.926
  11         -5.0      3.771      5.217
  12         -4.9      3.621      5.123
  13         -4.8      9.826     11.547
  14         -4.7      2.238      4.492
  15         -4.6      9.536     11.092
  16         -4.6      1.439      2.820
  17         -4.5      9.369     11.197
  18         -4.5      9.057     11.006
  19         -4.5      8.977     10.889
  20         -3.9     14.877     16.515
Writing output ... done.
