#################################################################
# If you used AutoDock Vina in your work, please cite:          #
#                                                               #
# O. Trott, A. J. Olson,                                        #
# AutoDock Vina: improving the speed and accuracy of docking    #
# with a new scoring function, efficient optimization and       #
# multithreading, Journal of Computational Chemistry 31 (2010)  #
# 455-461                                                       #
#                                                               #
# DOI 10.1002/jcc.21334                                         #
#                                                               #
# Please see http://vina.scripps.edu for more information.      #
#################################################################

Output will be mol_datas/91-66-7_out.pdbqt
Reading input ... done.
Setting up the scoring function ... done.
Analyzing the binding site ... done.
Using random seed: 1000
Performing search ... done.
Refining results ... done.

mode |   affinity | dist from best mode
     | (kcal/mol) | rmsd l.b.| rmsd u.b.
-----+------------+----------+----------
   1         -6.9      0.000      0.000
   2         -6.9      0.014      2.341
   3         -6.5      1.724      4.415
   4         -6.5      1.734      4.734
   5         -5.6      1.370      3.973
   6         -5.3      1.382      4.074
   7         -5.3      1.451      3.830
   8         -5.0      2.709      4.177
   9         -4.9      8.038     10.923
  10         -4.9      7.995     10.893
  11         -4.8      6.140      9.209
  12         -4.8      6.148      9.128
  13         -4.7      5.974      8.383
  14         -4.7      5.978      8.383
  15         -4.7      9.513     11.253
  16         -4.7      7.501     10.079
  17         -4.7      9.557     11.240
  18         -4.5      9.207     11.795
  19         -4.3      7.677     10.280
Writing output ... done.
