#################################################################
# If you used AutoDock Vina in your work, please cite:          #
#                                                               #
# O. Trott, A. J. Olson,                                        #
# AutoDock Vina: improving the speed and accuracy of docking    #
# with a new scoring function, efficient optimization and       #
# multithreading, Journal of Computational Chemistry 31 (2010)  #
# 455-461                                                       #
#                                                               #
# DOI 10.1002/jcc.21334                                         #
#                                                               #
# Please see http://vina.scripps.edu for more information.      #
#################################################################

Output will be mol_datas/607-67-0_out.pdbqt
Reading input ... done.
Setting up the scoring function ... done.
Analyzing the binding site ... done.
Using random seed: 1000
Performing search ... done.
Refining results ... done.

mode |   affinity | dist from best mode
     | (kcal/mol) | rmsd l.b.| rmsd u.b.
-----+------------+----------+----------
   1         -7.8      0.000      0.000
   2         -7.6      2.822      4.121
   3         -7.5      1.921      2.740
   4         -6.9      2.995      5.070
   5         -6.4      1.082      3.775
   6         -6.4      3.163      4.190
   7         -6.3      8.809     10.363
   8         -6.1      1.088      1.319
   9         -5.9      1.706      4.034
  10         -5.9      2.120      4.152
  11         -5.9      8.707     10.509
  12         -5.8      7.084     10.356
  13         -5.6      8.719     10.657
  14         -5.6      9.071     10.455
  15         -5.5      2.095      2.462
  16         -5.2      5.646      7.476
  17         -5.0      2.060      3.154
  18         -5.0      4.828      8.055
Writing output ... done.
