#################################################################
# If you used AutoDock Vina in your work, please cite:          #
#                                                               #
# O. Trott, A. J. Olson,                                        #
# AutoDock Vina: improving the speed and accuracy of docking    #
# with a new scoring function, efficient optimization and       #
# multithreading, Journal of Computational Chemistry 31 (2010)  #
# 455-461                                                       #
#                                                               #
# DOI 10.1002/jcc.21334                                         #
#                                                               #
# Please see http://vina.scripps.edu for more information.      #
#################################################################

Output will be mol_datas/87-58-1_out.pdbqt
Reading input ... done.
Setting up the scoring function ... done.
Analyzing the binding site ... done.
Using random seed: 1000
Performing search ... done.
Refining results ... done.

mode |   affinity | dist from best mode
     | (kcal/mol) | rmsd l.b.| rmsd u.b.
-----+------------+----------+----------
   1         -3.4      0.000      0.000
   2         -3.2      1.634      3.738
   3         -2.9     30.716     31.165
   4         -2.9     30.737     31.155
   5         -2.7     27.380     27.994
   6         -2.7     30.715     31.508
   7         -2.7     29.304     29.803
   8         -2.6     31.115     31.739
   9         -2.6     28.278     28.986
  10         -2.6     28.286     28.866
  11         -2.6     18.042     18.873
  12         -2.6     29.285     30.145
  13         -2.6     29.235     29.932
  14         -2.5     30.484     31.340
  15         -2.5     29.184     30.012
  16         -2.5     31.465     32.748
  17         -2.5     29.226     29.868
  18         -2.4     27.671     28.303
  19         -2.3     30.545     31.290
  20         -2.3     29.662     30.430
Writing output ... done.
