#################################################################
# If you used AutoDock Vina in your work, please cite:          #
#                                                               #
# O. Trott, A. J. Olson,                                        #
# AutoDock Vina: improving the speed and accuracy of docking    #
# with a new scoring function, efficient optimization and       #
# multithreading, Journal of Computational Chemistry 31 (2010)  #
# 455-461                                                       #
#                                                               #
# DOI 10.1002/jcc.21334                                         #
#                                                               #
# Please see http://vina.scripps.edu for more information.      #
#################################################################

Output will be mol_datas/3766-60-7_out.pdbqt
Reading input ... done.
Setting up the scoring function ... done.
Analyzing the binding site ... done.
Using random seed: 1000
Performing search ... done.
Refining results ... done.

mode |   affinity | dist from best mode
     | (kcal/mol) | rmsd l.b.| rmsd u.b.
-----+------------+----------+----------
   1         -7.3      0.000      0.000
   2         -6.9      6.338      8.611
   3         -6.5      1.742      2.494
   4         -5.7      1.144      2.056
   5         -5.0      1.663      2.329
   6         -5.0      3.145      6.739
   7         -4.9      3.795      7.462
   8         -4.7     14.863     16.206
   9         -4.5      7.622     11.749
  10         -4.5     14.788     15.693
  11         -4.5      6.276      7.784
  12         -4.4      2.162      3.246
  13         -4.4     15.151     17.060
  14         -4.3      4.664      7.000
Writing output ... done.
