#################################################################
# If you used AutoDock Vina in your work, please cite:          #
#                                                               #
# O. Trott, A. J. Olson,                                        #
# AutoDock Vina: improving the speed and accuracy of docking    #
# with a new scoring function, efficient optimization and       #
# multithreading, Journal of Computational Chemistry 31 (2010)  #
# 455-461                                                       #
#                                                               #
# DOI 10.1002/jcc.21334                                         #
#                                                               #
# Please see http://vina.scripps.edu for more information.      #
#################################################################

Output will be mol_datas/106-37-6_out.pdbqt
Reading input ... done.
Setting up the scoring function ... done.
Analyzing the binding site ... done.
Using random seed: 1000
Performing search ... done.
Refining results ... done.

mode |   affinity | dist from best mode
     | (kcal/mol) | rmsd l.b.| rmsd u.b.
-----+------------+----------+----------
   1         -4.9      0.000      0.000
   2         -4.9      0.045      4.103
   3         -4.8      2.791      4.429
   4         -4.8      2.049      3.578
   5         -4.8      2.815      3.588
   6         -4.8      2.068      2.533
   7         -4.5      2.557      3.801
   8         -4.5      2.541      2.925
   9         -4.4      7.868      9.388
  10         -4.2      8.683      9.762
  11         -4.2      2.393      4.048
  12         -4.1      8.741     10.711
  13         -4.1      8.867      9.812
  14         -4.0      8.787     10.126
  15         -4.0     16.464     16.981
  16         -4.0     17.067     17.639
  17         -4.0      8.853     10.620
  18         -3.5      6.296      7.707
  19         -3.1     19.039     20.223
Writing output ... done.
