#################################################################
# If you used AutoDock Vina in your work, please cite:          #
#                                                               #
# O. Trott, A. J. Olson,                                        #
# AutoDock Vina: improving the speed and accuracy of docking    #
# with a new scoring function, efficient optimization and       #
# multithreading, Journal of Computational Chemistry 31 (2010)  #
# 455-461                                                       #
#                                                               #
# DOI 10.1002/jcc.21334                                         #
#                                                               #
# Please see http://vina.scripps.edu for more information.      #
#################################################################

Output will be mol_datas/56-81-5_out.pdbqt
Reading input ... done.
Setting up the scoring function ... done.
Analyzing the binding site ... done.
Using random seed: 1000
Performing search ... done.
Refining results ... done.

mode |   affinity | dist from best mode
     | (kcal/mol) | rmsd l.b.| rmsd u.b.
-----+------------+----------+----------
   1         -4.0      0.000      0.000
   2         -3.8      0.928      2.523
   3         -3.7      8.455      9.180
   4         -3.7      7.579      7.862
   5         -3.6      7.596      8.010
   6         -3.6      8.127      8.644
   7         -3.6      1.102      2.162
   8         -3.5      7.304      7.960
   9         -3.5     11.537     12.411
  10         -3.5      7.988      9.499
  11         -3.4      8.306      9.944
  12         -3.4      7.299      7.842
  13         -3.4      7.728      8.672
  14         -3.3      8.739      9.173
  15         -3.3      9.644     10.558
  16         -3.2      9.285      9.949
  17         -3.2     10.106     10.792
  18         -3.2      8.507      9.227
  19         -3.1     10.231     10.930
  20         -3.1      8.023      8.619
Writing output ... done.
