#################################################################
# If you used AutoDock Vina in your work, please cite:          #
#                                                               #
# O. Trott, A. J. Olson,                                        #
# AutoDock Vina: improving the speed and accuracy of docking    #
# with a new scoring function, efficient optimization and       #
# multithreading, Journal of Computational Chemistry 31 (2010)  #
# 455-461                                                       #
#                                                               #
# DOI 10.1002/jcc.21334                                         #
#                                                               #
# Please see http://vina.scripps.edu for more information.      #
#################################################################

Output will be mol_datas/15310-01-7_out.pdbqt
Reading input ... done.
Setting up the scoring function ... done.
Analyzing the binding site ... done.
Using random seed: 1000
Performing search ... done.
Refining results ... done.

mode |   affinity | dist from best mode
     | (kcal/mol) | rmsd l.b.| rmsd u.b.
-----+------------+----------+----------
   1         -8.2      0.000      0.000
   2         -7.2      4.059      8.127
   3         -7.2      3.367      7.475
   4         -7.2      2.153      2.798
   5         -7.1      2.591      3.663
   6         -6.7      7.177      9.385
   7         -6.7      7.839      9.731
   8         -6.3      4.262      8.314
   9         -6.1      1.925      2.610
  10         -5.9      2.393      6.716
  11         -5.3     16.548     17.547
Writing output ... done.
