#################################################################
# If you used AutoDock Vina in your work, please cite:          #
#                                                               #
# O. Trott, A. J. Olson,                                        #
# AutoDock Vina: improving the speed and accuracy of docking    #
# with a new scoring function, efficient optimization and       #
# multithreading, Journal of Computational Chemistry 31 (2010)  #
# 455-461                                                       #
#                                                               #
# DOI 10.1002/jcc.21334                                         #
#                                                               #
# Please see http://vina.scripps.edu for more information.      #
#################################################################

Output will be mol_datas/6988-21-2_out.pdbqt
Reading input ... done.
Setting up the scoring function ... done.
Analyzing the binding site ... done.
Using random seed: 1000
Performing search ... done.
Refining results ... done.

mode |   affinity | dist from best mode
     | (kcal/mol) | rmsd l.b.| rmsd u.b.
-----+------------+----------+----------
   1         -7.8      0.000      0.000
   2         -7.7      1.763      3.919
   3         -7.6      1.843      4.494
   4         -7.5      1.910      5.136
   5         -7.0      2.184      5.063
   6         -7.0      5.750      8.498
   7         -6.9      3.042      4.460
   8         -6.8      6.958      9.324
   9         -6.7      1.465      3.612
  10         -6.6      8.932     11.330
  11         -5.9      2.716      5.112
  12         -5.7      7.289     10.105
  13         -5.3      1.592      3.550
Writing output ... done.
