#################################################################
# If you used AutoDock Vina in your work, please cite:          #
#                                                               #
# O. Trott, A. J. Olson,                                        #
# AutoDock Vina: improving the speed and accuracy of docking    #
# with a new scoring function, efficient optimization and       #
# multithreading, Journal of Computational Chemistry 31 (2010)  #
# 455-461                                                       #
#                                                               #
# DOI 10.1002/jcc.21334                                         #
#                                                               #
# Please see http://vina.scripps.edu for more information.      #
#################################################################

Output will be mol_datas/97-53-0_out.pdbqt
Reading input ... done.
Setting up the scoring function ... done.
Analyzing the binding site ... done.
Using random seed: 1000
Performing search ... done.
Refining results ... done.

mode |   affinity | dist from best mode
     | (kcal/mol) | rmsd l.b.| rmsd u.b.
-----+------------+----------+----------
   1         -6.6      0.000      0.000
   2         -6.6      2.567      5.080
   3         -6.5      1.055      2.776
   4         -6.3      7.794     10.064
   5         -6.3      2.023      4.691
   6         -6.1      1.783      3.653
   7         -5.9      7.317      8.936
   8         -5.8      7.617      9.493
   9         -5.6      2.248      4.125
  10         -5.6      7.993     10.439
  11         -5.6      7.398      9.897
  12         -5.4      8.653     10.635
  13         -5.3      8.726     11.071
  14         -4.9      7.984     10.336
  15         -4.8      7.372      9.623
  16         -4.2      2.393      3.524
  17         -4.1      5.093      7.457
  18         -4.0      5.770      8.285
  19         -3.9     16.847     17.347
  20         -3.7     16.293     17.029
Writing output ... done.
