#################################################################
# If you used AutoDock Vina in your work, please cite:          #
#                                                               #
# O. Trott, A. J. Olson,                                        #
# AutoDock Vina: improving the speed and accuracy of docking    #
# with a new scoring function, efficient optimization and       #
# multithreading, Journal of Computational Chemistry 31 (2010)  #
# 455-461                                                       #
#                                                               #
# DOI 10.1002/jcc.21334                                         #
#                                                               #
# Please see http://vina.scripps.edu for more information.      #
#################################################################

Output will be mol_datas/93-76-5_out.pdbqt
Reading input ... done.
Setting up the scoring function ... done.
Analyzing the binding site ... done.
Using random seed: 1000
Performing search ... done.
Refining results ... done.

mode |   affinity | dist from best mode
     | (kcal/mol) | rmsd l.b.| rmsd u.b.
-----+------------+----------+----------
   1         -6.9      0.000      0.000
   2         -6.5      3.192      4.984
   3         -6.4      2.744      4.142
   4         -6.0      3.167      5.730
   5         -5.8      7.804      9.502
   6         -5.7      1.803      2.593
   7         -5.4      8.141      9.388
   8         -5.4      3.426      5.319
   9         -5.4      3.427      5.260
  10         -5.4      3.602      4.906
  11         -5.3      3.351      5.215
  12         -5.2     10.301     11.853
  13         -4.9      3.377      5.037
  14         -4.9      4.084      5.265
  15         -4.9      8.723     10.691
  16         -4.8      6.911      8.022
  17         -4.6      9.126     11.150
  18         -3.9     15.629     16.908
Writing output ... done.
