#################################################################
# If you used AutoDock Vina in your work, please cite:          #
#                                                               #
# O. Trott, A. J. Olson,                                        #
# AutoDock Vina: improving the speed and accuracy of docking    #
# with a new scoring function, efficient optimization and       #
# multithreading, Journal of Computational Chemistry 31 (2010)  #
# 455-461                                                       #
#                                                               #
# DOI 10.1002/jcc.21334                                         #
#                                                               #
# Please see http://vina.scripps.edu for more information.      #
#################################################################

Output will be mol_datas/101-27-9_out.pdbqt
Reading input ... done.
Setting up the scoring function ... done.
Analyzing the binding site ... done.
Using random seed: 1000
Performing search ... done.
Refining results ... done.

mode |   affinity | dist from best mode
     | (kcal/mol) | rmsd l.b.| rmsd u.b.
-----+------------+----------+----------
   1         -7.7      0.000      0.000
   2         -7.3      1.962      8.298
   3         -7.2      2.559      2.942
   4         -6.9      2.492      8.417
   5         -6.8      3.098      8.216
   6         -6.6      2.947      8.135
   7         -6.6      8.289      9.818
   8         -6.6      1.982      8.253
   9         -6.5      7.732     10.052
  10         -6.4      2.071      7.631
  11         -6.1      3.155      6.789
  12         -6.1      7.645      9.812
  13         -5.9      3.066      7.218
  14         -5.8      2.877      3.371
  15         -5.5      3.799      6.937
  16         -5.3      5.668      6.049
  17         -5.1      6.529      9.878
  18         -4.9      4.559      6.011
  19         -4.8      7.424      9.756
Writing output ... done.
