#################################################################
# If you used AutoDock Vina in your work, please cite:          #
#                                                               #
# O. Trott, A. J. Olson,                                        #
# AutoDock Vina: improving the speed and accuracy of docking    #
# with a new scoring function, efficient optimization and       #
# multithreading, Journal of Computational Chemistry 31 (2010)  #
# 455-461                                                       #
#                                                               #
# DOI 10.1002/jcc.21334                                         #
#                                                               #
# Please see http://vina.scripps.edu for more information.      #
#################################################################

Output will be mol_datas/105-57-7_out.pdbqt
Reading input ... done.
Setting up the scoring function ... done.
Analyzing the binding site ... done.
Using random seed: 1000
Performing search ... done.
Refining results ... done.

mode |   affinity | dist from best mode
     | (kcal/mol) | rmsd l.b.| rmsd u.b.
-----+------------+----------+----------
   1         -4.5      0.000      0.000
   2         -4.5      0.463      3.160
   3         -4.4      1.358      2.455
   4         -4.4      1.249      3.607
   5         -4.2      1.483      2.115
   6         -3.9      2.032      4.040
   7         -3.8      1.843      3.185
   8         -3.8      2.674      4.664
   9         -3.8      1.797      3.781
  10         -3.8      1.385      2.700
  11         -3.7      4.395      7.048
  12         -3.7      7.457      9.359
  13         -3.7      2.584      3.785
  14         -3.7      2.625      4.534
  15         -3.7      3.078      3.766
  16         -3.6      1.662      3.348
  17         -3.6      6.609      8.377
  18         -3.6      2.125      3.980
  19         -3.5      8.712     10.601
  20         -3.4      8.251     10.009
Writing output ... done.
