#################################################################
# If you used AutoDock Vina in your work, please cite:          #
#                                                               #
# O. Trott, A. J. Olson,                                        #
# AutoDock Vina: improving the speed and accuracy of docking    #
# with a new scoring function, efficient optimization and       #
# multithreading, Journal of Computational Chemistry 31 (2010)  #
# 455-461                                                       #
#                                                               #
# DOI 10.1002/jcc.21334                                         #
#                                                               #
# Please see http://vina.scripps.edu for more information.      #
#################################################################

Output will be mol_datas/552-63-6_out.pdbqt
Reading input ... done.
Setting up the scoring function ... done.
Analyzing the binding site ... done.
Using random seed: 1000
Performing search ... done.
Refining results ... done.

mode |   affinity | dist from best mode
     | (kcal/mol) | rmsd l.b.| rmsd u.b.
-----+------------+----------+----------
   1         -7.0      0.000      0.000
   2         -6.9      2.748      4.271
   3         -6.9      2.539      4.597
   4         -6.8      2.695      4.456
   5         -6.7      0.822      2.528
   6         -6.7      2.521      4.166
   7         -6.5      2.464      4.342
   8         -6.5      1.120      2.094
   9         -6.3      7.031      8.634
  10         -6.2      8.166      9.894
  11         -6.1      1.993      3.262
  12         -5.9      8.126      9.820
  13         -5.9      7.600      9.206
  14         -5.8      2.511      3.872
  15         -5.8      2.457      3.800
  16         -5.8      3.274      4.420
  17         -5.6      7.246      8.595
  18         -5.6      8.637     10.277
  19         -5.5      3.145      4.125
  20         -4.5      3.861      5.275
Writing output ... done.
