#################################################################
# If you used AutoDock Vina in your work, please cite:          #
#                                                               #
# O. Trott, A. J. Olson,                                        #
# AutoDock Vina: improving the speed and accuracy of docking    #
# with a new scoring function, efficient optimization and       #
# multithreading, Journal of Computational Chemistry 31 (2010)  #
# 455-461                                                       #
#                                                               #
# DOI 10.1002/jcc.21334                                         #
#                                                               #
# Please see http://vina.scripps.edu for more information.      #
#################################################################

Output will be mol_datas/94-62-2_out.pdbqt
Reading input ... done.
Setting up the scoring function ... done.
Analyzing the binding site ... done.
Using random seed: 1000
Performing search ... done.
Refining results ... done.

mode |   affinity | dist from best mode
     | (kcal/mol) | rmsd l.b.| rmsd u.b.
-----+------------+----------+----------
   1         -9.2      0.000      0.000
   2         -8.7      5.798      6.983
   3         -8.0      5.731      8.326
   4         -7.8      5.948      8.497
   5         -7.8      5.651      8.509
   6         -7.6      1.206      2.309
   7         -7.2      5.046      7.920
   8         -7.1      6.521      7.915
   9         -7.1      3.247      4.954
  10         -7.0      4.938      6.050
  11         -6.8      4.284      6.342
  12         -6.3      7.856      9.715
Writing output ... done.
