#################################################################
# If you used AutoDock Vina in your work, please cite:          #
#                                                               #
# O. Trott, A. J. Olson,                                        #
# AutoDock Vina: improving the speed and accuracy of docking    #
# with a new scoring function, efficient optimization and       #
# multithreading, Journal of Computational Chemistry 31 (2010)  #
# 455-461                                                       #
#                                                               #
# DOI 10.1002/jcc.21334                                         #
#                                                               #
# Please see http://vina.scripps.edu for more information.      #
#################################################################

Output will be mol_datas/57-10-3_out.pdbqt
Reading input ... done.
Setting up the scoring function ... done.
Analyzing the binding site ... done.
Using random seed: 1000
Performing search ... done.
Refining results ... done.

mode |   affinity | dist from best mode
     | (kcal/mol) | rmsd l.b.| rmsd u.b.
-----+------------+----------+----------
   1         -6.9      0.000      0.000
   2         -6.8      1.487      2.785
   3         -6.8      0.892      4.058
   4         -6.6      3.278      4.843
   5         -6.5      2.230      3.697
   6         -6.4      2.139      4.669
   7         -6.4      1.912      3.195
   8         -6.4      3.468      8.573
   9         -6.3      3.021      5.747
  10         -6.3      1.453      4.627
  11         -6.3      2.824      4.414
  12         -6.2      2.473      4.555
  13         -6.2      2.828      5.377
  14         -6.2      3.980      9.004
  15         -6.2      3.189      5.385
  16         -6.1      1.311      3.032
  17         -5.8      2.935      6.305
  18         -5.8      4.998      9.583
  19         -5.8      4.357      9.249
  20         -5.6      4.862      8.272
Writing output ... done.
