#################################################################
# If you used AutoDock Vina in your work, please cite:          #
#                                                               #
# O. Trott, A. J. Olson,                                        #
# AutoDock Vina: improving the speed and accuracy of docking    #
# with a new scoring function, efficient optimization and       #
# multithreading, Journal of Computational Chemistry 31 (2010)  #
# 455-461                                                       #
#                                                               #
# DOI 10.1002/jcc.21334                                         #
#                                                               #
# Please see http://vina.scripps.edu for more information.      #
#################################################################

Output will be mol_datas/6966-78-5_out.pdbqt
Reading input ... done.
Setting up the scoring function ... done.
Analyzing the binding site ... done.
Using random seed: 1000
Performing search ... done.
Refining results ... done.

mode |   affinity | dist from best mode
     | (kcal/mol) | rmsd l.b.| rmsd u.b.
-----+------------+----------+----------
   1         -6.2      0.000      0.000
   2         -5.7      2.827      5.001
   3         -5.6      2.511      4.173
   4         -5.5      1.763      2.912
   5         -5.4      9.077     10.269
   6         -5.4      8.286     10.455
   7         -5.3      9.450     10.936
   8         -5.3      8.363     10.424
   9         -5.2      2.363      4.205
  10         -5.2      2.952      4.205
  11         -5.1      2.267      3.217
  12         -4.9      8.057     10.569
  13         -4.9      8.531     10.588
  14         -4.5      9.205     11.052
  15         -4.2      6.203      7.935
  16         -4.0      7.368      9.761
  17         -3.9      4.967      7.802
  18         -3.9      6.482      8.591
  19         -3.2     19.752     20.831
Writing output ... done.
