#################################################################
# If you used AutoDock Vina in your work, please cite:          #
#                                                               #
# O. Trott, A. J. Olson,                                        #
# AutoDock Vina: improving the speed and accuracy of docking    #
# with a new scoring function, efficient optimization and       #
# multithreading, Journal of Computational Chemistry 31 (2010)  #
# 455-461                                                       #
#                                                               #
# DOI 10.1002/jcc.21334                                         #
#                                                               #
# Please see http://vina.scripps.edu for more information.      #
#################################################################

Output will be mol_datas/5635-50-7_out.pdbqt
Reading input ... done.
Setting up the scoring function ... done.
Analyzing the binding site ... done.
Using random seed: 1000
Performing search ... done.
Refining results ... done.

mode |   affinity | dist from best mode
     | (kcal/mol) | rmsd l.b.| rmsd u.b.
-----+------------+----------+----------
   1         -9.1      0.000      0.000
   2         -9.0      2.401      5.028
   3         -8.9      0.750      5.812
   4         -8.8      2.423      5.603
   5         -8.6      0.792      2.197
   6         -8.5      2.471      5.537
   7         -7.9      6.612     10.174
   8         -7.9      2.444      6.033
   9         -7.7      5.762      8.339
  10         -7.6      2.466      4.387
  11         -7.6      6.688     10.223
  12         -7.3      6.778      9.687
  13         -7.2      6.065      9.947
  14         -6.6      6.645      9.543
  15         -6.5     14.824     17.018
  16         -6.1     15.071     17.094
Writing output ... done.
