#################################################################
# If you used AutoDock Vina in your work, please cite:          #
#                                                               #
# O. Trott, A. J. Olson,                                        #
# AutoDock Vina: improving the speed and accuracy of docking    #
# with a new scoring function, efficient optimization and       #
# multithreading, Journal of Computational Chemistry 31 (2010)  #
# 455-461                                                       #
#                                                               #
# DOI 10.1002/jcc.21334                                         #
#                                                               #
# Please see http://vina.scripps.edu for more information.      #
#################################################################

Output will be mol_datas/100-61-8_out.pdbqt
Reading input ... done.
Setting up the scoring function ... done.
Analyzing the binding site ... done.
Using random seed: 1000
Performing search ... done.
Refining results ... done.

mode |   affinity | dist from best mode
     | (kcal/mol) | rmsd l.b.| rmsd u.b.
-----+------------+----------+----------
   1         -6.0      0.000      0.000
   2         -6.0      0.142      1.718
   3         -5.4      3.011      5.060
   4         -5.4      2.937      5.226
   5         -5.2      4.334      5.457
   6         -5.1      1.741      3.475
   7         -5.1      3.672      4.809
   8         -5.0     10.141     11.248
   9         -5.0     11.963     13.052
  10         -4.8     11.292     12.384
  11         -4.8     10.029     10.986
  12         -4.7     10.345     11.395
  13         -4.1      8.967     10.057
  14         -4.1     13.770     14.771
  15         -4.0     12.389     13.887
  16         -3.8      6.492      7.562
  17         -3.7     10.493     11.564
  18         -3.5     13.437     14.329
  19         -3.4     12.223     13.562
  20         -3.4     17.022     17.622
Writing output ... done.
