#################################################################
# If you used AutoDock Vina in your work, please cite:          #
#                                                               #
# O. Trott, A. J. Olson,                                        #
# AutoDock Vina: improving the speed and accuracy of docking    #
# with a new scoring function, efficient optimization and       #
# multithreading, Journal of Computational Chemistry 31 (2010)  #
# 455-461                                                       #
#                                                               #
# DOI 10.1002/jcc.21334                                         #
#                                                               #
# Please see http://vina.scripps.edu for more information.      #
#################################################################

Output will be mol_datas/110-00-9_out.pdbqt
Reading input ... done.
Setting up the scoring function ... done.
Analyzing the binding site ... done.
Using random seed: 1000
Performing search ... done.
Refining results ... done.

mode |   affinity | dist from best mode
     | (kcal/mol) | rmsd l.b.| rmsd u.b.
-----+------------+----------+----------
   1         -4.1      0.000      0.000
   2         -3.6      1.171      2.230
   3         -3.4      2.933      3.845
   4         -3.4      6.103      6.614
   5         -3.4      2.621      3.378
   6         -3.3      5.763      6.200
   7         -3.1      1.927      2.588
   8         -3.0     10.406     11.256
   9         -3.0      6.367      6.888
  10         -3.0      3.498      4.174
  11         -3.0      4.881      5.271
  12         -2.9     10.930     11.910
  13         -2.9      8.052      8.820
  14         -2.9      4.660      5.413
  15         -2.9      2.239      3.226
  16         -2.9     12.249     12.988
  17         -2.7      9.813     10.543
  18         -2.6     16.602     16.769
  19         -2.5     11.192     11.507
  20         -2.4     15.822     16.048
Writing output ... done.
