#################################################################
# If you used AutoDock Vina in your work, please cite:          #
#                                                               #
# O. Trott, A. J. Olson,                                        #
# AutoDock Vina: improving the speed and accuracy of docking    #
# with a new scoring function, efficient optimization and       #
# multithreading, Journal of Computational Chemistry 31 (2010)  #
# 455-461                                                       #
#                                                               #
# DOI 10.1002/jcc.21334                                         #
#                                                               #
# Please see http://vina.scripps.edu for more information.      #
#################################################################

Output will be mol_datas/81-25-4_out.pdbqt
Reading input ... done.
Setting up the scoring function ... done.
Analyzing the binding site ... done.
Using random seed: 1000
Performing search ... done.
Refining results ... done.

mode |   affinity | dist from best mode
     | (kcal/mol) | rmsd l.b.| rmsd u.b.
-----+------------+----------+----------
   1         -5.0      0.000      0.000
   2         -4.5      2.411      4.629
   3         -4.5      3.950      6.270
   4         -4.4      2.354      8.092
   5         -4.4      2.113      8.045
   6         -4.4      2.015      2.691
   7         -4.4      8.555     12.457
   8         -4.4      2.475      7.481
   9         -4.3      1.769      3.691
  10         -4.3      2.293      2.878
  11         -4.3      7.641     11.782
  12         -4.2      5.980     11.350
  13         -4.2      1.909      7.901
  14         -4.2      3.376      8.899
  15         -4.0      2.284      8.191
  16         -3.9      2.881      8.375
  17         -3.9      6.885     10.714
  18         -3.8      6.129      8.952
  19         -3.8      5.035      8.063
  20         -3.8      3.406      6.467
Writing output ... done.
