#################################################################
# If you used AutoDock Vina in your work, please cite:          #
#                                                               #
# O. Trott, A. J. Olson,                                        #
# AutoDock Vina: improving the speed and accuracy of docking    #
# with a new scoring function, efficient optimization and       #
# multithreading, Journal of Computational Chemistry 31 (2010)  #
# 455-461                                                       #
#                                                               #
# DOI 10.1002/jcc.21334                                         #
#                                                               #
# Please see http://vina.scripps.edu for more information.      #
#################################################################

Output will be mol_datas/135-98-8_out.pdbqt
Reading input ... done.
Setting up the scoring function ... done.
Analyzing the binding site ... done.
Using random seed: 1000
Performing search ... done.
Refining results ... done.

mode |   affinity | dist from best mode
     | (kcal/mol) | rmsd l.b.| rmsd u.b.
-----+------------+----------+----------
   1         -7.2      0.000      0.000
   2         -7.2      0.037      1.532
   3         -6.9      1.670      4.729
   4         -6.7      2.795      4.795
   5         -6.1      1.971      3.423
   6         -6.0      2.763      4.649
   7         -6.0      1.165      1.683
   8         -5.8      7.443     10.343
   9         -5.5      8.851     11.228
  10         -5.5      8.844     11.266
  11         -5.2      7.682     10.575
  12         -5.2      8.616     10.996
  13         -5.2      9.286     10.533
  14         -5.1      5.772      7.993
  15         -5.0      9.255     11.072
  16         -5.0      7.279     10.226
  17         -5.0      6.143      9.118
  18         -4.9      9.001     10.910
  19         -4.4      7.845     10.427
Writing output ... done.
