#################################################################
# If you used AutoDock Vina in your work, please cite:          #
#                                                               #
# O. Trott, A. J. Olson,                                        #
# AutoDock Vina: improving the speed and accuracy of docking    #
# with a new scoring function, efficient optimization and       #
# multithreading, Journal of Computational Chemistry 31 (2010)  #
# 455-461                                                       #
#                                                               #
# DOI 10.1002/jcc.21334                                         #
#                                                               #
# Please see http://vina.scripps.edu for more information.      #
#################################################################

Output will be mol_datas/134-32-7_out.pdbqt
Reading input ... done.
Setting up the scoring function ... done.
Analyzing the binding site ... done.
Using random seed: 1000
Performing search ... done.
Refining results ... done.

mode |   affinity | dist from best mode
     | (kcal/mol) | rmsd l.b.| rmsd u.b.
-----+------------+----------+----------
   1         -7.8      0.000      0.000
   2         -7.8      1.548      2.512
   3         -7.6      3.164      5.006
   4         -7.4      2.895      4.378
   5         -6.9      1.597      3.387
   6         -6.8      2.383      3.435
   7         -6.8      2.963      4.461
   8         -6.5      1.944      4.329
   9         -6.5      2.364      3.462
  10         -6.4      2.610      3.937
  11         -6.2      8.731     10.672
  12         -6.2      2.066      3.917
  13         -6.2      9.041     10.953
  14         -6.2      9.158     11.017
  15         -6.1      8.959     10.789
  16         -6.1      8.785     10.418
  17         -6.0      9.079     10.848
  18         -5.9      9.387     11.003
  19         -5.8      2.493      3.846
Writing output ... done.
