#################################################################
# If you used AutoDock Vina in your work, please cite:          #
#                                                               #
# O. Trott, A. J. Olson,                                        #
# AutoDock Vina: improving the speed and accuracy of docking    #
# with a new scoring function, efficient optimization and       #
# multithreading, Journal of Computational Chemistry 31 (2010)  #
# 455-461                                                       #
#                                                               #
# DOI 10.1002/jcc.21334                                         #
#                                                               #
# Please see http://vina.scripps.edu for more information.      #
#################################################################

Output will be mol_datas/485-71-2_out.pdbqt
Reading input ... done.
Setting up the scoring function ... done.
Analyzing the binding site ... done.
Using random seed: 1000
Performing search ... done.
Refining results ... done.

mode |   affinity | dist from best mode
     | (kcal/mol) | rmsd l.b.| rmsd u.b.
-----+------------+----------+----------
   1         -6.6      0.000      0.000
   2         -6.1     21.282     22.858
   3         -5.6     21.472     23.468
   4         -5.5     14.832     15.527
   5         -5.4     14.935     15.987
   6         -5.4     14.282     15.887
   7         -5.4      4.882      8.219
   8         -5.2     14.402     15.216
   9         -5.1     21.479     23.392
  10         -5.1     15.316     16.494
  11         -4.9     14.333     16.112
  12         -4.8     14.373     15.453
  13         -4.8     14.903     15.648
  14         -4.7     15.073     16.010
  15         -4.7     14.155     16.062
  16         -4.7     14.231     15.773
  17         -4.6     16.546     17.906
  18         -4.6     15.804     17.013
  19         -4.6     15.075     16.713
  20         -4.5     14.440     16.033
Writing output ... done.
