#################################################################
# If you used AutoDock Vina in your work, please cite:          #
#                                                               #
# O. Trott, A. J. Olson,                                        #
# AutoDock Vina: improving the speed and accuracy of docking    #
# with a new scoring function, efficient optimization and       #
# multithreading, Journal of Computational Chemistry 31 (2010)  #
# 455-461                                                       #
#                                                               #
# DOI 10.1002/jcc.21334                                         #
#                                                               #
# Please see http://vina.scripps.edu for more information.      #
#################################################################

Output will be mol_datas/75-30-9_out.pdbqt
Reading input ... done.
Setting up the scoring function ... done.
Analyzing the binding site ... done.
Using random seed: 1000
Performing search ... done.
Refining results ... done.

mode |   affinity | dist from best mode
     | (kcal/mol) | rmsd l.b.| rmsd u.b.
-----+------------+----------+----------
   1         -3.3      0.000      0.000
   2         -3.1      5.612      6.158
   3         -3.1      2.046      2.719
   4         -3.0      1.226      2.014
   5         -2.9      2.719      3.476
   6         -2.9      3.096      3.653
   7         -2.8      3.406      4.048
   8         -2.8      2.291      2.487
   9         -2.8      4.514      4.842
  10         -2.8      3.728      3.985
  11         -2.7      6.954      7.539
  12         -2.7      8.575      8.879
  13         -2.6     11.461     11.941
  14         -2.6     11.506     12.072
  15         -2.6     10.778     11.234
  16         -2.5     10.888     11.320
  17         -2.5      9.178      9.820
  18         -2.5      9.090      9.921
  19         -2.4     12.803     13.025
  20         -2.4     13.453     13.856
Writing output ... done.
