#################################################################
# If you used AutoDock Vina in your work, please cite:          #
#                                                               #
# O. Trott, A. J. Olson,                                        #
# AutoDock Vina: improving the speed and accuracy of docking    #
# with a new scoring function, efficient optimization and       #
# multithreading, Journal of Computational Chemistry 31 (2010)  #
# 455-461                                                       #
#                                                               #
# DOI 10.1002/jcc.21334                                         #
#                                                               #
# Please see http://vina.scripps.edu for more information.      #
#################################################################

Output will be mol_datas/22071-15-4_out.pdbqt
Reading input ... done.
Setting up the scoring function ... done.
Analyzing the binding site ... done.
Using random seed: 1000
Performing search ... done.
Refining results ... done.

mode |   affinity | dist from best mode
     | (kcal/mol) | rmsd l.b.| rmsd u.b.
-----+------------+----------+----------
   1         -9.4      0.000      0.000
   2         -8.2      2.441      3.744
   3         -7.7      2.640      5.075
   4         -7.6      4.824      8.433
   5         -7.5      7.270     10.671
   6         -7.4      3.404      5.301
   7         -7.3      2.617      6.391
   8         -7.1      8.572     11.743
   9         -7.0      4.911      8.505
  10         -6.9      8.362     10.453
  11         -6.6      3.580      5.058
Writing output ... done.
