#################################################################
# If you used AutoDock Vina in your work, please cite:          #
#                                                               #
# O. Trott, A. J. Olson,                                        #
# AutoDock Vina: improving the speed and accuracy of docking    #
# with a new scoring function, efficient optimization and       #
# multithreading, Journal of Computational Chemistry 31 (2010)  #
# 455-461                                                       #
#                                                               #
# DOI 10.1002/jcc.21334                                         #
#                                                               #
# Please see http://vina.scripps.edu for more information.      #
#################################################################

Output will be mol_datas/78-77-3_out.pdbqt
Reading input ... done.
Setting up the scoring function ... done.
Analyzing the binding site ... done.
Using random seed: 1000
Performing search ... done.
Refining results ... done.

mode |   affinity | dist from best mode
     | (kcal/mol) | rmsd l.b.| rmsd u.b.
-----+------------+----------+----------
   1         -3.7      0.000      0.000
   2         -3.6      2.575      3.523
   3         -3.6      2.229      2.879
   4         -3.5      5.606      6.202
   5         -3.5      3.418      3.990
   6         -3.4      3.951      4.417
   7         -3.4      3.896      4.489
   8         -3.4      4.201      4.906
   9         -3.3      2.948      3.501
  10         -3.3      2.931      3.901
  11         -3.3      2.573      3.438
  12         -3.2     11.770     12.468
  13         -3.1      1.971      3.030
  14         -3.1     10.716     11.623
  15         -3.1     11.439     12.090
  16         -3.1      9.147     10.174
  17         -3.0     10.956     11.964
  18         -3.0      3.670      4.277
  19         -2.9      5.079      5.716
  20         -2.8      9.547     10.231
Writing output ... done.
