#################################################################
# If you used AutoDock Vina in your work, please cite:          #
#                                                               #
# O. Trott, A. J. Olson,                                        #
# AutoDock Vina: improving the speed and accuracy of docking    #
# with a new scoring function, efficient optimization and       #
# multithreading, Journal of Computational Chemistry 31 (2010)  #
# 455-461                                                       #
#                                                               #
# DOI 10.1002/jcc.21334                                         #
#                                                               #
# Please see http://vina.scripps.edu for more information.      #
#################################################################

Output will be mol_datas/434-03-7_out.pdbqt
Reading input ... done.
Setting up the scoring function ... done.
Analyzing the binding site ... done.
Using random seed: 1000
Performing search ... done.
Refining results ... done.

mode |   affinity | dist from best mode
     | (kcal/mol) | rmsd l.b.| rmsd u.b.
-----+------------+----------+----------
   1         -6.1      0.000      0.000
   2         -6.1     13.757     15.860
   3         -5.9     13.860     16.063
   4         -5.7      9.166     13.344
   5         -5.4     14.350     15.988
   6         -5.3     13.308     18.505
   7         -5.3      8.968     12.406
   8         -5.2      8.451     14.012
   9         -5.2      9.249     14.876
  10         -5.0      7.634     12.773
  11         -5.0      2.687      8.178
  12         -4.9      1.686      6.807
  13         -4.8      2.605      4.705
  14         -4.8     12.018     15.917
  15         -4.8      8.620     13.679
  16         -4.8      9.717     12.317
  17         -4.8      8.775     12.439
  18         -4.7      7.744     11.762
  19         -4.6      8.284     13.138
  20         -4.4      6.975     10.899
Writing output ... done.
