#################################################################
# If you used AutoDock Vina in your work, please cite:          #
#                                                               #
# O. Trott, A. J. Olson,                                        #
# AutoDock Vina: improving the speed and accuracy of docking    #
# with a new scoring function, efficient optimization and       #
# multithreading, Journal of Computational Chemistry 31 (2010)  #
# 455-461                                                       #
#                                                               #
# DOI 10.1002/jcc.21334                                         #
#                                                               #
# Please see http://vina.scripps.edu for more information.      #
#################################################################

Output will be mol_datas/108-37-2_out.pdbqt
Reading input ... done.
Setting up the scoring function ... done.
Analyzing the binding site ... done.
Using random seed: 1000
Performing search ... done.
Refining results ... done.

mode |   affinity | dist from best mode
     | (kcal/mol) | rmsd l.b.| rmsd u.b.
-----+------------+----------+----------
   1         -5.6      0.000      0.000
   2         -5.6      1.725      2.385
   3         -5.5      3.095      3.857
   4         -5.5      3.676      4.241
   5         -5.5      3.394      3.907
   6         -5.3      2.574      3.215
   7         -5.1      3.645      4.481
   8         -5.0      9.413     10.367
   9         -4.8      1.625      2.367
  10         -4.7      9.346     10.394
  11         -4.5      9.866     10.943
  12         -4.5      9.040      9.943
  13         -4.3      8.467      9.662
  14         -3.8      9.672     10.657
  15         -3.5      5.803      6.963
  16         -3.3     16.823     17.578
  17         -3.2     15.757     15.950
  18         -3.2     17.784     18.717
  19         -3.2     17.742     18.641
  20         -3.1     15.666     16.115
Writing output ... done.
