#################################################################
# If you used AutoDock Vina in your work, please cite:          #
#                                                               #
# O. Trott, A. J. Olson,                                        #
# AutoDock Vina: improving the speed and accuracy of docking    #
# with a new scoring function, efficient optimization and       #
# multithreading, Journal of Computational Chemistry 31 (2010)  #
# 455-461                                                       #
#                                                               #
# DOI 10.1002/jcc.21334                                         #
#                                                               #
# Please see http://vina.scripps.edu for more information.      #
#################################################################

Output will be mol_datas/52663-71-5_out.pdbqt
Reading input ... done.
Setting up the scoring function ... done.
Analyzing the binding site ... done.
Using random seed: 1000
Performing search ... done.
Refining results ... done.

mode |   affinity | dist from best mode
     | (kcal/mol) | rmsd l.b.| rmsd u.b.
-----+------------+----------+----------
   1         -5.1      0.000      0.000
   2         -4.9      0.855      6.040
   3         -4.9      2.295      3.969
   4         -4.8      1.163      2.071
   5         -4.8      2.510      5.925
   6         -4.8      3.592      4.939
   7         -4.7      3.245      3.904
   8         -4.6      1.445      6.143
   9         -4.6      3.310      6.767
  10         -4.5      3.512      5.008
  11         -4.5      3.644      4.931
  12         -4.5      3.669      7.013
  13         -4.4      3.567      7.073
  14         -4.4      3.768      4.973
  15         -4.3      3.973      5.816
  16         -4.3      3.489      4.883
  17         -4.2      3.596      5.321
  18         -4.1     11.175     12.914
  19         -4.1      1.441      6.130
  20         -4.1      2.497      3.955
Writing output ... done.
