#################################################################
# If you used AutoDock Vina in your work, please cite:          #
#                                                               #
# O. Trott, A. J. Olson,                                        #
# AutoDock Vina: improving the speed and accuracy of docking    #
# with a new scoring function, efficient optimization and       #
# multithreading, Journal of Computational Chemistry 31 (2010)  #
# 455-461                                                       #
#                                                               #
# DOI 10.1002/jcc.21334                                         #
#                                                               #
# Please see http://vina.scripps.edu for more information.      #
#################################################################

Output will be mol_datas/99-87-6_out.pdbqt
Reading input ... done.
Setting up the scoring function ... done.
Analyzing the binding site ... done.
Using random seed: 1000
Performing search ... done.
Refining results ... done.

mode |   affinity | dist from best mode
     | (kcal/mol) | rmsd l.b.| rmsd u.b.
-----+------------+----------+----------
   1         -7.0      0.000      0.000
   2         -6.9      2.204      4.475
   3         -6.8      0.740      1.896
   4         -6.5      1.951      4.760
   5         -6.3      1.208      4.365
   6         -6.2      1.592      4.158
   7         -6.2      2.418      4.146
   8         -5.8      1.892      4.264
   9         -5.7      7.873      9.712
  10         -5.6      7.309      9.232
  11         -5.6      1.392      2.343
  12         -5.5      7.699      8.727
  13         -5.5      8.263      9.753
  14         -5.5      1.036      4.404
  15         -5.4      7.652      9.082
  16         -5.3      4.629      6.447
  17         -5.2      7.130      9.093
  18         -5.2      6.455      8.025
  19         -5.2      4.994      6.812
  20         -5.0      6.809      7.926
Writing output ... done.
