#################################################################
# If you used AutoDock Vina in your work, please cite:          #
#                                                               #
# O. Trott, A. J. Olson,                                        #
# AutoDock Vina: improving the speed and accuracy of docking    #
# with a new scoring function, efficient optimization and       #
# multithreading, Journal of Computational Chemistry 31 (2010)  #
# 455-461                                                       #
#                                                               #
# DOI 10.1002/jcc.21334                                         #
#                                                               #
# Please see http://vina.scripps.edu for more information.      #
#################################################################

Output will be mol_datas/110-38-3_out.pdbqt
Reading input ... done.
Setting up the scoring function ... done.
Analyzing the binding site ... done.
Using random seed: 1000
Performing search ... done.
Refining results ... done.

mode |   affinity | dist from best mode
     | (kcal/mol) | rmsd l.b.| rmsd u.b.
-----+------------+----------+----------
   1         -6.2      0.000      0.000
   2         -6.2      2.769      5.520
   3         -6.0      2.989      6.268
   4         -5.6      3.632      6.578
   5         -5.6      1.874      2.981
   6         -5.5      3.131      4.292
   7         -5.5      4.469      7.196
   8         -5.2      8.437     10.864
   9         -5.1      6.759      9.458
  10         -5.1      4.798      7.849
  11         -5.0      7.218      9.934
  12         -5.0      9.147     11.259
  13         -4.9      1.780      3.051
  14         -4.9      9.052     11.108
  15         -4.9      7.393      9.492
  16         -4.9      4.077      5.629
  17         -4.8      6.758      8.414
  18         -4.7      6.597      8.784
  19         -4.7      6.439      9.407
  20         -4.6      7.443      9.590
Writing output ... done.
