#################################################################
# If you used AutoDock Vina in your work, please cite:          #
#                                                               #
# O. Trott, A. J. Olson,                                        #
# AutoDock Vina: improving the speed and accuracy of docking    #
# with a new scoring function, efficient optimization and       #
# multithreading, Journal of Computational Chemistry 31 (2010)  #
# 455-461                                                       #
#                                                               #
# DOI 10.1002/jcc.21334                                         #
#                                                               #
# Please see http://vina.scripps.edu for more information.      #
#################################################################

Output will be mol_datas/467-98-1_out.pdbqt
Reading input ... done.
Setting up the scoring function ... done.
Analyzing the binding site ... done.
Using random seed: 1000
Performing search ... done.
Refining results ... done.

mode |   affinity | dist from best mode
     | (kcal/mol) | rmsd l.b.| rmsd u.b.
-----+------------+----------+----------
   1         -5.0      0.000      0.000
   2         -4.9      1.676      2.427
   3         -4.7      3.796      6.756
   4         -4.6      2.399      3.563
   5         -4.5      3.589      5.686
   6         -4.5      3.002      5.364
   7         -4.5      3.122      5.198
   8         -4.4      2.814      5.583
   9         -4.3      2.596      4.171
  10         -4.3      2.229      3.723
  11         -4.3      1.842      2.400
  12         -4.3      3.256      6.996
  13         -4.2      3.985      5.660
  14         -4.2      2.540      5.090
  15         -4.2      2.601      5.401
  16         -4.2      2.843      4.816
  17         -4.1      3.340      5.127
  18         -4.0      3.287      5.746
  19         -4.0     11.463     13.697
  20         -3.9      3.022      4.311
Writing output ... done.
