#################################################################
# If you used AutoDock Vina in your work, please cite:          #
#                                                               #
# O. Trott, A. J. Olson,                                        #
# AutoDock Vina: improving the speed and accuracy of docking    #
# with a new scoring function, efficient optimization and       #
# multithreading, Journal of Computational Chemistry 31 (2010)  #
# 455-461                                                       #
#                                                               #
# DOI 10.1002/jcc.21334                                         #
#                                                               #
# Please see http://vina.scripps.edu for more information.      #
#################################################################

Output will be mol_datas/709-98-8_out.pdbqt
Reading input ... done.
Setting up the scoring function ... done.
Analyzing the binding site ... done.
Using random seed: 1000
Performing search ... done.
Refining results ... done.

mode |   affinity | dist from best mode
     | (kcal/mol) | rmsd l.b.| rmsd u.b.
-----+------------+----------+----------
   1         -7.5      0.000      0.000
   2         -7.2      0.942      2.050
   3         -6.6      5.905      8.388
   4         -6.2      2.739      3.199
   5         -6.1      3.504      5.420
   6         -6.1      3.656      5.612
   7         -6.0      3.154      4.596
   8         -5.9     10.018     11.423
   9         -5.9      1.923      2.413
  10         -5.8      7.991      9.782
  11         -5.7      8.101      9.628
  12         -5.6      5.894      8.215
  13         -5.5      7.776      9.572
  14         -5.1      3.660      5.184
  15         -5.1      4.361      6.606
  16         -5.0      3.873      6.151
  17         -5.0      8.286     10.071
  18         -4.7      5.316      6.725
Writing output ... done.
