#################################################################
# If you used AutoDock Vina in your work, please cite:          #
#                                                               #
# O. Trott, A. J. Olson,                                        #
# AutoDock Vina: improving the speed and accuracy of docking    #
# with a new scoring function, efficient optimization and       #
# multithreading, Journal of Computational Chemistry 31 (2010)  #
# 455-461                                                       #
#                                                               #
# DOI 10.1002/jcc.21334                                         #
#                                                               #
# Please see http://vina.scripps.edu for more information.      #
#################################################################

Output will be mol_datas/60-54-8_out.pdbqt
Reading input ... done.
Setting up the scoring function ... done.
Analyzing the binding site ... done.
Using random seed: 1000
Performing search ... done.
Refining results ... done.

mode |   affinity | dist from best mode
     | (kcal/mol) | rmsd l.b.| rmsd u.b.
-----+------------+----------+----------
   1         -5.5      0.000      0.000
   2         -5.3      3.504      7.143
   3         -5.3      1.278      1.427
   4         -5.2      2.698      4.763
   5         -4.6      2.737      7.261
   6         -4.6      2.994      5.390
   7         -4.6      3.032      7.391
   8         -4.5      7.410     11.848
   9         -4.4      2.731      6.722
  10         -4.4      2.980      7.597
  11         -4.2      2.552      6.926
  12         -3.7      3.117      6.261
  13         -3.6      2.718      4.852
  14         -3.5      5.557      8.124
  15         -3.5      2.956      7.267
  16         -3.1      3.854      6.658
  17         -2.8      6.782     11.517
Writing output ... done.
