#################################################################
# If you used AutoDock Vina in your work, please cite:          #
#                                                               #
# O. Trott, A. J. Olson,                                        #
# AutoDock Vina: improving the speed and accuracy of docking    #
# with a new scoring function, efficient optimization and       #
# multithreading, Journal of Computational Chemistry 31 (2010)  #
# 455-461                                                       #
#                                                               #
# DOI 10.1002/jcc.21334                                         #
#                                                               #
# Please see http://vina.scripps.edu for more information.      #
#################################################################

Output will be mol_datas/108-86-1_out.pdbqt
Reading input ... done.
Setting up the scoring function ... done.
Analyzing the binding site ... done.
Using random seed: 1000
Performing search ... done.
Refining results ... done.

mode |   affinity | dist from best mode
     | (kcal/mol) | rmsd l.b.| rmsd u.b.
-----+------------+----------+----------
   1         -5.8      0.000      0.000
   2         -5.8      0.052      1.832
   3         -5.6      1.043      2.071
   4         -5.4      4.192      5.434
   5         -5.4      4.271      5.287
   6         -5.3      4.098      5.426
   7         -5.1      3.980      4.584
   8         -5.1      3.988      4.906
   9         -5.1      2.221      3.693
  10         -4.6      9.974     11.029
  11         -4.5      2.387      3.202
  12         -4.4     10.200     11.140
  13         -4.4     10.562     11.810
  14         -4.2     10.540     11.776
  15         -4.1      2.623      3.884
  16         -4.0      3.611      4.374
  17         -3.7     10.502     11.680
  18         -3.6     13.012     13.911
  19         -3.6      5.976      7.416
Writing output ... done.
