#################################################################
# If you used AutoDock Vina in your work, please cite:          #
#                                                               #
# O. Trott, A. J. Olson,                                        #
# AutoDock Vina: improving the speed and accuracy of docking    #
# with a new scoring function, efficient optimization and       #
# multithreading, Journal of Computational Chemistry 31 (2010)  #
# 455-461                                                       #
#                                                               #
# DOI 10.1002/jcc.21334                                         #
#                                                               #
# Please see http://vina.scripps.edu for more information.      #
#################################################################

Output will be mol_datas/79-07-2_out.pdbqt
Reading input ... done.
Setting up the scoring function ... done.
Analyzing the binding site ... done.
Using random seed: 1000
Performing search ... done.
Refining results ... done.

mode |   affinity | dist from best mode
     | (kcal/mol) | rmsd l.b.| rmsd u.b.
-----+------------+----------+----------
   1         -3.8      0.000      0.000
   2         -3.7      1.322      1.405
   3         -3.6      1.625      1.625
   4         -3.3      2.928      3.245
   5         -3.3      7.029      7.195
   6         -3.2      7.651      7.682
   7         -3.2      2.653      2.653
   8         -3.1      2.182      2.372
   9         -3.1     10.911     10.992
  10         -3.1      6.659      6.849
  11         -3.1      9.395      9.532
  12         -3.1      3.806      4.058
  13         -3.0      4.331      4.368
  14         -3.0      9.843     10.031
  15         -3.0      5.412      5.451
  16         -3.0     10.334     10.458
  17         -3.0     13.786     13.932
  18         -3.0      5.707      5.896
  19         -2.9      5.399      5.597
  20         -2.8      5.649      5.695
Writing output ... done.
