#################################################################
# If you used AutoDock Vina in your work, please cite:          #
#                                                               #
# O. Trott, A. J. Olson,                                        #
# AutoDock Vina: improving the speed and accuracy of docking    #
# with a new scoring function, efficient optimization and       #
# multithreading, Journal of Computational Chemistry 31 (2010)  #
# 455-461                                                       #
#                                                               #
# DOI 10.1002/jcc.21334                                         #
#                                                               #
# Please see http://vina.scripps.edu for more information.      #
#################################################################

Output will be mol_datas/33146-45-1_out.pdbqt
Reading input ... done.
Setting up the scoring function ... done.
Analyzing the binding site ... done.
Using random seed: 1000
Performing search ... done.
Refining results ... done.

mode |   affinity | dist from best mode
     | (kcal/mol) | rmsd l.b.| rmsd u.b.
-----+------------+----------+----------
   1         -6.1      0.000      0.000
   2         -6.1      2.378      4.060
   3         -6.0      6.022      9.401
   4         -6.0      6.038      9.499
   5         -5.7      7.144      9.371
   6         -5.7      7.116      9.599
   7         -4.8     18.769     20.548
   8         -4.8      6.113      8.656
   9         -4.8      6.082      8.260
  10         -4.6      4.999      7.359
  11         -4.6     13.736     14.625
  12         -4.5     13.764     14.423
  13         -4.5     13.818     14.991
  14         -4.5     13.816     14.907
  15         -4.5     14.157     15.229
  16         -4.4     21.922     23.416
  17         -4.4     14.367     14.976
  18         -4.3     18.894     21.120
  19         -4.2     14.076     15.002
  20         -4.1     14.306     15.543
Writing output ... done.
