#################################################################
# If you used AutoDock Vina in your work, please cite:          #
#                                                               #
# O. Trott, A. J. Olson,                                        #
# AutoDock Vina: improving the speed and accuracy of docking    #
# with a new scoring function, efficient optimization and       #
# multithreading, Journal of Computational Chemistry 31 (2010)  #
# 455-461                                                       #
#                                                               #
# DOI 10.1002/jcc.21334                                         #
#                                                               #
# Please see http://vina.scripps.edu for more information.      #
#################################################################

Output will be mol_datas/103-90-2_out.pdbqt
Reading input ... done.
Setting up the scoring function ... done.
Analyzing the binding site ... done.
Using random seed: 1000
Performing search ... done.
Refining results ... done.

mode |   affinity | dist from best mode
     | (kcal/mol) | rmsd l.b.| rmsd u.b.
-----+------------+----------+----------
   1         -6.6      0.000      0.000
   2         -6.3      2.959      3.638
   3         -6.3      1.708      2.469
   4         -6.3      1.870      4.842
   5         -6.2      7.304      8.871
   6         -6.1      2.023      4.942
   7         -5.9      2.127      4.865
   8         -5.8      9.781     11.975
   9         -5.7      1.708      4.936
  10         -5.4      3.024      4.316
  11         -5.3      8.563     10.492
  12         -5.3      9.656     11.893
  13         -5.2      8.026      9.614
  14         -5.2      3.513      5.850
  15         -5.2      9.443     11.701
  16         -5.1      8.540     10.066
  17         -5.1      3.084      4.286
  18         -5.0      2.417      3.030
  19         -4.8      9.840     12.171
  20         -4.7      9.327     10.717
Writing output ... done.
