#################################################################
# If you used AutoDock Vina in your work, please cite:          #
#                                                               #
# O. Trott, A. J. Olson,                                        #
# AutoDock Vina: improving the speed and accuracy of docking    #
# with a new scoring function, efficient optimization and       #
# multithreading, Journal of Computational Chemistry 31 (2010)  #
# 455-461                                                       #
#                                                               #
# DOI 10.1002/jcc.21334                                         #
#                                                               #
# Please see http://vina.scripps.edu for more information.      #
#################################################################

Output will be mol_datas/590-12-5_out.pdbqt
Reading input ... done.
Setting up the scoring function ... done.
Analyzing the binding site ... done.
Using random seed: 1000
Performing search ... done.
Refining results ... done.

mode |   affinity | dist from best mode
     | (kcal/mol) | rmsd l.b.| rmsd u.b.
-----+------------+----------+----------
   1         -3.2      0.000      0.000
   2         -3.1      0.106      2.595
   3         -2.9      4.537      5.373
   4         -2.8      4.178      4.864
   5         -2.8      4.184      4.942
   6         -2.8      2.562      3.804
   7         -2.8      2.568      3.026
   8         -2.7      4.181      4.710
   9         -2.6      2.980      3.136
  10         -2.6      9.165      9.659
  11         -2.6      9.046      9.293
  12         -2.5     12.520     12.648
  13         -2.5     11.789     12.237
  14         -2.5     10.445     10.718
  15         -2.5     10.399     10.761
  16         -2.5     11.129     11.557
  17         -2.5     11.170     11.659
  18         -2.5      3.805      4.314
  19         -2.3     14.291     14.858
  20         -2.2     13.528     13.819
Writing output ... done.
