#################################################################
# If you used AutoDock Vina in your work, please cite:          #
#                                                               #
# O. Trott, A. J. Olson,                                        #
# AutoDock Vina: improving the speed and accuracy of docking    #
# with a new scoring function, efficient optimization and       #
# multithreading, Journal of Computational Chemistry 31 (2010)  #
# 455-461                                                       #
#                                                               #
# DOI 10.1002/jcc.21334                                         #
#                                                               #
# Please see http://vina.scripps.edu for more information.      #
#################################################################

Output will be mol_datas/537-47-3_out.pdbqt
Reading input ... done.
Setting up the scoring function ... done.
Analyzing the binding site ... done.
Using random seed: 1000
Performing search ... done.
Refining results ... done.

mode |   affinity | dist from best mode
     | (kcal/mol) | rmsd l.b.| rmsd u.b.
-----+------------+----------+----------
   1         -7.1      0.000      0.000
   2         -6.9      3.015      4.907
   3         -6.5      2.742      4.833
   4         -6.3      3.685      5.011
   5         -6.3      3.734      5.133
   6         -6.3      2.988      4.112
   7         -6.3      3.827      5.175
   8         -6.1      2.140      3.034
   9         -6.0      1.667      2.485
  10         -5.9      1.386      2.073
  11         -5.9      7.730      8.873
  12         -5.8      4.970      6.109
  13         -5.7     10.808     12.069
  14         -5.6      9.110     10.516
  15         -5.6      1.433      2.350
  16         -5.5      8.055      9.265
  17         -5.4      8.821     10.101
  18         -5.0     10.827     12.228
  19         -4.9      5.600      6.806
  20         -4.7      7.547      8.777
Writing output ... done.
