#################################################################
# If you used AutoDock Vina in your work, please cite:          #
#                                                               #
# O. Trott, A. J. Olson,                                        #
# AutoDock Vina: improving the speed and accuracy of docking    #
# with a new scoring function, efficient optimization and       #
# multithreading, Journal of Computational Chemistry 31 (2010)  #
# 455-461                                                       #
#                                                               #
# DOI 10.1002/jcc.21334                                         #
#                                                               #
# Please see http://vina.scripps.edu for more information.      #
#################################################################

Output will be mol_datas/87-86-5_out.pdbqt
Reading input ... done.
Setting up the scoring function ... done.
Analyzing the binding site ... done.
Using random seed: 1000
Performing search ... done.
Refining results ... done.

mode |   affinity | dist from best mode
     | (kcal/mol) | rmsd l.b.| rmsd u.b.
-----+------------+----------+----------
   1         -4.9      0.000      0.000
   2         -4.9      0.047      3.467
   3         -4.7      7.423      9.142
   4         -4.6      1.881      3.434
   5         -4.6      1.791      3.982
   6         -4.6      7.385      9.178
   7         -4.6      1.802      3.434
   8         -4.6      1.886      4.414
   9         -4.5      2.018      4.862
  10         -4.5      2.024      3.409
  11         -4.4      6.809      8.715
  12         -4.4      6.721      9.114
  13         -4.2      1.372      3.495
  14         -4.2      6.590      8.533
  15         -4.2      1.356      2.417
  16         -4.1      6.387      8.097
  17         -4.0      6.413      8.654
  18         -4.0      6.530      8.620
  19         -4.0      1.305      2.628
  20         -4.0      1.283      3.459
Writing output ... done.
