#################################################################
# If you used AutoDock Vina in your work, please cite:          #
#                                                               #
# O. Trott, A. J. Olson,                                        #
# AutoDock Vina: improving the speed and accuracy of docking    #
# with a new scoring function, efficient optimization and       #
# multithreading, Journal of Computational Chemistry 31 (2010)  #
# 455-461                                                       #
#                                                               #
# DOI 10.1002/jcc.21334                                         #
#                                                               #
# Please see http://vina.scripps.edu for more information.      #
#################################################################

Output will be mol_datas/512-04-9_out.pdbqt
Reading input ... done.
Setting up the scoring function ... done.
Analyzing the binding site ... done.
Using random seed: 1000
Performing search ... done.
Refining results ... done.

mode |   affinity | dist from best mode
     | (kcal/mol) | rmsd l.b.| rmsd u.b.
-----+------------+----------+----------
   1         -6.5      0.000      0.000
   2         -6.2      8.891     12.103
   3         -6.0      9.671     14.815
   4         -5.9     11.487     13.940
   5         -5.9     11.357     13.578
   6         -5.7      5.604     10.903
   7         -5.7      3.203      5.131
   8         -5.4      5.438      8.578
   9         -5.4      8.121     11.430
  10         -5.3      7.810     11.063
  11         -5.3      8.069     11.767
  12         -5.2      7.190     10.828
  13         -5.2      5.718      8.684
  14         -5.1      4.275      7.062
  15         -5.1      8.142     12.216
  16         -5.0      8.162     11.524
  17         -4.9      7.430     10.958
  18         -4.5      6.871     10.521
  19         -4.4      4.159      9.810
  20         -4.1      4.284      7.131
Writing output ... done.
