#################################################################
# If you used AutoDock Vina in your work, please cite:          #
#                                                               #
# O. Trott, A. J. Olson,                                        #
# AutoDock Vina: improving the speed and accuracy of docking    #
# with a new scoring function, efficient optimization and       #
# multithreading, Journal of Computational Chemistry 31 (2010)  #
# 455-461                                                       #
#                                                               #
# DOI 10.1002/jcc.21334                                         #
#                                                               #
# Please see http://vina.scripps.edu for more information.      #
#################################################################

Output will be mol_datas/103-88-8_out.pdbqt
Reading input ... done.
Setting up the scoring function ... done.
Analyzing the binding site ... done.
Using random seed: 1000
Performing search ... done.
Refining results ... done.

mode |   affinity | dist from best mode
     | (kcal/mol) | rmsd l.b.| rmsd u.b.
-----+------------+----------+----------
   1         -5.9      0.000      0.000
   2         -5.8      5.360      8.015
   3         -5.7      1.809      2.282
   4         -5.5      3.331      4.233
   5         -5.5      4.193      6.633
   6         -5.4      8.152      9.590
   7         -5.2      8.463      9.912
   8         -5.2      4.198      5.352
   9         -5.1      4.308      5.607
  10         -5.1      3.438      5.081
  11         -5.0      3.459      4.503
  12         -5.0      7.690      9.124
  13         -4.5      6.237      8.763
  14         -4.4      9.428     11.447
  15         -4.2      6.874      9.741
  16         -4.0      8.149      8.935
  17         -4.0      3.808      5.034
  18         -3.8     16.557     17.382
  19         -3.7     16.882     17.733
Writing output ... done.
