#################################################################
# If you used AutoDock Vina in your work, please cite:          #
#                                                               #
# O. Trott, A. J. Olson,                                        #
# AutoDock Vina: improving the speed and accuracy of docking    #
# with a new scoring function, efficient optimization and       #
# multithreading, Journal of Computational Chemistry 31 (2010)  #
# 455-461                                                       #
#                                                               #
# DOI 10.1002/jcc.21334                                         #
#                                                               #
# Please see http://vina.scripps.edu for more information.      #
#################################################################

Output will be mol_datas/95-65-8_out.pdbqt
Reading input ... done.
Setting up the scoring function ... done.
Analyzing the binding site ... done.
Using random seed: 1000
Performing search ... done.
Refining results ... done.

mode |   affinity | dist from best mode
     | (kcal/mol) | rmsd l.b.| rmsd u.b.
-----+------------+----------+----------
   1         -6.8      0.000      0.000
   2         -6.6      2.468      3.570
   3         -6.1      3.683      4.800
   4         -6.1      3.089      4.462
   5         -6.0      2.493      3.935
   6         -6.0      0.863      2.233
   7         -6.0      3.895      5.404
   8         -5.9      2.598      4.205
   9         -5.7      8.422      9.843
  10         -5.7      9.372     10.554
  11         -5.7      7.866      9.223
  12         -5.6      2.907      3.903
  13         -5.6      2.596      3.495
  14         -5.5      8.661      9.906
  15         -5.5      8.651      9.947
  16         -5.5      8.271      9.278
  17         -5.4      8.273      9.396
  18         -5.0      8.835     10.103
  19         -4.3     10.374     11.693
Writing output ... done.
