#################################################################
# If you used AutoDock Vina in your work, please cite:          #
#                                                               #
# O. Trott, A. J. Olson,                                        #
# AutoDock Vina: improving the speed and accuracy of docking    #
# with a new scoring function, efficient optimization and       #
# multithreading, Journal of Computational Chemistry 31 (2010)  #
# 455-461                                                       #
#                                                               #
# DOI 10.1002/jcc.21334                                         #
#                                                               #
# Please see http://vina.scripps.edu for more information.      #
#################################################################

Output will be mol_datas/2460-49-3_out.pdbqt
Reading input ... done.
Setting up the scoring function ... done.
Analyzing the binding site ... done.
Using random seed: 1000
Performing search ... done.
Refining results ... done.

mode |   affinity | dist from best mode
     | (kcal/mol) | rmsd l.b.| rmsd u.b.
-----+------------+----------+----------
   1         -6.0      0.000      0.000
   2         -5.9      1.392      3.130
   3         -5.8      2.735      2.997
   4         -5.5      3.336      3.571
   5         -5.5      7.354      8.636
   6         -5.4      7.493      8.664
   7         -5.2      6.613      8.356
   8         -5.0      6.992      8.056
   9         -5.0      6.851      8.788
  10         -5.0      6.708      8.421
  11         -5.0      7.970      9.745
  12         -4.9      2.300      3.009
  13         -4.9      9.274     10.452
  14         -4.9      7.891      9.409
  15         -4.7      9.769     10.952
  16         -4.7      7.677      8.989
  17         -4.5      3.299      3.913
  18         -4.4      8.914      9.933
  19         -4.3      7.663      9.026
  20         -3.9      8.855     10.718
Writing output ... done.
