#################################################################
# If you used AutoDock Vina in your work, please cite:          #
#                                                               #
# O. Trott, A. J. Olson,                                        #
# AutoDock Vina: improving the speed and accuracy of docking    #
# with a new scoring function, efficient optimization and       #
# multithreading, Journal of Computational Chemistry 31 (2010)  #
# 455-461                                                       #
#                                                               #
# DOI 10.1002/jcc.21334                                         #
#                                                               #
# Please see http://vina.scripps.edu for more information.      #
#################################################################

Output will be mol_datas/118-91-2_out.pdbqt
Reading input ... done.
Setting up the scoring function ... done.
Analyzing the binding site ... done.
Using random seed: 1000
Performing search ... done.
Refining results ... done.

mode |   affinity | dist from best mode
     | (kcal/mol) | rmsd l.b.| rmsd u.b.
-----+------------+----------+----------
   1         -6.8      0.000      0.000
   2         -6.6      2.644      4.004
   3         -6.3      2.160      3.256
   4         -6.2      3.980      5.136
   5         -6.2      2.024      2.814
   6         -6.2      2.997      4.118
   7         -6.0      2.467      3.628
   8         -6.0      3.597      4.027
   9         -5.9      9.130     10.158
  10         -5.8      3.749      4.496
  11         -5.7      9.962     10.802
  12         -5.7      3.799      4.665
  13         -5.7      2.956      4.247
  14         -5.7     10.004     11.154
  15         -5.6      9.765     10.802
  16         -5.5      9.736     10.698
  17         -5.4      9.606     10.638
  18         -5.3      3.859      4.913
  19         -5.3     10.601     11.552
  20         -5.3      2.340      3.254
Writing output ... done.
