#################################################################
# If you used AutoDock Vina in your work, please cite:          #
#                                                               #
# O. Trott, A. J. Olson,                                        #
# AutoDock Vina: improving the speed and accuracy of docking    #
# with a new scoring function, efficient optimization and       #
# multithreading, Journal of Computational Chemistry 31 (2010)  #
# 455-461                                                       #
#                                                               #
# DOI 10.1002/jcc.21334                                         #
#                                                               #
# Please see http://vina.scripps.edu for more information.      #
#################################################################

Output will be mol_datas/107-92-6_out.pdbqt
Reading input ... done.
Setting up the scoring function ... done.
Analyzing the binding site ... done.
Using random seed: 1000
Performing search ... done.
Refining results ... done.

mode |   affinity | dist from best mode
     | (kcal/mol) | rmsd l.b.| rmsd u.b.
-----+------------+----------+----------
   1         -4.6      0.000      0.000
   2         -4.3      1.501      1.868
   3         -4.0      3.223      4.470
   4         -4.0      6.088      6.497
   5         -3.8      5.077      5.855
   6         -3.7      2.322      2.531
   7         -3.7     12.009     12.726
   8         -3.6     10.263     10.902
   9         -3.6      2.044      3.131
  10         -3.6     13.081     13.846
  11         -3.6     12.296     12.873
  12         -3.5      9.018      9.627
  13         -3.4      4.322      5.164
  14         -3.4      5.015      5.770
  15         -3.4     13.364     13.800
  16         -3.4     10.319     10.790
  17         -3.4     11.853     12.360
  18         -3.3     13.696     14.221
  19         -3.3      3.532      3.979
  20         -3.2     11.947     12.463
Writing output ... done.
