#################################################################
# If you used AutoDock Vina in your work, please cite:          #
#                                                               #
# O. Trott, A. J. Olson,                                        #
# AutoDock Vina: improving the speed and accuracy of docking    #
# with a new scoring function, efficient optimization and       #
# multithreading, Journal of Computational Chemistry 31 (2010)  #
# 455-461                                                       #
#                                                               #
# DOI 10.1002/jcc.21334                                         #
#                                                               #
# Please see http://vina.scripps.edu for more information.      #
#################################################################

Output will be mol_datas/57-63-6_out.pdbqt
Reading input ... done.
Setting up the scoring function ... done.
Analyzing the binding site ... done.
Using random seed: 1000
Performing search ... done.
Refining results ... done.

mode |   affinity | dist from best mode
     | (kcal/mol) | rmsd l.b.| rmsd u.b.
-----+------------+----------+----------
   1         -6.1      0.000      0.000
   2         -6.0      9.274     13.412
   3         -5.9      1.464      6.801
   4         -5.8     14.208     16.147
   5         -5.8     12.734     14.841
   6         -5.7      8.142     12.543
   7         -5.7     14.484     16.580
   8         -5.3     12.050     15.047
   9         -5.2     12.285     14.251
  10         -5.2      8.610     13.437
  11         -5.1      1.470      2.907
  12         -5.0      2.504      4.150
  13         -4.9      8.428     12.611
  14         -4.8      1.815      7.220
  15         -4.8      2.083      7.140
  16         -4.7      4.456      9.568
  17         -4.7     12.273     16.727
  18         -4.6     12.714     14.311
  19         -4.6     11.261     13.702
  20         -4.6      6.115     11.213
Writing output ... done.
