#################################################################
# If you used AutoDock Vina in your work, please cite:          #
#                                                               #
# O. Trott, A. J. Olson,                                        #
# AutoDock Vina: improving the speed and accuracy of docking    #
# with a new scoring function, efficient optimization and       #
# multithreading, Journal of Computational Chemistry 31 (2010)  #
# 455-461                                                       #
#                                                               #
# DOI 10.1002/jcc.21334                                         #
#                                                               #
# Please see http://vina.scripps.edu for more information.      #
#################################################################

Output will be mol_datas/759-73-9_out.pdbqt
Reading input ... done.
Setting up the scoring function ... done.
Analyzing the binding site ... done.
Using random seed: 1000
Performing search ... done.
Refining results ... done.

mode |   affinity | dist from best mode
     | (kcal/mol) | rmsd l.b.| rmsd u.b.
-----+------------+----------+----------
   1         -4.8      0.000      0.000
   2         -4.7      1.912      3.245
   3         -4.6      7.451      8.143
   4         -4.6      2.069      2.745
   5         -4.5      4.436      4.938
   6         -4.4      1.788      2.127
   7         -4.3      3.570      4.222
   8         -4.3      2.357      3.378
   9         -4.3      4.196      4.837
  10         -4.3      1.823      1.912
  11         -4.2      9.631     10.317
  12         -4.2      8.629      9.503
  13         -4.2      3.934      4.579
  14         -4.2      2.549      2.658
  15         -4.2      1.437      2.674
  16         -4.1      9.079     10.139
  17         -4.1      3.926      4.590
  18         -4.0      9.296     10.121
  19         -4.0      6.843      7.467
  20         -3.7      7.280      8.169
Writing output ... done.
