#################################################################
# If you used AutoDock Vina in your work, please cite:          #
#                                                               #
# O. Trott, A. J. Olson,                                        #
# AutoDock Vina: improving the speed and accuracy of docking    #
# with a new scoring function, efficient optimization and       #
# multithreading, Journal of Computational Chemistry 31 (2010)  #
# 455-461                                                       #
#                                                               #
# DOI 10.1002/jcc.21334                                         #
#                                                               #
# Please see http://vina.scripps.edu for more information.      #
#################################################################

Output will be mol_datas/474-86-2_out.pdbqt
Reading input ... done.
Setting up the scoring function ... done.
Analyzing the binding site ... done.
Using random seed: 1000
Performing search ... done.
Refining results ... done.

mode |   affinity | dist from best mode
     | (kcal/mol) | rmsd l.b.| rmsd u.b.
-----+------------+----------+----------
   1         -6.0      0.000      0.000
   2         -5.8      0.994      6.584
   3         -5.5      9.297     11.238
   4         -5.4      9.602     14.428
   5         -5.4     15.034     16.767
   6         -5.4     12.133     15.511
   7         -5.3     10.709     15.734
   8         -5.2      7.805     11.542
   9         -5.1      9.319     14.487
  10         -5.1      1.954      3.672
  11         -5.1     13.330     14.985
  12         -5.1      9.219     13.075
  13         -5.0      9.363     13.959
  14         -5.0      8.049     11.373
  15         -5.0     14.948     16.944
  16         -5.0     11.657     16.533
  17         -4.9     10.939     14.632
  18         -4.8      3.827      8.694
  19         -4.7     13.987     15.159
  20         -4.5      9.047     11.593
Writing output ... done.
