#################################################################
# If you used AutoDock Vina in your work, please cite:          #
#                                                               #
# O. Trott, A. J. Olson,                                        #
# AutoDock Vina: improving the speed and accuracy of docking    #
# with a new scoring function, efficient optimization and       #
# multithreading, Journal of Computational Chemistry 31 (2010)  #
# 455-461                                                       #
#                                                               #
# DOI 10.1002/jcc.21334                                         #
#                                                               #
# Please see http://vina.scripps.edu for more information.      #
#################################################################

Output will be mol_datas/123-38-6_out.pdbqt
Reading input ... done.
Setting up the scoring function ... done.
Analyzing the binding site ... done.
Using random seed: 1000
Performing search ... done.
Refining results ... done.

mode |   affinity | dist from best mode
     | (kcal/mol) | rmsd l.b.| rmsd u.b.
-----+------------+----------+----------
   1         -3.5      0.000      0.000
   2         -3.0      5.706      6.355
   3         -2.9      2.906      3.999
   4         -2.9      2.282      2.915
   5         -2.8      1.453      1.672
   6         -2.7     11.660     11.921
   7         -2.6      8.679      8.854
   8         -2.6      6.181      6.528
   9         -2.6      4.480      4.782
  10         -2.6     10.810     11.086
  11         -2.5     18.226     18.621
  12         -2.5      9.875     10.155
  13         -2.5      4.700      5.185
  14         -2.5      5.152      5.479
  15         -2.5      7.492      7.739
  16         -2.4      4.000      4.712
  17         -2.4     14.261     14.561
  18         -2.4     13.475     13.778
  19         -2.4      4.613      4.981
  20         -2.4     11.675     11.968
Writing output ... done.
