#################################################################
# If you used AutoDock Vina in your work, please cite:          #
#                                                               #
# O. Trott, A. J. Olson,                                        #
# AutoDock Vina: improving the speed and accuracy of docking    #
# with a new scoring function, efficient optimization and       #
# multithreading, Journal of Computational Chemistry 31 (2010)  #
# 455-461                                                       #
#                                                               #
# DOI 10.1002/jcc.21334                                         #
#                                                               #
# Please see http://vina.scripps.edu for more information.      #
#################################################################

Output will be mol_datas/142-96-1_out.pdbqt
Reading input ... done.
Setting up the scoring function ... done.
Analyzing the binding site ... done.
Using random seed: 1000
Performing search ... done.
Refining results ... done.

mode |   affinity | dist from best mode
     | (kcal/mol) | rmsd l.b.| rmsd u.b.
-----+------------+----------+----------
   1         -5.6      0.000      0.000
   2         -5.5      0.440      4.674
   3         -5.5      1.477      4.330
   4         -5.4      1.446      2.049
   5         -4.9      1.225      4.836
   6         -4.8      2.136      2.796
   7         -4.8      1.948      2.095
   8         -4.6      2.368      4.703
   9         -4.4      2.479      3.618
  10         -4.3      4.235      5.229
  11         -4.1      7.120      8.361
  12         -4.0      3.832      5.512
  13         -3.9     10.729     12.379
  14         -3.9     10.597     12.129
  15         -3.9      9.689     11.373
  16         -3.8     11.323     11.954
  17         -3.8     11.405     12.600
  18         -3.7     10.698     11.904
  19         -3.4     10.057     11.205
  20         -3.3     11.521     12.576
Writing output ... done.
