#################################################################
# If you used AutoDock Vina in your work, please cite:          #
#                                                               #
# O. Trott, A. J. Olson,                                        #
# AutoDock Vina: improving the speed and accuracy of docking    #
# with a new scoring function, efficient optimization and       #
# multithreading, Journal of Computational Chemistry 31 (2010)  #
# 455-461                                                       #
#                                                               #
# DOI 10.1002/jcc.21334                                         #
#                                                               #
# Please see http://vina.scripps.edu for more information.      #
#################################################################

Output will be mol_datas/111-86-4_out.pdbqt
Reading input ... done.
Setting up the scoring function ... done.
Analyzing the binding site ... done.
Using random seed: 1000
Performing search ... done.
Refining results ... done.

mode |   affinity | dist from best mode
     | (kcal/mol) | rmsd l.b.| rmsd u.b.
-----+------------+----------+----------
   1         -5.3      0.000      0.000
   2         -5.1      3.121      3.656
   3         -5.1      2.300      3.091
   4         -5.0      3.130      4.975
   5         -4.9      2.596      3.752
   6         -4.6      2.551      4.238
   7         -4.4      7.594     10.940
   8         -4.3      7.700     10.162
   9         -4.3      3.189      5.352
  10         -4.3      2.560      4.768
  11         -4.2      2.582      4.468
  12         -4.2      1.966      3.051
  13         -4.2      1.931      3.016
  14         -4.2      1.763      2.216
  15         -4.2      6.630      9.245
  16         -4.2      3.697      4.982
  17         -4.1      3.704      7.336
  18         -4.0      6.791      9.407
  19         -3.9      4.985      7.194
  20         -3.9      8.575     10.383
Writing output ... done.
