#################################################################
# If you used AutoDock Vina in your work, please cite:          #
#                                                               #
# O. Trott, A. J. Olson,                                        #
# AutoDock Vina: improving the speed and accuracy of docking    #
# with a new scoring function, efficient optimization and       #
# multithreading, Journal of Computational Chemistry 31 (2010)  #
# 455-461                                                       #
#                                                               #
# DOI 10.1002/jcc.21334                                         #
#                                                               #
# Please see http://vina.scripps.edu for more information.      #
#################################################################

Output will be mol_datas/106-94-5_out.pdbqt
Reading input ... done.
Setting up the scoring function ... done.
Analyzing the binding site ... done.
Using random seed: 1000
Performing search ... done.
Refining results ... done.

mode |   affinity | dist from best mode
     | (kcal/mol) | rmsd l.b.| rmsd u.b.
-----+------------+----------+----------
   1         -3.5      0.000      0.000
   2         -3.3      2.331      2.681
   3         -3.1      2.162      2.813
   4         -3.0      6.011      6.261
   5         -3.0      5.964      6.238
   6         -2.9      2.025      2.744
   7         -2.9      3.821      4.218
   8         -2.8      4.047      4.311
   9         -2.8      4.783      5.279
  10         -2.7      5.080      5.625
  11         -2.7      9.309     10.177
  12         -2.6      7.524      7.905
  13         -2.6     11.588     12.584
  14         -2.6     12.469     12.633
  15         -2.6     13.401     13.685
  16         -2.6      8.262      9.196
  17         -2.5     11.614     12.446
  18         -2.5     12.477     12.778
  19         -2.5     10.839     11.586
  20         -2.4      4.270      4.793
Writing output ... done.
