#################################################################
# If you used AutoDock Vina in your work, please cite:          #
#                                                               #
# O. Trott, A. J. Olson,                                        #
# AutoDock Vina: improving the speed and accuracy of docking    #
# with a new scoring function, efficient optimization and       #
# multithreading, Journal of Computational Chemistry 31 (2010)  #
# 455-461                                                       #
#                                                               #
# DOI 10.1002/jcc.21334                                         #
#                                                               #
# Please see http://vina.scripps.edu for more information.      #
#################################################################

Output will be mol_datas/51-67-2_out.pdbqt
Reading input ... done.
Setting up the scoring function ... done.
Analyzing the binding site ... done.
Using random seed: 1000
Performing search ... done.
Refining results ... done.

mode |   affinity | dist from best mode
     | (kcal/mol) | rmsd l.b.| rmsd u.b.
-----+------------+----------+----------
   1         -6.6      0.000      0.000
   2         -6.6      0.024      1.533
   3         -6.3      3.343      4.615
   4         -6.2      3.389      4.378
   5         -6.1      1.111      1.996
   6         -6.1      3.522      4.184
   7         -5.7      2.628      3.162
   8         -5.7      8.110      9.711
   9         -5.7      3.391      4.701
  10         -5.6      7.943      9.371
  11         -5.5      3.900      4.867
  12         -5.3      3.204      4.144
  13         -5.3      8.615     10.102
  14         -5.1      7.974      9.068
  15         -5.0      8.186      9.438
  16         -5.0      3.586      5.054
  17         -5.0      2.759      3.647
  18         -4.8      7.762      9.183
  19         -4.3      4.235      5.928
  20         -3.6     19.268     19.918
Writing output ... done.
