#################################################################
# If you used AutoDock Vina in your work, please cite:          #
#                                                               #
# O. Trott, A. J. Olson,                                        #
# AutoDock Vina: improving the speed and accuracy of docking    #
# with a new scoring function, efficient optimization and       #
# multithreading, Journal of Computational Chemistry 31 (2010)  #
# 455-461                                                       #
#                                                               #
# DOI 10.1002/jcc.21334                                         #
#                                                               #
# Please see http://vina.scripps.edu for more information.      #
#################################################################

Output will be mol_datas/95-47-6_out.pdbqt
Reading input ... done.
Setting up the scoring function ... done.
Analyzing the binding site ... done.
Using random seed: 1000
Performing search ... done.
Refining results ... done.

mode |   affinity | dist from best mode
     | (kcal/mol) | rmsd l.b.| rmsd u.b.
-----+------------+----------+----------
   1         -6.4      0.000      0.000
   2         -6.4      0.106      2.274
   3         -6.2      3.174      4.781
   4         -6.2      3.169      5.258
   5         -6.1      0.799      2.867
   6         -6.0      2.977      3.908
   7         -6.0      2.941      4.499
   8         -5.8      3.177      4.429
   9         -5.8      3.142      4.194
  10         -5.7      0.873      2.748
  11         -5.5      1.671      3.438
  12         -5.5      9.527     11.137
  13         -5.5      9.523     10.930
  14         -5.2      8.640     10.966
  15         -5.1      2.641      4.505
  16         -5.1      8.844     11.427
  17         -5.0      9.379     11.019
  18         -4.0     12.953     13.330
  19         -4.0     12.965     13.314
  20         -3.9     19.365     20.380
Writing output ... done.
