#################################################################
# If you used AutoDock Vina in your work, please cite:          #
#                                                               #
# O. Trott, A. J. Olson,                                        #
# AutoDock Vina: improving the speed and accuracy of docking    #
# with a new scoring function, efficient optimization and       #
# multithreading, Journal of Computational Chemistry 31 (2010)  #
# 455-461                                                       #
#                                                               #
# DOI 10.1002/jcc.21334                                         #
#                                                               #
# Please see http://vina.scripps.edu for more information.      #
#################################################################

Output will be mol_datas/27134-24-3_out.pdbqt
Reading input ... done.
Setting up the scoring function ... done.
Analyzing the binding site ... done.
Using random seed: 1000
Performing search ... done.
Refining results ... done.

mode |   affinity | dist from best mode
     | (kcal/mol) | rmsd l.b.| rmsd u.b.
-----+------------+----------+----------
   1         -9.9      0.000      0.000
   2         -9.9      0.016      1.211
   3         -9.7      1.305      5.503
   4         -9.7      1.319      5.285
   5         -9.0      0.745      5.147
   6         -8.0      3.118      5.090
   7         -7.8      3.136      5.922
   8         -7.8      3.447      4.687
   9         -7.4      5.347      7.786
  10         -7.4      3.367      5.814
  11         -7.1      8.743     10.451
  12         -7.1      9.339     11.657
Writing output ... done.
