#################################################################
# If you used AutoDock Vina in your work, please cite:          #
#                                                               #
# O. Trott, A. J. Olson,                                        #
# AutoDock Vina: improving the speed and accuracy of docking    #
# with a new scoring function, efficient optimization and       #
# multithreading, Journal of Computational Chemistry 31 (2010)  #
# 455-461                                                       #
#                                                               #
# DOI 10.1002/jcc.21334                                         #
#                                                               #
# Please see http://vina.scripps.edu for more information.      #
#################################################################

Output will be mol_datas/118-08-1_out.pdbqt
Reading input ... done.
Setting up the scoring function ... done.
Analyzing the binding site ... done.
Using random seed: 1000
Performing search ... done.
Refining results ... done.

mode |   affinity | dist from best mode
     | (kcal/mol) | rmsd l.b.| rmsd u.b.
-----+------------+----------+----------
   1         -5.2      0.000      0.000
   2         -4.9      2.024      2.927
   3         -4.8      1.854      6.477
   4         -4.8      3.178      5.927
   5         -4.7      9.019     12.787
   6         -4.3      4.114      8.333
   7         -4.2      1.972      2.732
   8         -4.1      2.667      6.456
   9         -4.1      3.416      7.802
  10         -4.0      2.979      4.469
  11         -4.0      2.430      7.083
  12         -3.9      8.152     14.075
  13         -3.9      2.696      7.152
  14         -3.8      2.687      3.995
  15         -3.8      2.738      4.448
  16         -3.8      2.158      3.572
  17         -3.6     10.688     14.773
  18         -3.5      2.537      3.283
  19         -3.5      1.748      2.319
Writing output ... done.
