#################################################################
# If you used AutoDock Vina in your work, please cite:          #
#                                                               #
# O. Trott, A. J. Olson,                                        #
# AutoDock Vina: improving the speed and accuracy of docking    #
# with a new scoring function, efficient optimization and       #
# multithreading, Journal of Computational Chemistry 31 (2010)  #
# 455-461                                                       #
#                                                               #
# DOI 10.1002/jcc.21334                                         #
#                                                               #
# Please see http://vina.scripps.edu for more information.      #
#################################################################

Output will be mol_datas/289-95-2_out.pdbqt
Reading input ... done.
Setting up the scoring function ... done.
Analyzing the binding site ... done.
Using random seed: 1000
Performing search ... done.
Refining results ... done.

mode |   affinity | dist from best mode
     | (kcal/mol) | rmsd l.b.| rmsd u.b.
-----+------------+----------+----------
   1         -4.1      0.000      0.000
   2         -4.1      0.043      1.940
   3         -3.7      5.133      6.031
   4         -3.7      5.097      5.955
   5         -3.7      1.217      1.408
   6         -3.6      4.820      5.963
   7         -3.6      1.726      2.669
   8         -3.5      5.359      6.136
   9         -3.5      2.620      3.346
  10         -3.3      9.044     10.218
  11         -3.3      1.844      3.208
  12         -3.3      3.884      4.094
  13         -3.3     10.184     11.270
  14         -3.3     11.433     12.303
  15         -3.3     11.439     12.378
  16         -3.3      3.913      4.822
  17         -3.2      4.122      4.981
  18         -3.2     10.697     11.705
  19         -3.2      3.823      4.659
  20         -3.2     11.658     12.476
Writing output ... done.
