#################################################################
# If you used AutoDock Vina in your work, please cite:          #
#                                                               #
# O. Trott, A. J. Olson,                                        #
# AutoDock Vina: improving the speed and accuracy of docking    #
# with a new scoring function, efficient optimization and       #
# multithreading, Journal of Computational Chemistry 31 (2010)  #
# 455-461                                                       #
#                                                               #
# DOI 10.1002/jcc.21334                                         #
#                                                               #
# Please see http://vina.scripps.edu for more information.      #
#################################################################

Output will be mol_datas/2315-68-6_out.pdbqt
Reading input ... done.
Setting up the scoring function ... done.
Analyzing the binding site ... done.
Using random seed: 1000
Performing search ... done.
Refining results ... done.

mode |   affinity | dist from best mode
     | (kcal/mol) | rmsd l.b.| rmsd u.b.
-----+------------+----------+----------
   1         -7.5      0.000      0.000
   2         -7.5      0.455      1.471
   3         -7.3      1.032      4.819
   4         -7.2      1.954      4.767
   5         -6.7      2.213      2.905
   6         -6.6      2.270      3.530
   7         -6.2      1.944      4.215
   8         -6.2      6.881      8.196
   9         -6.1      2.205      5.014
  10         -5.9      9.405     11.061
  11         -5.8      7.766      9.151
  12         -5.8      8.540     10.679
  13         -5.8      9.313     11.094
  14         -5.7      7.436      8.784
  15         -5.6     10.914     12.675
  16         -5.6     10.602     12.531
  17         -5.4      2.632      5.582
  18         -5.4     12.167     13.905
  19         -5.3      8.542      9.807
  20         -5.1      9.915     11.619
Writing output ... done.
