#################################################################
# If you used AutoDock Vina in your work, please cite:          #
#                                                               #
# O. Trott, A. J. Olson,                                        #
# AutoDock Vina: improving the speed and accuracy of docking    #
# with a new scoring function, efficient optimization and       #
# multithreading, Journal of Computational Chemistry 31 (2010)  #
# 455-461                                                       #
#                                                               #
# DOI 10.1002/jcc.21334                                         #
#                                                               #
# Please see http://vina.scripps.edu for more information.      #
#################################################################

Output will be mol_datas/56-53-1_out.pdbqt
Reading input ... done.
Setting up the scoring function ... done.
Analyzing the binding site ... done.
Using random seed: 1000
Performing search ... done.
Refining results ... done.

mode |   affinity | dist from best mode
     | (kcal/mol) | rmsd l.b.| rmsd u.b.
-----+------------+----------+----------
   1         -6.2      0.000      0.000
   2         -6.0      5.505      8.888
   3         -6.0      5.512      8.681
   4         -5.0     13.809     15.847
   5         -5.0     13.770     15.261
   6         -4.9     13.985     15.676
   7         -4.9     13.987     15.103
   8         -4.7     13.644     15.522
   9         -4.7     14.032     15.808
  10         -4.7     13.669     15.265
  11         -4.6     14.012     15.568
  12         -4.3     14.706     16.258
  13         -4.2     14.702     16.258
  14         -4.2     14.409     16.165
  15         -4.1     15.488     16.713
  16         -4.1     14.805     16.170
  17         -4.1     14.506     16.054
  18         -4.1     15.587     17.116
  19         -4.1     14.847     16.599
  20         -4.1     16.342     17.768
Writing output ... done.
