#################################################################
# If you used AutoDock Vina in your work, please cite:          #
#                                                               #
# O. Trott, A. J. Olson,                                        #
# AutoDock Vina: improving the speed and accuracy of docking    #
# with a new scoring function, efficient optimization and       #
# multithreading, Journal of Computational Chemistry 31 (2010)  #
# 455-461                                                       #
#                                                               #
# DOI 10.1002/jcc.21334                                         #
#                                                               #
# Please see http://vina.scripps.edu for more information.      #
#################################################################

Output will be mol_datas/145-13-1_out.pdbqt
Reading input ... done.
Setting up the scoring function ... done.
Analyzing the binding site ... done.
Using random seed: 1000
Performing search ... done.
Refining results ... done.

mode |   affinity | dist from best mode
     | (kcal/mol) | rmsd l.b.| rmsd u.b.
-----+------------+----------+----------
   1         -5.7      0.000      0.000
   2         -5.5     12.221     14.550
   3         -5.5      1.225      6.826
   4         -5.3      1.337      6.949
   5         -5.3      9.362     13.965
   6         -5.2      9.326     13.848
   7         -5.2      8.968     12.477
   8         -5.2     14.237     16.233
   9         -5.2     12.602     14.739
  10         -4.9      2.028      7.602
  11         -4.9     13.021     15.495
  12         -4.9     10.530     13.442
  13         -4.9      8.027     12.028
  14         -4.9      7.086     11.954
  15         -4.8      7.801     11.863
  16         -4.8      7.251     13.041
  17         -4.7      8.088     13.900
  18         -4.5      8.396     13.071
  19         -4.5     10.840     15.338
  20         -4.4     11.415     15.655
Writing output ... done.
