#################################################################
# If you used AutoDock Vina in your work, please cite:          #
#                                                               #
# O. Trott, A. J. Olson,                                        #
# AutoDock Vina: improving the speed and accuracy of docking    #
# with a new scoring function, efficient optimization and       #
# multithreading, Journal of Computational Chemistry 31 (2010)  #
# 455-461                                                       #
#                                                               #
# DOI 10.1002/jcc.21334                                         #
#                                                               #
# Please see http://vina.scripps.edu for more information.      #
#################################################################

Output will be mol_datas/124-04-9_out.pdbqt
Reading input ... done.
Setting up the scoring function ... done.
Analyzing the binding site ... done.
Using random seed: 1000
Performing search ... done.
Refining results ... done.

mode |   affinity | dist from best mode
     | (kcal/mol) | rmsd l.b.| rmsd u.b.
-----+------------+----------+----------
   1         -5.3      0.000      0.000
   2         -5.3      2.909      4.065
   3         -5.3      0.633      3.830
   4         -5.2      3.366      4.614
   5         -5.2      3.315      4.840
   6         -5.1      3.420      4.552
   7         -4.9      1.433      2.083
   8         -4.9      3.151      4.434
   9         -4.9      3.366      5.040
  10         -4.8      2.439      2.808
  11         -4.7      3.486      4.178
  12         -4.7      2.257      4.212
  13         -4.6      6.578      9.109
  14         -4.5      7.029      8.745
  15         -4.5      7.083      9.670
  16         -4.5      8.341      9.769
  17         -4.4      6.912      8.054
  18         -4.4      3.012      5.633
  19         -4.3      6.756      8.483
  20         -4.2      4.055      6.532
Writing output ... done.
