#################################################################
# If you used AutoDock Vina in your work, please cite:          #
#                                                               #
# O. Trott, A. J. Olson,                                        #
# AutoDock Vina: improving the speed and accuracy of docking    #
# with a new scoring function, efficient optimization and       #
# multithreading, Journal of Computational Chemistry 31 (2010)  #
# 455-461                                                       #
#                                                               #
# DOI 10.1002/jcc.21334                                         #
#                                                               #
# Please see http://vina.scripps.edu for more information.      #
#################################################################

Output will be mol_datas/21725-46-2_out.pdbqt
Reading input ... done.
Setting up the scoring function ... done.
Analyzing the binding site ... done.
Using random seed: 1000
Performing search ... done.
Refining results ... done.

mode |   affinity | dist from best mode
     | (kcal/mol) | rmsd l.b.| rmsd u.b.
-----+------------+----------+----------
   1         -7.3      0.000      0.000
   2         -7.3      2.848      4.090
   3         -7.2      2.298      4.898
   4         -7.0      2.698      5.928
   5         -7.0      1.871      3.372
   6         -6.6      1.661      5.601
   7         -6.4      7.599      9.405
   8         -6.3      8.339     10.339
   9         -6.3      3.123      4.680
  10         -6.2      6.538      9.284
  11         -6.2      8.781     10.915
  12         -6.1      7.181      9.793
  13         -6.1      8.292     10.759
  14         -6.1      2.666      4.600
  15         -6.0      7.810      9.327
  16         -6.0      4.697      7.341
  17         -5.9      7.679     10.471
  18         -5.8      5.249      8.149
  19         -5.6      3.279      6.333
  20         -5.5      6.481      7.717
Writing output ... done.
