#################################################################
# If you used AutoDock Vina in your work, please cite:          #
#                                                               #
# O. Trott, A. J. Olson,                                        #
# AutoDock Vina: improving the speed and accuracy of docking    #
# with a new scoring function, efficient optimization and       #
# multithreading, Journal of Computational Chemistry 31 (2010)  #
# 455-461                                                       #
#                                                               #
# DOI 10.1002/jcc.21334                                         #
#                                                               #
# Please see http://vina.scripps.edu for more information.      #
#################################################################

Output will be mol_datas/114-26-1_out.pdbqt
Reading input ... done.
Setting up the scoring function ... done.
Analyzing the binding site ... done.
Using random seed: 1000
Performing search ... done.
Refining results ... done.

mode |   affinity | dist from best mode
     | (kcal/mol) | rmsd l.b.| rmsd u.b.
-----+------------+----------+----------
   1         -7.7      0.000      0.000
   2         -7.7      1.638      4.179
   3         -6.7      1.993      4.712
   4         -6.7      5.638      8.696
   5         -6.7      1.620      4.016
   6         -6.3      1.101      3.621
   7         -6.2      2.820      4.473
   8         -6.0      6.223      8.980
   9         -5.8      8.282     10.345
  10         -5.4      7.137      9.574
  11         -4.9      6.869      9.621
Writing output ... done.
