#################################################################
# If you used AutoDock Vina in your work, please cite:          #
#                                                               #
# O. Trott, A. J. Olson,                                        #
# AutoDock Vina: improving the speed and accuracy of docking    #
# with a new scoring function, efficient optimization and       #
# multithreading, Journal of Computational Chemistry 31 (2010)  #
# 455-461                                                       #
#                                                               #
# DOI 10.1002/jcc.21334                                         #
#                                                               #
# Please see http://vina.scripps.edu for more information.      #
#################################################################

Output will be mol_datas/56-04-2_out.pdbqt
Reading input ... done.
Setting up the scoring function ... done.
Analyzing the binding site ... done.
Using random seed: 1000
Performing search ... done.
Refining results ... done.

mode |   affinity | dist from best mode
     | (kcal/mol) | rmsd l.b.| rmsd u.b.
-----+------------+----------+----------
   1         -5.6      0.000      0.000
   2         -5.4      1.977      2.883
   3         -5.3      2.026      3.270
   4         -5.3      2.748      3.194
   5         -5.0      7.283      8.527
   6         -5.0      2.895      3.774
   7         -5.0      2.018      2.440
   8         -4.9      5.355      6.342
   9         -4.6      9.805     10.994
  10         -4.6      8.729      9.906
  11         -4.5      1.688      2.896
  12         -4.5      8.105      9.086
  13         -4.4      5.611      7.056
  14         -4.4      8.013      9.288
  15         -4.3      9.205     10.257
  16         -4.2      9.703     10.234
  17         -3.6      8.567      9.706
  18         -3.1     11.094     12.047
  19         -3.1     12.928     13.833
Writing output ... done.
