#################################################################
# If you used AutoDock Vina in your work, please cite:          #
#                                                               #
# O. Trott, A. J. Olson,                                        #
# AutoDock Vina: improving the speed and accuracy of docking    #
# with a new scoring function, efficient optimization and       #
# multithreading, Journal of Computational Chemistry 31 (2010)  #
# 455-461                                                       #
#                                                               #
# DOI 10.1002/jcc.21334                                         #
#                                                               #
# Please see http://vina.scripps.edu for more information.      #
#################################################################

Output will be mol_datas/693-54-9_out.pdbqt
Reading input ... done.
Setting up the scoring function ... done.
Analyzing the binding site ... done.
Using random seed: 1000
Performing search ... done.
Refining results ... done.

mode |   affinity | dist from best mode
     | (kcal/mol) | rmsd l.b.| rmsd u.b.
-----+------------+----------+----------
   1         -6.6      0.000      0.000
   2         -6.0      2.792      3.244
   3         -5.9      2.749      5.843
   4         -5.8      1.539      2.302
   5         -5.8      2.518      5.645
   6         -5.6      4.394      6.011
   7         -5.3      4.116      5.379
   8         -5.1      4.985      6.642
   9         -5.1      4.938      5.447
  10         -5.1      4.732      6.036
  11         -5.0     10.166     11.531
  12         -4.9      6.865      7.946
  13         -4.9      9.299     11.622
  14         -4.7      5.768      7.144
  15         -4.7      9.494     11.580
  16         -4.7      8.384      9.587
  17         -4.6      5.785      6.910
  18         -4.6      5.896      6.789
  19         -4.5      9.933     12.409
  20         -4.5     10.366     12.079
Writing output ... done.
