#################################################################
# If you used AutoDock Vina in your work, please cite:          #
#                                                               #
# O. Trott, A. J. Olson,                                        #
# AutoDock Vina: improving the speed and accuracy of docking    #
# with a new scoring function, efficient optimization and       #
# multithreading, Journal of Computational Chemistry 31 (2010)  #
# 455-461                                                       #
#                                                               #
# DOI 10.1002/jcc.21334                                         #
#                                                               #
# Please see http://vina.scripps.edu for more information.      #
#################################################################

Output will be mol_datas/30979-48-7_out.pdbqt
Reading input ... done.
Setting up the scoring function ... done.
Analyzing the binding site ... done.
Using random seed: 1000
Performing search ... done.
Refining results ... done.

mode |   affinity | dist from best mode
     | (kcal/mol) | rmsd l.b.| rmsd u.b.
-----+------------+----------+----------
   1         -7.0      0.000      0.000
   2         -6.6      1.605      4.824
   3         -6.6      1.366      1.593
   4         -6.2      1.618      4.781
   5         -6.0      7.452      8.669
   6         -5.7      1.728      2.403
   7         -5.6      6.467      7.655
   8         -5.6      9.729     11.891
   9         -5.5      7.010      9.482
  10         -5.4      2.856      4.725
  11         -5.1      2.134      3.094
  12         -5.0      6.608      9.260
  13         -5.0      5.087      6.532
  14         -4.9      2.215      3.213
  15         -4.8      8.611     10.452
  16         -4.7      8.979     11.402
  17         -4.7      2.465      3.786
  18         -4.6      2.594      4.458
  19         -4.6      2.303      5.488
  20         -4.5      8.474     10.662
Writing output ... done.
