#################################################################
# If you used AutoDock Vina in your work, please cite:          #
#                                                               #
# O. Trott, A. J. Olson,                                        #
# AutoDock Vina: improving the speed and accuracy of docking    #
# with a new scoring function, efficient optimization and       #
# multithreading, Journal of Computational Chemistry 31 (2010)  #
# 455-461                                                       #
#                                                               #
# DOI 10.1002/jcc.21334                                         #
#                                                               #
# Please see http://vina.scripps.edu for more information.      #
#################################################################

Output will be mol_datas/105-66-8_out.pdbqt
Reading input ... done.
Setting up the scoring function ... done.
Analyzing the binding site ... done.
Using random seed: 1000
Performing search ... done.
Refining results ... done.

mode |   affinity | dist from best mode
     | (kcal/mol) | rmsd l.b.| rmsd u.b.
-----+------------+----------+----------
   1         -5.6      0.000      0.000
   2         -5.5      1.381      4.134
   3         -5.4      0.845      4.509
   4         -5.3      1.510      2.241
   5         -4.8      2.584      4.624
   6         -4.7      2.495      3.285
   7         -4.7      2.960      5.105
   8         -4.6      3.248      5.216
   9         -4.6      8.576      9.471
  10         -4.6      9.200     10.670
  11         -4.6      3.816      4.622
  12         -4.5      8.693     10.187
  13         -4.5      9.879     11.031
  14         -4.4      9.203     10.311
  15         -4.4      2.637      4.434
  16         -4.4      7.571      8.491
  17         -4.3      6.312      7.292
  18         -4.1     10.525     11.949
  19         -4.0     10.715     11.594
  20         -4.0      9.479     10.556
Writing output ... done.
