#################################################################
# If you used AutoDock Vina in your work, please cite:          #
#                                                               #
# O. Trott, A. J. Olson,                                        #
# AutoDock Vina: improving the speed and accuracy of docking    #
# with a new scoring function, efficient optimization and       #
# multithreading, Journal of Computational Chemistry 31 (2010)  #
# 455-461                                                       #
#                                                               #
# DOI 10.1002/jcc.21334                                         #
#                                                               #
# Please see http://vina.scripps.edu for more information.      #
#################################################################

Output will be mol_datas/628-32-0_out.pdbqt
Reading input ... done.
Setting up the scoring function ... done.
Analyzing the binding site ... done.
Using random seed: 1000
Performing search ... done.
Refining results ... done.

mode |   affinity | dist from best mode
     | (kcal/mol) | rmsd l.b.| rmsd u.b.
-----+------------+----------+----------
   1         -4.0      0.000      0.000
   2         -4.0      1.601      2.175
   3         -4.0      0.802      3.431
   4         -3.5      1.098      3.389
   5         -3.5      9.584     10.622
   6         -3.4      1.769      3.982
   7         -3.4      2.438      4.186
   8         -3.3      2.223      2.993
   9         -3.3      2.870      3.979
  10         -3.3      5.478      6.274
  11         -3.2      8.527      9.144
  12         -3.2      2.715      3.703
  13         -3.2      7.613      8.319
  14         -3.1      3.691      4.291
  15         -3.1     10.993     11.546
  16         -3.1     11.283     12.124
  17         -3.0      9.529     10.589
  18         -3.0     11.609     12.453
  19         -3.0      8.772      9.567
  20         -3.0     11.028     11.939
Writing output ... done.
