#################################################################
# If you used AutoDock Vina in your work, please cite:          #
#                                                               #
# O. Trott, A. J. Olson,                                        #
# AutoDock Vina: improving the speed and accuracy of docking    #
# with a new scoring function, efficient optimization and       #
# multithreading, Journal of Computational Chemistry 31 (2010)  #
# 455-461                                                       #
#                                                               #
# DOI 10.1002/jcc.21334                                         #
#                                                               #
# Please see http://vina.scripps.edu for more information.      #
#################################################################

Output will be mol_datas/120-89-8_out.pdbqt
Reading input ... done.
Setting up the scoring function ... done.
Analyzing the binding site ... done.
Using random seed: 1000
Performing search ... done.
Refining results ... done.

mode |   affinity | dist from best mode
     | (kcal/mol) | rmsd l.b.| rmsd u.b.
-----+------------+----------+----------
   1         -5.0      0.000      0.000
   2         -5.0      0.039      2.030
   3         -5.0      4.272      5.223
   4         -5.0      4.249      5.515
   5         -4.8      4.405      5.514
   6         -4.8      1.142      3.319
   7         -4.8      1.177      2.831
   8         -4.8      4.418      5.299
   9         -4.8      7.031      8.411
  10         -4.6      4.399      5.490
  11         -4.6      7.155      8.174
  12         -4.6      3.699      4.702
  13         -4.6      7.132      8.222
  14         -4.6      7.462      8.566
  15         -4.5      1.882      2.841
  16         -4.4      1.880      2.023
  17         -4.4      3.487      4.206
  18         -4.4      2.137      3.520
  19         -4.4      2.180      3.935
  20         -4.4      7.297      8.256
Writing output ... done.
