#################################################################
# If you used AutoDock Vina in your work, please cite:          #
#                                                               #
# O. Trott, A. J. Olson,                                        #
# AutoDock Vina: improving the speed and accuracy of docking    #
# with a new scoring function, efficient optimization and       #
# multithreading, Journal of Computational Chemistry 31 (2010)  #
# 455-461                                                       #
#                                                               #
# DOI 10.1002/jcc.21334                                         #
#                                                               #
# Please see http://vina.scripps.edu for more information.      #
#################################################################

Output will be mol_datas/616-20-6_out.pdbqt
Reading input ... done.
Setting up the scoring function ... done.
Analyzing the binding site ... done.
Using random seed: 1000
Performing search ... done.
Refining results ... done.

mode |   affinity | dist from best mode
     | (kcal/mol) | rmsd l.b.| rmsd u.b.
-----+------------+----------+----------
   1         -4.4      0.000      0.000
   2         -4.3      1.651      3.203
   3         -4.2      1.965      2.071
   4         -3.9      2.894      3.465
   5         -3.9      3.624      4.769
   6         -3.9      1.991      2.518
   7         -3.9      3.362      4.106
   8         -3.9      1.965      2.266
   9         -3.8      3.066      5.021
  10         -3.8      2.306      2.894
  11         -3.8      3.806      4.684
  12         -3.8      3.042      3.918
  13         -3.7      8.481      9.022
  14         -3.7      3.136      4.290
  15         -3.7      4.571      6.776
  16         -3.7      2.105      2.409
  17         -3.6     11.709     12.484
  18         -3.5      3.209      3.805
  19         -3.4      8.537      9.184
  20         -3.4     11.019     11.853
Writing output ... done.
