#################################################################
# If you used AutoDock Vina in your work, please cite:          #
#                                                               #
# O. Trott, A. J. Olson,                                        #
# AutoDock Vina: improving the speed and accuracy of docking    #
# with a new scoring function, efficient optimization and       #
# multithreading, Journal of Computational Chemistry 31 (2010)  #
# 455-461                                                       #
#                                                               #
# DOI 10.1002/jcc.21334                                         #
#                                                               #
# Please see http://vina.scripps.edu for more information.      #
#################################################################

Output will be mol_datas/85-02-9_out.pdbqt
Reading input ... done.
Setting up the scoring function ... done.
Analyzing the binding site ... done.
Using random seed: 1000
Performing search ... done.
Refining results ... done.

mode |   affinity | dist from best mode
     | (kcal/mol) | rmsd l.b.| rmsd u.b.
-----+------------+----------+----------
   1         -8.2      0.000      0.000
   2         -7.9      2.856      4.106
   3         -7.8      2.191      5.219
   4         -7.6      1.866      3.367
   5         -7.6      1.530      4.389
   6         -7.3      2.306      3.307
   7         -7.1      2.292      4.652
   8         -7.0      8.057     10.279
   9         -6.9      8.093     10.065
  10         -5.9      7.981     10.321
  11         -5.2      7.010     10.310
Writing output ... done.
