#################################################################
# If you used AutoDock Vina in your work, please cite:          #
#                                                               #
# O. Trott, A. J. Olson,                                        #
# AutoDock Vina: improving the speed and accuracy of docking    #
# with a new scoring function, efficient optimization and       #
# multithreading, Journal of Computational Chemistry 31 (2010)  #
# 455-461                                                       #
#                                                               #
# DOI 10.1002/jcc.21334                                         #
#                                                               #
# Please see http://vina.scripps.edu for more information.      #
#################################################################

Output will be mol_datas/108-95-2_out.pdbqt
Reading input ... done.
Setting up the scoring function ... done.
Analyzing the binding site ... done.
Using random seed: 1000
Performing search ... done.
Refining results ... done.

mode |   affinity | dist from best mode
     | (kcal/mol) | rmsd l.b.| rmsd u.b.
-----+------------+----------+----------
   1         -5.7      0.000      0.000
   2         -5.6      5.071      5.810
   3         -5.5      4.933      5.911
   4         -5.1      1.090      2.228
   5         -5.0      4.502      5.668
   6         -5.0      4.491      5.411
   7         -4.9      3.359      4.136
   8         -4.7      4.300      5.207
   9         -4.7     11.713     12.764
  10         -4.6      1.952      2.777
  11         -4.6     10.939     12.101
  12         -4.6     10.944     11.969
  13         -4.5     11.170     12.127
  14         -4.5     11.166     12.208
  15         -4.5     10.330     11.423
  16         -4.4     12.031     12.277
  17         -4.2      2.728      3.813
  18         -3.7     12.577     12.818
  19         -3.6     16.555     16.958
  20         -3.6     16.459     16.757
Writing output ... done.
