#################################################################
# If you used AutoDock Vina in your work, please cite:          #
#                                                               #
# O. Trott, A. J. Olson,                                        #
# AutoDock Vina: improving the speed and accuracy of docking    #
# with a new scoring function, efficient optimization and       #
# multithreading, Journal of Computational Chemistry 31 (2010)  #
# 455-461                                                       #
#                                                               #
# DOI 10.1002/jcc.21334                                         #
#                                                               #
# Please see http://vina.scripps.edu for more information.      #
#################################################################

Output will be mol_datas/132-64-9_out.pdbqt
Reading input ... done.
Setting up the scoring function ... done.
Analyzing the binding site ... done.
Using random seed: 1000
Performing search ... done.
Refining results ... done.

mode |   affinity | dist from best mode
     | (kcal/mol) | rmsd l.b.| rmsd u.b.
-----+------------+----------+----------
   1         -7.4      0.000      0.000
   2         -7.4      0.037      4.313
   3         -7.3      1.157      4.819
   4         -7.3      1.151      2.202
   5         -7.2      2.073      2.904
   6         -7.1      1.769      5.134
   7         -7.0      2.819      4.886
   8         -7.0      1.434      4.706
   9         -6.6      1.939      4.139
  10         -6.5      2.104      3.205
  11         -6.5      2.093      4.513
  12         -6.5      1.937      2.748
  13         -6.4      8.006      9.929
  14         -6.3      8.015      9.217
  15         -6.2      9.818     11.742
  16         -6.2      9.862     11.461
  17         -6.2      3.031      5.324
  18         -6.1      8.344     10.018
  19         -6.1      8.321     10.514
  20         -5.8      9.536     11.213
Writing output ... done.
