#################################################################
# If you used AutoDock Vina in your work, please cite:          #
#                                                               #
# O. Trott, A. J. Olson,                                        #
# AutoDock Vina: improving the speed and accuracy of docking    #
# with a new scoring function, efficient optimization and       #
# multithreading, Journal of Computational Chemistry 31 (2010)  #
# 455-461                                                       #
#                                                               #
# DOI 10.1002/jcc.21334                                         #
#                                                               #
# Please see http://vina.scripps.edu for more information.      #
#################################################################

Output will be mol_datas/91-20-3_out.pdbqt
Reading input ... done.
Setting up the scoring function ... done.
Analyzing the binding site ... done.
Using random seed: 1000
Performing search ... done.
Refining results ... done.

mode |   affinity | dist from best mode
     | (kcal/mol) | rmsd l.b.| rmsd u.b.
-----+------------+----------+----------
   1         -7.8      0.000      0.000
   2         -7.8      0.006      3.437
   3         -7.8      0.023      2.082
   4         -7.8      0.021      4.018
   5         -7.4      2.934      5.030
   6         -7.4      2.942      4.502
   7         -7.4      2.951      4.027
   8         -7.4      2.958      4.594
   9         -6.8      0.849      1.543
  10         -6.0      9.052     11.040
  11         -6.0      9.042     11.116
  12         -6.0      9.030     11.119
  13         -5.9      9.039     10.987
  14         -5.8      8.927     10.713
  15         -5.8      8.936     11.016
  16         -5.8      8.905     10.816
  17         -5.8      3.116      4.121
  18         -5.4     12.499     13.709
  19         -5.4     12.519     13.815
Writing output ... done.
