#################################################################
# If you used AutoDock Vina in your work, please cite:          #
#                                                               #
# O. Trott, A. J. Olson,                                        #
# AutoDock Vina: improving the speed and accuracy of docking    #
# with a new scoring function, efficient optimization and       #
# multithreading, Journal of Computational Chemistry 31 (2010)  #
# 455-461                                                       #
#                                                               #
# DOI 10.1002/jcc.21334                                         #
#                                                               #
# Please see http://vina.scripps.edu for more information.      #
#################################################################

Output will be mol_datas/127-18-4_out.pdbqt
Reading input ... done.
Setting up the scoring function ... done.
Analyzing the binding site ... done.
Using random seed: 1000
Performing search ... done.
Refining results ... done.

mode |   affinity | dist from best mode
     | (kcal/mol) | rmsd l.b.| rmsd u.b.
-----+------------+----------+----------
   1         -4.3      0.000      0.000
   2         -4.3      0.142      2.458
   3         -4.3      0.111      3.656
   4         -4.3      0.072      2.711
   5         -4.3      0.574      2.589
   6         -4.3      0.577      2.596
   7         -4.3      0.562      2.591
   8         -4.3      0.568      2.593
   9         -4.1      2.729      4.731
  10         -4.1      2.653      4.016
  11         -4.1      2.939      3.878
  12         -4.1      2.989      4.427
  13         -4.1      2.978      4.227
  14         -4.0      2.701      3.813
  15         -3.9      2.543      3.258
  16         -3.9      2.152      3.643
  17         -3.5      8.943     10.598
  18         -3.5      8.904     10.404
  19         -3.4      8.884     10.443
  20         -3.4      8.813     10.355
Writing output ... done.
