#################################################################
# If you used AutoDock Vina in your work, please cite:          #
#                                                               #
# O. Trott, A. J. Olson,                                        #
# AutoDock Vina: improving the speed and accuracy of docking    #
# with a new scoring function, efficient optimization and       #
# multithreading, Journal of Computational Chemistry 31 (2010)  #
# 455-461                                                       #
#                                                               #
# DOI 10.1002/jcc.21334                                         #
#                                                               #
# Please see http://vina.scripps.edu for more information.      #
#################################################################

Output will be mol_datas/621-84-1_out.pdbqt
Reading input ... done.
Setting up the scoring function ... done.
Analyzing the binding site ... done.
Using random seed: 1000
Performing search ... done.
Refining results ... done.

mode |   affinity | dist from best mode
     | (kcal/mol) | rmsd l.b.| rmsd u.b.
-----+------------+----------+----------
   1         -6.9      0.000      0.000
   2         -6.9      3.465      5.319
   3         -6.8      2.432      2.572
   4         -6.7      2.903      4.354
   5         -6.2      6.287      9.621
   6         -6.1      3.009      4.761
   7         -5.9      9.221     10.264
   8         -5.9      3.082      3.895
   9         -5.9      9.482     10.560
  10         -5.6      9.586     11.198
  11         -5.2     10.792     12.408
  12         -5.0      8.186     11.328
  13         -4.8     10.486     12.008
  14         -4.8      9.523     10.743
  15         -4.8      2.897      4.806
  16         -4.7      6.980      8.666
  17         -4.6      8.940     10.001
  18         -4.6     17.104     17.658
  19         -4.4      9.064     10.428
  20         -4.4      9.662     10.917
Writing output ... done.
