#################################################################
# If you used AutoDock Vina in your work, please cite:          #
#                                                               #
# O. Trott, A. J. Olson,                                        #
# AutoDock Vina: improving the speed and accuracy of docking    #
# with a new scoring function, efficient optimization and       #
# multithreading, Journal of Computational Chemistry 31 (2010)  #
# 455-461                                                       #
#                                                               #
# DOI 10.1002/jcc.21334                                         #
#                                                               #
# Please see http://vina.scripps.edu for more information.      #
#################################################################

Output will be mol_datas/112-30-1_out.pdbqt
Reading input ... done.
Setting up the scoring function ... done.
Analyzing the binding site ... done.
Using random seed: 1000
Performing search ... done.
Refining results ... done.

mode |   affinity | dist from best mode
     | (kcal/mol) | rmsd l.b.| rmsd u.b.
-----+------------+----------+----------
   1         -6.1      0.000      0.000
   2         -6.0      2.777      3.559
   3         -5.6      4.367      5.204
   4         -5.4      2.701      5.819
   5         -5.3      2.157      3.143
   6         -5.3      3.639      5.595
   7         -5.2      4.023      4.950
   8         -5.2      1.960      3.088
   9         -5.1      3.891      5.867
  10         -5.0      8.606     10.285
  11         -4.9      3.020      5.396
  12         -4.9      9.267     10.663
  13         -4.9      2.813      5.583
  14         -4.9      3.785      4.917
  15         -4.8      4.421      6.366
  16         -4.8      3.138      4.118
  17         -4.8      8.531      9.677
  18         -4.8      9.520     11.462
  19         -4.8      1.652      2.355
  20         -4.7      9.868     11.107
Writing output ... done.
