#################################################################
# If you used AutoDock Vina in your work, please cite:          #
#                                                               #
# O. Trott, A. J. Olson,                                        #
# AutoDock Vina: improving the speed and accuracy of docking    #
# with a new scoring function, efficient optimization and       #
# multithreading, Journal of Computational Chemistry 31 (2010)  #
# 455-461                                                       #
#                                                               #
# DOI 10.1002/jcc.21334                                         #
#                                                               #
# Please see http://vina.scripps.edu for more information.      #
#################################################################

Output will be mol_datas/83-43-2_out.pdbqt
Reading input ... done.
Setting up the scoring function ... done.
Analyzing the binding site ... done.
Using random seed: 1000
Performing search ... done.
Refining results ... done.

mode |   affinity | dist from best mode
     | (kcal/mol) | rmsd l.b.| rmsd u.b.
-----+------------+----------+----------
   1         -5.1      0.000      0.000
   2         -5.0     14.603     17.858
   3         -4.8     13.721     15.781
   4         -4.6     10.825     15.095
   5         -4.5     12.021     16.311
   6         -4.5     11.385     14.311
   7         -4.5     10.682     14.953
   8         -4.4     14.447     16.492
   9         -4.4      9.490     12.542
  10         -4.3      8.284     11.967
  11         -4.3      3.398      8.323
  12         -4.3     11.924     15.159
  13         -4.3     12.077     14.613
  14         -4.2      9.527     13.123
  15         -4.2      7.065     10.717
  16         -3.9     10.719     15.066
  17         -3.9     11.041     14.075
  18         -3.8     11.825     15.357
  19         -3.5      9.997     12.839
Writing output ... done.
