#################################################################
# If you used AutoDock Vina in your work, please cite:          #
#                                                               #
# O. Trott, A. J. Olson,                                        #
# AutoDock Vina: improving the speed and accuracy of docking    #
# with a new scoring function, efficient optimization and       #
# multithreading, Journal of Computational Chemistry 31 (2010)  #
# 455-461                                                       #
#                                                               #
# DOI 10.1002/jcc.21334                                         #
#                                                               #
# Please see http://vina.scripps.edu for more information.      #
#################################################################

Output will be mol_datas/111-27-3_out.pdbqt
Reading input ... done.
Setting up the scoring function ... done.
Analyzing the binding site ... done.
Using random seed: 1000
Performing search ... done.
Refining results ... done.

mode |   affinity | dist from best mode
     | (kcal/mol) | rmsd l.b.| rmsd u.b.
-----+------------+----------+----------
   1         -4.9      0.000      0.000
   2         -4.7      1.175      1.715
   3         -4.4      1.949      2.059
   4         -4.4      2.809      4.532
   5         -4.3      4.270      5.122
   6         -4.3      3.748      4.646
   7         -4.2      2.581      3.064
   8         -4.1      4.398      5.362
   9         -4.0      9.759     11.189
  10         -4.0      9.470     10.895
  11         -3.9     11.102     12.445
  12         -3.9      2.796      4.232
  13         -3.8      3.635      5.078
  14         -3.7      2.324      3.989
  15         -3.7     11.216     12.487
  16         -3.6      9.674     10.808
  17         -3.6      4.282      4.992
  18         -3.5     10.917     12.243
  19         -3.5      9.592     11.045
  20         -3.4     10.521     11.569
Writing output ... done.
