#################################################################
# If you used AutoDock Vina in your work, please cite:          #
#                                                               #
# O. Trott, A. J. Olson,                                        #
# AutoDock Vina: improving the speed and accuracy of docking    #
# with a new scoring function, efficient optimization and       #
# multithreading, Journal of Computational Chemistry 31 (2010)  #
# 455-461                                                       #
#                                                               #
# DOI 10.1002/jcc.21334                                         #
#                                                               #
# Please see http://vina.scripps.edu for more information.      #
#################################################################

Output will be mol_datas/579-66-8_out.pdbqt
Reading input ... done.
Setting up the scoring function ... done.
Analyzing the binding site ... done.
Using random seed: 1000
Performing search ... done.
Refining results ... done.

mode |   affinity | dist from best mode
     | (kcal/mol) | rmsd l.b.| rmsd u.b.
-----+------------+----------+----------
   1         -7.1      0.000      0.000
   2         -7.1      0.327      3.873
   3         -6.6      2.224      3.377
   4         -6.6      2.224      4.770
   5         -6.6      2.766      3.921
   6         -6.6      2.781      5.036
   7         -6.2      1.646      3.038
   8         -6.2      1.698      4.523
   9         -6.1      1.631      3.833
  10         -6.1      1.706      2.365
  11         -5.8      8.829     10.659
  12         -5.8      8.833     10.537
  13         -5.8      9.404     11.217
  14         -5.7      9.394     11.164
  15         -5.5      9.539     10.387
  16         -5.5      9.570     10.830
  17         -5.5      2.253      4.640
  18         -5.1      1.718      2.909
  19         -5.1      2.470      4.096
  20         -4.9      9.493     11.394
Writing output ... done.
