#################################################################
# If you used AutoDock Vina in your work, please cite:          #
#                                                               #
# O. Trott, A. J. Olson,                                        #
# AutoDock Vina: improving the speed and accuracy of docking    #
# with a new scoring function, efficient optimization and       #
# multithreading, Journal of Computational Chemistry 31 (2010)  #
# 455-461                                                       #
#                                                               #
# DOI 10.1002/jcc.21334                                         #
#                                                               #
# Please see http://vina.scripps.edu for more information.      #
#################################################################

Output will be mol_datas/123-19-3_out.pdbqt
Reading input ... done.
Setting up the scoring function ... done.
Analyzing the binding site ... done.
Using random seed: 1000
Performing search ... done.
Refining results ... done.

mode |   affinity | dist from best mode
     | (kcal/mol) | rmsd l.b.| rmsd u.b.
-----+------------+----------+----------
   1         -5.3      0.000      0.000
   2         -5.3      0.066      4.097
   3         -5.1      1.128      4.314
   4         -4.9      1.831      3.812
   5         -4.7      2.135      4.659
   6         -4.7      2.571      3.462
   7         -4.7      2.179      2.501
   8         -4.6      2.345      3.692
   9         -4.5      2.347      3.264
  10         -4.4      2.206      2.557
  11         -4.4      3.469      5.774
  12         -4.4      9.422     10.111
  13         -4.3      2.027      3.987
  14         -4.3      9.989     11.072
  15         -4.3      4.098      5.867
  16         -4.2      2.844      4.439
  17         -4.2      3.151      5.138
  18         -4.2      2.985      4.057
  19         -4.2     10.969     11.874
  20         -4.0      8.273      9.392
Writing output ... done.
