#################################################################
# If you used AutoDock Vina in your work, please cite:          #
#                                                               #
# O. Trott, A. J. Olson,                                        #
# AutoDock Vina: improving the speed and accuracy of docking    #
# with a new scoring function, efficient optimization and       #
# multithreading, Journal of Computational Chemistry 31 (2010)  #
# 455-461                                                       #
#                                                               #
# DOI 10.1002/jcc.21334                                         #
#                                                               #
# Please see http://vina.scripps.edu for more information.      #
#################################################################

Output will be mol_datas/555-37-3_out.pdbqt
Reading input ... done.
Setting up the scoring function ... done.
Analyzing the binding site ... done.
Using random seed: 1000
Performing search ... done.
Refining results ... done.

mode |   affinity | dist from best mode
     | (kcal/mol) | rmsd l.b.| rmsd u.b.
-----+------------+----------+----------
   1         -7.6      0.000      0.000
   2         -7.3      1.933      2.342
   3         -7.1      3.842      7.532
   4         -7.0      1.755      2.264
   5         -6.9      3.888      7.485
   6         -6.8      3.750      7.034
   7         -6.7      4.180      7.632
   8         -6.0      3.525      7.186
   9         -6.0      2.142      2.602
  10         -5.4      4.671      7.973
  11         -5.3      3.265      6.942
  12         -5.0      4.874      8.637
  13         -4.9      5.904      9.617
  14         -4.8     14.270     15.414
  15         -4.7      3.441      7.129
  16         -4.7     18.364     19.315
Writing output ... done.
