#################################################################
# If you used AutoDock Vina in your work, please cite:          #
#                                                               #
# O. Trott, A. J. Olson,                                        #
# AutoDock Vina: improving the speed and accuracy of docking    #
# with a new scoring function, efficient optimization and       #
# multithreading, Journal of Computational Chemistry 31 (2010)  #
# 455-461                                                       #
#                                                               #
# DOI 10.1002/jcc.21334                                         #
#                                                               #
# Please see http://vina.scripps.edu for more information.      #
#################################################################

Output will be mol_datas/3248-05-3_out.pdbqt
Reading input ... done.
Setting up the scoring function ... done.
Analyzing the binding site ... done.
Using random seed: 1000
Performing search ... done.
Refining results ... done.

mode |   affinity | dist from best mode
     | (kcal/mol) | rmsd l.b.| rmsd u.b.
-----+------------+----------+----------
   1         -6.4      0.000      0.000
   2         -6.2      8.167      9.942
   3         -6.2      8.175     10.631
   4         -5.5      7.667      9.824
   5         -5.5      7.633     10.513
   6         -5.4      2.163      4.065
   7         -5.1     22.979     24.178
   8         -5.1     22.972     24.117
   9         -5.1     23.175     24.318
  10         -4.8     14.241     14.742
  11         -4.8      1.512      5.472
  12         -4.8     15.158     15.475
  13         -4.8     15.268     15.821
  14         -4.8     14.443     15.305
  15         -4.7      2.303      4.131
  16         -4.7     14.298     15.555
  17         -4.5     14.400     15.336
  18         -4.5     14.748     15.387
  19         -4.4     20.900     22.607
  20         -4.4     20.912     22.588
Writing output ... done.
