#################################################################
# If you used AutoDock Vina in your work, please cite:          #
#                                                               #
# O. Trott, A. J. Olson,                                        #
# AutoDock Vina: improving the speed and accuracy of docking    #
# with a new scoring function, efficient optimization and       #
# multithreading, Journal of Computational Chemistry 31 (2010)  #
# 455-461                                                       #
#                                                               #
# DOI 10.1002/jcc.21334                                         #
#                                                               #
# Please see http://vina.scripps.edu for more information.      #
#################################################################

Output will be mol_datas/110-12-3_out.pdbqt
Reading input ... done.
Setting up the scoring function ... done.
Analyzing the binding site ... done.
Using random seed: 1000
Performing search ... done.
Refining results ... done.

mode |   affinity | dist from best mode
     | (kcal/mol) | rmsd l.b.| rmsd u.b.
-----+------------+----------+----------
   1         -5.1      0.000      0.000
   2         -5.0      2.897      4.694
   3         -5.0      3.237      4.958
   4         -4.8      3.564      5.350
   5         -4.7      3.972      5.488
   6         -4.6      2.566      3.355
   7         -4.5      3.929      4.564
   8         -4.4      8.718     10.243
   9         -4.4      8.122      9.545
  10         -4.3      8.374      9.699
  11         -4.2      2.568      3.932
  12         -4.1      9.776     11.319
  13         -3.9      4.135      5.370
  14         -3.9      8.761     10.633
  15         -3.8      8.336      9.271
  16         -3.7     18.735     19.624
  17         -3.6      9.146     10.649
  18         -3.5     19.063     19.918
  19         -3.4     17.836     18.704
  20         -3.2     18.970     19.967
Writing output ... done.
