#################################################################
# If you used AutoDock Vina in your work, please cite:          #
#                                                               #
# O. Trott, A. J. Olson,                                        #
# AutoDock Vina: improving the speed and accuracy of docking    #
# with a new scoring function, efficient optimization and       #
# multithreading, Journal of Computational Chemistry 31 (2010)  #
# 455-461                                                       #
#                                                               #
# DOI 10.1002/jcc.21334                                         #
#                                                               #
# Please see http://vina.scripps.edu for more information.      #
#################################################################

Output will be mol_datas/475-31-0_out.pdbqt
Reading input ... done.
Setting up the scoring function ... done.
Analyzing the binding site ... done.
Using random seed: 1000
Performing search ... done.
Refining results ... done.

mode |   affinity | dist from best mode
     | (kcal/mol) | rmsd l.b.| rmsd u.b.
-----+------------+----------+----------
   1         -5.2      0.000      0.000
   2         -5.1      1.857      2.820
   3         -5.1      4.007      7.993
   4         -5.1      3.489      8.163
   5         -4.9      4.564      8.754
   6         -4.9      3.706      7.848
   7         -4.7      3.414      8.356
   8         -4.7      3.337      8.193
   9         -4.6      5.278      8.853
  10         -4.5      3.060      8.144
  11         -4.5      5.582      9.924
  12         -4.5      4.656      8.000
  13         -4.3      3.800      6.867
  14         -4.0      3.190      8.617
  15         -3.8      4.743      6.391
  16         -2.9      3.286      8.527
Writing output ... done.
