#################################################################
# If you used AutoDock Vina in your work, please cite:          #
#                                                               #
# O. Trott, A. J. Olson,                                        #
# AutoDock Vina: improving the speed and accuracy of docking    #
# with a new scoring function, efficient optimization and       #
# multithreading, Journal of Computational Chemistry 31 (2010)  #
# 455-461                                                       #
#                                                               #
# DOI 10.1002/jcc.21334                                         #
#                                                               #
# Please see http://vina.scripps.edu for more information.      #
#################################################################

Output will be mol_datas/691-37-2_out.pdbqt
Reading input ... done.
Setting up the scoring function ... done.
Analyzing the binding site ... done.
Using random seed: 1000
Performing search ... done.
Refining results ... done.

mode |   affinity | dist from best mode
     | (kcal/mol) | rmsd l.b.| rmsd u.b.
-----+------------+----------+----------
   1         -4.4      0.000      0.000
   2         -4.4      0.937      3.319
   3         -4.4      1.254      2.526
   4         -4.3      3.869      5.412
   5         -4.2      4.531      6.154
   6         -4.2      2.933      4.538
   7         -4.1      2.641      3.817
   8         -4.0      3.430      4.756
   9         -3.9     10.822     12.342
  10         -3.8      2.208      3.894
  11         -3.8      3.451      5.079
  12         -3.7      9.556     11.163
  13         -3.7      8.660     10.218
  14         -3.6     10.876     12.225
  15         -3.6     10.714     11.549
  16         -3.5      4.394      6.269
  17         -3.5     10.613     11.548
  18         -3.4     11.222     12.839
  19         -3.4     11.760     12.670
  20         -3.1     10.275     11.404
Writing output ... done.
