#################################################################
# If you used AutoDock Vina in your work, please cite:          #
#                                                               #
# O. Trott, A. J. Olson,                                        #
# AutoDock Vina: improving the speed and accuracy of docking    #
# with a new scoring function, efficient optimization and       #
# multithreading, Journal of Computational Chemistry 31 (2010)  #
# 455-461                                                       #
#                                                               #
# DOI 10.1002/jcc.21334                                         #
#                                                               #
# Please see http://vina.scripps.edu for more information.      #
#################################################################

Output will be mol_datas/78-87-5_out.pdbqt
Reading input ... done.
Setting up the scoring function ... done.
Analyzing the binding site ... done.
Using random seed: 1000
Performing search ... done.
Refining results ... done.

mode |   affinity | dist from best mode
     | (kcal/mol) | rmsd l.b.| rmsd u.b.
-----+------------+----------+----------
   1         -3.6      0.000      0.000
   2         -3.5      1.585      2.959
   3         -3.4      1.563      2.731
   4         -3.4      2.099      2.349
   5         -3.3      4.644      5.357
   6         -3.3      2.265      2.532
   7         -3.3      2.081      3.221
   8         -3.2      4.288      5.376
   9         -3.2      2.191      2.407
  10         -3.1      3.858      4.467
  11         -3.1      4.273      4.853
  12         -3.1      2.632      3.239
  13         -3.0      4.706      5.687
  14         -3.0      3.386      4.595
  15         -2.9     12.396     13.005
  16         -2.9     11.874     12.611
  17         -2.8      9.516     10.341
  18         -2.8      3.707      4.659
  19         -2.8      8.651      9.202
  20         -2.8      9.606     10.367
Writing output ... done.
