#################################################################
# If you used AutoDock Vina in your work, please cite:          #
#                                                               #
# O. Trott, A. J. Olson,                                        #
# AutoDock Vina: improving the speed and accuracy of docking    #
# with a new scoring function, efficient optimization and       #
# multithreading, Journal of Computational Chemistry 31 (2010)  #
# 455-461                                                       #
#                                                               #
# DOI 10.1002/jcc.21334                                         #
#                                                               #
# Please see http://vina.scripps.edu for more information.      #
#################################################################

Output will be mol_datas/23184-66-9_out.pdbqt
Reading input ... done.
Setting up the scoring function ... done.
Analyzing the binding site ... done.
Using random seed: 1000
Performing search ... done.
Refining results ... done.

mode |   affinity | dist from best mode
     | (kcal/mol) | rmsd l.b.| rmsd u.b.
-----+------------+----------+----------
   1         -3.9      0.000      0.000
   2         -3.9      0.486      2.901
   3         -3.8     15.767     17.807
   4         -3.5     15.139     17.024
   5         -3.5      1.698      2.946
   6         -3.4      2.017      4.360
   7         -3.4      2.379      4.796
   8         -3.4      2.082      3.547
   9         -3.4     14.017     16.624
  10         -3.3      1.669      3.458
  11         -3.3     14.561     17.428
  12         -3.2      2.363      5.072
  13         -3.1      2.430      5.300
  14         -3.0      2.191      3.389
  15         -3.0      2.557      5.402
  16         -2.9     13.360     15.881
  17         -2.9      2.724      4.904
  18         -2.9      2.524      4.263
  19         -2.8      2.480      4.919
  20         -2.7      2.480      5.589
Writing output ... done.
