#################################################################
# If you used AutoDock Vina in your work, please cite:          #
#                                                               #
# O. Trott, A. J. Olson,                                        #
# AutoDock Vina: improving the speed and accuracy of docking    #
# with a new scoring function, efficient optimization and       #
# multithreading, Journal of Computational Chemistry 31 (2010)  #
# 455-461                                                       #
#                                                               #
# DOI 10.1002/jcc.21334                                         #
#                                                               #
# Please see http://vina.scripps.edu for more information.      #
#################################################################

Output will be mol_datas/589-93-5_out.pdbqt
Reading input ... done.
Setting up the scoring function ... done.
Analyzing the binding site ... done.
Using random seed: 1000
Performing search ... done.
Refining results ... done.

mode |   affinity | dist from best mode
     | (kcal/mol) | rmsd l.b.| rmsd u.b.
-----+------------+----------+----------
   1         -5.7      0.000      0.000
   2         -5.6      1.081      3.757
   3         -5.4      3.478      5.141
   4         -5.3      3.269      4.822
   5         -5.1      3.276      4.500
   6         -5.1      3.072      4.057
   7         -5.1      1.372      3.234
   8         -5.1      2.536      4.228
   9         -5.0      1.589      2.473
  10         -5.0      3.302      4.420
  11         -4.8     10.487     11.625
  12         -4.8      9.424     10.573
  13         -4.7      9.442     10.516
  14         -4.7      3.062      3.741
  15         -4.4      1.613      3.765
  16         -4.4      7.291      8.329
  17         -4.2     10.108     11.371
  18         -4.0     11.121     12.281
  19         -3.9      9.436     10.534
  20         -3.6     16.426     17.817
Writing output ... done.
