#################################################################
# If you used AutoDock Vina in your work, please cite:          #
#                                                               #
# O. Trott, A. J. Olson,                                        #
# AutoDock Vina: improving the speed and accuracy of docking    #
# with a new scoring function, efficient optimization and       #
# multithreading, Journal of Computational Chemistry 31 (2010)  #
# 455-461                                                       #
#                                                               #
# DOI 10.1002/jcc.21334                                         #
#                                                               #
# Please see http://vina.scripps.edu for more information.      #
#################################################################

Output will be mol_datas/514-17-0_out.pdbqt
Reading input ... done.
Setting up the scoring function ... done.
Analyzing the binding site ... done.
Using random seed: 1000
Performing search ... done.
Refining results ... done.

mode |   affinity | dist from best mode
     | (kcal/mol) | rmsd l.b.| rmsd u.b.
-----+------------+----------+----------
   1         -5.3      0.000      0.000
   2         -5.2     15.038     17.287
   3         -5.0     11.946     14.605
   4         -5.0     12.798     15.390
   5         -4.7     14.034     16.787
   6         -4.7     12.390     14.602
   7         -4.7     13.437     15.896
   8         -4.7      7.833     10.309
   9         -4.7     15.542     17.573
  10         -4.7     12.057     15.760
  11         -4.6     14.065     16.942
  12         -4.5      1.633      6.224
  13         -4.5      1.773      6.101
  14         -4.5     13.764     15.530
  15         -4.5     15.154     17.176
  16         -4.3     11.307     14.378
  17         -4.3      2.514      6.147
  18         -4.3      7.415      9.817
  19         -4.3      9.769     11.778
  20         -4.3     12.419     15.226
Writing output ... done.
