#################################################################
# If you used AutoDock Vina in your work, please cite:          #
#                                                               #
# O. Trott, A. J. Olson,                                        #
# AutoDock Vina: improving the speed and accuracy of docking    #
# with a new scoring function, efficient optimization and       #
# multithreading, Journal of Computational Chemistry 31 (2010)  #
# 455-461                                                       #
#                                                               #
# DOI 10.1002/jcc.21334                                         #
#                                                               #
# Please see http://vina.scripps.edu for more information.      #
#################################################################

Output will be mol_datas/103-65-1_out.pdbqt
Reading input ... done.
Setting up the scoring function ... done.
Analyzing the binding site ... done.
Using random seed: 1000
Performing search ... done.
Refining results ... done.

mode |   affinity | dist from best mode
     | (kcal/mol) | rmsd l.b.| rmsd u.b.
-----+------------+----------+----------
   1         -6.6      0.000      0.000
   2         -6.6      0.029      1.616
   3         -6.3      1.896      4.966
   4         -6.3      1.999      4.896
   5         -6.2      1.928      5.115
   6         -5.8      2.887      4.448
   7         -5.8      2.202      3.526
   8         -5.5      3.070      4.793
   9         -5.5      9.671     11.040
  10         -5.5     10.594     11.776
  11         -5.3      2.007      4.163
  12         -5.2      3.108      4.836
  13         -5.1      9.796     11.018
  14         -5.1      9.857     11.164
  15         -4.6     11.935     13.019
  16         -4.6      8.150      9.264
  17         -4.2     12.823     14.031
  18         -3.8     15.286     15.987
  19         -3.8     19.916     20.620
Writing output ... done.
