#################################################################
# If you used AutoDock Vina in your work, please cite:          #
#                                                               #
# O. Trott, A. J. Olson,                                        #
# AutoDock Vina: improving the speed and accuracy of docking    #
# with a new scoring function, efficient optimization and       #
# multithreading, Journal of Computational Chemistry 31 (2010)  #
# 455-461                                                       #
#                                                               #
# DOI 10.1002/jcc.21334                                         #
#                                                               #
# Please see http://vina.scripps.edu for more information.      #
#################################################################

Output will be mol_datas/108-11-2_out.pdbqt
Reading input ... done.
Setting up the scoring function ... done.
Analyzing the binding site ... done.
Using random seed: 1000
Performing search ... done.
Refining results ... done.

mode |   affinity | dist from best mode
     | (kcal/mol) | rmsd l.b.| rmsd u.b.
-----+------------+----------+----------
   1         -5.0      0.000      0.000
   2         -4.7      1.575      3.393
   3         -4.5      1.532      3.738
   4         -4.5      4.810      5.797
   5         -4.4      1.774      3.665
   6         -4.3      3.122      4.125
   7         -4.2      3.440      4.910
   8         -4.1      2.278      3.679
   9         -4.1      3.336      4.222
  10         -4.1      3.278      4.118
  11         -4.1     10.340     11.180
  12         -4.0      3.051      3.907
  13         -3.9     11.149     11.945
  14         -3.9      3.839      5.086
  15         -3.7      9.732     10.680
  16         -3.6      2.173      3.494
  17         -3.3     15.643     16.359
  18         -3.0     15.415     16.220
  19         -2.9     15.644     16.863
  20         -2.7     15.649     16.751
Writing output ... done.
