#################################################################
# If you used AutoDock Vina in your work, please cite:          #
#                                                               #
# O. Trott, A. J. Olson,                                        #
# AutoDock Vina: improving the speed and accuracy of docking    #
# with a new scoring function, efficient optimization and       #
# multithreading, Journal of Computational Chemistry 31 (2010)  #
# 455-461                                                       #
#                                                               #
# DOI 10.1002/jcc.21334                                         #
#                                                               #
# Please see http://vina.scripps.edu for more information.      #
#################################################################

Output will be mol_datas/243-17-4_out.pdbqt
Reading input ... done.
Setting up the scoring function ... done.
Analyzing the binding site ... done.
Using random seed: 1000
Performing search ... done.
Refining results ... done.

mode |   affinity | dist from best mode
     | (kcal/mol) | rmsd l.b.| rmsd u.b.
-----+------------+----------+----------
   1         -8.4      0.000      0.000
   2         -7.6      0.589      5.802
   3         -7.4      1.189      2.692
   4         -7.4      2.393      4.124
   5         -7.3      2.776      5.877
   6         -7.3      1.246      6.328
   7         -7.2      2.809      3.819
   8         -7.1      2.259      5.970
   9         -6.6      2.068      5.578
  10         -6.5      6.882     11.982
  11         -6.5      2.736      5.711
  12         -6.5      6.922     10.705
  13         -6.4      7.321      9.535
  14         -6.3      6.764      9.278
  15         -6.2     16.555     18.457
  16         -6.2      6.603     11.519
  17         -6.1     14.362     15.869
  18         -6.1     16.719     17.603
  19         -5.8     14.440     15.881
Writing output ... done.
