#################################################################
# If you used AutoDock Vina in your work, please cite:          #
#                                                               #
# O. Trott, A. J. Olson,                                        #
# AutoDock Vina: improving the speed and accuracy of docking    #
# with a new scoring function, efficient optimization and       #
# multithreading, Journal of Computational Chemistry 31 (2010)  #
# 455-461                                                       #
#                                                               #
# DOI 10.1002/jcc.21334                                         #
#                                                               #
# Please see http://vina.scripps.edu for more information.      #
#################################################################

Output will be mol_datas/88-14-2_out.pdbqt
Reading input ... done.
Setting up the scoring function ... done.
Analyzing the binding site ... done.
Using random seed: 1000
Performing search ... done.
Refining results ... done.

mode |   affinity | dist from best mode
     | (kcal/mol) | rmsd l.b.| rmsd u.b.
-----+------------+----------+----------
   1         -5.4      0.000      0.000
   2         -5.3      1.361      1.892
   3         -4.8      2.902      4.353
   4         -4.8      1.805      3.479
   5         -4.7      1.889      3.288
   6         -4.7      4.198      5.681
   7         -4.6      8.896      9.990
   8         -4.6      4.181      5.279
   9         -4.5     10.754     11.710
  10         -4.4      2.533      3.691
  11         -4.4     10.541     11.676
  12         -4.3     10.982     11.908
  13         -4.3      9.581     10.714
  14         -4.2     10.008     11.045
  15         -4.2      5.336      6.292
  16         -4.2      3.509      4.743
  17         -4.0     12.459     13.449
  18         -3.2     19.758     20.698
  19         -3.0     19.678     20.481
  20         -2.6     15.578     16.922
Writing output ... done.
