#################################################################
# If you used AutoDock Vina in your work, please cite:          #
#                                                               #
# O. Trott, A. J. Olson,                                        #
# AutoDock Vina: improving the speed and accuracy of docking    #
# with a new scoring function, efficient optimization and       #
# multithreading, Journal of Computational Chemistry 31 (2010)  #
# 455-461                                                       #
#                                                               #
# DOI 10.1002/jcc.21334                                         #
#                                                               #
# Please see http://vina.scripps.edu for more information.      #
#################################################################

Output will be mol_datas/204443-27-6_out.pdbqt
Reading input ... done.
Setting up the scoring function ... done.
Analyzing the binding site ... done.
Using random seed: 1000
Performing search ... done.
Refining results ... done.

mode |   affinity | dist from best mode
     | (kcal/mol) | rmsd l.b.| rmsd u.b.
-----+------------+----------+----------
   1         -6.0      0.000      0.000
   2         -5.9      1.903      3.134
   3         -5.8      3.040      5.248
   4         -5.7      2.528      4.721
   5         -5.7      2.373      4.521
   6         -5.6      7.437      8.549
   7         -5.5      7.567      8.707
   8         -5.5      2.348      3.485
   9         -5.5      8.171     10.016
  10         -5.5      8.064      9.899
  11         -5.4      8.748     10.323
  12         -5.2      9.062     10.663
  13         -5.1      3.100      4.737
  14         -5.1      1.931      3.102
  15         -4.9      8.131      9.577
  16         -4.4      8.307      9.912
  17         -4.4      2.483      5.069
  18         -4.2      5.847      7.631
  19         -4.1      9.904     11.585
  20         -3.8      2.484      3.873
Writing output ... done.
