#################################################################
# If you used AutoDock Vina in your work, please cite:          #
#                                                               #
# O. Trott, A. J. Olson,                                        #
# AutoDock Vina: improving the speed and accuracy of docking    #
# with a new scoring function, efficient optimization and       #
# multithreading, Journal of Computational Chemistry 31 (2010)  #
# 455-461                                                       #
#                                                               #
# DOI 10.1002/jcc.21334                                         #
#                                                               #
# Please see http://vina.scripps.edu for more information.      #
#################################################################

Output will be mol_datas/1125-84-4_out.pdbqt
Reading input ... done.
Setting up the scoring function ... done.
Analyzing the binding site ... done.
Using random seed: 1000
Performing search ... done.
Refining results ... done.

mode |   affinity | dist from best mode
     | (kcal/mol) | rmsd l.b.| rmsd u.b.
-----+------------+----------+----------
   1         -5.9      0.000      0.000
   2         -5.8      3.106      4.562
   3         -5.4      2.067      2.797
   4         -5.4      7.256      8.887
   5         -5.3      7.552      8.469
   6         -5.3      7.634      9.035
   7         -5.2      3.537      5.218
   8         -5.2      2.486      4.239
   9         -5.0      2.868      4.135
  10         -5.0      6.937      7.985
  11         -5.0      7.386      8.372
  12         -5.0      7.021      7.755
  13         -4.8      1.767      2.720
  14         -4.7      7.989      9.509
  15         -4.5      3.982      5.780
  16         -4.2      5.962      7.577
  17         -4.0      2.552      4.524
  18         -4.0      4.251      5.957
  19         -3.9     19.301     19.989
  20         -3.9     18.600     19.458
Writing output ... done.
