#################################################################
# If you used AutoDock Vina in your work, please cite:          #
#                                                               #
# O. Trott, A. J. Olson,                                        #
# AutoDock Vina: improving the speed and accuracy of docking    #
# with a new scoring function, efficient optimization and       #
# multithreading, Journal of Computational Chemistry 31 (2010)  #
# 455-461                                                       #
#                                                               #
# DOI 10.1002/jcc.21334                                         #
#                                                               #
# Please see http://vina.scripps.edu for more information.      #
#################################################################

Output will be mol_datas/51-98-9_out.pdbqt
Reading input ... done.
Setting up the scoring function ... done.
Analyzing the binding site ... done.
Using random seed: 1000
Performing search ... done.
Refining results ... done.

mode |   affinity | dist from best mode
     | (kcal/mol) | rmsd l.b.| rmsd u.b.
-----+------------+----------+----------
   1         -6.3      0.000      0.000
   2         -6.2     14.923     16.367
   3         -5.9     14.811     16.242
   4         -5.7     14.957     16.634
   5         -5.7     14.878     17.692
   6         -5.6     14.443     16.875
   7         -5.6     14.839     17.731
   8         -5.4     17.052     18.613
   9         -5.4     14.753     16.783
  10         -5.4     14.764     17.579
  11         -5.3     15.122     16.737
  12         -5.3     14.418     16.574
  13         -5.1     14.914     17.331
  14         -5.1     15.204     17.359
  15         -5.1     15.209     16.647
  16         -5.0     16.297     17.960
  17         -5.0     14.992     16.549
  18         -4.9     14.964     16.709
  19         -4.9     16.120     18.991
  20         -4.7     14.862     17.449
Writing output ... done.
