#################################################################
# If you used AutoDock Vina in your work, please cite:          #
#                                                               #
# O. Trott, A. J. Olson,                                        #
# AutoDock Vina: improving the speed and accuracy of docking    #
# with a new scoring function, efficient optimization and       #
# multithreading, Journal of Computational Chemistry 31 (2010)  #
# 455-461                                                       #
#                                                               #
# DOI 10.1002/jcc.21334                                         #
#                                                               #
# Please see http://vina.scripps.edu for more information.      #
#################################################################

Output will be mol_datas/52251-71-5_out.pdbqt
Reading input ... done.
Setting up the scoring function ... done.
Analyzing the binding site ... done.
Using random seed: 1000
Performing search ... done.
Refining results ... done.

mode |   affinity | dist from best mode
     | (kcal/mol) | rmsd l.b.| rmsd u.b.
-----+------------+----------+----------
   1         -7.3      0.000      0.000
   2         -7.2      0.841      5.724
   3         -7.1      2.754      3.887
   4         -6.9      0.863      5.789
   5         -6.8      1.044      6.194
   6         -6.8      0.858      1.148
   7         -6.7      1.274      2.861
   8         -6.5      7.133      9.087
   9         -6.4     16.267     18.430
  10         -6.0      2.706      5.762
  11         -5.8     14.398     15.898
  12         -5.5     16.326     18.517
  13         -5.4     16.802     19.894
  14         -5.4     15.273     15.697
  15         -5.3     14.667     16.302
  16         -5.2      6.592      9.061
  17         -5.2     14.923     15.865
  18         -5.1     15.148     15.680
  19         -5.0     15.423     16.013
  20         -4.9     15.242     16.822
Writing output ... done.
