#################################################################
# If you used AutoDock Vina in your work, please cite:          #
#                                                               #
# O. Trott, A. J. Olson,                                        #
# AutoDock Vina: improving the speed and accuracy of docking    #
# with a new scoring function, efficient optimization and       #
# multithreading, Journal of Computational Chemistry 31 (2010)  #
# 455-461                                                       #
#                                                               #
# DOI 10.1002/jcc.21334                                         #
#                                                               #
# Please see http://vina.scripps.edu for more information.      #
#################################################################

Output will be mol_datas/575-41-7_out.pdbqt
Reading input ... done.
Setting up the scoring function ... done.
Analyzing the binding site ... done.
Using random seed: 1000
Performing search ... done.
Refining results ... done.

mode |   affinity | dist from best mode
     | (kcal/mol) | rmsd l.b.| rmsd u.b.
-----+------------+----------+----------
   1         -8.7      0.000      0.000
   2         -8.5      0.917      2.875
   3         -8.2      2.104      5.047
   4         -8.1      2.644      4.170
   5         -7.2      2.616      4.301
   6         -7.1      1.070      4.051
   7         -7.0      1.397      4.098
   8         -6.6      8.355     10.602
   9         -6.3     16.586     17.518
  10         -6.3     16.717     17.710
  11         -6.2     16.510     16.966
  12         -6.2      1.207      3.217
  13         -6.1     16.725     17.577
  14         -6.1      7.246     10.325
  15         -6.0      7.547     10.067
  16         -6.0     16.596     17.317
  17         -5.8      0.999      3.736
Writing output ... done.
