#################################################################
# If you used AutoDock Vina in your work, please cite:          #
#                                                               #
# O. Trott, A. J. Olson,                                        #
# AutoDock Vina: improving the speed and accuracy of docking    #
# with a new scoring function, efficient optimization and       #
# multithreading, Journal of Computational Chemistry 31 (2010)  #
# 455-461                                                       #
#                                                               #
# DOI 10.1002/jcc.21334                                         #
#                                                               #
# Please see http://vina.scripps.edu for more information.      #
#################################################################

Output will be mol_datas/14309-40-1_out.pdbqt
Reading input ... done.
Setting up the scoring function ... done.
Analyzing the binding site ... done.
Using random seed: 1000
Performing search ... done.
Refining results ... done.

mode |   affinity | dist from best mode
     | (kcal/mol) | rmsd l.b.| rmsd u.b.
-----+------------+----------+----------
   1         -7.6      0.000      0.000
   2         -7.3      4.505      8.396
   3         -7.2      3.913      8.109
   4         -7.1      1.432      2.297
   5         -6.9      4.343      8.465
   6         -6.9      3.568      7.430
   7         -6.7      6.649      9.704
   8         -6.6      2.408      3.117
   9         -6.5      3.678      7.156
  10         -6.4      3.796      7.491
  11         -6.3      3.230      4.554
  12         -6.1      6.147      7.835
  13         -6.0      2.680      6.781
  14         -5.8      5.686      9.798
  15         -5.7      3.020      4.077
  16         -5.6      3.377      6.777
  17         -5.5      5.396      8.053
  18         -5.2      3.118      4.568
  19         -4.9      5.983      7.728
Writing output ... done.
