#################################################################
# If you used AutoDock Vina in your work, please cite:          #
#                                                               #
# O. Trott, A. J. Olson,                                        #
# AutoDock Vina: improving the speed and accuracy of docking    #
# with a new scoring function, efficient optimization and       #
# multithreading, Journal of Computational Chemistry 31 (2010)  #
# 455-461                                                       #
#                                                               #
# DOI 10.1002/jcc.21334                                         #
#                                                               #
# Please see http://vina.scripps.edu for more information.      #
#################################################################

Output will be mol_datas/110-44-1_out.pdbqt
Reading input ... done.
Setting up the scoring function ... done.
Analyzing the binding site ... done.
Using random seed: 1000
Performing search ... done.
Refining results ... done.

mode |   affinity | dist from best mode
     | (kcal/mol) | rmsd l.b.| rmsd u.b.
-----+------------+----------+----------
   1         -5.4      0.000      0.000
   2         -5.2      1.350      2.240
   3         -5.2      2.604      4.369
   4         -5.1      3.562      4.808
   5         -5.1      2.670      4.364
   6         -5.0      2.858      3.750
   7         -4.9      1.916      3.201
   8         -4.8      9.943     10.531
   9         -4.8      2.186      2.529
  10         -4.7      2.550      3.188
  11         -4.6      2.037      2.912
  12         -4.5      9.875     10.815
  13         -4.4      2.935      3.718
  14         -4.4      9.118      9.855
  15         -4.4      3.275      3.797
  16         -4.3      2.102      2.518
  17         -4.3     10.795     11.448
  18         -4.3      9.828     10.647
  19         -4.2      3.143      4.275
  20         -4.2      9.719     10.572
Writing output ... done.
