#################################################################
# If you used AutoDock Vina in your work, please cite:          #
#                                                               #
# O. Trott, A. J. Olson,                                        #
# AutoDock Vina: improving the speed and accuracy of docking    #
# with a new scoring function, efficient optimization and       #
# multithreading, Journal of Computational Chemistry 31 (2010)  #
# 455-461                                                       #
#                                                               #
# DOI 10.1002/jcc.21334                                         #
#                                                               #
# Please see http://vina.scripps.edu for more information.      #
#################################################################

Output will be mol_datas/351-83-7_out.pdbqt
Reading input ... done.
Setting up the scoring function ... done.
Analyzing the binding site ... done.
Using random seed: 1000
Performing search ... done.
Refining results ... done.

mode |   affinity | dist from best mode
     | (kcal/mol) | rmsd l.b.| rmsd u.b.
-----+------------+----------+----------
   1         -6.8      0.000      0.000
   2         -6.7      0.061      1.462
   3         -6.5      3.640      4.935
   4         -6.4      1.523      1.831
   5         -6.2      7.676      8.933
   6         -6.2      1.766      2.508
   7         -6.0      2.844      3.603
   8         -5.9      3.614      4.814
   9         -5.7      3.286      4.105
  10         -5.7     10.689     12.179
  11         -5.5      3.264      4.577
  12         -5.4      4.648      5.792
  13         -5.0      9.543     10.940
  14         -5.0      2.905      3.916
  15         -5.0      9.926     11.437
  16         -4.8      8.931     10.099
  17         -4.8      6.973      8.445
  18         -4.7      8.097      9.647
  19         -4.7      9.295     10.792
  20         -4.5      9.148      9.901
Writing output ... done.
