#################################################################
# If you used AutoDock Vina in your work, please cite:          #
#                                                               #
# O. Trott, A. J. Olson,                                        #
# AutoDock Vina: improving the speed and accuracy of docking    #
# with a new scoring function, efficient optimization and       #
# multithreading, Journal of Computational Chemistry 31 (2010)  #
# 455-461                                                       #
#                                                               #
# DOI 10.1002/jcc.21334                                         #
#                                                               #
# Please see http://vina.scripps.edu for more information.      #
#################################################################

Output will be mol_datas/133-91-5_out.pdbqt
Reading input ... done.
Setting up the scoring function ... done.
Analyzing the binding site ... done.
Using random seed: 1000
Performing search ... done.
Refining results ... done.

mode |   affinity | dist from best mode
     | (kcal/mol) | rmsd l.b.| rmsd u.b.
-----+------------+----------+----------
   1         -6.4      0.000      0.000
   2         -6.3      3.325      4.015
   3         -5.9      2.302      3.742
   4         -5.8      2.171      3.439
   5         -5.7      3.047      4.309
   6         -5.5      0.951      3.189
   7         -5.4      8.492      9.445
   8         -5.3      7.747      8.688
   9         -5.2      7.669      9.070
  10         -5.1      3.273      4.724
  11         -5.0      9.279     10.609
  12         -4.8      9.324     10.402
  13         -4.4      8.236      9.966
  14         -3.8     17.307     17.635
  15         -3.5     17.040     17.572
  16         -3.4     16.336     17.059
Writing output ... done.
