#################################################################
# If you used AutoDock Vina in your work, please cite:          #
#                                                               #
# O. Trott, A. J. Olson,                                        #
# AutoDock Vina: improving the speed and accuracy of docking    #
# with a new scoring function, efficient optimization and       #
# multithreading, Journal of Computational Chemistry 31 (2010)  #
# 455-461                                                       #
#                                                               #
# DOI 10.1002/jcc.21334                                         #
#                                                               #
# Please see http://vina.scripps.edu for more information.      #
#################################################################

Output will be mol_datas/2188-67-2_out.pdbqt
Reading input ... done.
Setting up the scoring function ... done.
Analyzing the binding site ... done.
Using random seed: 1000
Performing search ... done.
Refining results ... done.

mode |   affinity | dist from best mode
     | (kcal/mol) | rmsd l.b.| rmsd u.b.
-----+------------+----------+----------
   1         -7.7      0.000      0.000
   2         -7.5      2.500      8.307
   3         -7.5      2.802      3.524
   4         -7.2      2.748      8.685
   5         -7.2      3.169      8.648
   6         -7.1      1.278      1.823
   7         -6.6      2.758      7.767
   8         -6.4      2.113      6.943
   9         -6.3      3.290      6.447
  10         -5.6      1.909      7.006
  11         -5.6      3.443      6.529
  12         -5.4      1.691      2.601
Writing output ... done.
