#################################################################
# If you used AutoDock Vina in your work, please cite:          #
#                                                               #
# O. Trott, A. J. Olson,                                        #
# AutoDock Vina: improving the speed and accuracy of docking    #
# with a new scoring function, efficient optimization and       #
# multithreading, Journal of Computational Chemistry 31 (2010)  #
# 455-461                                                       #
#                                                               #
# DOI 10.1002/jcc.21334                                         #
#                                                               #
# Please see http://vina.scripps.edu for more information.      #
#################################################################

Output will be mol_datas/56-23-5_out.pdbqt
Reading input ... done.
Setting up the scoring function ... done.
Analyzing the binding site ... done.
Using random seed: 1000
Performing search ... done.
Refining results ... done.

mode |   affinity | dist from best mode
     | (kcal/mol) | rmsd l.b.| rmsd u.b.
-----+------------+----------+----------
   1         -3.4      0.000      0.000
   2         -3.4      0.007      2.597
   3         -3.4      0.023      2.249
   4         -3.4      0.018      2.250
   5         -3.4      0.002      2.249
   6         -3.4      0.027      2.259
   7         -3.4      0.024      2.597
   8         -3.4      0.077      2.244
   9         -3.4      0.123      2.598
  10         -3.3      3.800      5.085
  11         -3.3      3.805      4.635
  12         -3.3      3.752      5.041
  13         -3.3      1.580      2.080
  14         -3.3      1.656      2.640
  15         -3.2      1.624      2.746
  16         -3.1      2.071      3.426
  17         -3.1      2.048      3.281
  18         -3.1      2.052      3.211
  19         -3.0     11.313     12.558
  20         -2.7     10.146     11.406
Writing output ... done.
