#################################################################
# If you used AutoDock Vina in your work, please cite:          #
#                                                               #
# O. Trott, A. J. Olson,                                        #
# AutoDock Vina: improving the speed and accuracy of docking    #
# with a new scoring function, efficient optimization and       #
# multithreading, Journal of Computational Chemistry 31 (2010)  #
# 455-461                                                       #
#                                                               #
# DOI 10.1002/jcc.21334                                         #
#                                                               #
# Please see http://vina.scripps.edu for more information.      #
#################################################################

Output will be mol_datas/38380-08-4_out.pdbqt
Reading input ... done.
Setting up the scoring function ... done.
Analyzing the binding site ... done.
Using random seed: 1000
Performing search ... done.
Refining results ... done.

mode |   affinity | dist from best mode
     | (kcal/mol) | rmsd l.b.| rmsd u.b.
-----+------------+----------+----------
   1         -7.3      0.000      0.000
   2         -6.1      5.223      8.247
   3         -6.1      5.354      7.755
   4         -5.3     14.859     16.315
   5         -5.1     14.847     16.155
   6         -5.0     14.860     16.239
   7         -4.8     14.483     16.484
   8         -4.8     14.675     16.390
   9         -4.8      5.336     10.288
  10         -4.7     15.059     16.264
  11         -4.6     14.622     16.972
  12         -4.6     14.895     16.215
  13         -4.5     15.349     17.183
  14         -4.5     14.960     17.146
  15         -4.4     15.013     17.151
  16         -4.4     14.972     16.238
  17         -4.3     15.300     16.911
Writing output ... done.
