#################################################################
# If you used AutoDock Vina in your work, please cite:          #
#                                                               #
# O. Trott, A. J. Olson,                                        #
# AutoDock Vina: improving the speed and accuracy of docking    #
# with a new scoring function, efficient optimization and       #
# multithreading, Journal of Computational Chemistry 31 (2010)  #
# 455-461                                                       #
#                                                               #
# DOI 10.1002/jcc.21334                                         #
#                                                               #
# Please see http://vina.scripps.edu for more information.      #
#################################################################

Output will be mol_datas/120-72-9_out.pdbqt
Reading input ... done.
Setting up the scoring function ... done.
Analyzing the binding site ... done.
Using random seed: 1000
Performing search ... done.
Refining results ... done.

mode |   affinity | dist from best mode
     | (kcal/mol) | rmsd l.b.| rmsd u.b.
-----+------------+----------+----------
   1         -6.8      0.000      0.000
   2         -6.4      1.096      3.031
   3         -6.3      3.152      4.997
   4         -6.3      3.420      4.480
   5         -5.6      9.344     11.024
   6         -5.6      9.405     11.079
   7         -5.4      9.959     11.462
   8         -5.4      9.657     11.101
   9         -5.4      9.960     10.978
  10         -5.2      1.628      3.311
  11         -4.8     10.410     11.666
  12         -4.6      7.203      8.936
  13         -4.2      6.250      7.533
  14         -4.2     12.547     12.767
Writing output ... done.
