#################################################################
# If you used AutoDock Vina in your work, please cite:          #
#                                                               #
# O. Trott, A. J. Olson,                                        #
# AutoDock Vina: improving the speed and accuracy of docking    #
# with a new scoring function, efficient optimization and       #
# multithreading, Journal of Computational Chemistry 31 (2010)  #
# 455-461                                                       #
#                                                               #
# DOI 10.1002/jcc.21334                                         #
#                                                               #
# Please see http://vina.scripps.edu for more information.      #
#################################################################

Output will be mol_datas/526-75-0_out.pdbqt
Reading input ... done.
Setting up the scoring function ... done.
Analyzing the binding site ... done.
Using random seed: 1000
Performing search ... done.
Refining results ... done.

mode |   affinity | dist from best mode
     | (kcal/mol) | rmsd l.b.| rmsd u.b.
-----+------------+----------+----------
   1         -6.8      0.000      0.000
   2         -6.3      3.546      4.429
   3         -6.1      3.269      4.679
   4         -6.0      3.384      5.040
   5         -6.0      1.022      2.698
   6         -5.9      3.531      4.712
   7         -5.8      1.615      2.897
   8         -5.8      3.219      4.321
   9         -5.7      9.407     10.680
  10         -5.7     10.295     11.631
  11         -5.6      2.109      4.018
  12         -5.6      9.068     10.625
  13         -5.6      9.007     10.953
  14         -5.6      3.469      4.557
  15         -5.6      9.600     11.240
  16         -5.4      9.363     11.318
  17         -5.3      8.924     11.026
  18         -5.3      9.826     11.953
  19         -5.2      9.529     11.057
  20         -4.5     11.717     13.636
Writing output ... done.
