#################################################################
# If you used AutoDock Vina in your work, please cite:          #
#                                                               #
# O. Trott, A. J. Olson,                                        #
# AutoDock Vina: improving the speed and accuracy of docking    #
# with a new scoring function, efficient optimization and       #
# multithreading, Journal of Computational Chemistry 31 (2010)  #
# 455-461                                                       #
#                                                               #
# DOI 10.1002/jcc.21334                                         #
#                                                               #
# Please see http://vina.scripps.edu for more information.      #
#################################################################

Output will be mol_datas/19550-30-2_out.pdbqt
Reading input ... done.
Setting up the scoring function ... done.
Analyzing the binding site ... done.
Using random seed: 1000
Performing search ... done.
Refining results ... done.

mode |   affinity | dist from best mode
     | (kcal/mol) | rmsd l.b.| rmsd u.b.
-----+------------+----------+----------
   1         -4.7      0.000      0.000
   2         -4.6      2.429      3.995
   3         -4.5      4.252      5.028
   4         -4.5      1.103      2.064
   5         -4.5      2.667      3.661
   6         -4.3      1.749      2.987
   7         -4.3      1.598      2.511
   8         -4.2      3.281      4.172
   9         -4.2      3.684      4.745
  10         -4.1      9.039     10.588
  11         -4.1      2.532      3.542
  12         -4.1      2.553      3.502
  13         -4.0      3.493      4.725
  14         -4.0      6.208      7.681
  15         -4.0      8.753     10.276
  16         -4.0      3.194      4.887
  17         -4.0      8.179      9.659
  18         -4.0      3.692      4.860
  19         -4.0      3.562      4.143
  20         -4.0      7.660      9.547
Writing output ... done.
