#################################################################
# If you used AutoDock Vina in your work, please cite:          #
#                                                               #
# O. Trott, A. J. Olson,                                        #
# AutoDock Vina: improving the speed and accuracy of docking    #
# with a new scoring function, efficient optimization and       #
# multithreading, Journal of Computational Chemistry 31 (2010)  #
# 455-461                                                       #
#                                                               #
# DOI 10.1002/jcc.21334                                         #
#                                                               #
# Please see http://vina.scripps.edu for more information.      #
#################################################################

Output will be mol_datas/108-47-4_out.pdbqt
Reading input ... done.
Setting up the scoring function ... done.
Analyzing the binding site ... done.
Using random seed: 1000
Performing search ... done.
Refining results ... done.

mode |   affinity | dist from best mode
     | (kcal/mol) | rmsd l.b.| rmsd u.b.
-----+------------+----------+----------
   1         -5.7      0.000      0.000
   2         -5.6      0.981      3.036
   3         -5.5      1.098      2.268
   4         -5.5      3.460      5.123
   5         -5.4      1.385      3.626
   6         -5.3      3.001      4.170
   7         -5.3      3.333      4.316
   8         -5.3      2.092      4.153
   9         -5.2      3.507      4.642
  10         -5.1      2.267      3.323
  11         -5.0      2.058      3.406
  12         -5.0      1.685      3.392
  13         -5.0      1.768      2.293
  14         -5.0      9.967     10.904
  15         -4.7      1.307      3.538
  16         -4.7      1.169      2.228
  17         -4.7      8.195     10.776
  18         -4.6      9.494     10.553
  19         -4.6      6.681      9.295
  20         -4.6      8.776     10.107
Writing output ... done.
