#################################################################
# If you used AutoDock Vina in your work, please cite:          #
#                                                               #
# O. Trott, A. J. Olson,                                        #
# AutoDock Vina: improving the speed and accuracy of docking    #
# with a new scoring function, efficient optimization and       #
# multithreading, Journal of Computational Chemistry 31 (2010)  #
# 455-461                                                       #
#                                                               #
# DOI 10.1002/jcc.21334                                         #
#                                                               #
# Please see http://vina.scripps.edu for more information.      #
#################################################################

Output will be mol_datas/565-67-3_out.pdbqt
Reading input ... done.
Setting up the scoring function ... done.
Analyzing the binding site ... done.
Using random seed: 1000
Performing search ... done.
Refining results ... done.

mode |   affinity | dist from best mode
     | (kcal/mol) | rmsd l.b.| rmsd u.b.
-----+------------+----------+----------
   1         -4.8      0.000      0.000
   2         -4.8      0.938      3.257
   3         -4.6      0.867      1.650
   4         -4.6      1.745      2.461
   5         -4.5      2.177      3.520
   6         -4.4      3.328      4.568
   7         -4.3      5.043      6.037
   8         -4.2      4.809      5.749
   9         -4.2      4.158      5.139
  10         -4.2      3.393      4.775
  11         -4.1      8.019      8.808
  12         -4.1      9.510     10.744
  13         -4.1      3.868      4.783
  14         -4.0      9.284     10.392
  15         -3.9     10.951     12.045
  16         -3.9      2.633      3.788
  17         -3.8     10.305     10.939
  18         -3.8      8.790      9.904
  19         -3.8     10.981     12.060
  20         -3.8      3.512      4.411
Writing output ... done.
