#################################################################
# If you used AutoDock Vina in your work, please cite:          #
#                                                               #
# O. Trott, A. J. Olson,                                        #
# AutoDock Vina: improving the speed and accuracy of docking    #
# with a new scoring function, efficient optimization and       #
# multithreading, Journal of Computational Chemistry 31 (2010)  #
# 455-461                                                       #
#                                                               #
# DOI 10.1002/jcc.21334                                         #
#                                                               #
# Please see http://vina.scripps.edu for more information.      #
#################################################################

Output will be mol_datas/592-35-8_out.pdbqt
Reading input ... done.
Setting up the scoring function ... done.
Analyzing the binding site ... done.
Using random seed: 1000
Performing search ... done.
Refining results ... done.

mode |   affinity | dist from best mode
     | (kcal/mol) | rmsd l.b.| rmsd u.b.
-----+------------+----------+----------
   1         -5.0      0.000      0.000
   2         -4.8      2.314      4.327
   3         -4.6      1.730      2.128
   4         -4.6      2.752      3.002
   5         -4.5      2.587      4.186
   6         -4.5      2.334      3.636
   7         -4.5      6.023      6.696
   8         -4.4      2.802      4.602
   9         -4.3      8.739      9.692
  10         -4.3      9.766     10.752
  11         -4.2      4.614      5.229
  12         -4.2      3.867      4.882
  13         -4.2      3.479      4.184
  14         -4.1      9.815     10.681
  15         -4.0      3.295      4.102
  16         -4.0      4.029      5.418
  17         -3.9      3.681      4.181
  18         -3.9     11.326     12.190
  19         -3.9      9.826     10.770
  20         -3.8     10.934     11.823
Writing output ... done.
