#################################################################
# If you used AutoDock Vina in your work, please cite:          #
#                                                               #
# O. Trott, A. J. Olson,                                        #
# AutoDock Vina: improving the speed and accuracy of docking    #
# with a new scoring function, efficient optimization and       #
# multithreading, Journal of Computational Chemistry 31 (2010)  #
# 455-461                                                       #
#                                                               #
# DOI 10.1002/jcc.21334                                         #
#                                                               #
# Please see http://vina.scripps.edu for more information.      #
#################################################################

Output will be mol_datas/64-85-7_out.pdbqt
Reading input ... done.
Setting up the scoring function ... done.
Analyzing the binding site ... done.
Using random seed: 1000
Performing search ... done.
Refining results ... done.

mode |   affinity | dist from best mode
     | (kcal/mol) | rmsd l.b.| rmsd u.b.
-----+------------+----------+----------
   1         -6.0      0.000      0.000
   2         -5.6     13.440     15.392
   3         -5.3      8.408     14.591
   4         -5.2     12.971     15.493
   5         -5.1     12.080     17.217
   6         -5.1     11.468     14.281
   7         -5.1      1.939      7.539
   8         -5.0      9.232     13.713
   9         -5.0     11.463     13.844
  10         -4.9      7.526     13.063
  11         -4.8      8.382     11.705
  12         -4.8      1.696      2.137
  13         -4.8     13.376     14.726
  14         -4.7     11.009     15.523
  15         -4.6      7.856     12.011
  16         -4.5     11.957     14.090
  17         -4.4      5.852      9.497
  18         -4.4      2.611      4.626
  19         -4.4      2.149      7.673
  20         -4.3      7.611     13.757
Writing output ... done.
