#################################################################
# If you used AutoDock Vina in your work, please cite:          #
#                                                               #
# O. Trott, A. J. Olson,                                        #
# AutoDock Vina: improving the speed and accuracy of docking    #
# with a new scoring function, efficient optimization and       #
# multithreading, Journal of Computational Chemistry 31 (2010)  #
# 455-461                                                       #
#                                                               #
# DOI 10.1002/jcc.21334                                         #
#                                                               #
# Please see http://vina.scripps.edu for more information.      #
#################################################################

Output will be mol_datas/98-85-1_out.pdbqt
Reading input ... done.
Setting up the scoring function ... done.
Analyzing the binding site ... done.
Using random seed: 1000
Performing search ... done.
Refining results ... done.

mode |   affinity | dist from best mode
     | (kcal/mol) | rmsd l.b.| rmsd u.b.
-----+------------+----------+----------
   1         -6.9      0.000      0.000
   2         -6.9      0.010      1.615
   3         -6.2      2.113      4.323
   4         -6.1      3.394      5.013
   5         -6.0      3.097      4.760
   6         -5.8      1.801      2.079
   7         -5.7      3.513      4.645
   8         -5.7      3.059      4.175
   9         -5.7      1.529      3.361
  10         -5.7      3.318      4.399
  11         -5.5     10.124     11.274
  12         -5.5     10.169     11.256
  13         -5.3     10.345     11.299
  14         -5.3      1.546      2.690
  15         -5.3     10.229     11.343
  16         -5.2      2.436      3.655
  17         -5.1     10.409     11.472
  18         -5.1     10.675     11.699
  19         -5.0     10.639     11.706
  20         -4.8     10.550     11.580
Writing output ... done.
