#################################################################
# If you used AutoDock Vina in your work, please cite:          #
#                                                               #
# O. Trott, A. J. Olson,                                        #
# AutoDock Vina: improving the speed and accuracy of docking    #
# with a new scoring function, efficient optimization and       #
# multithreading, Journal of Computational Chemistry 31 (2010)  #
# 455-461                                                       #
#                                                               #
# DOI 10.1002/jcc.21334                                         #
#                                                               #
# Please see http://vina.scripps.edu for more information.      #
#################################################################

Output will be mol_datas/108-46-3_out.pdbqt
Reading input ... done.
Setting up the scoring function ... done.
Analyzing the binding site ... done.
Using random seed: 1000
Performing search ... done.
Refining results ... done.

mode |   affinity | dist from best mode
     | (kcal/mol) | rmsd l.b.| rmsd u.b.
-----+------------+----------+----------
   1         -5.6      0.000      0.000
   2         -5.6      0.009      2.961
   3         -5.6      4.743      5.509
   4         -5.4      1.564      3.273
   5         -5.4      1.568      2.311
   6         -5.4      1.671      2.120
   7         -5.2      1.664      3.531
   8         -5.1      3.696      4.650
   9         -5.1      9.682     10.606
  10         -5.1      9.640     10.743
  11         -5.0      2.322      4.056
  12         -4.9      8.230      9.301
  13         -4.9      8.239      9.173
  14         -4.9      8.844      9.693
  15         -4.9      8.782     10.074
  16         -4.8      1.645      2.419
  17         -4.8      9.023     10.359
  18         -4.8      2.729      4.041
  19         -4.8      8.763      9.665
  20         -4.7      8.063      9.266
Writing output ... done.
