#################################################################
# If you used AutoDock Vina in your work, please cite:          #
#                                                               #
# O. Trott, A. J. Olson,                                        #
# AutoDock Vina: improving the speed and accuracy of docking    #
# with a new scoring function, efficient optimization and       #
# multithreading, Journal of Computational Chemistry 31 (2010)  #
# 455-461                                                       #
#                                                               #
# DOI 10.1002/jcc.21334                                         #
#                                                               #
# Please see http://vina.scripps.edu for more information.      #
#################################################################

Output will be mol_datas/30564-38-6_out.pdbqt
Reading input ... done.
Setting up the scoring function ... done.
Analyzing the binding site ... done.
Using random seed: 1000
Performing search ... done.
Refining results ... done.

mode |   affinity | dist from best mode
     | (kcal/mol) | rmsd l.b.| rmsd u.b.
-----+------------+----------+----------
   1         -6.2      0.000      0.000
   2         -5.9      2.658      4.897
   3         -5.8      2.607      4.397
   4         -5.7      2.737      4.108
   5         -5.5      7.693     10.260
   6         -5.5      1.672      2.877
   7         -5.5      9.330     10.569
   8         -5.5      1.574      3.626
   9         -5.4      8.609     10.626
  10         -5.4      8.247     10.032
  11         -5.4      8.162     10.246
  12         -5.4      2.451      3.375
  13         -5.3      7.620     10.323
  14         -5.0      2.757      4.178
  15         -4.9      6.199      8.219
  16         -4.8      2.552      3.786
  17         -4.4      9.593     11.459
  18         -4.1      9.991     12.033
  19         -3.7     11.165     13.132
  20         -3.4     19.153     20.445
Writing output ... done.
