#################################################################
# If you used AutoDock Vina in your work, please cite:          #
#                                                               #
# O. Trott, A. J. Olson,                                        #
# AutoDock Vina: improving the speed and accuracy of docking    #
# with a new scoring function, efficient optimization and       #
# multithreading, Journal of Computational Chemistry 31 (2010)  #
# 455-461                                                       #
#                                                               #
# DOI 10.1002/jcc.21334                                         #
#                                                               #
# Please see http://vina.scripps.edu for more information.      #
#################################################################

Output will be mol_datas/139-40-2_out.pdbqt
Reading input ... done.
Setting up the scoring function ... done.
Analyzing the binding site ... done.
Using random seed: 1000
Performing search ... done.
Refining results ... done.

mode |   affinity | dist from best mode
     | (kcal/mol) | rmsd l.b.| rmsd u.b.
-----+------------+----------+----------
   1         -7.1      0.000      0.000
   2         -7.1      0.096      5.515
   3         -6.7      2.171      5.376
   4         -6.6      2.257      4.257
   5         -6.4      2.619      5.641
   6         -6.2      5.011      7.383
   7         -6.2      7.025      9.776
   8         -6.2      4.873      7.150
   9         -6.2      4.850      8.849
  10         -6.2      1.665      2.263
  11         -6.2      7.011      9.114
  12         -6.1      1.549      5.349
  13         -5.6      2.279      5.753
  14         -5.2      1.280      1.584
  15         -4.9      4.131      8.330
  16         -4.1      3.509      5.802
Writing output ... done.
