#################################################################
# If you used AutoDock Vina in your work, please cite:          #
#                                                               #
# O. Trott, A. J. Olson,                                        #
# AutoDock Vina: improving the speed and accuracy of docking    #
# with a new scoring function, efficient optimization and       #
# multithreading, Journal of Computational Chemistry 31 (2010)  #
# 455-461                                                       #
#                                                               #
# DOI 10.1002/jcc.21334                                         #
#                                                               #
# Please see http://vina.scripps.edu for more information.      #
#################################################################

Output will be mol_datas/598-53-8_out.pdbqt
Reading input ... done.
Setting up the scoring function ... done.
Analyzing the binding site ... done.
Using random seed: 1000
Performing search ... done.
Refining results ... done.

mode |   affinity | dist from best mode
     | (kcal/mol) | rmsd l.b.| rmsd u.b.
-----+------------+----------+----------
   1         -3.5      0.000      0.000
   2         -3.4      2.308      3.198
   3         -3.3      2.268      3.237
   4         -3.2      1.461      1.548
   5         -3.1      8.534      9.755
   6         -3.1      4.978      5.926
   7         -3.0      4.335      4.961
   8         -3.0      2.464      3.664
   9         -3.0      6.494      7.706
  10         -3.0      4.452      5.273
  11         -2.9      6.691      7.795
  12         -2.9      8.229      9.244
  13         -2.9     10.994     12.057
  14         -2.9      2.777      3.228
  15         -2.8      3.229      4.017
  16         -2.8      9.053     10.318
  17         -2.7     10.339     11.486
  18         -2.7     12.089     12.785
  19         -2.7     11.240     12.220
  20         -2.7      9.864     11.016
Writing output ... done.
