#################################################################
# If you used AutoDock Vina in your work, please cite:          #
#                                                               #
# O. Trott, A. J. Olson,                                        #
# AutoDock Vina: improving the speed and accuracy of docking    #
# with a new scoring function, efficient optimization and       #
# multithreading, Journal of Computational Chemistry 31 (2010)  #
# 455-461                                                       #
#                                                               #
# DOI 10.1002/jcc.21334                                         #
#                                                               #
# Please see http://vina.scripps.edu for more information.      #
#################################################################

Output will be mol_datas/453-20-3_out.pdbqt
Reading input ... done.
Setting up the scoring function ... done.
Analyzing the binding site ... done.
Using random seed: 1000
Performing search ... done.
Refining results ... done.

mode |   affinity | dist from best mode
     | (kcal/mol) | rmsd l.b.| rmsd u.b.
-----+------------+----------+----------
   1         -3.9      0.000      0.000
   2         -3.9      1.064      2.741
   3         -3.9      2.130      3.383
   4         -3.7      3.444      4.041
   5         -3.7      3.471      3.777
   6         -3.5      5.742      6.832
   7         -3.5      1.698      2.845
   8         -3.5      2.613      3.676
   9         -3.5      5.764      6.468
  10         -3.5      5.132      6.133
  11         -3.4      9.292     10.031
  12         -3.3      4.061      4.800
  13         -3.1      5.864      6.583
  14         -3.1     11.101     11.808
  15         -3.1      3.678      4.382
  16         -3.0     11.303     12.164
  17         -3.0     11.743     12.519
  18         -3.0      4.394      5.162
  19         -3.0     14.002     14.630
Writing output ... done.
