#################################################################
# If you used AutoDock Vina in your work, please cite:          #
#                                                               #
# O. Trott, A. J. Olson,                                        #
# AutoDock Vina: improving the speed and accuracy of docking    #
# with a new scoring function, efficient optimization and       #
# multithreading, Journal of Computational Chemistry 31 (2010)  #
# 455-461                                                       #
#                                                               #
# DOI 10.1002/jcc.21334                                         #
#                                                               #
# Please see http://vina.scripps.edu for more information.      #
#################################################################

Output will be mol_datas/108-93-0_out.pdbqt
Reading input ... done.
Setting up the scoring function ... done.
Analyzing the binding site ... done.
Using random seed: 1000
Performing search ... done.
Refining results ... done.

mode |   affinity | dist from best mode
     | (kcal/mol) | rmsd l.b.| rmsd u.b.
-----+------------+----------+----------
   1         -5.4      0.000      0.000
   2         -5.3      0.940      2.117
   3         -5.3      4.897      5.698
   4         -5.2      4.885      5.925
   5         -4.9      3.507      4.165
   6         -4.7      4.402      5.706
   7         -4.7      1.559      2.665
   8         -4.7      1.764      2.797
   9         -4.6      4.074      5.104
  10         -4.6      3.162      4.453
  11         -4.5     10.446     11.519
  12         -4.4     10.148     11.223
  13         -4.4     10.137     11.391
  14         -4.4      4.039      4.812
  15         -4.3     10.812     11.915
  16         -4.2     10.408     11.427
  17         -4.2      2.148      2.853
  18         -4.1      2.365      3.467
  19         -4.1     10.860     12.075
  20         -3.8      2.838      3.972
Writing output ... done.
