#################################################################
# If you used AutoDock Vina in your work, please cite:          #
#                                                               #
# O. Trott, A. J. Olson,                                        #
# AutoDock Vina: improving the speed and accuracy of docking    #
# with a new scoring function, efficient optimization and       #
# multithreading, Journal of Computational Chemistry 31 (2010)  #
# 455-461                                                       #
#                                                               #
# DOI 10.1002/jcc.21334                                         #
#                                                               #
# Please see http://vina.scripps.edu for more information.      #
#################################################################

Output will be mol_datas/629-06-1_out.pdbqt
Reading input ... done.
Setting up the scoring function ... done.
Analyzing the binding site ... done.
Using random seed: 1000
Performing search ... done.
Refining results ... done.

mode |   affinity | dist from best mode
     | (kcal/mol) | rmsd l.b.| rmsd u.b.
-----+------------+----------+----------
   1         -5.1      0.000      0.000
   2         -5.0      1.745      1.745
   3         -4.9      1.511      3.720
   4         -4.8      1.710      2.231
   5         -4.7      1.695      2.308
   6         -4.7      1.865      4.348
   7         -4.6      2.621      4.420
   8         -4.4      2.556      4.514
   9         -4.3      2.190      4.054
  10         -4.2      3.324      5.914
  11         -4.2      3.243      4.659
  12         -4.1      3.220      4.059
  13         -4.1      7.905     10.502
  14         -4.1      2.954      5.051
  15         -4.0      3.680      4.829
  16         -4.0      8.513     10.430
  17         -3.8      3.193      4.745
  18         -3.8      6.798      9.387
  19         -3.8      3.802      4.860
  20         -3.8      2.189      4.576
Writing output ... done.
