#################################################################
# If you used AutoDock Vina in your work, please cite:          #
#                                                               #
# O. Trott, A. J. Olson,                                        #
# AutoDock Vina: improving the speed and accuracy of docking    #
# with a new scoring function, efficient optimization and       #
# multithreading, Journal of Computational Chemistry 31 (2010)  #
# 455-461                                                       #
#                                                               #
# DOI 10.1002/jcc.21334                                         #
#                                                               #
# Please see http://vina.scripps.edu for more information.      #
#################################################################

Output will be mol_datas/75-25-2_out.pdbqt
Reading input ... done.
Setting up the scoring function ... done.
Analyzing the binding site ... done.
Using random seed: 1000
Performing search ... done.
Refining results ... done.

mode |   affinity | dist from best mode
     | (kcal/mol) | rmsd l.b.| rmsd u.b.
-----+------------+----------+----------
   1         -3.0      0.000      0.000
   2         -3.0      0.036      2.736
   3         -3.0      0.063      2.731
   4         -2.8      1.592      3.443
   5         -2.8      2.200      3.157
   6         -2.7      2.237      3.241
   7         -2.7      2.229      3.384
   8         -2.7      1.402      2.322
   9         -2.7      1.406      2.633
  10         -2.7      3.972      4.924
  11         -2.7      7.459      8.424
  12         -2.7      7.457      8.789
  13         -2.6      7.461      8.808
  14         -2.6      7.007      7.926
  15         -2.6      6.990      7.920
  16         -2.6      9.839     10.443
  17         -2.5      9.862     10.838
  18         -2.5      9.893     10.700
  19         -2.5      1.677      2.552
  20         -2.5      0.909      2.353
Writing output ... done.
