#################################################################
# If you used AutoDock Vina in your work, please cite:          #
#                                                               #
# O. Trott, A. J. Olson,                                        #
# AutoDock Vina: improving the speed and accuracy of docking    #
# with a new scoring function, efficient optimization and       #
# multithreading, Journal of Computational Chemistry 31 (2010)  #
# 455-461                                                       #
#                                                               #
# DOI 10.1002/jcc.21334                                         #
#                                                               #
# Please see http://vina.scripps.edu for more information.      #
#################################################################

Output will be mol_datas/1596-84-5_out.pdbqt
Reading input ... done.
Setting up the scoring function ... done.
Analyzing the binding site ... done.
Using random seed: 1000
Performing search ... done.
Refining results ... done.

mode |   affinity | dist from best mode
     | (kcal/mol) | rmsd l.b.| rmsd u.b.
-----+------------+----------+----------
   1         -5.5      0.000      0.000
   2         -5.3      3.167      4.202
   3         -5.3      3.387      4.476
   4         -5.3      2.935      4.636
   5         -5.3      2.682      3.227
   6         -5.1      3.003      4.959
   7         -4.9      7.420      9.187
   8         -4.9      8.267     10.340
   9         -4.7      3.389      4.437
  10         -4.7      7.775      9.399
  11         -4.7      8.149      9.470
  12         -4.6      7.937      9.990
  13         -4.6      3.702      5.121
  14         -4.5      8.368     10.238
  15         -4.5      8.093      9.539
  16         -4.5      6.172      7.824
  17         -4.3      8.014     10.094
  18         -4.1      8.811     10.607
  19         -4.1      6.874      8.952
  20         -4.1      3.506      4.588
Writing output ... done.
