#################################################################
# If you used AutoDock Vina in your work, please cite:          #
#                                                               #
# O. Trott, A. J. Olson,                                        #
# AutoDock Vina: improving the speed and accuracy of docking    #
# with a new scoring function, efficient optimization and       #
# multithreading, Journal of Computational Chemistry 31 (2010)  #
# 455-461                                                       #
#                                                               #
# DOI 10.1002/jcc.21334                                         #
#                                                               #
# Please see http://vina.scripps.edu for more information.      #
#################################################################

Output will be mol_datas/76-76-6_out.pdbqt
Reading input ... done.
Setting up the scoring function ... done.
Analyzing the binding site ... done.
Using random seed: 1000
Performing search ... done.
Refining results ... done.

mode |   affinity | dist from best mode
     | (kcal/mol) | rmsd l.b.| rmsd u.b.
-----+------------+----------+----------
   1         -6.2      0.000      0.000
   2         -5.3      2.208      3.910
   3         -5.0      1.676      2.084
   4         -4.7      1.624      3.001
   5         -4.7      2.192      3.586
   6         -4.3      1.572      3.641
   7         -4.0      1.355      3.158
   8         -4.0      5.827      7.001
   9         -3.7     16.078     17.624
  10         -3.7     16.749     18.367
  11         -3.6     18.651     20.207
  12         -3.5     16.290     17.690
  13         -3.5     16.221     17.770
  14         -3.5     16.709     18.216
  15         -3.5     15.838     17.417
  16         -3.5     18.319     20.039
  17         -3.3     16.095     17.213
  18         -3.3     16.177     17.864
Writing output ... done.
