#################################################################
# If you used AutoDock Vina in your work, please cite:          #
#                                                               #
# O. Trott, A. J. Olson,                                        #
# AutoDock Vina: improving the speed and accuracy of docking    #
# with a new scoring function, efficient optimization and       #
# multithreading, Journal of Computational Chemistry 31 (2010)  #
# 455-461                                                       #
#                                                               #
# DOI 10.1002/jcc.21334                                         #
#                                                               #
# Please see http://vina.scripps.edu for more information.      #
#################################################################

Output will be mol_datas/5582-82-1_out.pdbqt
Reading input ... done.
Setting up the scoring function ... done.
Analyzing the binding site ... done.
Using random seed: 1000
Performing search ... done.
Refining results ... done.

mode |   affinity | dist from best mode
     | (kcal/mol) | rmsd l.b.| rmsd u.b.
-----+------------+----------+----------
   1         -5.9      0.000      0.000
   2         -5.5      1.699      4.230
   3         -5.2      1.413      2.088
   4         -5.1      1.641      3.879
   5         -5.0      3.865      5.113
   6         -5.0      4.313      5.577
   7         -4.9      1.782      4.184
   8         -4.9      1.769      2.548
   9         -4.9      2.229      4.704
  10         -4.6      1.388      2.204
  11         -4.6      3.124      4.582
  12         -4.6      1.761      3.868
  13         -4.5      2.671      4.740
  14         -4.5      2.172      4.213
  15         -4.3      7.749     10.143
  16         -4.3      7.811     10.154
  17         -4.2      8.450     10.209
  18         -4.1      3.209      5.448
  19         -4.0      8.987     11.127
  20         -3.7     15.957     17.296
Writing output ... done.
