#################################################################
# If you used AutoDock Vina in your work, please cite:          #
#                                                               #
# O. Trott, A. J. Olson,                                        #
# AutoDock Vina: improving the speed and accuracy of docking    #
# with a new scoring function, efficient optimization and       #
# multithreading, Journal of Computational Chemistry 31 (2010)  #
# 455-461                                                       #
#                                                               #
# DOI 10.1002/jcc.21334                                         #
#                                                               #
# Please see http://vina.scripps.edu for more information.      #
#################################################################

Output will be mol_datas/118-90-1_out.pdbqt
Reading input ... done.
Setting up the scoring function ... done.
Analyzing the binding site ... done.
Using random seed: 1000
Performing search ... done.
Refining results ... done.

mode |   affinity | dist from best mode
     | (kcal/mol) | rmsd l.b.| rmsd u.b.
-----+------------+----------+----------
   1         -7.1      0.000      0.000
   2         -6.8      2.637      4.006
   3         -6.4      1.785      3.227
   4         -6.4      2.542      4.062
   5         -6.3      3.143      4.887
   6         -6.3      1.451      2.459
   7         -6.2      1.866      3.622
   8         -6.1      8.239     10.122
   9         -6.1      9.703     10.879
  10         -6.0      2.523      4.220
  11         -6.0      3.396      4.732
  12         -6.0      3.514      4.486
  13         -6.0      3.529      4.468
  14         -5.8      8.689     10.674
  15         -5.8      9.090     11.062
  16         -5.7      3.603      4.891
  17         -5.7      9.238     11.116
  18         -5.6      9.457     10.713
  19         -5.5      2.809      3.817
  20         -5.3     10.183     11.545
Writing output ... done.
