#################################################################
# If you used AutoDock Vina in your work, please cite:          #
#                                                               #
# O. Trott, A. J. Olson,                                        #
# AutoDock Vina: improving the speed and accuracy of docking    #
# with a new scoring function, efficient optimization and       #
# multithreading, Journal of Computational Chemistry 31 (2010)  #
# 455-461                                                       #
#                                                               #
# DOI 10.1002/jcc.21334                                         #
#                                                               #
# Please see http://vina.scripps.edu for more information.      #
#################################################################

Output will be mol_datas/96-14-0_out.pdbqt
Reading input ... done.
Setting up the scoring function ... done.
Analyzing the binding site ... done.
Using random seed: 1000
Performing search ... done.
Refining results ... done.

mode |   affinity | dist from best mode
     | (kcal/mol) | rmsd l.b.| rmsd u.b.
-----+------------+----------+----------
   1         -4.5      0.000      0.000
   2         -4.4      0.443      2.875
   3         -4.4      1.161      3.386
   4         -4.2      1.171      2.485
   5         -4.1      3.619      5.063
   6         -4.1      3.640      5.415
   7         -4.0      2.023      2.716
   8         -4.0      2.291      3.629
   9         -4.0      2.598      4.469
  10         -4.0      1.583      3.254
  11         -4.0      3.769      5.131
  12         -3.9      1.643      2.663
  13         -3.9      1.839      3.919
  14         -3.9      2.189      3.537
  15         -3.9      2.623      4.367
  16         -3.8     10.665     12.002
  17         -3.8     10.415     11.872
  18         -3.8      2.231      3.537
  19         -3.7     10.800     12.312
  20         -3.6      8.804     10.744
Writing output ... done.
