#################################################################
# If you used AutoDock Vina in your work, please cite:          #
#                                                               #
# O. Trott, A. J. Olson,                                        #
# AutoDock Vina: improving the speed and accuracy of docking    #
# with a new scoring function, efficient optimization and       #
# multithreading, Journal of Computational Chemistry 31 (2010)  #
# 455-461                                                       #
#                                                               #
# DOI 10.1002/jcc.21334                                         #
#                                                               #
# Please see http://vina.scripps.edu for more information.      #
#################################################################

Output will be mol_datas/105-30-6_out.pdbqt
Reading input ... done.
Setting up the scoring function ... done.
Analyzing the binding site ... done.
Using random seed: 1000
Performing search ... done.
Refining results ... done.

mode |   affinity | dist from best mode
     | (kcal/mol) | rmsd l.b.| rmsd u.b.
-----+------------+----------+----------
   1         -4.8      0.000      0.000
   2         -4.6      1.956      3.540
   3         -4.5      2.095      3.730
   4         -4.4      4.269      4.983
   5         -4.4      2.572      3.889
   6         -4.2      2.081      3.118
   7         -4.2      7.260      9.009
   8         -4.1      3.241      3.996
   9         -4.1      1.836      2.150
  10         -4.0      1.857      2.286
  11         -4.0      3.415      4.337
  12         -3.9      7.841      9.578
  13         -3.9     10.445     11.810
  14         -3.9      2.400      2.816
  15         -3.9      7.812      9.586
  16         -3.9      3.480      4.941
  17         -3.7      1.845      3.352
  18         -3.7      2.959      4.363
  19         -3.6     10.686     11.296
  20         -3.5     12.145     13.632
Writing output ... done.
