#################################################################
# If you used AutoDock Vina in your work, please cite:          #
#                                                               #
# O. Trott, A. J. Olson,                                        #
# AutoDock Vina: improving the speed and accuracy of docking    #
# with a new scoring function, efficient optimization and       #
# multithreading, Journal of Computational Chemistry 31 (2010)  #
# 455-461                                                       #
#                                                               #
# DOI 10.1002/jcc.21334                                         #
#                                                               #
# Please see http://vina.scripps.edu for more information.      #
#################################################################

Output will be mol_datas/35065-28-2_out.pdbqt
Reading input ... done.
Setting up the scoring function ... done.
Analyzing the binding site ... done.
Using random seed: 1000
Performing search ... done.
Refining results ... done.

mode |   affinity | dist from best mode
     | (kcal/mol) | rmsd l.b.| rmsd u.b.
-----+------------+----------+----------
   1         -5.8      0.000      0.000
   2         -5.2      7.657     10.583
   3         -5.2     13.509     14.724
   4         -5.1      1.302      2.118
   5         -5.1     14.032     15.386
   6         -5.0     13.871     15.210
   7         -5.0     14.861     16.752
   8         -4.9     21.649     24.061
   9         -4.8     13.783     16.116
  10         -4.7      3.139      5.906
  11         -4.6     15.002     16.850
  12         -4.6     13.898     15.243
  13         -4.5     21.302     23.609
  14         -4.5     14.925     16.825
  15         -4.4     16.021     17.085
  16         -4.4     15.014     16.852
  17         -4.4     14.062     15.200
  18         -4.3     15.077     16.145
  19         -4.2     14.421     16.531
  20         -4.1     19.892     21.975
Writing output ... done.
