#################################################################
# If you used AutoDock Vina in your work, please cite:          #
#                                                               #
# O. Trott, A. J. Olson,                                        #
# AutoDock Vina: improving the speed and accuracy of docking    #
# with a new scoring function, efficient optimization and       #
# multithreading, Journal of Computational Chemistry 31 (2010)  #
# 455-461                                                       #
#                                                               #
# DOI 10.1002/jcc.21334                                         #
#                                                               #
# Please see http://vina.scripps.edu for more information.      #
#################################################################

Output will be mol_datas/7287-19-6_out.pdbqt
Reading input ... done.
Setting up the scoring function ... done.
Analyzing the binding site ... done.
Using random seed: 1000
Performing search ... done.
Refining results ... done.

mode |   affinity | dist from best mode
     | (kcal/mol) | rmsd l.b.| rmsd u.b.
-----+------------+----------+----------
   1         -6.9      0.000      0.000
   2         -6.9      0.112      5.327
   3         -6.7      1.689      4.188
   4         -6.4      2.211      5.501
   5         -6.2      6.839      9.225
   6         -6.2      6.824      9.823
   7         -6.0      5.207      8.696
   8         -6.0      1.361      2.016
   9         -6.0      1.844      5.520
  10         -6.0      5.201      7.897
  11         -5.1      6.154      9.382
  12         -4.6      5.673      8.155
  13         -3.9     14.288     15.514
Writing output ... done.
