#################################################################
# If you used AutoDock Vina in your work, please cite:          #
#                                                               #
# O. Trott, A. J. Olson,                                        #
# AutoDock Vina: improving the speed and accuracy of docking    #
# with a new scoring function, efficient optimization and       #
# multithreading, Journal of Computational Chemistry 31 (2010)  #
# 455-461                                                       #
#                                                               #
# DOI 10.1002/jcc.21334                                         #
#                                                               #
# Please see http://vina.scripps.edu for more information.      #
#################################################################

Output will be mol_datas/625-23-0_out.pdbqt
Reading input ... done.
Setting up the scoring function ... done.
Analyzing the binding site ... done.
Using random seed: 1000
Performing search ... done.
Refining results ... done.

mode |   affinity | dist from best mode
     | (kcal/mol) | rmsd l.b.| rmsd u.b.
-----+------------+----------+----------
   1         -5.6      0.000      0.000
   2         -5.2      1.782      4.231
   3         -4.9      1.573      3.741
   4         -4.7      1.294      1.907
   5         -4.5      1.870      2.622
   6         -4.5      3.468      4.656
   7         -4.5      3.049      4.825
   8         -4.4      2.645      4.518
   9         -4.4      1.606      3.628
  10         -4.4      8.691     10.542
  11         -4.0      8.773     10.667
  12         -4.0      3.303      4.813
  13         -4.0      9.594     11.363
  14         -4.0      1.660      2.334
  15         -3.8      3.369      5.307
  16         -3.8     11.409     12.552
  17         -3.8      8.815     10.565
  18         -3.7      2.140      3.369
  19         -3.3     15.713     16.841
  20         -3.0     11.736     13.114
Writing output ... done.
