#################################################################
# If you used AutoDock Vina in your work, please cite:          #
#                                                               #
# O. Trott, A. J. Olson,                                        #
# AutoDock Vina: improving the speed and accuracy of docking    #
# with a new scoring function, efficient optimization and       #
# multithreading, Journal of Computational Chemistry 31 (2010)  #
# 455-461                                                       #
#                                                               #
# DOI 10.1002/jcc.21334                                         #
#                                                               #
# Please see http://vina.scripps.edu for more information.      #
#################################################################

Output will be mol_datas/57-27-2_out.pdbqt
Reading input ... done.
Setting up the scoring function ... done.
Analyzing the binding site ... done.
Using random seed: 1000
Performing search ... done.
Refining results ... done.

mode |   affinity | dist from best mode
     | (kcal/mol) | rmsd l.b.| rmsd u.b.
-----+------------+----------+----------
   1         -5.2      0.000      0.000
   2         -4.8     13.249     15.284
   3         -4.8     12.744     14.754
   4         -4.8     11.700     14.002
   5         -4.6     11.300     13.387
   6         -4.6     14.732     16.521
   7         -4.5     13.138     16.011
   8         -4.4      9.718     11.266
   9         -4.4     10.844     14.123
  10         -4.4      2.186      4.794
  11         -4.4     10.428     13.439
  12         -4.3     10.710     12.748
  13         -4.3      9.733     12.003
  14         -4.3      2.653      4.912
  15         -4.3     11.797     13.919
  16         -4.2      3.084      5.379
  17         -4.1      6.289      8.706
  18         -4.1      3.171      5.101
  19         -4.1     12.347     14.472
  20         -3.9     10.478     12.883
Writing output ... done.
