#################################################################
# If you used AutoDock Vina in your work, please cite:          #
#                                                               #
# O. Trott, A. J. Olson,                                        #
# AutoDock Vina: improving the speed and accuracy of docking    #
# with a new scoring function, efficient optimization and       #
# multithreading, Journal of Computational Chemistry 31 (2010)  #
# 455-461                                                       #
#                                                               #
# DOI 10.1002/jcc.21334                                         #
#                                                               #
# Please see http://vina.scripps.edu for more information.      #
#################################################################

Output will be mol_datas/94-96-2_out.pdbqt
Reading input ... done.
Setting up the scoring function ... done.
Analyzing the binding site ... done.
Using random seed: 1000
Performing search ... done.
Refining results ... done.

mode |   affinity | dist from best mode
     | (kcal/mol) | rmsd l.b.| rmsd u.b.
-----+------------+----------+----------
   1         -5.8      0.000      0.000
   2         -5.4      1.077      3.890
   3         -5.4      1.788      2.526
   4         -5.1      2.545      4.516
   5         -5.0      3.964      4.920
   6         -4.7      9.091     11.308
   7         -4.7      8.683     10.166
   8         -4.7      3.166      5.086
   9         -4.6      8.589     10.832
  10         -4.6      8.389     10.771
  11         -4.6      7.576     10.223
  12         -4.5      7.941      9.631
  13         -4.4      3.258      4.800
  14         -4.4      8.980     10.313
  15         -4.3      7.578      9.958
  16         -4.2      2.374      3.485
  17         -4.2      9.793     11.903
  18         -4.1     10.135     12.479
  19         -4.1      8.152     10.245
  20         -4.1      9.200     11.188
Writing output ... done.
