#################################################################
# If you used AutoDock Vina in your work, please cite:          #
#                                                               #
# O. Trott, A. J. Olson,                                        #
# AutoDock Vina: improving the speed and accuracy of docking    #
# with a new scoring function, efficient optimization and       #
# multithreading, Journal of Computational Chemistry 31 (2010)  #
# 455-461                                                       #
#                                                               #
# DOI 10.1002/jcc.21334                                         #
#                                                               #
# Please see http://vina.scripps.edu for more information.      #
#################################################################

Output will be mol_datas/538-93-2_out.pdbqt
Reading input ... done.
Setting up the scoring function ... done.
Analyzing the binding site ... done.
Using random seed: 1000
Performing search ... done.
Refining results ... done.

mode |   affinity | dist from best mode
     | (kcal/mol) | rmsd l.b.| rmsd u.b.
-----+------------+----------+----------
   1         -7.1      0.000      0.000
   2         -6.9      1.085      2.070
   3         -6.8      2.130      4.670
   4         -6.6      1.949      5.044
   5         -6.6      1.955      4.809
   6         -6.5      2.434      4.853
   7         -6.4      1.352      4.388
   8         -5.6      1.814      4.209
   9         -5.6      6.348      9.639
  10         -5.6      6.346      9.740
  11         -5.4      1.016      4.689
  12         -5.3      8.444     11.104
  13         -5.2      7.417     10.666
  14         -5.1      3.651      7.174
  15         -5.1      8.997     10.278
  16         -5.0      5.225      7.739
  17         -4.9      6.362      8.828
  18         -4.7      9.248     11.170
  19         -4.5      8.044     10.189
  20         -4.4      7.605      9.981
Writing output ... done.
