#################################################################
# If you used AutoDock Vina in your work, please cite:          #
#                                                               #
# O. Trott, A. J. Olson,                                        #
# AutoDock Vina: improving the speed and accuracy of docking    #
# with a new scoring function, efficient optimization and       #
# multithreading, Journal of Computational Chemistry 31 (2010)  #
# 455-461                                                       #
#                                                               #
# DOI 10.1002/jcc.21334                                         #
#                                                               #
# Please see http://vina.scripps.edu for more information.      #
#################################################################

Output will be mol_datas/13110-37-7_out.pdbqt
Reading input ... done.
Setting up the scoring function ... done.
Analyzing the binding site ... done.
Using random seed: 1000
Performing search ... done.
Refining results ... done.

mode |   affinity | dist from best mode
     | (kcal/mol) | rmsd l.b.| rmsd u.b.
-----+------------+----------+----------
   1         -8.1      0.000      0.000
   2         -7.7      2.813      3.530
   3         -7.6      1.020      1.620
   4         -7.1      2.764      4.677
   5         -7.0      3.006      5.048
   6         -6.8      7.100      8.433
   7         -6.4      3.770      5.804
   8         -6.4      3.169      4.418
   9         -6.2      3.879      6.064
  10         -6.2      8.831     11.026
  11         -6.1      9.373     11.299
  12         -6.0      8.617     10.906
  13         -5.9      4.645      6.776
  14         -5.8      7.633      9.085
  15         -5.8      9.416     10.602
  16         -5.7      1.924      3.499
  17         -5.6      9.767     12.058
  18         -5.4      6.761      9.395
  19         -5.1      6.178      7.494
Writing output ... done.
