#################################################################
# If you used AutoDock Vina in your work, please cite:          #
#                                                               #
# O. Trott, A. J. Olson,                                        #
# AutoDock Vina: improving the speed and accuracy of docking    #
# with a new scoring function, efficient optimization and       #
# multithreading, Journal of Computational Chemistry 31 (2010)  #
# 455-461                                                       #
#                                                               #
# DOI 10.1002/jcc.21334                                         #
#                                                               #
# Please see http://vina.scripps.edu for more information.      #
#################################################################

Output will be mol_datas/70-69-9_out.pdbqt
Reading input ... done.
Setting up the scoring function ... done.
Analyzing the binding site ... done.
Using random seed: 1000
Performing search ... done.
Refining results ... done.

mode |   affinity | dist from best mode
     | (kcal/mol) | rmsd l.b.| rmsd u.b.
-----+------------+----------+----------
   1         -7.0      0.000      0.000
   2         -6.4      3.536      4.429
   3         -6.1      8.809      9.722
   4         -6.0      2.796      4.421
   5         -5.9      3.051      4.585
   6         -5.9      8.816      9.711
   7         -5.9      8.892     10.095
   8         -5.9      3.047      3.807
   9         -5.7      2.133      2.938
  10         -5.7      8.398      9.737
  11         -5.5      3.049      4.699
  12         -5.5      3.403      4.828
  13         -5.4      7.195      7.994
  14         -5.2      9.137     10.066
  15         -5.0      5.088      6.161
  16         -4.9      7.264      7.998
  17         -4.9      7.263      8.161
  18         -4.9      8.137      8.849
Writing output ... done.
