#################################################################
# If you used AutoDock Vina in your work, please cite:          #
#                                                               #
# O. Trott, A. J. Olson,                                        #
# AutoDock Vina: improving the speed and accuracy of docking    #
# with a new scoring function, efficient optimization and       #
# multithreading, Journal of Computational Chemistry 31 (2010)  #
# 455-461                                                       #
#                                                               #
# DOI 10.1002/jcc.21334                                         #
#                                                               #
# Please see http://vina.scripps.edu for more information.      #
#################################################################

Output will be mol_datas/96-18-4_out.pdbqt
Reading input ... done.
Setting up the scoring function ... done.
Analyzing the binding site ... done.
Using random seed: 1000
Performing search ... done.
Refining results ... done.

mode |   affinity | dist from best mode
     | (kcal/mol) | rmsd l.b.| rmsd u.b.
-----+------------+----------+----------
   1         -3.9      0.000      0.000
   2         -3.9      1.648      3.522
   3         -3.8      2.029      2.397
   4         -3.7      0.606      3.018
   5         -3.6      1.672      1.838
   6         -3.5      2.506      3.262
   7         -3.5      1.746      3.356
   8         -3.5      2.639      4.441
   9         -3.4      2.341      2.993
  10         -3.4      2.014      2.694
  11         -3.3      7.165      8.784
  12         -3.3      1.404      3.315
  13         -3.3      4.200      5.073
  14         -3.2      3.616      4.602
  15         -3.0      8.547      9.564
  16         -3.0      8.165      9.645
  17         -2.9     10.797     11.813
  18         -2.9      9.017     10.149
  19         -2.9      8.433     10.039
  20         -2.9     10.326     11.354
Writing output ... done.
