#################################################################
# If you used AutoDock Vina in your work, please cite:          #
#                                                               #
# O. Trott, A. J. Olson,                                        #
# AutoDock Vina: improving the speed and accuracy of docking    #
# with a new scoring function, efficient optimization and       #
# multithreading, Journal of Computational Chemistry 31 (2010)  #
# 455-461                                                       #
#                                                               #
# DOI 10.1002/jcc.21334                                         #
#                                                               #
# Please see http://vina.scripps.edu for more information.      #
#################################################################

Output will be mol_datas/119-65-3_out.pdbqt
Reading input ... done.
Setting up the scoring function ... done.
Analyzing the binding site ... done.
Using random seed: 1000
Performing search ... done.
Refining results ... done.

mode |   affinity | dist from best mode
     | (kcal/mol) | rmsd l.b.| rmsd u.b.
-----+------------+----------+----------
   1         -7.2      0.000      0.000
   2         -7.2      0.664      2.084
   3         -6.9      2.930      4.487
   4         -6.9      3.207      5.047
   5         -6.9      3.329      4.336
   6         -6.6      1.527      3.409
   7         -6.5      3.325      4.645
   8         -6.5      1.654      3.993
   9         -6.3      1.326      3.277
  10         -6.1      9.349     11.177
  11         -6.1      1.566      3.678
  12         -6.1      8.900     10.468
  13         -5.9      9.621     11.096
  14         -5.8      9.386     10.947
  15         -5.7      9.280     11.245
  16         -5.5      9.478     11.159
  17         -5.3      9.744     11.439
  18         -5.0     10.048     11.551
  19         -4.6     11.448     13.083
Writing output ... done.
