#################################################################
# If you used AutoDock Vina in your work, please cite:          #
#                                                               #
# O. Trott, A. J. Olson,                                        #
# AutoDock Vina: improving the speed and accuracy of docking    #
# with a new scoring function, efficient optimization and       #
# multithreading, Journal of Computational Chemistry 31 (2010)  #
# 455-461                                                       #
#                                                               #
# DOI 10.1002/jcc.21334                                         #
#                                                               #
# Please see http://vina.scripps.edu for more information.      #
#################################################################

Output will be mol_datas/110-42-9_out.pdbqt
Reading input ... done.
Setting up the scoring function ... done.
Analyzing the binding site ... done.
Using random seed: 1000
Performing search ... done.
Refining results ... done.

mode |   affinity | dist from best mode
     | (kcal/mol) | rmsd l.b.| rmsd u.b.
-----+------------+----------+----------
   1         -6.5      0.000      0.000
   2         -6.5      3.627      4.513
   3         -5.6      3.009      6.793
   4         -5.5      4.516      5.405
   5         -5.4      3.061      7.087
   6         -5.3      1.720      2.434
   7         -5.3      5.460      7.819
   8         -5.2      4.813      7.266
   9         -5.2      6.488      8.658
  10         -5.1      8.160      9.121
  11         -5.1      8.161      9.858
  12         -5.0      4.037      6.137
  13         -4.9     10.127     11.271
  14         -4.7      5.789      7.923
  15         -4.6      5.908      8.646
  16         -4.6     12.960     14.177
  17         -4.5     11.541     12.916
  18         -4.5      7.789      9.907
  19         -4.4      3.650      5.592
  20         -4.2     11.360     13.143
Writing output ... done.
