#################################################################
# If you used AutoDock Vina in your work, please cite:          #
#                                                               #
# O. Trott, A. J. Olson,                                        #
# AutoDock Vina: improving the speed and accuracy of docking    #
# with a new scoring function, efficient optimization and       #
# multithreading, Journal of Computational Chemistry 31 (2010)  #
# 455-461                                                       #
#                                                               #
# DOI 10.1002/jcc.21334                                         #
#                                                               #
# Please see http://vina.scripps.edu for more information.      #
#################################################################

Output will be mol_datas/62-44-2_out.pdbqt
Reading input ... done.
Setting up the scoring function ... done.
Analyzing the binding site ... done.
Using random seed: 1000
Performing search ... done.
Refining results ... done.

mode |   affinity | dist from best mode
     | (kcal/mol) | rmsd l.b.| rmsd u.b.
-----+------------+----------+----------
   1         -6.4      0.000      0.000
   2         -6.2      8.753     10.482
   3         -6.1      3.608      4.459
   4         -6.0      3.851      5.165
   5         -5.9      1.808      6.062
   6         -5.9      1.469      2.086
   7         -5.9     10.327     11.411
   8         -5.8      6.465      8.146
   9         -5.8      3.390      5.889
  10         -5.6      3.401      4.030
  11         -5.5      1.953      5.792
  12         -5.4      5.971      6.653
  13         -5.1     11.398     12.744
  14         -5.0     11.665     13.105
  15         -5.0      9.292     11.068
  16         -4.9      8.148      9.825
  17         -4.8      6.875      7.719
  18         -4.7      7.617     10.244
  19         -4.2      4.282      5.887
Writing output ... done.
