#################################################################
# If you used AutoDock Vina in your work, please cite:          #
#                                                               #
# O. Trott, A. J. Olson,                                        #
# AutoDock Vina: improving the speed and accuracy of docking    #
# with a new scoring function, efficient optimization and       #
# multithreading, Journal of Computational Chemistry 31 (2010)  #
# 455-461                                                       #
#                                                               #
# DOI 10.1002/jcc.21334                                         #
#                                                               #
# Please see http://vina.scripps.edu for more information.      #
#################################################################

Output will be mol_datas/2049-95-8_out.pdbqt
Reading input ... done.
Setting up the scoring function ... done.
Analyzing the binding site ... done.
Using random seed: 1000
Performing search ... done.
Refining results ... done.

mode |   affinity | dist from best mode
     | (kcal/mol) | rmsd l.b.| rmsd u.b.
-----+------------+----------+----------
   1         -7.7      0.000      0.000
   2         -7.6      0.474      2.151
   3         -7.3      1.375      4.791
   4         -7.2      1.363      4.712
   5         -7.1      2.182      4.766
   6         -6.2      1.710      4.367
   7         -5.9      2.368      4.006
   8         -5.9      1.781      3.808
   9         -5.5      8.300     10.689
  10         -5.1      3.349      5.762
  11         -5.1      8.286     10.706
  12         -5.0      8.096     10.482
  13         -4.9      2.246      3.614
Writing output ... done.
