#################################################################
# If you used AutoDock Vina in your work, please cite:          #
#                                                               #
# O. Trott, A. J. Olson,                                        #
# AutoDock Vina: improving the speed and accuracy of docking    #
# with a new scoring function, efficient optimization and       #
# multithreading, Journal of Computational Chemistry 31 (2010)  #
# 455-461                                                       #
#                                                               #
# DOI 10.1002/jcc.21334                                         #
#                                                               #
# Please see http://vina.scripps.edu for more information.      #
#################################################################

Output will be mol_datas/15687-27-1_out.pdbqt
Reading input ... done.
Setting up the scoring function ... done.
Analyzing the binding site ... done.
Using random seed: 1000
Performing search ... done.
Refining results ... done.

mode |   affinity | dist from best mode
     | (kcal/mol) | rmsd l.b.| rmsd u.b.
-----+------------+----------+----------
   1         -7.9      0.000      0.000
   2         -7.4      2.783      6.087
   3         -7.1      3.226      6.140
   4         -7.1      2.665      4.630
   5         -6.9      3.037      4.743
   6         -6.7      9.498     11.286
   7         -6.4      6.183      8.070
   8         -6.4      6.161      7.938
   9         -6.3      5.242      6.646
  10         -6.3      9.460     10.688
  11         -6.2      8.650     10.969
  12         -6.1      8.530     10.005
  13         -6.1      3.920      6.059
  14         -6.0      2.832      4.789
  15         -5.8      9.345     11.501
  16         -5.8      8.735     10.301
  17         -5.7     10.629     12.273
  18         -5.7      4.981      6.135
  19         -5.6      9.050     11.012
  20         -5.5      4.465      6.346
Writing output ... done.
