#################################################################
# If you used AutoDock Vina in your work, please cite:          #
#                                                               #
# O. Trott, A. J. Olson,                                        #
# AutoDock Vina: improving the speed and accuracy of docking    #
# with a new scoring function, efficient optimization and       #
# multithreading, Journal of Computational Chemistry 31 (2010)  #
# 455-461                                                       #
#                                                               #
# DOI 10.1002/jcc.21334                                         #
#                                                               #
# Please see http://vina.scripps.edu for more information.      #
#################################################################

Output will be mol_datas/58-27-5_out.pdbqt
Reading input ... done.
Setting up the scoring function ... done.
Analyzing the binding site ... done.
Using random seed: 1000
Performing search ... done.
Refining results ... done.

mode |   affinity | dist from best mode
     | (kcal/mol) | rmsd l.b.| rmsd u.b.
-----+------------+----------+----------
   1         -7.5      0.000      0.000
   2         -7.5      2.869      5.080
   3         -7.2      1.064      3.816
   4         -7.0      1.206      3.153
   5         -6.8      6.670      8.824
   6         -6.8      1.613      4.398
   7         -6.7      6.978      9.411
   8         -6.6      6.560      8.468
   9         -6.4      7.233      9.399
  10         -6.4      7.245      9.098
  11         -5.9      6.704      8.478
  12         -5.8      2.237      2.604
  13         -5.7      1.298      4.577
  14         -5.5      1.641      1.966
  15         -5.2      3.887      6.026
  16         -4.7      4.382      6.736
  17         -4.7      5.019      7.297
Writing output ... done.
