#################################################################
# If you used AutoDock Vina in your work, please cite:          #
#                                                               #
# O. Trott, A. J. Olson,                                        #
# AutoDock Vina: improving the speed and accuracy of docking    #
# with a new scoring function, efficient optimization and       #
# multithreading, Journal of Computational Chemistry 31 (2010)  #
# 455-461                                                       #
#                                                               #
# DOI 10.1002/jcc.21334                                         #
#                                                               #
# Please see http://vina.scripps.edu for more information.      #
#################################################################

Output will be mol_datas/77-02-1_out.pdbqt
Reading input ... done.
Setting up the scoring function ... done.
Analyzing the binding site ... done.
Using random seed: 1000
Performing search ... done.
Refining results ... done.

mode |   affinity | dist from best mode
     | (kcal/mol) | rmsd l.b.| rmsd u.b.
-----+------------+----------+----------
   1         -6.1      0.000      0.000
   2         -5.5      1.953      3.745
   3         -5.5      2.388      3.532
   4         -5.5      1.328      3.430
   5         -5.1      2.138      4.093
   6         -4.9      2.302      3.710
   7         -4.3      1.715      2.446
   8         -4.1     15.788     17.056
   9         -4.0     15.688     17.438
  10         -4.0     16.101     17.930
  11         -3.9     18.818     20.220
  12         -3.8     15.733     17.250
  13         -3.8     17.547     19.213
  14         -3.6     17.166     18.765
  15         -3.5     17.384     19.055
  16         -3.5     16.513     18.106
  17         -3.5     17.560     19.307
  18         -3.4     17.370     18.872
  19         -3.4     16.745     18.422
  20         -3.3     16.020     17.784
Writing output ... done.
