#################################################################
# If you used AutoDock Vina in your work, please cite:          #
#                                                               #
# O. Trott, A. J. Olson,                                        #
# AutoDock Vina: improving the speed and accuracy of docking    #
# with a new scoring function, efficient optimization and       #
# multithreading, Journal of Computational Chemistry 31 (2010)  #
# 455-461                                                       #
#                                                               #
# DOI 10.1002/jcc.21334                                         #
#                                                               #
# Please see http://vina.scripps.edu for more information.      #
#################################################################

Output will be mol_datas/120-57-0_out.pdbqt
Reading input ... done.
Setting up the scoring function ... done.
Analyzing the binding site ... done.
Using random seed: 1000
Performing search ... done.
Refining results ... done.

mode |   affinity | dist from best mode
     | (kcal/mol) | rmsd l.b.| rmsd u.b.
-----+------------+----------+----------
   1         -6.5      0.000      0.000
   2         -6.4      1.094      4.102
   3         -6.4      1.721      4.466
   4         -6.1      2.675      4.546
   5         -6.1      2.921      5.139
   6         -6.0      1.443      2.400
   7         -5.9      1.218      2.186
   8         -5.9      8.280      9.746
   9         -5.8      8.135      9.115
  10         -5.8      2.358      4.738
  11         -5.7      8.610     10.118
  12         -5.7      2.334      3.522
  13         -5.6      3.002      4.150
  14         -5.5      7.503      9.378
  15         -5.5      8.628     10.191
  16         -5.2      8.050      9.885
  17         -5.2      7.905      9.573
  18         -5.1      8.192      9.646
  19         -5.1      2.266      3.000
Writing output ... done.
