#################################################################
# If you used AutoDock Vina in your work, please cite:          #
#                                                               #
# O. Trott, A. J. Olson,                                        #
# AutoDock Vina: improving the speed and accuracy of docking    #
# with a new scoring function, efficient optimization and       #
# multithreading, Journal of Computational Chemistry 31 (2010)  #
# 455-461                                                       #
#                                                               #
# DOI 10.1002/jcc.21334                                         #
#                                                               #
# Please see http://vina.scripps.edu for more information.      #
#################################################################

Output will be mol_datas/50-02-2_out.pdbqt
Reading input ... done.
Setting up the scoring function ... done.
Analyzing the binding site ... done.
Using random seed: 1000
Performing search ... done.
Refining results ... done.

mode |   affinity | dist from best mode
     | (kcal/mol) | rmsd l.b.| rmsd u.b.
-----+------------+----------+----------
   1         -5.0      0.000      0.000
   2         -4.9      2.727      6.792
   3         -4.8      4.067      6.831
   4         -4.7      3.567      7.030
   5         -4.6      4.857      6.634
   6         -4.6     15.571     17.503
   7         -4.5      4.903      6.756
   8         -4.5      4.097      6.149
   9         -4.3      3.733      5.607
  10         -4.2      8.768     10.662
  11         -4.2      4.369      7.795
  12         -4.1      4.968      7.941
  13         -4.1      5.464      8.282
  14         -4.1      4.957      8.019
  15         -4.1      4.331      7.160
  16         -4.0      3.962      5.652
  17         -3.8      4.895      6.778
  18         -3.8      6.343      8.410
  19         -3.8      4.855      6.912
  20         -3.8      8.960     11.356
Writing output ... done.
