#################################################################
# If you used AutoDock Vina in your work, please cite:          #
#                                                               #
# O. Trott, A. J. Olson,                                        #
# AutoDock Vina: improving the speed and accuracy of docking    #
# with a new scoring function, efficient optimization and       #
# multithreading, Journal of Computational Chemistry 31 (2010)  #
# 455-461                                                       #
#                                                               #
# DOI 10.1002/jcc.21334                                         #
#                                                               #
# Please see http://vina.scripps.edu for more information.      #
#################################################################

Output will be mol_datas/2136-99-4_out.pdbqt
Reading input ... done.
Setting up the scoring function ... done.
Analyzing the binding site ... done.
Using random seed: 1000
Performing search ... done.
Refining results ... done.

mode |   affinity | dist from best mode
     | (kcal/mol) | rmsd l.b.| rmsd u.b.
-----+------------+----------+----------
   1         -4.5      0.000      0.000
   2         -4.5      0.115      2.678
   3         -4.5      0.110      3.786
   4         -4.5      0.080      5.679
   5         -4.5      0.108      5.668
   6         -4.5      0.080      5.686
   7         -4.5      0.078      5.677
   8         -4.5      0.282      2.689
   9         -4.3      3.536      6.432
  10         -4.3      3.512      6.765
  11         -4.0      3.531      6.276
  12         -4.0      3.544      6.364
  13         -4.0     11.062     14.853
  14         -3.9     10.987     15.086
  15         -3.8      9.310     12.720
  16         -3.7      3.235      4.346
  17         -3.7      3.222      4.933
  18         -3.7      2.226      4.439
  19         -3.6      3.535      6.823
  20         -3.6      2.271      5.178
Writing output ... done.
