#################################################################
# If you used AutoDock Vina in your work, please cite:          #
#                                                               #
# O. Trott, A. J. Olson,                                        #
# AutoDock Vina: improving the speed and accuracy of docking    #
# with a new scoring function, efficient optimization and       #
# multithreading, Journal of Computational Chemistry 31 (2010)  #
# 455-461                                                       #
#                                                               #
# DOI 10.1002/jcc.21334                                         #
#                                                               #
# Please see http://vina.scripps.edu for more information.      #
#################################################################

Output will be mol_datas/57-83-0_out.pdbqt
Reading input ... done.
Setting up the scoring function ... done.
Analyzing the binding site ... done.
Using random seed: 1000
Performing search ... done.
Refining results ... done.

mode |   affinity | dist from best mode
     | (kcal/mol) | rmsd l.b.| rmsd u.b.
-----+------------+----------+----------
   1         -5.4      0.000      0.000
   2         -5.3     13.301     17.276
   3         -5.2     13.903     16.124
   4         -5.2     13.729     15.757
   5         -5.1      2.691      7.706
   6         -5.0      9.491     15.136
   7         -4.9     11.069     16.631
   8         -4.9     10.216     13.481
   9         -4.8      8.305     13.934
  10         -4.8     13.293     17.241
  11         -4.7      8.795     13.392
  12         -4.7     10.999     17.001
  13         -4.3     10.735     14.894
  14         -4.2      9.140     15.287
  15         -4.2      8.660     14.722
  16         -4.2      6.952     12.692
  17         -4.2     10.203     15.247
  18         -4.1      3.475      8.873
  19         -4.0     14.349     16.352
  20         -3.2     14.862     16.864
Writing output ... done.
