#################################################################
# If you used AutoDock Vina in your work, please cite:          #
#                                                               #
# O. Trott, A. J. Olson,                                        #
# AutoDock Vina: improving the speed and accuracy of docking    #
# with a new scoring function, efficient optimization and       #
# multithreading, Journal of Computational Chemistry 31 (2010)  #
# 455-461                                                       #
#                                                               #
# DOI 10.1002/jcc.21334                                         #
#                                                               #
# Please see http://vina.scripps.edu for more information.      #
#################################################################

Output will be mol_datas/594-60-5_out.pdbqt
Reading input ... done.
Setting up the scoring function ... done.
Analyzing the binding site ... done.
Using random seed: 1000
Performing search ... done.
Refining results ... done.

mode |   affinity | dist from best mode
     | (kcal/mol) | rmsd l.b.| rmsd u.b.
-----+------------+----------+----------
   1         -4.9      0.000      0.000
   2         -4.8      1.398      2.709
   3         -4.5      1.524      3.501
   4         -4.4      1.222      2.087
   5         -4.3      2.047      3.163
   6         -4.2      1.923      3.387
   7         -4.1      3.935      4.893
   8         -4.1      8.599     10.139
   9         -4.1      1.969      3.652
  10         -4.0      3.056      3.878
  11         -4.0      3.408      4.760
  12         -3.9      2.457      3.717
  13         -3.8      4.291      5.378
  14         -3.8      3.966      5.002
  15         -3.7      1.850      3.194
  16         -3.7      1.668      3.060
  17         -3.7      9.974     11.460
  18         -3.6      8.323      9.958
  19         -3.6     12.647     13.908
  20         -3.4     11.061     12.278
Writing output ... done.
