#################################################################
# If you used AutoDock Vina in your work, please cite:          #
#                                                               #
# O. Trott, A. J. Olson,                                        #
# AutoDock Vina: improving the speed and accuracy of docking    #
# with a new scoring function, efficient optimization and       #
# multithreading, Journal of Computational Chemistry 31 (2010)  #
# 455-461                                                       #
#                                                               #
# DOI 10.1002/jcc.21334                                         #
#                                                               #
# Please see http://vina.scripps.edu for more information.      #
#################################################################

Output will be mol_datas/123-30-8_out.pdbqt
Reading input ... done.
Setting up the scoring function ... done.
Analyzing the binding site ... done.
Using random seed: 1000
Performing search ... done.
Refining results ... done.

mode |   affinity | dist from best mode
     | (kcal/mol) | rmsd l.b.| rmsd u.b.
-----+------------+----------+----------
   1         -5.7      0.000      0.000
   2         -5.4      2.817      3.299
   3         -5.2      3.008      3.681
   4         -5.2      4.857      5.749
   5         -5.1      1.864      2.385
   6         -4.9      9.468     10.410
   7         -4.9      9.107      9.994
   8         -4.9      9.105     10.079
   9         -4.8      8.415      9.491
  10         -4.8      8.427      9.361
  11         -4.8      8.174      9.020
  12         -4.8      3.031      3.952
  13         -4.8      8.862      9.876
  14         -4.8      8.772      9.731
  15         -4.7      8.993      9.953
  16         -4.5      3.519      4.268
  17         -3.9      6.147      7.075
  18         -3.8     11.142     11.994
  19         -3.7      3.374      4.301
  20         -3.4      7.814      8.667
Writing output ... done.
