#################################################################
# If you used AutoDock Vina in your work, please cite:          #
#                                                               #
# O. Trott, A. J. Olson,                                        #
# AutoDock Vina: improving the speed and accuracy of docking    #
# with a new scoring function, efficient optimization and       #
# multithreading, Journal of Computational Chemistry 31 (2010)  #
# 455-461                                                       #
#                                                               #
# DOI 10.1002/jcc.21334                                         #
#                                                               #
# Please see http://vina.scripps.edu for more information.      #
#################################################################

Output will be mol_datas/128-13-2_out.pdbqt
Reading input ... done.
Setting up the scoring function ... done.
Analyzing the binding site ... done.
Using random seed: 1000
Performing search ... done.
Refining results ... done.

mode |   affinity | dist from best mode
     | (kcal/mol) | rmsd l.b.| rmsd u.b.
-----+------------+----------+----------
   1         -5.3      0.000      0.000
   2         -5.2      1.676      2.324
   3         -5.0      2.467      6.742
   4         -5.0      4.502      9.660
   5         -4.9      8.038     11.675
   6         -4.9      2.194      7.809
   7         -4.8      2.163      4.044
   8         -4.5      3.045      7.545
   9         -4.5      5.180      9.484
  10         -4.5      2.694      7.251
  11         -4.5      4.286      7.846
  12         -4.4      2.276      7.095
  13         -4.3      2.815      7.908
  14         -4.0      2.511      6.465
  15         -4.0      2.868      4.465
  16         -3.9      2.337      7.373
  17         -3.9      2.170      2.753
  18         -3.9      3.377      6.307
  19         -3.8      2.244      2.730
  20         -3.7      2.490      7.364
Writing output ... done.
