#################################################################
# If you used AutoDock Vina in your work, please cite:          #
#                                                               #
# O. Trott, A. J. Olson,                                        #
# AutoDock Vina: improving the speed and accuracy of docking    #
# with a new scoring function, efficient optimization and       #
# multithreading, Journal of Computational Chemistry 31 (2010)  #
# 455-461                                                       #
#                                                               #
# DOI 10.1002/jcc.21334                                         #
#                                                               #
# Please see http://vina.scripps.edu for more information.      #
#################################################################

Output will be mol_datas/122-85-0_out.pdbqt
Reading input ... done.
Setting up the scoring function ... done.
Analyzing the binding site ... done.
Using random seed: 1000
Performing search ... done.
Refining results ... done.

mode |   affinity | dist from best mode
     | (kcal/mol) | rmsd l.b.| rmsd u.b.
-----+------------+----------+----------
   1         -6.8      0.000      0.000
   2         -6.5      1.135      1.816
   3         -6.2      7.488      8.906
   4         -6.2      9.507     11.715
   5         -6.1      2.283      5.346
   6         -6.0      1.963      5.526
   7         -6.0      3.437      6.012
   8         -5.9      2.278      5.058
   9         -5.9      2.288      2.693
  10         -5.7      2.973      3.946
  11         -5.6      2.507      2.865
  12         -5.5      2.510      5.509
  13         -5.5      2.505      3.557
  14         -5.5      8.533     10.703
  15         -5.3      3.039      4.739
  16         -5.2      5.324      6.495
  17         -5.0      5.617      8.228
  18         -4.8      4.417      5.534
  19         -4.8     10.105     12.139
  20         -4.7      8.433     10.699
Writing output ... done.
