#################################################################
# If you used AutoDock Vina in your work, please cite:          #
#                                                               #
# O. Trott, A. J. Olson,                                        #
# AutoDock Vina: improving the speed and accuracy of docking    #
# with a new scoring function, efficient optimization and       #
# multithreading, Journal of Computational Chemistry 31 (2010)  #
# 455-461                                                       #
#                                                               #
# DOI 10.1002/jcc.21334                                         #
#                                                               #
# Please see http://vina.scripps.edu for more information.      #
#################################################################

Output will be mol_datas/319-86-8_out.pdbqt
Reading input ... done.
Setting up the scoring function ... done.
Analyzing the binding site ... done.
Using random seed: 1000
Performing search ... done.
Refining results ... done.

mode |   affinity | dist from best mode
     | (kcal/mol) | rmsd l.b.| rmsd u.b.
-----+------------+----------+----------
   1         -3.5      0.000      0.000
   2         -3.4     15.252     17.096
   3         -3.4      1.382      4.047
   4         -3.4     13.496     15.089
   5         -3.3      1.502      2.556
   6         -3.3      1.699      3.799
   7         -3.2     15.938     17.802
   8         -3.1      1.626      2.645
   9         -3.1     15.895     17.491
  10         -3.0      1.352      2.869
  11         -3.0     14.470     16.303
  12         -3.0      1.522      3.964
  13         -2.9      1.358      3.900
  14         -2.9      2.001      3.681
  15         -2.9      1.700      4.143
  16         -2.9      3.327      5.439
  17         -2.9      1.577      3.807
  18         -2.9      3.631      5.740
  19         -2.7      1.382      2.703
  20         -2.3     16.406     18.248
Writing output ... done.
