#################################################################
# If you used AutoDock Vina in your work, please cite:          #
#                                                               #
# O. Trott, A. J. Olson,                                        #
# AutoDock Vina: improving the speed and accuracy of docking    #
# with a new scoring function, efficient optimization and       #
# multithreading, Journal of Computational Chemistry 31 (2010)  #
# 455-461                                                       #
#                                                               #
# DOI 10.1002/jcc.21334                                         #
#                                                               #
# Please see http://vina.scripps.edu for more information.      #
#################################################################

Output will be mol_datas/143-07-7_out.pdbqt
Reading input ... done.
Setting up the scoring function ... done.
Analyzing the binding site ... done.
Using random seed: 1000
Performing search ... done.
Refining results ... done.

mode |   affinity | dist from best mode
     | (kcal/mol) | rmsd l.b.| rmsd u.b.
-----+------------+----------+----------
   1         -6.5      0.000      0.000
   2         -6.4      3.996      4.676
   3         -6.3      1.180      2.396
   4         -6.1      3.583      4.291
   5         -6.1      4.059      5.695
   6         -6.0      3.349      5.305
   7         -5.6      2.586      5.287
   8         -5.4      3.783      6.209
   9         -5.4      4.584      7.385
  10         -5.3      5.346      8.230
  11         -5.3      7.431     10.237
  12         -5.2      3.900      6.715
  13         -5.2      6.549      9.495
  14         -5.2      6.315      7.412
  15         -5.1      4.983      6.138
  16         -5.1      5.280      6.640
  17         -5.0      5.535      6.327
  18         -4.9      5.730      8.658
  19         -4.7     10.734     12.387
  20         -4.2     11.096     13.463
Writing output ... done.
