#################################################################
# If you used AutoDock Vina in your work, please cite:          #
#                                                               #
# O. Trott, A. J. Olson,                                        #
# AutoDock Vina: improving the speed and accuracy of docking    #
# with a new scoring function, efficient optimization and       #
# multithreading, Journal of Computational Chemistry 31 (2010)  #
# 455-461                                                       #
#                                                               #
# DOI 10.1002/jcc.21334                                         #
#                                                               #
# Please see http://vina.scripps.edu for more information.      #
#################################################################

Output will be mol_datas/426-13-1_out.pdbqt
Reading input ... done.
Setting up the scoring function ... done.
Analyzing the binding site ... done.
Using random seed: 1000
Performing search ... done.
Refining results ... done.

mode |   affinity | dist from best mode
     | (kcal/mol) | rmsd l.b.| rmsd u.b.
-----+------------+----------+----------
   1         -5.4      0.000      0.000
   2         -5.1      2.321      5.167
   3         -5.0      3.049      5.481
   4         -4.9      4.726      6.125
   5         -4.9      2.359      5.964
   6         -4.8      2.563      4.378
   7         -4.8      1.931      2.597
   8         -4.8      3.082      5.200
   9         -4.8      2.066      5.845
  10         -4.8      2.231      3.779
  11         -4.7      5.237      7.564
  12         -4.7      3.493      6.040
  13         -4.5     13.508     16.300
  14         -4.4      4.350      5.941
  15         -4.3      2.837      6.404
  16         -4.3      3.218      6.054
  17         -4.3      3.132      5.869
  18         -4.3      4.047      5.645
  19         -4.3      5.681      7.911
  20         -4.2      3.839      6.655
Writing output ... done.
