#################################################################
# If you used AutoDock Vina in your work, please cite:          #
#                                                               #
# O. Trott, A. J. Olson,                                        #
# AutoDock Vina: improving the speed and accuracy of docking    #
# with a new scoring function, efficient optimization and       #
# multithreading, Journal of Computational Chemistry 31 (2010)  #
# 455-461                                                       #
#                                                               #
# DOI 10.1002/jcc.21334                                         #
#                                                               #
# Please see http://vina.scripps.edu for more information.      #
#################################################################

Output will be mol_datas/124-94-7_out.pdbqt
Reading input ... done.
Setting up the scoring function ... done.
Analyzing the binding site ... done.
Using random seed: 1000
Performing search ... done.
Refining results ... done.

mode |   affinity | dist from best mode
     | (kcal/mol) | rmsd l.b.| rmsd u.b.
-----+------------+----------+----------
   1         -5.2      0.000      0.000
   2         -4.7      2.342      3.623
   3         -4.6      3.654      6.054
   4         -4.4      3.211      5.024
   5         -4.4     11.207     13.334
   6         -4.4      3.542      5.479
   7         -4.2      2.124      6.350
   8         -4.2      3.453      5.484
   9         -4.2      4.795      7.058
  10         -4.1      1.716      2.513
  11         -4.1      3.695      5.908
  12         -4.1      3.312      5.582
  13         -4.0      3.097      5.672
  14         -4.0      2.942      6.770
  15         -3.9      7.727      9.627
  16         -3.9      3.192      5.148
  17         -3.8      4.158      6.646
  18         -3.7      3.165      5.054
  19         -3.7      3.235      6.018
  20         -3.6      1.858      2.537
Writing output ... done.
