#################################################################
# If you used AutoDock Vina in your work, please cite:          #
#                                                               #
# O. Trott, A. J. Olson,                                        #
# AutoDock Vina: improving the speed and accuracy of docking    #
# with a new scoring function, efficient optimization and       #
# multithreading, Journal of Computational Chemistry 31 (2010)  #
# 455-461                                                       #
#                                                               #
# DOI 10.1002/jcc.21334                                         #
#                                                               #
# Please see http://vina.scripps.edu for more information.      #
#################################################################

Output will be mol_datas/1732-13-4_out.pdbqt
Reading input ... done.
Setting up the scoring function ... done.
Analyzing the binding site ... done.
Using random seed: 1000
Performing search ... done.
Refining results ... done.

mode |   affinity | dist from best mode
     | (kcal/mol) | rmsd l.b.| rmsd u.b.
-----+------------+----------+----------
   1         -7.1      0.000      0.000
   2         -7.0      0.029      4.197
   3         -6.9      0.684      5.122
   4         -6.9      0.679      3.065
   5         -6.6      6.874     10.060
   6         -6.5      6.860      9.403
   7         -5.9      1.227      3.904
   8         -5.9      6.950      9.763
   9         -5.9      6.956      9.054
  10         -5.9      1.226      3.448
  11         -5.4      7.174     10.089
  12         -5.4      7.143      9.847
  13         -5.2     16.202     17.043
  14         -5.2     16.208     16.641
  15         -5.2     16.264     17.036
  16         -5.2     16.220     17.344
  17         -5.1     16.154     17.111
  18         -5.1     16.184     17.391
  19         -5.1     16.302     18.498
  20         -4.9     16.457     16.728
Writing output ... done.
