#################################################################
# If you used AutoDock Vina in your work, please cite:          #
#                                                               #
# O. Trott, A. J. Olson,                                        #
# AutoDock Vina: improving the speed and accuracy of docking    #
# with a new scoring function, efficient optimization and       #
# multithreading, Journal of Computational Chemistry 31 (2010)  #
# 455-461                                                       #
#                                                               #
# DOI 10.1002/jcc.21334                                         #
#                                                               #
# Please see http://vina.scripps.edu for more information.      #
#################################################################

Output will be mol_datas/541-48-0_out.pdbqt
Reading input ... done.
Setting up the scoring function ... done.
Analyzing the binding site ... done.
Using random seed: 1000
Performing search ... done.
Refining results ... done.

mode |   affinity | dist from best mode
     | (kcal/mol) | rmsd l.b.| rmsd u.b.
-----+------------+----------+----------
   1         -4.6      0.000      0.000
   2         -4.3      2.655      3.421
   3         -4.2      9.177      9.748
   4         -4.1      3.752      4.332
   5         -4.1      5.376      6.001
   6         -3.9      8.595      9.214
   7         -3.9      3.160      4.083
   8         -3.8      2.999      3.670
   9         -3.8      4.275      4.816
  10         -3.8      2.547      3.298
  11         -3.7      6.944      7.688
  12         -3.7      9.845     10.392
  13         -3.7     12.779     13.343
  14         -3.7      3.940      4.735
  15         -3.6      4.498      4.827
  16         -3.6      8.397      9.044
  17         -3.5      4.831      5.568
  18         -3.5     11.567     12.094
  19         -3.4     11.524     12.158
  20         -3.4     12.316     12.597
Writing output ... done.
