#################################################################
# If you used AutoDock Vina in your work, please cite:          #
#                                                               #
# O. Trott, A. J. Olson,                                        #
# AutoDock Vina: improving the speed and accuracy of docking    #
# with a new scoring function, efficient optimization and       #
# multithreading, Journal of Computational Chemistry 31 (2010)  #
# 455-461                                                       #
#                                                               #
# DOI 10.1002/jcc.21334                                         #
#                                                               #
# Please see http://vina.scripps.edu for more information.      #
#################################################################

Output will be mol_datas/352-97-6_out.pdbqt
Reading input ... done.
Setting up the scoring function ... done.
Analyzing the binding site ... done.
Using random seed: 1000
Performing search ... done.
Refining results ... done.

mode |   affinity | dist from best mode
     | (kcal/mol) | rmsd l.b.| rmsd u.b.
-----+------------+----------+----------
   1         -4.5      0.000      0.000
   2         -4.5      5.626      6.477
   3         -4.4      3.224      4.327
   4         -4.4      6.803      7.954
   5         -4.4      2.929      3.869
   6         -4.3      7.977      8.425
   7         -4.2      3.290      3.904
   8         -4.1      8.083      9.209
   9         -4.1      8.592      9.474
  10         -4.1     10.448     11.746
  11         -4.1      9.361     10.289
  12         -4.0      3.008      3.901
  13         -4.0      4.838      6.076
  14         -4.0      9.494     10.669
  15         -4.0      8.792      9.696
  16         -4.0      8.335      9.417
  17         -3.9      9.489     10.343
  18         -3.8     11.055     12.303
  19         -3.8      5.477      6.150
  20         -3.8     11.693     12.748
Writing output ... done.
