#################################################################
# If you used AutoDock Vina in your work, please cite:          #
#                                                               #
# O. Trott, A. J. Olson,                                        #
# AutoDock Vina: improving the speed and accuracy of docking    #
# with a new scoring function, efficient optimization and       #
# multithreading, Journal of Computational Chemistry 31 (2010)  #
# 455-461                                                       #
#                                                               #
# DOI 10.1002/jcc.21334                                         #
#                                                               #
# Please see http://vina.scripps.edu for more information.      #
#################################################################

Output will be mol_datas/109-67-1_out.pdbqt
Reading input ... done.
Setting up the scoring function ... done.
Analyzing the binding site ... done.
Using random seed: 1000
Performing search ... done.
Refining results ... done.

mode |   affinity | dist from best mode
     | (kcal/mol) | rmsd l.b.| rmsd u.b.
-----+------------+----------+----------
   1         -4.2      0.000      0.000
   2         -4.1      0.238      2.843
   3         -4.0      1.705      2.377
   4         -3.7      4.321      5.703
   5         -3.6      1.775      2.510
   6         -3.6      4.824      6.125
   7         -3.6      4.838      5.492
   8         -3.5      1.146      3.503
   9         -3.5      1.411      2.736
  10         -3.5      4.020      5.345
  11         -3.4     11.849     12.722
  12         -3.4      3.589      4.156
  13         -3.4     13.353     13.977
  14         -3.4     11.706     12.522
  15         -3.3      5.644      7.769
  16         -3.3     11.510     11.889
  17         -3.3      9.292     10.105
  18         -3.2      9.840     10.675
  19         -3.2      2.154      3.560
  20         -3.1      3.035      4.504
Writing output ... done.
