#################################################################
# If you used AutoDock Vina in your work, please cite:          #
#                                                               #
# O. Trott, A. J. Olson,                                        #
# AutoDock Vina: improving the speed and accuracy of docking    #
# with a new scoring function, efficient optimization and       #
# multithreading, Journal of Computational Chemistry 31 (2010)  #
# 455-461                                                       #
#                                                               #
# DOI 10.1002/jcc.21334                                         #
#                                                               #
# Please see http://vina.scripps.edu for more information.      #
#################################################################

Output will be mol_datas/79-11-8_out.pdbqt
Reading input ... done.
Setting up the scoring function ... done.
Analyzing the binding site ... done.
Using random seed: 1000
Performing search ... done.
Refining results ... done.

mode |   affinity | dist from best mode
     | (kcal/mol) | rmsd l.b.| rmsd u.b.
-----+------------+----------+----------
   1         -3.7      0.000      0.000
   2         -3.5      1.719      1.922
   3         -3.5      1.906      2.402
   4         -3.3      2.170      2.254
   5         -3.2      6.072      6.267
   6         -3.2     11.961     12.047
   7         -3.1      2.479      2.645
   8         -3.1      8.684      9.019
   9         -3.1      5.161      5.583
  10         -3.0      2.954      3.077
  11         -3.0      9.846     10.258
  12         -2.9      3.504      4.107
  13         -2.9      7.907      8.176
  14         -2.9      5.697      5.983
  15         -2.8     13.858     14.351
  16         -2.8      2.512      2.969
  17         -2.8      9.040      9.556
  18         -2.7     13.328     13.611
  19         -2.7      3.657      3.784
  20         -2.7      6.552      6.834
Writing output ... done.
