#################################################################
# If you used AutoDock Vina in your work, please cite:          #
#                                                               #
# O. Trott, A. J. Olson,                                        #
# AutoDock Vina: improving the speed and accuracy of docking    #
# with a new scoring function, efficient optimization and       #
# multithreading, Journal of Computational Chemistry 31 (2010)  #
# 455-461                                                       #
#                                                               #
# DOI 10.1002/jcc.21334                                         #
#                                                               #
# Please see http://vina.scripps.edu for more information.      #
#################################################################

Output will be mol_datas/108-36-1_out.pdbqt
Reading input ... done.
Setting up the scoring function ... done.
Analyzing the binding site ... done.
Using random seed: 1000
Performing search ... done.
Refining results ... done.

mode |   affinity | dist from best mode
     | (kcal/mol) | rmsd l.b.| rmsd u.b.
-----+------------+----------+----------
   1         -5.6      0.000      0.000
   2         -5.6      2.600      3.623
   3         -5.6      0.092      3.341
   4         -5.5      2.719      3.841
   5         -5.2      1.936      2.574
   6         -5.0      2.213      3.420
   7         -5.0      2.207      2.940
   8         -4.7      8.118      9.543
   9         -4.6      8.289      9.305
  10         -4.5      7.985      9.448
  11         -4.2      8.216      9.501
  12         -4.0      8.059      9.553
  13         -3.3     19.342     19.546
  14         -3.0     16.038     16.894
  15         -3.0     18.614     19.070
  16         -2.9     16.585     17.802
  17         -2.9     20.327     21.400
  18         -2.9     16.747     17.934
  19         -2.7     18.976     20.180
  20         -2.7     16.302     17.101
Writing output ... done.
