#################################################################
# If you used AutoDock Vina in your work, please cite:          #
#                                                               #
# O. Trott, A. J. Olson,                                        #
# AutoDock Vina: improving the speed and accuracy of docking    #
# with a new scoring function, efficient optimization and       #
# multithreading, Journal of Computational Chemistry 31 (2010)  #
# 455-461                                                       #
#                                                               #
# DOI 10.1002/jcc.21334                                         #
#                                                               #
# Please see http://vina.scripps.edu for more information.      #
#################################################################

Output will be mol_datas/16878-77-6_out.pdbqt
Reading input ... done.
Setting up the scoring function ... done.
Analyzing the binding site ... done.
Using random seed: 1000
Performing search ... done.
Refining results ... done.

mode |   affinity | dist from best mode
     | (kcal/mol) | rmsd l.b.| rmsd u.b.
-----+------------+----------+----------
   1         -5.7      0.000      0.000
   2         -5.5      3.036      5.253
   3         -5.4      2.919      4.205
   4         -5.3      8.118     10.039
   5         -5.0      8.976     10.635
   6         -5.0      1.941      2.911
   7         -4.9      6.376      9.508
   8         -4.9      8.896     10.459
   9         -4.9      2.738      3.848
  10         -4.8      3.240      5.226
  11         -4.8      7.993     10.262
  12         -4.8      3.340      4.705
  13         -4.8      1.168      2.272
  14         -4.5      7.075     10.004
  15         -4.5      9.394     11.188
  16         -4.4      2.738      3.567
  17         -4.3      4.154      6.133
  18         -4.2      8.174      9.956
  19         -4.1     10.722     12.270
  20         -4.0      9.945     11.814
Writing output ... done.
