#################################################################
# If you used AutoDock Vina in your work, please cite:          #
#                                                               #
# O. Trott, A. J. Olson,                                        #
# AutoDock Vina: improving the speed and accuracy of docking    #
# with a new scoring function, efficient optimization and       #
# multithreading, Journal of Computational Chemistry 31 (2010)  #
# 455-461                                                       #
#                                                               #
# DOI 10.1002/jcc.21334                                         #
#                                                               #
# Please see http://vina.scripps.edu for more information.      #
#################################################################

Output will be mol_datas/557-17-5_out.pdbqt
Reading input ... done.
Setting up the scoring function ... done.
Analyzing the binding site ... done.
Using random seed: 1000
Performing search ... done.
Refining results ... done.

mode |   affinity | dist from best mode
     | (kcal/mol) | rmsd l.b.| rmsd u.b.
-----+------------+----------+----------
   1         -3.6      0.000      0.000
   2         -3.4      1.344      1.848
   3         -3.3      1.915      3.776
   4         -3.2      1.896      2.990
   5         -3.2      0.989      1.319
   6         -3.1      6.528      7.451
   7         -3.0      9.784     10.804
   8         -3.0      8.883      9.528
   9         -2.9      4.336      5.133
  10         -2.9     11.164     12.139
  11         -2.9      1.383      3.363
  12         -2.9      4.706      5.527
  13         -2.8      6.449      7.989
  14         -2.7     13.226     13.622
  15         -2.7      3.893      4.745
  16         -2.7      3.093      3.543
  17         -2.7      4.040      4.825
  18         -2.7     12.587     12.842
  19         -2.7     10.707     11.658
  20         -2.6      9.629     10.197
Writing output ... done.
