#################################################################
# If you used AutoDock Vina in your work, please cite:          #
#                                                               #
# O. Trott, A. J. Olson,                                        #
# AutoDock Vina: improving the speed and accuracy of docking    #
# with a new scoring function, efficient optimization and       #
# multithreading, Journal of Computational Chemistry 31 (2010)  #
# 455-461                                                       #
#                                                               #
# DOI 10.1002/jcc.21334                                         #
#                                                               #
# Please see http://vina.scripps.edu for more information.      #
#################################################################

Output will be mol_datas/110-43-0_out.pdbqt
Reading input ... done.
Setting up the scoring function ... done.
Analyzing the binding site ... done.
Using random seed: 1000
Performing search ... done.
Refining results ... done.

mode |   affinity | dist from best mode
     | (kcal/mol) | rmsd l.b.| rmsd u.b.
-----+------------+----------+----------
   1         -5.3      0.000      0.000
   2         -5.1      1.410      1.523
   3         -5.0      2.637      4.492
   4         -5.0      3.491      4.448
   5         -4.9      2.092      4.313
   6         -4.6      1.889      3.651
   7         -4.4      8.076     10.248
   8         -4.4      1.853      2.933
   9         -4.2      2.783      4.875
  10         -4.2      2.242      4.323
  11         -4.2      9.855     11.914
  12         -4.2      5.391      6.967
  13         -4.0      9.103     10.903
  14         -4.0     10.735     11.360
  15         -3.9      6.472      8.643
  16         -3.9     11.477     12.385
  17         -3.8      4.584      6.685
  18         -3.8      9.642     11.551
  19         -3.8     11.053     11.966
  20         -3.7      9.844     10.950
Writing output ... done.
