#################################################################
# If you used AutoDock Vina in your work, please cite:          #
#                                                               #
# O. Trott, A. J. Olson,                                        #
# AutoDock Vina: improving the speed and accuracy of docking    #
# with a new scoring function, efficient optimization and       #
# multithreading, Journal of Computational Chemistry 31 (2010)  #
# 455-461                                                       #
#                                                               #
# DOI 10.1002/jcc.21334                                         #
#                                                               #
# Please see http://vina.scripps.edu for more information.      #
#################################################################

Output will be mol_datas/74-11-3_out.pdbqt
Reading input ... done.
Setting up the scoring function ... done.
Analyzing the binding site ... done.
Using random seed: 1000
Performing search ... done.
Refining results ... done.

mode |   affinity | dist from best mode
     | (kcal/mol) | rmsd l.b.| rmsd u.b.
-----+------------+----------+----------
   1         -6.4      0.000      0.000
   2         -6.4      0.028      1.532
   3         -6.3      3.889      4.886
   4         -6.1      3.784      4.438
   5         -6.0      8.695      9.664
   6         -5.9      3.568      4.690
   7         -5.9      3.827      4.718
   8         -5.8      2.833      3.472
   9         -5.8      3.966      4.584
  10         -5.8      3.300      4.196
  11         -5.7      9.802     10.735
  12         -5.6      9.377     10.414
  13         -5.5      3.624      4.480
  14         -5.4      9.584     10.548
  15         -5.3      3.156      3.873
  16         -5.3      8.303      9.299
  17         -5.3      9.416     10.499
  18         -5.3      8.741      9.598
  19         -5.3      8.061      8.970
  20         -5.2      3.621      4.360
Writing output ... done.
