#################################################################
# If you used AutoDock Vina in your work, please cite:          #
#                                                               #
# O. Trott, A. J. Olson,                                        #
# AutoDock Vina: improving the speed and accuracy of docking    #
# with a new scoring function, efficient optimization and       #
# multithreading, Journal of Computational Chemistry 31 (2010)  #
# 455-461                                                       #
#                                                               #
# DOI 10.1002/jcc.21334                                         #
#                                                               #
# Please see http://vina.scripps.edu for more information.      #
#################################################################

Output will be mol_datas/479-18-5_out.pdbqt
Reading input ... done.
Setting up the scoring function ... done.
Analyzing the binding site ... done.
Using random seed: 1000
Performing search ... done.
Refining results ... done.

mode |   affinity | dist from best mode
     | (kcal/mol) | rmsd l.b.| rmsd u.b.
-----+------------+----------+----------
   1         -6.3      0.000      0.000
   2         -6.1      7.833     10.508
   3         -6.1      2.459      5.761
   4         -6.1      7.323      8.500
   5         -5.2      2.177      5.426
   6         -4.9      2.020      5.309
   7         -4.6      8.062     10.771
   8         -4.5      5.947      8.781
   9         -4.4      7.815     10.165
  10         -3.9     22.121     23.950
  11         -3.8      2.893      4.832
  12         -3.7     15.192     16.301
  13         -3.7      8.465     10.077
  14         -3.6     14.756     15.028
  15         -3.5     15.697     16.519
  16         -3.5     15.425     16.318
  17         -3.4     16.471     17.541
  18         -3.4     14.082     15.350
  19         -3.4     15.687     16.382
  20         -3.3     14.387     14.940
Writing output ... done.
