#################################################################
# If you used AutoDock Vina in your work, please cite:          #
#                                                               #
# O. Trott, A. J. Olson,                                        #
# AutoDock Vina: improving the speed and accuracy of docking    #
# with a new scoring function, efficient optimization and       #
# multithreading, Journal of Computational Chemistry 31 (2010)  #
# 455-461                                                       #
#                                                               #
# DOI 10.1002/jcc.21334                                         #
#                                                               #
# Please see http://vina.scripps.edu for more information.      #
#################################################################

Output will be mol_datas/72762-00-6_out.pdbqt
Reading input ... done.
Setting up the scoring function ... done.
Analyzing the binding site ... done.
Using random seed: 1000
Performing search ... done.
Refining results ... done.

mode |   affinity | dist from best mode
     | (kcal/mol) | rmsd l.b.| rmsd u.b.
-----+------------+----------+----------
   1         -5.3      0.000      0.000
   2         -5.1      1.060      1.896
   3         -5.1      5.419      6.069
   4         -5.0      5.462      5.974
   5         -4.6      1.357      2.339
   6         -4.6      3.763      4.205
   7         -4.6      1.702      2.510
   8         -4.5      4.821      5.629
   9         -4.4      4.642      5.385
  10         -4.3      5.134      5.830
  11         -4.3     10.577     11.567
  12         -4.3      4.113      4.471
  13         -4.3     11.266     12.323
  14         -4.3     10.502     11.544
  15         -4.2      3.325      4.112
  16         -4.1      9.951     10.978
  17         -4.1     10.960     11.786
  18         -4.0      2.542      3.579
  19         -3.9      3.071      3.671
  20         -3.8     11.285     11.996
Writing output ... done.
