#################################################################
# If you used AutoDock Vina in your work, please cite:          #
#                                                               #
# O. Trott, A. J. Olson,                                        #
# AutoDock Vina: improving the speed and accuracy of docking    #
# with a new scoring function, efficient optimization and       #
# multithreading, Journal of Computational Chemistry 31 (2010)  #
# 455-461                                                       #
#                                                               #
# DOI 10.1002/jcc.21334                                         #
#                                                               #
# Please see http://vina.scripps.edu for more information.      #
#################################################################

Output will be mol_datas/111-26-2_out.pdbqt
Reading input ... done.
Setting up the scoring function ... done.
Analyzing the binding site ... done.
Using random seed: 1000
Performing search ... done.
Refining results ... done.

mode |   affinity | dist from best mode
     | (kcal/mol) | rmsd l.b.| rmsd u.b.
-----+------------+----------+----------
   1         -4.8      0.000      0.000
   2         -4.4      2.159      2.739
   3         -4.3      3.084      4.725
   4         -4.3      1.664      2.345
   5         -4.3      1.807      1.879
   6         -4.2      3.486      4.870
   7         -4.1      3.249      4.428
   8         -4.0      2.613      3.489
   9         -4.0      9.910     11.368
  10         -4.0      4.469      4.983
  11         -4.0      3.235      4.998
  12         -4.0      3.510      4.455
  13         -3.9      4.851      6.005
  14         -3.8      9.205     10.682
  15         -3.7     10.657     11.957
  16         -3.6     10.873     11.888
  17         -3.5     11.878     13.275
  18         -3.5      7.704      8.856
  19         -3.4      9.537     10.998
  20         -3.3     10.765     11.801
Writing output ... done.
