#################################################################
# If you used AutoDock Vina in your work, please cite:          #
#                                                               #
# O. Trott, A. J. Olson,                                        #
# AutoDock Vina: improving the speed and accuracy of docking    #
# with a new scoring function, efficient optimization and       #
# multithreading, Journal of Computational Chemistry 31 (2010)  #
# 455-461                                                       #
#                                                               #
# DOI 10.1002/jcc.21334                                         #
#                                                               #
# Please see http://vina.scripps.edu for more information.      #
#################################################################

Output will be mol_datas/86-74-8_out.pdbqt
Reading input ... done.
Setting up the scoring function ... done.
Analyzing the binding site ... done.
Using random seed: 1000
Performing search ... done.
Refining results ... done.

mode |   affinity | dist from best mode
     | (kcal/mol) | rmsd l.b.| rmsd u.b.
-----+------------+----------+----------
   1         -7.3      0.000      0.000
   2         -7.3      0.027      4.324
   3         -7.2      1.167      4.832
   4         -7.2      1.167      2.224
   5         -7.1      2.113      4.904
   6         -7.1      3.032      3.455
   7         -7.1      1.528      2.342
   8         -7.1      1.815      5.153
   9         -7.1      1.815      3.192
  10         -6.5      1.929      2.847
  11         -6.5      1.922      4.162
  12         -6.4      8.087     10.031
  13         -6.4      8.104      9.386
  14         -6.3      2.325      3.571
  15         -6.2      2.075      4.495
  16         -6.2      9.657     11.666
  17         -6.2      9.655     11.363
  18         -6.1      2.048      3.348
  19         -6.0      8.394      9.709
  20         -6.0      8.381     10.384
Writing output ... done.
