#################################################################
# If you used AutoDock Vina in your work, please cite:          #
#                                                               #
# O. Trott, A. J. Olson,                                        #
# AutoDock Vina: improving the speed and accuracy of docking    #
# with a new scoring function, efficient optimization and       #
# multithreading, Journal of Computational Chemistry 31 (2010)  #
# 455-461                                                       #
#                                                               #
# DOI 10.1002/jcc.21334                                         #
#                                                               #
# Please see http://vina.scripps.edu for more information.      #
#################################################################

Output will be mol_datas/76-13-1_out.pdbqt
Reading input ... done.
Setting up the scoring function ... done.
Analyzing the binding site ... done.
Using random seed: 1000
Performing search ... done.
Refining results ... done.

mode |   affinity | dist from best mode
     | (kcal/mol) | rmsd l.b.| rmsd u.b.
-----+------------+----------+----------
   1         -5.3      0.000      0.000
   2         -5.1      5.197      5.881
   3         -4.8      4.215      5.138
   4         -4.8      3.898      4.716
   5         -4.7      4.086      4.870
   6         -4.6      3.537      4.071
   7         -4.6      3.656      4.448
   8         -4.5      4.245      4.715
   9         -4.5      5.175      5.780
  10         -4.4      6.341      7.297
  11         -4.4      3.524      4.044
  12         -4.3      7.230      8.449
  13         -4.3      1.957      2.590
  14         -4.2      4.449      5.282
  15         -4.1      7.030      8.404
  16         -4.0      4.023      5.041
  17         -3.9      8.176      8.964
  18         -3.9      8.023      8.817
  19         -3.9      8.595      9.022
  20         -3.8      8.729      9.307
Writing output ... done.
