#################################################################
# If you used AutoDock Vina in your work, please cite:          #
#                                                               #
# O. Trott, A. J. Olson,                                        #
# AutoDock Vina: improving the speed and accuracy of docking    #
# with a new scoring function, efficient optimization and       #
# multithreading, Journal of Computational Chemistry 31 (2010)  #
# 455-461                                                       #
#                                                               #
# DOI 10.1002/jcc.21334                                         #
#                                                               #
# Please see http://vina.scripps.edu for more information.      #
#################################################################

Output will be mol_datas/90-05-1_out.pdbqt
Reading input ... done.
Setting up the scoring function ... done.
Analyzing the binding site ... done.
Using random seed: 1000
Performing search ... done.
Refining results ... done.

mode |   affinity | dist from best mode
     | (kcal/mol) | rmsd l.b.| rmsd u.b.
-----+------------+----------+----------
   1         -6.0      0.000      0.000
   2         -5.8      0.991      2.246
   3         -5.4      2.580      5.320
   4         -5.4      2.278      4.269
   5         -5.3      3.089      4.804
   6         -5.3      1.150      1.271
   7         -5.2      1.394      3.293
   8         -5.1      3.921      5.059
   9         -5.0      9.593     11.457
  10         -5.0      9.168     10.373
  11         -4.9     10.632     11.824
  12         -4.9      8.581     10.390
  13         -4.9      4.299      5.608
  14         -4.9      1.888      4.012
  15         -4.7     10.202     11.690
  16         -4.6      1.854      3.881
  17         -4.6      3.980      4.727
  18         -4.4      9.807     11.449
  19         -4.4      3.192      4.510
  20         -4.1      6.586      8.486
Writing output ... done.
