#################################################################
# If you used AutoDock Vina in your work, please cite:          #
#                                                               #
# O. Trott, A. J. Olson,                                        #
# AutoDock Vina: improving the speed and accuracy of docking    #
# with a new scoring function, efficient optimization and       #
# multithreading, Journal of Computational Chemistry 31 (2010)  #
# 455-461                                                       #
#                                                               #
# DOI 10.1002/jcc.21334                                         #
#                                                               #
# Please see http://vina.scripps.edu for more information.      #
#################################################################

Output will be mol_datas/93-65-2_out.pdbqt
Reading input ... done.
Setting up the scoring function ... done.
Analyzing the binding site ... done.
Using random seed: 1000
Performing search ... done.
Refining results ... done.

mode |   affinity | dist from best mode
     | (kcal/mol) | rmsd l.b.| rmsd u.b.
-----+------------+----------+----------
   1         -7.5      0.000      0.000
   2         -7.0      3.229      5.139
   3         -6.9      3.195      5.129
   4         -6.7      2.137      3.598
   5         -6.7      3.344      5.161
   6         -6.7      1.575      2.753
   7         -6.5      2.106      3.137
   8         -6.4      6.752      8.603
   9         -5.9      1.380      2.569
  10         -5.9      9.240     10.965
  11         -5.9      1.620      2.336
  12         -5.5      8.165     10.126
  13         -5.5      2.637      3.727
  14         -5.5      3.484      5.182
  15         -5.2      7.487      9.421
  16         -4.6      8.589     10.626
  17         -4.6     16.778     17.776
Writing output ... done.
