#################################################################
# If you used AutoDock Vina in your work, please cite:          #
#                                                               #
# O. Trott, A. J. Olson,                                        #
# AutoDock Vina: improving the speed and accuracy of docking    #
# with a new scoring function, efficient optimization and       #
# multithreading, Journal of Computational Chemistry 31 (2010)  #
# 455-461                                                       #
#                                                               #
# DOI 10.1002/jcc.21334                                         #
#                                                               #
# Please see http://vina.scripps.edu for more information.      #
#################################################################

Output will be mol_datas/85-44-9_out.pdbqt
Reading input ... done.
Setting up the scoring function ... done.
Analyzing the binding site ... done.
Using random seed: 1000
Performing search ... done.
Refining results ... done.

mode |   affinity | dist from best mode
     | (kcal/mol) | rmsd l.b.| rmsd u.b.
-----+------------+----------+----------
   1         -7.5      0.000      0.000
   2         -7.5      0.036      2.634
   3         -7.3      2.622      4.826
   4         -7.2      2.763      4.134
   5         -6.8      2.091      3.249
   6         -6.8      2.014      4.029
   7         -6.7      8.375     10.072
   8         -6.4      9.466     11.105
   9         -6.4      2.606      3.668
  10         -6.4      8.724     10.582
  11         -6.4      2.965      4.252
  12         -6.3      9.132     10.632
  13         -6.3      2.950      3.633
  14         -6.1      2.639      4.232
  15         -6.1      2.734      3.532
  16         -5.9      9.415     11.006
  17         -5.3      8.415     10.634
  18         -4.7     11.263     12.880
  19         -4.7     16.500     17.182
  20         -4.6     16.558     17.210
Writing output ... done.
