#################################################################
# If you used AutoDock Vina in your work, please cite:          #
#                                                               #
# O. Trott, A. J. Olson,                                        #
# AutoDock Vina: improving the speed and accuracy of docking    #
# with a new scoring function, efficient optimization and       #
# multithreading, Journal of Computational Chemistry 31 (2010)  #
# 455-461                                                       #
#                                                               #
# DOI 10.1002/jcc.21334                                         #
#                                                               #
# Please see http://vina.scripps.edu for more information.      #
#################################################################

Output will be mol_datas/101-31-5_out.pdbqt
Reading input ... done.
Setting up the scoring function ... done.
Analyzing the binding site ... done.
Using random seed: 1000
Performing search ... done.
Refining results ... done.

mode |   affinity | dist from best mode
     | (kcal/mol) | rmsd l.b.| rmsd u.b.
-----+------------+----------+----------
   1         -7.9      0.000      0.000
   2         -7.6      4.121      6.155
   3         -7.6      4.133      5.510
   4         -7.3      8.096     10.272
   5         -7.1      4.666      7.224
   6         -6.6      5.310      7.791
   7         -6.5      7.401      9.358
   8         -6.1      3.782      5.172
   9         -6.0      5.214      8.295
  10         -5.9      8.229     10.085
  11         -5.9      6.355      9.012
  12         -5.4     15.738     17.200
  13         -5.3     15.628     16.530
  14         -5.3     16.592     18.538
  15         -5.2     16.432     18.039
  16         -5.2     16.387     17.807
  17         -5.1     16.458     17.754
  18         -5.0     16.433     18.398
  19         -5.0     15.577     17.421
Writing output ... done.
