#################################################################
# If you used AutoDock Vina in your work, please cite:          #
#                                                               #
# O. Trott, A. J. Olson,                                        #
# AutoDock Vina: improving the speed and accuracy of docking    #
# with a new scoring function, efficient optimization and       #
# multithreading, Journal of Computational Chemistry 31 (2010)  #
# 455-461                                                       #
#                                                               #
# DOI 10.1002/jcc.21334                                         #
#                                                               #
# Please see http://vina.scripps.edu for more information.      #
#################################################################

Output will be mol_datas/74-97-5_out.pdbqt
Reading input ... done.
Setting up the scoring function ... done.
Analyzing the binding site ... done.
Using random seed: 1000
Performing search ... done.
Refining results ... done.

mode |   affinity | dist from best mode
     | (kcal/mol) | rmsd l.b.| rmsd u.b.
-----+------------+----------+----------
   1         -2.7      0.000      0.000
   2         -2.7      2.504      2.504
   3         -2.7      2.495      2.495
   4         -2.5      1.816      1.816
   5         -2.3      6.597      6.597
   6         -2.3      2.944      2.944
   7         -2.2      3.466      3.466
   8         -2.2      2.984      2.984
   9         -2.2      7.596      7.596
  10         -2.2      5.351      5.351
  11         -2.2      9.506      9.506
  12         -2.1      4.770      4.770
  13         -2.1      5.216      5.216
  14         -2.1     13.016     13.016
  15         -2.1      9.835      9.835
  16         -2.1      4.097      4.097
  17         -2.0      4.313      4.313
  18         -2.0      6.023      6.023
  19         -2.0     14.377     14.377
  20         -1.9     11.523     11.523
Writing output ... done.
