#################################################################
# If you used AutoDock Vina in your work, please cite:          #
#                                                               #
# O. Trott, A. J. Olson,                                        #
# AutoDock Vina: improving the speed and accuracy of docking    #
# with a new scoring function, efficient optimization and       #
# multithreading, Journal of Computational Chemistry 31 (2010)  #
# 455-461                                                       #
#                                                               #
# DOI 10.1002/jcc.21334                                         #
#                                                               #
# Please see http://vina.scripps.edu for more information.      #
#################################################################

Output will be mol_datas/71-55-6_out.pdbqt
Reading input ... done.
Setting up the scoring function ... done.
Analyzing the binding site ... done.
Using random seed: 1000
Performing search ... done.
Refining results ... done.

mode |   affinity | dist from best mode
     | (kcal/mol) | rmsd l.b.| rmsd u.b.
-----+------------+----------+----------
   1         -3.4      0.000      0.000
   2         -3.4      1.470      2.138
   3         -3.4      1.464      2.511
   4         -3.4      0.080      2.239
   5         -3.4      3.679      4.635
   6         -3.4      3.692      4.609
   7         -3.4      1.470      2.144
   8         -3.4      4.244      5.026
   9         -3.4      4.019      5.065
  10         -3.4      4.024      4.744
  11         -3.4      1.486      2.152
  12         -3.4      1.481      2.140
  13         -3.3      1.680      2.535
  14         -3.3      1.680      2.686
  15         -3.1      2.569      3.263
  16         -3.0      2.168      2.511
  17         -3.0      2.448      2.724
  18         -2.8     10.906     11.924
  19         -2.8     10.913     11.868
  20         -2.8     11.102     11.674
Writing output ... done.
