#################################################################
# If you used AutoDock Vina in your work, please cite:          #
#                                                               #
# O. Trott, A. J. Olson,                                        #
# AutoDock Vina: improving the speed and accuracy of docking    #
# with a new scoring function, efficient optimization and       #
# multithreading, Journal of Computational Chemistry 31 (2010)  #
# 455-461                                                       #
#                                                               #
# DOI 10.1002/jcc.21334                                         #
#                                                               #
# Please see http://vina.scripps.edu for more information.      #
#################################################################

Output will be mol_datas/103-73-1_out.pdbqt
Reading input ... done.
Setting up the scoring function ... done.
Analyzing the binding site ... done.
Using random seed: 1000
Performing search ... done.
Refining results ... done.

mode |   affinity | dist from best mode
     | (kcal/mol) | rmsd l.b.| rmsd u.b.
-----+------------+----------+----------
   1         -6.4      0.000      0.000
   2         -5.8      1.706      3.800
   3         -5.7      2.135      5.003
   4         -5.6      2.373      5.086
   5         -5.4      3.837      5.366
   6         -5.2      2.402      3.687
   7         -5.1      9.869     11.075
   8         -5.1      9.838     10.987
   9         -5.1      3.641      5.328
  10         -5.0      3.318      4.373
  11         -4.9     10.551     11.391
  12         -4.9      2.205      2.791
  13         -4.8     11.092     12.105
  14         -4.6     10.296     11.266
  15         -4.1     11.722     13.520
  16         -4.0      7.804      8.670
  17         -3.9     11.211     12.399
  18         -3.9     10.387     11.629
  19         -3.6     20.105     20.794
Writing output ... done.
