#################################################################
# If you used AutoDock Vina in your work, please cite:          #
#                                                               #
# O. Trott, A. J. Olson,                                        #
# AutoDock Vina: improving the speed and accuracy of docking    #
# with a new scoring function, efficient optimization and       #
# multithreading, Journal of Computational Chemistry 31 (2010)  #
# 455-461                                                       #
#                                                               #
# DOI 10.1002/jcc.21334                                         #
#                                                               #
# Please see http://vina.scripps.edu for more information.      #
#################################################################

Output will be mol_datas/643-12-9_out.pdbqt
Reading input ... done.
Setting up the scoring function ... done.
Analyzing the binding site ... done.
Using random seed: 1000
Performing search ... done.
Refining results ... done.

mode |   affinity | dist from best mode
     | (kcal/mol) | rmsd l.b.| rmsd u.b.
-----+------------+----------+----------
   1         -5.2      0.000      0.000
   2         -5.2      1.313      3.038
   3         -4.9      6.698      8.663
   4         -4.9      7.447      9.304
   5         -4.9      6.686      8.548
   6         -4.7      7.204      9.746
   7         -4.5      1.221      3.132
   8         -4.4      1.623      3.761
   9         -4.2      1.430      4.166
  10         -4.2      6.767      8.788
  11         -4.1      6.868      8.898
  12         -4.1      7.582      9.093
  13         -4.0      1.215      2.414
  14         -3.8      6.708      8.883
  15         -3.8      6.975      8.988
  16         -3.7      1.185      3.146
  17         -3.1     18.376     19.256
  18         -3.0     19.769     21.262
  19         -3.0     18.500     19.344
  20         -2.8     19.882     20.925
Writing output ... done.
