#################################################################
# If you used AutoDock Vina in your work, please cite:          #
#                                                               #
# O. Trott, A. J. Olson,                                        #
# AutoDock Vina: improving the speed and accuracy of docking    #
# with a new scoring function, efficient optimization and       #
# multithreading, Journal of Computational Chemistry 31 (2010)  #
# 455-461                                                       #
#                                                               #
# DOI 10.1002/jcc.21334                                         #
#                                                               #
# Please see http://vina.scripps.edu for more information.      #
#################################################################

Output will be mol_datas/91-22-5_out.pdbqt
Reading input ... done.
Setting up the scoring function ... done.
Analyzing the binding site ... done.
Using random seed: 1000
Performing search ... done.
Refining results ... done.

mode |   affinity | dist from best mode
     | (kcal/mol) | rmsd l.b.| rmsd u.b.
-----+------------+----------+----------
   1         -7.4      0.000      0.000
   2         -7.3      0.979      2.079
   3         -7.0      0.840      3.413
   4         -6.9      1.272      3.988
   5         -6.8      3.122      5.010
   6         -6.8      2.955      4.604
   7         -6.7      3.117      4.170
   8         -6.6      3.303      4.628
   9         -6.0      1.550      3.742
  10         -5.8      8.832     10.322
  11         -5.8      8.889     10.786
  12         -5.7      9.923     11.455
  13         -5.6      9.501     11.146
  14         -5.5      3.198      3.998
  15         -5.5      9.230     11.062
  16         -5.3      9.545     11.204
  17         -5.2      9.164     10.789
  18         -5.1      9.295     11.031
Writing output ... done.
