#################################################################
# If you used AutoDock Vina in your work, please cite:          #
#                                                               #
# O. Trott, A. J. Olson,                                        #
# AutoDock Vina: improving the speed and accuracy of docking    #
# with a new scoring function, efficient optimization and       #
# multithreading, Journal of Computational Chemistry 31 (2010)  #
# 455-461                                                       #
#                                                               #
# DOI 10.1002/jcc.21334                                         #
#                                                               #
# Please see http://vina.scripps.edu for more information.      #
#################################################################

Output will be mol_datas/106-99-0_out.pdbqt
Reading input ... done.
Setting up the scoring function ... done.
Analyzing the binding site ... done.
Using random seed: 1000
Performing search ... done.
Refining results ... done.

mode |   affinity | dist from best mode
     | (kcal/mol) | rmsd l.b.| rmsd u.b.
-----+------------+----------+----------
   1         -3.8      0.000      0.000
   2         -3.8      0.076      2.302
   3         -3.5      0.655      2.311
   4         -3.2      5.825      6.682
   5         -3.2      5.257      6.202
   6         -3.1      4.860      5.761
   7         -3.1      5.841      6.358
   8         -3.0      1.511      2.930
   9         -2.9      5.291      5.939
  10         -2.9     12.136     13.099
  11         -2.9     11.985     12.944
  12         -2.9      4.675      5.268
  13         -2.9      4.846      5.704
  14         -2.9      4.959      5.262
  15         -2.8      6.229      7.396
  16         -2.8      7.603      8.186
  17         -2.7      8.668      9.688
  18         -2.7      5.799      6.444
  19         -2.7      4.852      5.504
  20         -2.7      8.351      9.278
Writing output ... done.
