#################################################################
# If you used AutoDock Vina in your work, please cite:          #
#                                                               #
# O. Trott, A. J. Olson,                                        #
# AutoDock Vina: improving the speed and accuracy of docking    #
# with a new scoring function, efficient optimization and       #
# multithreading, Journal of Computational Chemistry 31 (2010)  #
# 455-461                                                       #
#                                                               #
# DOI 10.1002/jcc.21334                                         #
#                                                               #
# Please see http://vina.scripps.edu for more information.      #
#################################################################

Output will be mol_datas/57-24-9_out.pdbqt
Reading input ... done.
Setting up the scoring function ... done.
Analyzing the binding site ... done.
Using random seed: 1000
Performing search ... done.
Refining results ... done.

mode |   affinity | dist from best mode
     | (kcal/mol) | rmsd l.b.| rmsd u.b.
-----+------------+----------+----------
   1         -6.3      0.000      0.000
   2         -6.2      2.541      6.150
   3         -6.1      1.434      1.846
   4         -5.9      1.994      6.115
   5         -5.9      2.203      6.067
   6         -5.6      1.835      4.176
   7         -5.5      2.561      6.195
   8         -5.5      2.202      5.920
   9         -5.4      2.148      5.718
  10         -5.3      2.453      5.947
  11         -5.2     10.329     13.552
  12         -5.1      4.298      6.348
  13         -5.1      2.386      5.136
  14         -5.0      2.498      4.843
  15         -4.9     12.021     15.269
  16         -4.9      7.783     11.143
  17         -4.9      2.430      4.571
  18         -4.8      2.149      3.868
  19         -4.8      3.505      7.341
  20         -4.7      2.471      4.873
Writing output ... done.
