#################################################################
# If you used AutoDock Vina in your work, please cite:          #
#                                                               #
# O. Trott, A. J. Olson,                                        #
# AutoDock Vina: improving the speed and accuracy of docking    #
# with a new scoring function, efficient optimization and       #
# multithreading, Journal of Computational Chemistry 31 (2010)  #
# 455-461                                                       #
#                                                               #
# DOI 10.1002/jcc.21334                                         #
#                                                               #
# Please see http://vina.scripps.edu for more information.      #
#################################################################

Output will be mol_datas/626-93-7_out.pdbqt
Reading input ... done.
Setting up the scoring function ... done.
Analyzing the binding site ... done.
Using random seed: 1000
Performing search ... done.
Refining results ... done.

mode |   affinity | dist from best mode
     | (kcal/mol) | rmsd l.b.| rmsd u.b.
-----+------------+----------+----------
   1         -4.9      0.000      0.000
   2         -4.7      4.021      4.877
   3         -4.6      2.457      4.167
   4         -4.5      1.927      3.873
   5         -4.4      1.578      3.377
   6         -4.3      4.828      5.581
   7         -4.1      1.474      1.864
   8         -4.1      3.324      4.332
   9         -4.1      1.813      2.206
  10         -4.0      2.516      3.890
  11         -3.9      9.360     11.428
  12         -3.9      2.469      4.104
  13         -3.9      3.231      3.991
  14         -3.8      8.449     10.584
  15         -3.7      3.512      5.408
  16         -3.7     10.306     11.020
  17         -3.7     11.062     12.791
  18         -3.5      8.372      9.998
  19         -3.5     10.143     11.882
  20         -3.5     10.792     11.614
Writing output ... done.
