#################################################################
# If you used AutoDock Vina in your work, please cite:          #
#                                                               #
# O. Trott, A. J. Olson,                                        #
# AutoDock Vina: improving the speed and accuracy of docking    #
# with a new scoring function, efficient optimization and       #
# multithreading, Journal of Computational Chemistry 31 (2010)  #
# 455-461                                                       #
#                                                               #
# DOI 10.1002/jcc.21334                                         #
#                                                               #
# Please see http://vina.scripps.edu for more information.      #
#################################################################

Output will be mol_datas/628-28-4_out.pdbqt
Reading input ... done.
Setting up the scoring function ... done.
Analyzing the binding site ... done.
Using random seed: 1000
Performing search ... done.
Refining results ... done.

mode |   affinity | dist from best mode
     | (kcal/mol) | rmsd l.b.| rmsd u.b.
-----+------------+----------+----------
   1         -4.4      0.000      0.000
   2         -4.0      2.332      4.234
   3         -3.8      2.202      4.058
   4         -3.5      1.749      1.848
   5         -3.5      3.748      5.176
   6         -3.5      1.550      3.527
   7         -3.4      3.846      4.701
   8         -3.4      2.245      3.961
   9         -3.4      9.018     10.490
  10         -3.4      4.671      5.697
  11         -3.3     10.946     12.248
  12         -3.3     11.130     12.215
  13         -3.3      4.999      5.979
  14         -3.3     11.244     12.534
  15         -3.3      2.608      3.400
  16         -3.2      9.849     11.263
  17         -3.1      3.250      4.310
  18         -3.1      9.706     10.814
  19         -3.1      6.984      8.064
  20         -2.8      2.563      3.393
Writing output ... done.
