#################################################################
# If you used AutoDock Vina in your work, please cite:          #
#                                                               #
# O. Trott, A. J. Olson,                                        #
# AutoDock Vina: improving the speed and accuracy of docking    #
# with a new scoring function, efficient optimization and       #
# multithreading, Journal of Computational Chemistry 31 (2010)  #
# 455-461                                                       #
#                                                               #
# DOI 10.1002/jcc.21334                                         #
#                                                               #
# Please see http://vina.scripps.edu for more information.      #
#################################################################

Output will be mol_datas/137-58-6_out.pdbqt
Reading input ... done.
Setting up the scoring function ... done.
Analyzing the binding site ... done.
Using random seed: 1000
Performing search ... done.
Refining results ... done.

mode |   affinity | dist from best mode
     | (kcal/mol) | rmsd l.b.| rmsd u.b.
-----+------------+----------+----------
   1         -6.8      0.000      0.000
   2         -6.8      5.825      8.964
   3         -6.8      0.044      2.105
   4         -6.7      5.807      9.090
   5         -6.4      2.770      7.178
   6         -6.3      2.949      7.313
   7         -6.2      0.930      2.276
   8         -6.1      1.004      3.047
   9         -5.3      3.824      5.835
  10         -5.3      3.786      6.116
  11         -5.2      1.184      6.382
  12         -5.2      1.197      6.157
  13         -4.8      6.236      9.254
  14         -4.7      6.180      9.134
  15         -4.7      6.628      9.493
  16         -4.6      6.634      9.316
  17         -4.5      6.293      8.877
  18         -4.5     14.837     16.264
  19         -4.4      6.295      8.857
  20         -4.1     14.730     16.625
Writing output ... done.
