#################################################################
# If you used AutoDock Vina in your work, please cite:          #
#                                                               #
# O. Trott, A. J. Olson,                                        #
# AutoDock Vina: improving the speed and accuracy of docking    #
# with a new scoring function, efficient optimization and       #
# multithreading, Journal of Computational Chemistry 31 (2010)  #
# 455-461                                                       #
#                                                               #
# DOI 10.1002/jcc.21334                                         #
#                                                               #
# Please see http://vina.scripps.edu for more information.      #
#################################################################

Output will be mol_datas/541-73-1_out.pdbqt
Reading input ... done.
Setting up the scoring function ... done.
Analyzing the binding site ... done.
Using random seed: 1000
Performing search ... done.
Refining results ... done.

mode |   affinity | dist from best mode
     | (kcal/mol) | rmsd l.b.| rmsd u.b.
-----+------------+----------+----------
   1         -5.7      0.000      0.000
   2         -5.7      0.089      3.225
   3         -5.5      1.625      3.833
   4         -5.5      1.614      2.309
   5         -5.4      3.400      4.776
   6         -5.4      3.402      4.285
   7         -5.1      2.250      3.525
   8         -5.1      2.297      3.099
   9         -4.9      9.506     10.817
  10         -4.8      9.320     10.637
  11         -4.7      9.751     11.084
  12         -4.6      9.935     11.107
  13         -4.5      9.230     10.380
  14         -3.9     12.808     13.240
  15         -3.7      7.999      8.980
  16         -3.7     12.943     13.475
  17         -3.6     12.310     13.537
  18         -3.6     12.999     13.413
  19         -3.4     13.202     13.722
  20         -3.3      5.676      6.706
Writing output ... done.
