#################################################################
# If you used AutoDock Vina in your work, please cite:          #
#                                                               #
# O. Trott, A. J. Olson,                                        #
# AutoDock Vina: improving the speed and accuracy of docking    #
# with a new scoring function, efficient optimization and       #
# multithreading, Journal of Computational Chemistry 31 (2010)  #
# 455-461                                                       #
#                                                               #
# DOI 10.1002/jcc.21334                                         #
#                                                               #
# Please see http://vina.scripps.edu for more information.      #
#################################################################

Output will be mol_datas/2032-59-9_out.pdbqt
Reading input ... done.
Setting up the scoring function ... done.
Analyzing the binding site ... done.
Using random seed: 1000
Performing search ... done.
Refining results ... done.

mode |   affinity | dist from best mode
     | (kcal/mol) | rmsd l.b.| rmsd u.b.
-----+------------+----------+----------
   1         -6.6      0.000      0.000
   2         -6.3      2.833      5.931
   3         -6.3      2.580      5.825
   4         -6.1      9.610     11.804
   5         -5.9      8.749     10.927
   6         -5.7      4.186      6.076
   7         -5.7      7.227      9.148
   8         -5.4      3.290      5.887
   9         -5.2      8.356     10.451
  10         -5.1      3.676      5.173
  11         -4.6      7.171      8.555
  12         -4.4      2.193      5.455
  13         -4.2      4.873      6.585
  14         -4.1      3.240      4.298
  15         -3.9     17.898     19.430
  16         -3.9     17.590     19.276
  17         -3.9     16.819     17.799
  18         -3.9      8.380     10.371
  19         -3.7     15.921     17.140
Writing output ... done.
