#################################################################
# If you used AutoDock Vina in your work, please cite:          #
#                                                               #
# O. Trott, A. J. Olson,                                        #
# AutoDock Vina: improving the speed and accuracy of docking    #
# with a new scoring function, efficient optimization and       #
# multithreading, Journal of Computational Chemistry 31 (2010)  #
# 455-461                                                       #
#                                                               #
# DOI 10.1002/jcc.21334                                         #
#                                                               #
# Please see http://vina.scripps.edu for more information.      #
#################################################################

Output will be mol_datas/508-96-3_out.pdbqt
Reading input ... done.
Setting up the scoring function ... done.
Analyzing the binding site ... done.
Using random seed: 1000
Performing search ... done.
Refining results ... done.

mode |   affinity | dist from best mode
     | (kcal/mol) | rmsd l.b.| rmsd u.b.
-----+------------+----------+----------
   1         -5.9      0.000      0.000
   2         -5.6      2.039      9.343
   3         -5.4      3.690     11.630
   4         -5.2      6.902     12.794
   5         -5.1      5.342      9.715
   6         -5.1      4.020      7.699
   7         -5.0      6.030     10.412
   8         -5.0      2.706      5.485
   9         -4.9      6.625     11.779
  10         -4.9      4.220     11.920
  11         -4.9      6.355     10.667
  12         -4.9      7.271     12.689
  13         -4.8      5.752     12.673
  14         -4.8      4.602     12.660
  15         -4.8      7.406     12.866
  16         -4.7      5.710      9.964
  17         -4.6      4.161     11.800
  18         -4.6      7.674     10.863
  19         -4.5      5.697     10.568
  20         -4.5      4.106      7.371
Writing output ... done.
