#################################################################
# If you used AutoDock Vina in your work, please cite:          #
#                                                               #
# O. Trott, A. J. Olson,                                        #
# AutoDock Vina: improving the speed and accuracy of docking    #
# with a new scoring function, efficient optimization and       #
# multithreading, Journal of Computational Chemistry 31 (2010)  #
# 455-461                                                       #
#                                                               #
# DOI 10.1002/jcc.21334                                         #
#                                                               #
# Please see http://vina.scripps.edu for more information.      #
#################################################################

Output will be mol_datas/53-70-3_out.pdbqt
Reading input ... done.
Setting up the scoring function ... done.
Analyzing the binding site ... done.
Using random seed: 1000
Performing search ... done.
Refining results ... done.

mode |   affinity | dist from best mode
     | (kcal/mol) | rmsd l.b.| rmsd u.b.
-----+------------+----------+----------
   1         -8.5      0.000      0.000
   2         -8.5      0.019      7.386
   3         -7.3      5.737     12.043
   4         -7.2     14.811     15.770
   5         -7.2     14.782     17.177
   6         -7.0     14.817     16.334
   7         -7.0     14.815     16.082
   8         -6.7     14.819     16.339
   9         -6.7     14.847     16.243
  10         -6.6     15.007     16.170
  11         -6.5     15.238     17.036
  12         -6.5     15.288     15.456
  13         -6.5     14.930     16.095
  14         -6.3     15.105     16.897
  15         -6.3     15.115     15.763
  16         -6.0     18.146     19.738
  17         -6.0     15.148     16.020
  18         -6.0     15.716     17.654
  19         -5.8     15.503     17.139
  20         -5.8     15.369     15.990
Writing output ... done.
