#################################################################
# If you used AutoDock Vina in your work, please cite:          #
#                                                               #
# O. Trott, A. J. Olson,                                        #
# AutoDock Vina: improving the speed and accuracy of docking    #
# with a new scoring function, efficient optimization and       #
# multithreading, Journal of Computational Chemistry 31 (2010)  #
# 455-461                                                       #
#                                                               #
# DOI 10.1002/jcc.21334                                         #
#                                                               #
# Please see http://vina.scripps.edu for more information.      #
#################################################################

Output will be mol_datas/58-18-4_out.pdbqt
Reading input ... done.
Setting up the scoring function ... done.
Analyzing the binding site ... done.
Using random seed: 1000
Performing search ... done.
Refining results ... done.

mode |   affinity | dist from best mode
     | (kcal/mol) | rmsd l.b.| rmsd u.b.
-----+------------+----------+----------
   1         -6.0      0.000      0.000
   2         -5.6     13.939     16.209
   3         -5.6     14.168     16.315
   4         -5.3     14.607     18.359
   5         -5.2     12.219     14.975
   6         -5.2     10.131     13.253
   7         -5.2      9.467     13.431
   8         -5.1      9.819     14.465
   9         -5.1     10.355     15.360
  10         -4.9     11.945     14.475
  11         -4.9     13.731     16.275
  12         -4.8     13.435     15.372
  13         -4.8      8.329     13.164
  14         -4.7     11.261     16.734
  15         -4.7      8.850     12.034
  16         -4.6      8.047     10.790
  17         -4.5      8.534     12.166
  18         -4.5      7.603     11.401
  19         -4.4      8.198     13.436
  20         -4.4     10.461     14.609
Writing output ... done.
