#################################################################
# If you used AutoDock Vina in your work, please cite:          #
#                                                               #
# O. Trott, A. J. Olson,                                        #
# AutoDock Vina: improving the speed and accuracy of docking    #
# with a new scoring function, efficient optimization and       #
# multithreading, Journal of Computational Chemistry 31 (2010)  #
# 455-461                                                       #
#                                                               #
# DOI 10.1002/jcc.21334                                         #
#                                                               #
# Please see http://vina.scripps.edu for more information.      #
#################################################################

Output will be mol_datas/625-54-7_out.pdbqt
Reading input ... done.
Setting up the scoring function ... done.
Analyzing the binding site ... done.
Using random seed: 1000
Performing search ... done.
Refining results ... done.

mode |   affinity | dist from best mode
     | (kcal/mol) | rmsd l.b.| rmsd u.b.
-----+------------+----------+----------
   1         -4.0      0.000      0.000
   2         -3.8      1.395      3.485
   3         -3.8      1.338      3.212
   4         -3.5      3.228      3.764
   5         -3.4      1.961      3.466
   6         -3.4      1.446      2.947
   7         -3.3      7.692      9.384
   8         -3.3      2.808      3.973
   9         -3.3      1.625      2.527
  10         -3.2      2.315      3.266
  11         -3.2      7.152      8.484
  12         -3.2      3.236      4.946
  13         -3.2     10.711     11.903
  14         -3.2      1.497      3.252
  15         -3.2      9.917     11.481
  16         -3.1      5.029      6.402
  17         -3.0     12.347     13.602
  18         -3.0      8.928     10.638
  19         -3.0     10.359     11.454
  20         -2.9     10.194     11.147
Writing output ... done.
