#################################################################
# If you used AutoDock Vina in your work, please cite:          #
#                                                               #
# O. Trott, A. J. Olson,                                        #
# AutoDock Vina: improving the speed and accuracy of docking    #
# with a new scoring function, efficient optimization and       #
# multithreading, Journal of Computational Chemistry 31 (2010)  #
# 455-461                                                       #
#                                                               #
# DOI 10.1002/jcc.21334                                         #
#                                                               #
# Please see http://vina.scripps.edu for more information.      #
#################################################################

Output will be mol_datas/4516-69-2_out.pdbqt
Reading input ... done.
Setting up the scoring function ... done.
Analyzing the binding site ... done.
Using random seed: 1000
Performing search ... done.
Refining results ... done.

mode |   affinity | dist from best mode
     | (kcal/mol) | rmsd l.b.| rmsd u.b.
-----+------------+----------+----------
   1         -5.6      0.000      0.000
   2         -5.6      1.814      3.500
   3         -5.5      1.373      3.620
   4         -5.4      2.914      4.277
   5         -5.3      1.130      1.362
   6         -5.3      1.825      3.679
   7         -5.0      1.282      2.553
   8         -4.9      2.234      3.806
   9         -4.9      1.037      2.224
  10         -4.9      1.652      3.525
  11         -4.7      1.271      3.525
  12         -4.3      8.129      9.707
  13         -4.3      8.295      9.912
  14         -4.0      8.906     10.451
  15         -3.7      9.945     11.449
  16         -3.7     16.151     18.069
  17         -3.7     11.798     13.145
  18         -3.7     17.433     18.415
  19         -3.6     18.301     19.472
  20         -3.5     16.895     17.918
Writing output ... done.
