#################################################################
# If you used AutoDock Vina in your work, please cite:          #
#                                                               #
# O. Trott, A. J. Olson,                                        #
# AutoDock Vina: improving the speed and accuracy of docking    #
# with a new scoring function, efficient optimization and       #
# multithreading, Journal of Computational Chemistry 31 (2010)  #
# 455-461                                                       #
#                                                               #
# DOI 10.1002/jcc.21334                                         #
#                                                               #
# Please see http://vina.scripps.edu for more information.      #
#################################################################

Output will be mol_datas/141-76-4_out.pdbqt
Reading input ... done.
Setting up the scoring function ... done.
Analyzing the binding site ... done.
Using random seed: 1000
Performing search ... done.
Refining results ... done.

mode |   affinity | dist from best mode
     | (kcal/mol) | rmsd l.b.| rmsd u.b.
-----+------------+----------+----------
   1         -4.0      0.000      0.000
   2         -3.9      3.229      3.555
   3         -3.8      2.896      3.398
   4         -3.7      4.984      5.455
   5         -3.7      2.794      3.088
   6         -3.7      3.043      3.364
   7         -3.5      3.262      3.747
   8         -3.5      5.992      6.590
   9         -3.5      9.301      9.990
  10         -3.2      2.200      2.741
  11         -3.2      6.998      7.657
  12         -3.1      1.872      2.076
  13         -3.1      2.848      3.260
  14         -3.1     12.549     13.145
  15         -3.1      3.959      4.136
  16         -3.0     10.651     11.139
  17         -3.0     11.493     12.169
  18         -3.0      3.295      3.944
  19         -3.0      7.781      8.493
  20         -2.9      7.900      8.611
Writing output ... done.
