#################################################################
# If you used AutoDock Vina in your work, please cite:          #
#                                                               #
# O. Trott, A. J. Olson,                                        #
# AutoDock Vina: improving the speed and accuracy of docking    #
# with a new scoring function, efficient optimization and       #
# multithreading, Journal of Computational Chemistry 31 (2010)  #
# 455-461                                                       #
#                                                               #
# DOI 10.1002/jcc.21334                                         #
#                                                               #
# Please see http://vina.scripps.edu for more information.      #
#################################################################

Output will be mol_datas/389-08-2_out.pdbqt
Reading input ... done.
Setting up the scoring function ... done.
Analyzing the binding site ... done.
Using random seed: 1000
Performing search ... done.
Refining results ... done.

mode |   affinity | dist from best mode
     | (kcal/mol) | rmsd l.b.| rmsd u.b.
-----+------------+----------+----------
   1         -7.1      0.000      0.000
   2         -6.3      7.847      8.950
   3         -6.0      8.303     10.207
   4         -5.7      8.048      9.708
   5         -5.6      6.946      9.319
   6         -5.5      6.401      7.893
   7         -5.3      2.623      4.944
   8         -5.2      7.894      9.829
   9         -5.1      2.684      3.911
  10         -4.7      1.140      3.957
  11         -4.6      2.689      5.070
  12         -4.5      7.552      9.931
  13         -4.2     13.917     15.136
Writing output ... done.
