#################################################################
# If you used AutoDock Vina in your work, please cite:          #
#                                                               #
# O. Trott, A. J. Olson,                                        #
# AutoDock Vina: improving the speed and accuracy of docking    #
# with a new scoring function, efficient optimization and       #
# multithreading, Journal of Computational Chemistry 31 (2010)  #
# 455-461                                                       #
#                                                               #
# DOI 10.1002/jcc.21334                                         #
#                                                               #
# Please see http://vina.scripps.edu for more information.      #
#################################################################

Output will be mol_datas/1125-78-6_out.pdbqt
Reading input ... done.
Setting up the scoring function ... done.
Analyzing the binding site ... done.
Using random seed: 1000
Performing search ... done.
Refining results ... done.

mode |   affinity | dist from best mode
     | (kcal/mol) | rmsd l.b.| rmsd u.b.
-----+------------+----------+----------
   1         -7.8      0.000      0.000
   2         -7.8      2.297      4.032
   3         -7.3      2.972      4.996
   4         -7.2      1.215      2.361
   5         -7.0      3.088      4.734
   6         -6.9      0.810      2.210
   7         -6.9      2.282      4.370
   8         -6.7      2.713      3.907
   9         -6.5      2.203      2.665
  10         -6.3      7.761      8.937
  11         -6.2      8.279      9.981
  12         -6.2      2.310      4.292
  13         -6.2      1.886      3.442
  14         -6.2      8.987     10.236
  15         -6.1      1.772      2.681
  16         -6.0      8.626      9.783
  17         -6.0      2.553      3.767
  18         -6.0      8.314      9.819
  19         -5.9      9.068     10.348
  20         -5.7      7.906      8.915
Writing output ... done.
