#################################################################
# If you used AutoDock Vina in your work, please cite:          #
#                                                               #
# O. Trott, A. J. Olson,                                        #
# AutoDock Vina: improving the speed and accuracy of docking    #
# with a new scoring function, efficient optimization and       #
# multithreading, Journal of Computational Chemistry 31 (2010)  #
# 455-461                                                       #
#                                                               #
# DOI 10.1002/jcc.21334                                         #
#                                                               #
# Please see http://vina.scripps.edu for more information.      #
#################################################################

Output will be mol_datas/123-92-2_out.pdbqt
Reading input ... done.
Setting up the scoring function ... done.
Analyzing the binding site ... done.
Using random seed: 1000
Performing search ... done.
Refining results ... done.

mode |   affinity | dist from best mode
     | (kcal/mol) | rmsd l.b.| rmsd u.b.
-----+------------+----------+----------
   1         -5.5      0.000      0.000
   2         -5.4      1.855      4.744
   3         -5.3      1.326      2.205
   4         -5.1      1.635      4.712
   5         -5.1      2.174      3.056
   6         -5.0      2.016      4.956
   7         -5.0      2.007      4.744
   8         -4.8      3.356      4.274
   9         -4.7      2.284      4.791
  10         -4.7      1.947      3.008
  11         -4.7      2.877      5.056
  12         -4.6      5.123      6.449
  13         -4.6      3.357      5.358
  14         -4.6      2.042      2.440
  15         -4.4      4.589      5.722
  16         -4.4      2.827      4.114
  17         -4.4      8.824     10.354
  18         -4.3      2.453      3.035
  19         -4.3      8.220      9.967
  20         -4.2      5.199      6.573
Writing output ... done.
