#################################################################
# If you used AutoDock Vina in your work, please cite:          #
#                                                               #
# O. Trott, A. J. Olson,                                        #
# AutoDock Vina: improving the speed and accuracy of docking    #
# with a new scoring function, efficient optimization and       #
# multithreading, Journal of Computational Chemistry 31 (2010)  #
# 455-461                                                       #
#                                                               #
# DOI 10.1002/jcc.21334                                         #
#                                                               #
# Please see http://vina.scripps.edu for more information.      #
#################################################################

Output will be mol_datas/123-25-1_out.pdbqt
Reading input ... done.
Setting up the scoring function ... done.
Analyzing the binding site ... done.
Using random seed: 1000
Performing search ... done.
Refining results ... done.

mode |   affinity | dist from best mode
     | (kcal/mol) | rmsd l.b.| rmsd u.b.
-----+------------+----------+----------
   1         -5.7      0.000      0.000
   2         -5.6      0.194      4.289
   3         -5.6      1.420      2.477
   4         -5.4      2.006      2.681
   5         -5.4      1.309      4.838
   6         -5.3      2.575      5.235
   7         -5.2      1.605      4.894
   8         -5.2      2.723      5.244
   9         -5.1      1.774      2.909
  10         -4.8      8.564     10.575
  11         -4.8      1.631      3.235
  12         -4.8      7.557      9.582
  13         -4.7      2.512      4.216
  14         -4.7      7.330      9.146
  15         -4.7      2.016      3.472
  16         -4.7      3.215      5.288
  17         -4.6      9.464     11.034
  18         -4.6      7.379     10.290
  19         -4.6      7.453     10.168
  20         -4.5      7.667      9.735
Writing output ... done.
