#################################################################
# If you used AutoDock Vina in your work, please cite:          #
#                                                               #
# O. Trott, A. J. Olson,                                        #
# AutoDock Vina: improving the speed and accuracy of docking    #
# with a new scoring function, efficient optimization and       #
# multithreading, Journal of Computational Chemistry 31 (2010)  #
# 455-461                                                       #
#                                                               #
# DOI 10.1002/jcc.21334                                         #
#                                                               #
# Please see http://vina.scripps.edu for more information.      #
#################################################################

Output will be mol_datas/63-05-8_out.pdbqt
Reading input ... done.
Setting up the scoring function ... done.
Analyzing the binding site ... done.
Using random seed: 1000
Performing search ... done.
Refining results ... done.

mode |   affinity | dist from best mode
     | (kcal/mol) | rmsd l.b.| rmsd u.b.
-----+------------+----------+----------
   1         -6.0      0.000      0.000
   2         -6.0      0.994      6.333
   3         -5.6      9.507     11.497
   4         -5.5     14.116     16.587
   5         -5.5     13.953     16.132
   6         -5.4     11.907     16.198
   7         -5.4     14.725     16.866
   8         -5.4     11.168     14.166
   9         -5.3     15.104     17.927
  10         -5.2      3.111      7.694
  11         -5.0     10.794     14.887
  12         -4.9      1.663      6.140
  13         -4.9      8.699     10.425
  14         -4.9     11.026     14.565
  15         -4.8     13.672     15.286
  16         -4.8      8.491     13.206
  17         -4.8     12.491     15.160
  18         -4.7      7.760     11.171
  19         -4.7     10.414     15.218
  20         -4.7     10.642     14.224
Writing output ... done.
