#################################################################
# If you used AutoDock Vina in your work, please cite:          #
#                                                               #
# O. Trott, A. J. Olson,                                        #
# AutoDock Vina: improving the speed and accuracy of docking    #
# with a new scoring function, efficient optimization and       #
# multithreading, Journal of Computational Chemistry 31 (2010)  #
# 455-461                                                       #
#                                                               #
# DOI 10.1002/jcc.21334                                         #
#                                                               #
# Please see http://vina.scripps.edu for more information.      #
#################################################################

Output will be mol_datas/14073-97-3_out.pdbqt
Reading input ... done.
Setting up the scoring function ... done.
Analyzing the binding site ... done.
Using random seed: 1000
Performing search ... done.
Refining results ... done.

mode |   affinity | dist from best mode
     | (kcal/mol) | rmsd l.b.| rmsd u.b.
-----+------------+----------+----------
   1         -6.4      0.000      0.000
   2         -6.3      1.246      4.045
   3         -6.2      1.599      2.521
   4         -6.0      2.225      3.030
   5         -5.9      1.558      2.666
   6         -5.6      1.817      3.873
   7         -5.4      2.390      4.426
   8         -5.4      1.808      3.769
   9         -5.4      2.026      2.897
  10         -5.1      7.678     10.735
  11         -4.9      4.940      7.843
  12         -4.8      9.080     10.765
  13         -4.7      1.624      2.175
  14         -4.7      7.131     10.355
  15         -4.3      4.648      7.789
  16         -4.3      8.252      9.573
  17         -4.2     17.028     18.974
  18         -4.1     16.375     17.553
  19         -4.0     16.347     17.656
  20         -3.9     15.509     16.783
Writing output ... done.
