#################################################################
# If you used AutoDock Vina in your work, please cite:          #
#                                                               #
# O. Trott, A. J. Olson,                                        #
# AutoDock Vina: improving the speed and accuracy of docking    #
# with a new scoring function, efficient optimization and       #
# multithreading, Journal of Computational Chemistry 31 (2010)  #
# 455-461                                                       #
#                                                               #
# DOI 10.1002/jcc.21334                                         #
#                                                               #
# Please see http://vina.scripps.edu for more information.      #
#################################################################

Output will be mol_datas/540-54-5_out.pdbqt
Reading input ... done.
Setting up the scoring function ... done.
Analyzing the binding site ... done.
Using random seed: 1000
Performing search ... done.
Refining results ... done.

mode |   affinity | dist from best mode
     | (kcal/mol) | rmsd l.b.| rmsd u.b.
-----+------------+----------+----------
   1         -3.3      0.000      0.000
   2         -3.3      0.936      2.011
   3         -3.0      1.849      1.993
   4         -3.0      5.893      6.094
   5         -2.9      5.625      6.212
   6         -2.8      2.669      2.933
   7         -2.8      4.804      5.523
   8         -2.7      4.034      4.780
   9         -2.7      4.504      4.940
  10         -2.6     12.413     12.866
  11         -2.6     12.321     12.672
  12         -2.5      4.864      5.134
  13         -2.5      8.695      9.090
  14         -2.5      3.966      4.105
  15         -2.5     12.486     12.852
  16         -2.5     10.916     11.317
  17         -2.5      3.223      3.954
  18         -2.5      3.240      3.745
  19         -2.5      3.027      3.663
  20         -2.3     10.650     10.968
Writing output ... done.
