#################################################################
# If you used AutoDock Vina in your work, please cite:          #
#                                                               #
# O. Trott, A. J. Olson,                                        #
# AutoDock Vina: improving the speed and accuracy of docking    #
# with a new scoring function, efficient optimization and       #
# multithreading, Journal of Computational Chemistry 31 (2010)  #
# 455-461                                                       #
#                                                               #
# DOI 10.1002/jcc.21334                                         #
#                                                               #
# Please see http://vina.scripps.edu for more information.      #
#################################################################

Output will be mol_datas/2040-96-2_out.pdbqt
Reading input ... done.
Setting up the scoring function ... done.
Analyzing the binding site ... done.
Using random seed: 1000
Performing search ... done.
Refining results ... done.

mode |   affinity | dist from best mode
     | (kcal/mol) | rmsd l.b.| rmsd u.b.
-----+------------+----------+----------
   1         -6.0      0.000      0.000
   2         -6.0      1.094      1.454
   3         -5.6      0.755      4.233
   4         -5.4      2.397      5.255
   5         -5.4      1.650      4.066
   6         -5.3      2.273      4.873
   7         -5.3      2.412      5.190
   8         -5.1      3.258      4.481
   9         -5.1      2.203      3.007
  10         -5.0      3.325      4.401
  11         -4.9      3.324      4.132
  12         -4.9      7.204     10.318
  13         -4.8      9.192     11.349
  14         -4.7      2.315      4.569
  15         -4.4      9.344     10.532
  16         -4.4      9.902     11.062
  17         -4.3      9.681     12.602
  18         -4.2      9.760     11.572
  19         -3.5     16.571     18.345
  20         -3.5     14.923     15.615
Writing output ... done.
