#################################################################
# If you used AutoDock Vina in your work, please cite:          #
#                                                               #
# O. Trott, A. J. Olson,                                        #
# AutoDock Vina: improving the speed and accuracy of docking    #
# with a new scoring function, efficient optimization and       #
# multithreading, Journal of Computational Chemistry 31 (2010)  #
# 455-461                                                       #
#                                                               #
# DOI 10.1002/jcc.21334                                         #
#                                                               #
# Please see http://vina.scripps.edu for more information.      #
#################################################################

Output will be mol_datas/66-25-1_out.pdbqt
Reading input ... done.
Setting up the scoring function ... done.
Analyzing the binding site ... done.
Using random seed: 1000
Performing search ... done.
Refining results ... done.

mode |   affinity | dist from best mode
     | (kcal/mol) | rmsd l.b.| rmsd u.b.
-----+------------+----------+----------
   1         -4.8      0.000      0.000
   2         -4.5      3.118      4.768
   3         -4.4      1.690      2.412
   4         -4.3      4.055      4.930
   5         -4.1      2.452      3.786
   6         -4.0     10.420     11.445
   7         -4.0     10.237     11.282
   8         -3.9      2.164      4.059
   9         -3.9      2.442      3.390
  10         -3.9     10.409     11.464
  11         -3.9      2.582      3.693
  12         -3.8      7.142      8.118
  13         -3.8     11.463     12.446
  14         -3.8      5.378      6.405
  15         -3.7      9.815     10.761
  16         -3.7      3.917      4.970
  17         -3.7      3.422      4.697
  18         -3.6     11.050     11.932
  19         -3.5      7.657      8.603
  20         -3.5     11.219     12.166
Writing output ... done.
