#################################################################
# If you used AutoDock Vina in your work, please cite:          #
#                                                               #
# O. Trott, A. J. Olson,                                        #
# AutoDock Vina: improving the speed and accuracy of docking    #
# with a new scoring function, efficient optimization and       #
# multithreading, Journal of Computational Chemistry 31 (2010)  #
# 455-461                                                       #
#                                                               #
# DOI 10.1002/jcc.21334                                         #
#                                                               #
# Please see http://vina.scripps.edu for more information.      #
#################################################################

Output will be mol_datas/102-07-8_out.pdbqt
Reading input ... done.
Setting up the scoring function ... done.
Analyzing the binding site ... done.
Using random seed: 1000
Performing search ... done.
Refining results ... done.

mode |   affinity | dist from best mode
     | (kcal/mol) | rmsd l.b.| rmsd u.b.
-----+------------+----------+----------
   1         -9.1      0.000      0.000
   2         -7.6      6.099      7.281
   3         -7.5      4.087      6.175
   4         -7.5      4.091      6.061
   5         -7.5      9.065     10.435
   6         -7.2      3.744      6.395
   7         -7.1      1.025      6.272
   8         -7.1      3.141      4.045
   9         -7.0      6.036      7.362
  10         -6.8      1.641      2.237
  11         -6.7      5.217      6.588
  12         -6.6      9.795     12.175
  13         -6.4      6.276      7.664
  14         -6.3      8.471     10.827
Writing output ... done.
