#################################################################
# If you used AutoDock Vina in your work, please cite:          #
#                                                               #
# O. Trott, A. J. Olson,                                        #
# AutoDock Vina: improving the speed and accuracy of docking    #
# with a new scoring function, efficient optimization and       #
# multithreading, Journal of Computational Chemistry 31 (2010)  #
# 455-461                                                       #
#                                                               #
# DOI 10.1002/jcc.21334                                         #
#                                                               #
# Please see http://vina.scripps.edu for more information.      #
#################################################################

Output will be mol_datas/95-54-5_out.pdbqt
Reading input ... done.
Setting up the scoring function ... done.
Analyzing the binding site ... done.
Using random seed: 1000
Performing search ... done.
Refining results ... done.

mode |   affinity | dist from best mode
     | (kcal/mol) | rmsd l.b.| rmsd u.b.
-----+------------+----------+----------
   1         -5.8      0.000      0.000
   2         -5.8      0.039      2.259
   3         -5.5      1.765      2.662
   4         -5.5      1.543      2.244
   5         -5.1      4.063      5.012
   6         -5.1      3.933      5.004
   7         -5.1      3.934      4.473
   8         -5.0      4.018      5.397
   9         -5.0     10.970     12.192
  10         -5.0     10.251     11.344
  11         -5.0      3.382      4.534
  12         -5.0     10.170     11.220
  13         -4.9      9.949     11.379
  14         -4.9      9.152     10.367
  15         -4.9      9.176     10.487
  16         -4.8     11.198     12.207
  17         -4.8     11.151     12.103
  18         -4.8      3.716      4.774
  19         -4.8     10.691     11.966
  20         -4.6      1.840      3.158
Writing output ... done.
