#################################################################
# If you used AutoDock Vina in your work, please cite:          #
#                                                               #
# O. Trott, A. J. Olson,                                        #
# AutoDock Vina: improving the speed and accuracy of docking    #
# with a new scoring function, efficient optimization and       #
# multithreading, Journal of Computational Chemistry 31 (2010)  #
# 455-461                                                       #
#                                                               #
# DOI 10.1002/jcc.21334                                         #
#                                                               #
# Please see http://vina.scripps.edu for more information.      #
#################################################################

Output will be mol_datas/23103-98-2_out.pdbqt
Reading input ... done.
Setting up the scoring function ... done.
Analyzing the binding site ... done.
Using random seed: 1000
Performing search ... done.
Refining results ... done.

mode |   affinity | dist from best mode
     | (kcal/mol) | rmsd l.b.| rmsd u.b.
-----+------------+----------+----------
   1         -7.5      0.000      0.000
   2         -7.0      5.290      8.337
   3         -7.0      4.121      7.755
   4         -6.8      6.214      9.782
   5         -6.8      1.227      3.313
   6         -6.6      7.907      9.935
   7         -6.5      7.859     10.311
   8         -6.5      5.807      9.237
   9         -6.1      2.673      5.466
  10         -5.2      6.649      9.919
  11         -5.1      2.678      4.990
  12         -4.6     17.126     19.294
  13         -4.6     15.488     16.538
  14         -4.5     15.611     16.539
  15         -4.5     15.377     16.631
Writing output ... done.
