#################################################################
# If you used AutoDock Vina in your work, please cite:          #
#                                                               #
# O. Trott, A. J. Olson,                                        #
# AutoDock Vina: improving the speed and accuracy of docking    #
# with a new scoring function, efficient optimization and       #
# multithreading, Journal of Computational Chemistry 31 (2010)  #
# 455-461                                                       #
#                                                               #
# DOI 10.1002/jcc.21334                                         #
#                                                               #
# Please see http://vina.scripps.edu for more information.      #
#################################################################

Output will be mol_datas/59-31-4_out.pdbqt
Reading input ... done.
Setting up the scoring function ... done.
Analyzing the binding site ... done.
Using random seed: 1000
Performing search ... done.
Refining results ... done.

mode |   affinity | dist from best mode
     | (kcal/mol) | rmsd l.b.| rmsd u.b.
-----+------------+----------+----------
   1         -7.8      0.000      0.000
   2         -7.6      2.939      4.555
   3         -7.4      1.597      2.311
   4         -7.3      3.465      4.392
   5         -7.2      3.544      5.127
   6         -6.7      3.206      4.468
   7         -6.6      2.222      3.851
   8         -6.6      2.137      2.802
   9         -6.4      1.532      3.403
  10         -6.3      1.967      2.608
  11         -6.3      2.300      4.099
  12         -6.3      3.106      4.149
  13         -6.2      9.059     10.445
  14         -6.1      9.289     10.980
  15         -6.1      9.226     10.892
  16         -6.1      3.426      4.200
  17         -6.0      2.366      3.950
  18         -5.4      3.399      4.256
  19         -5.1      5.882      7.770
  20         -4.9      6.548      7.902
Writing output ... done.
