#################################################################
# If you used AutoDock Vina in your work, please cite:          #
#                                                               #
# O. Trott, A. J. Olson,                                        #
# AutoDock Vina: improving the speed and accuracy of docking    #
# with a new scoring function, efficient optimization and       #
# multithreading, Journal of Computational Chemistry 31 (2010)  #
# 455-461                                                       #
#                                                               #
# DOI 10.1002/jcc.21334                                         #
#                                                               #
# Please see http://vina.scripps.edu for more information.      #
#################################################################

Output will be mol_datas/97-95-0_out.pdbqt
Reading input ... done.
Setting up the scoring function ... done.
Analyzing the binding site ... done.
Using random seed: 1000
Performing search ... done.
Refining results ... done.

mode |   affinity | dist from best mode
     | (kcal/mol) | rmsd l.b.| rmsd u.b.
-----+------------+----------+----------
   1         -4.7      0.000      0.000
   2         -4.6      0.535      2.745
   3         -4.6      2.676      3.677
   4         -4.5      2.511      3.707
   5         -4.3      2.166      3.056
   6         -4.2      3.838      5.117
   7         -4.2      7.777      9.211
   8         -4.1      3.115      4.027
   9         -4.1      1.948      3.356
  10         -4.0      2.406      2.982
  11         -4.0      1.466      2.915
  12         -4.0      4.259      5.686
  13         -3.9     11.153     12.434
  14         -3.9     12.134     12.961
  15         -3.9      4.116      4.993
  16         -3.9      8.943     10.275
  17         -3.9     11.199     12.281
  18         -3.9      9.218     10.586
  19         -3.8      2.875      4.456
  20         -3.8      3.212      4.799
Writing output ... done.
