#################################################################
# If you used AutoDock Vina in your work, please cite:          #
#                                                               #
# O. Trott, A. J. Olson,                                        #
# AutoDock Vina: improving the speed and accuracy of docking    #
# with a new scoring function, efficient optimization and       #
# multithreading, Journal of Computational Chemistry 31 (2010)  #
# 455-461                                                       #
#                                                               #
# DOI 10.1002/jcc.21334                                         #
#                                                               #
# Please see http://vina.scripps.edu for more information.      #
#################################################################

Output will be mol_datas/366-18-7_out.pdbqt
Reading input ... done.
Setting up the scoring function ... done.
Analyzing the binding site ... done.
Using random seed: 1000
Performing search ... done.
Refining results ... done.

mode |   affinity | dist from best mode
     | (kcal/mol) | rmsd l.b.| rmsd u.b.
-----+------------+----------+----------
   1         -7.0      0.000      0.000
   2         -7.0      0.039      5.013
   3         -6.3      2.902      4.394
   4         -6.3      2.908      4.887
   5         -6.2      3.135      5.941
   6         -6.1      0.915      4.927
   7         -6.0      5.125      7.498
   8         -6.0      5.120      8.769
   9         -5.7      2.571      5.330
  10         -5.7      2.572      3.434
  11         -5.6      2.427      3.868
  12         -5.4      9.135     11.411
  13         -5.4      8.143     11.235
  14         -5.4      8.912     11.405
  15         -5.4      8.906     10.938
  16         -5.2      1.990      4.937
  17         -5.2      8.645     10.114
  18         -5.2      9.122     11.204
  19         -5.1      9.018     10.086
  20         -5.1      8.435     10.889
Writing output ... done.
