#################################################################
# If you used AutoDock Vina in your work, please cite:          #
#                                                               #
# O. Trott, A. J. Olson,                                        #
# AutoDock Vina: improving the speed and accuracy of docking    #
# with a new scoring function, efficient optimization and       #
# multithreading, Journal of Computational Chemistry 31 (2010)  #
# 455-461                                                       #
#                                                               #
# DOI 10.1002/jcc.21334                                         #
#                                                               #
# Please see http://vina.scripps.edu for more information.      #
#################################################################

Output will be mol_datas/73-24-5_out.pdbqt
Reading input ... done.
Setting up the scoring function ... done.
Analyzing the binding site ... done.
Using random seed: 1000
Performing search ... done.
Refining results ... done.

mode |   affinity | dist from best mode
     | (kcal/mol) | rmsd l.b.| rmsd u.b.
-----+------------+----------+----------
   1         -5.6      0.000      0.000
   2         -5.5      1.088      2.473
   3         -5.5      1.188      3.078
   4         -5.3      2.692      4.010
   5         -5.2      2.784      3.707
   6         -5.2      6.122      7.794
   7         -5.1      1.264      3.015
   8         -5.1      8.856     10.811
   9         -5.1      2.490      3.903
  10         -5.0      2.260      3.168
  11         -5.0      2.548      3.609
  12         -5.0      8.368     10.195
  13         -4.9      8.685     10.359
  14         -4.9      7.536      9.568
  15         -4.9      8.178      9.896
  16         -4.9      2.800      3.455
  17         -4.9      9.018     10.469
  18         -4.9      8.732     10.644
  19         -4.7      1.837      3.334
  20         -4.6      2.368      3.999
Writing output ... done.
