#################################################################
# If you used AutoDock Vina in your work, please cite:          #
#                                                               #
# O. Trott, A. J. Olson,                                        #
# AutoDock Vina: improving the speed and accuracy of docking    #
# with a new scoring function, efficient optimization and       #
# multithreading, Journal of Computational Chemistry 31 (2010)  #
# 455-461                                                       #
#                                                               #
# DOI 10.1002/jcc.21334                                         #
#                                                               #
# Please see http://vina.scripps.edu for more information.      #
#################################################################

Output will be mol_datas/50-03-3_out.pdbqt
Reading input ... done.
Setting up the scoring function ... done.
Analyzing the binding site ... done.
Using random seed: 1000
Performing search ... done.
Refining results ... done.

mode |   affinity | dist from best mode
     | (kcal/mol) | rmsd l.b.| rmsd u.b.
-----+------------+----------+----------
   1         -5.3      0.000      0.000
   2         -5.3      9.272     12.200
   3         -5.2      2.938      7.245
   4         -5.2      4.055      6.428
   5         -5.1      9.352     12.353
   6         -5.1      2.490      3.177
   7         -5.1      3.550      4.971
   8         -5.1      4.418      6.800
   9         -5.1      2.479      3.749
  10         -5.0      9.843     14.909
  11         -4.9      3.282      5.606
  12         -4.9     10.061     14.661
  13         -4.8      2.913      7.389
  14         -4.7      9.295     12.434
  15         -4.7      2.944      7.775
  16         -4.7      2.964      4.431
  17         -4.4      8.760     12.843
  18         -4.3      3.310      7.042
  19         -4.3      2.075      3.940
  20         -4.1      4.232      6.047
Writing output ... done.
