#################################################################
# If you used AutoDock Vina in your work, please cite:          #
#                                                               #
# O. Trott, A. J. Olson,                                        #
# AutoDock Vina: improving the speed and accuracy of docking    #
# with a new scoring function, efficient optimization and       #
# multithreading, Journal of Computational Chemistry 31 (2010)  #
# 455-461                                                       #
#                                                               #
# DOI 10.1002/jcc.21334                                         #
#                                                               #
# Please see http://vina.scripps.edu for more information.      #
#################################################################

Output will be mol_datas/28299-41-4_out.pdbqt
Reading input ... done.
Setting up the scoring function ... done.
Analyzing the binding site ... done.
Using random seed: 1000
Performing search ... done.
Refining results ... done.

mode |   affinity | dist from best mode
     | (kcal/mol) | rmsd l.b.| rmsd u.b.
-----+------------+----------+----------
   1         -7.9      0.000      0.000
   2         -7.9      0.035      5.826
   3         -7.1      1.039      5.458
   4         -7.1      1.055      2.402
   5         -7.0      2.730      5.111
   6         -7.0      2.731      5.251
   7         -7.0      1.711      6.058
   8         -6.9      1.684      3.003
   9         -6.9      9.289     10.500
  10         -6.9      9.289     11.306
  11         -6.7      2.847      5.040
  12         -6.7      2.758      5.861
  13         -6.6      8.931     10.795
  14         -6.5      8.911     11.698
  15         -6.5      8.518     11.085
  16         -6.2      6.364      8.779
  17         -6.2      8.154     10.569
  18         -6.1      3.278      6.370
  19         -6.0      2.623      4.060
  20         -5.8      2.594      4.542
Writing output ... done.
