#################################################################
# If you used AutoDock Vina in your work, please cite:          #
#                                                               #
# O. Trott, A. J. Olson,                                        #
# AutoDock Vina: improving the speed and accuracy of docking    #
# with a new scoring function, efficient optimization and       #
# multithreading, Journal of Computational Chemistry 31 (2010)  #
# 455-461                                                       #
#                                                               #
# DOI 10.1002/jcc.21334                                         #
#                                                               #
# Please see http://vina.scripps.edu for more information.      #
#################################################################

Output will be mol_datas/90-00-6_out.pdbqt
Reading input ... done.
Setting up the scoring function ... done.
Analyzing the binding site ... done.
Using random seed: 1000
Performing search ... done.
Refining results ... done.

mode |   affinity | dist from best mode
     | (kcal/mol) | rmsd l.b.| rmsd u.b.
-----+------------+----------+----------
   1         -6.6      0.000      0.000
   2         -6.3      0.925      3.118
   3         -6.2      1.622      2.269
   4         -6.2      1.748      2.477
   5         -6.0      3.021      4.615
   6         -5.9      3.442      5.299
   7         -5.8      2.850      4.717
   8         -5.7      3.786      4.650
   9         -5.7      3.021      4.203
  10         -5.7      3.490      4.715
  11         -5.6      9.424     11.067
  12         -5.4      9.804     11.305
  13         -5.4      8.617     11.270
  14         -5.2      9.299     10.478
  15         -5.2      7.920     10.577
  16         -5.0     10.348     11.388
  17         -4.9      9.905     11.092
  18         -4.8      1.856      4.036
  19         -4.8      9.327     11.571
  20         -4.7      3.684      4.782
Writing output ... done.
