#################################################################
# If you used AutoDock Vina in your work, please cite:          #
#                                                               #
# O. Trott, A. J. Olson,                                        #
# AutoDock Vina: improving the speed and accuracy of docking    #
# with a new scoring function, efficient optimization and       #
# multithreading, Journal of Computational Chemistry 31 (2010)  #
# 455-461                                                       #
#                                                               #
# DOI 10.1002/jcc.21334                                         #
#                                                               #
# Please see http://vina.scripps.edu for more information.      #
#################################################################

Output will be mol_datas/59-92-7_out.pdbqt
Reading input ... done.
Setting up the scoring function ... done.
Analyzing the binding site ... done.
Using random seed: 1000
Performing search ... done.
Refining results ... done.

mode |   affinity | dist from best mode
     | (kcal/mol) | rmsd l.b.| rmsd u.b.
-----+------------+----------+----------
   1         -7.2      0.000      0.000
   2         -7.1      3.030      3.821
   3         -7.0      2.738      3.577
   4         -6.9      3.276      4.080
   5         -6.8      1.316      1.736
   6         -6.7      2.713      3.223
   7         -6.6      6.079      9.183
   8         -6.5      3.305      5.220
   9         -6.5      5.896      9.143
  10         -6.2      5.017      7.791
  11         -6.1      3.206      3.749
  12         -5.9      7.127      9.037
  13         -5.9      7.187      9.555
  14         -5.8      6.954      9.922
  15         -5.8      5.509      7.233
  16         -5.7      6.335      8.533
  17         -5.6      6.877      9.204
  18         -5.3      6.413      8.731
  19         -5.3      2.703      5.318
  20         -5.1      6.913      9.356
Writing output ... done.
