#################################################################
# If you used AutoDock Vina in your work, please cite:          #
#                                                               #
# O. Trott, A. J. Olson,                                        #
# AutoDock Vina: improving the speed and accuracy of docking    #
# with a new scoring function, efficient optimization and       #
# multithreading, Journal of Computational Chemistry 31 (2010)  #
# 455-461                                                       #
#                                                               #
# DOI 10.1002/jcc.21334                                         #
#                                                               #
# Please see http://vina.scripps.edu for more information.      #
#################################################################

Output will be mol_datas/84-66-2_out.pdbqt
Reading input ... done.
Setting up the scoring function ... done.
Analyzing the binding site ... done.
Using random seed: 1000
Performing search ... done.
Refining results ... done.

mode |   affinity | dist from best mode
     | (kcal/mol) | rmsd l.b.| rmsd u.b.
-----+------------+----------+----------
   1         -7.8      0.000      0.000
   2         -7.7      0.078      4.246
   3         -7.3      1.416      5.060
   4         -7.0      6.214      9.388
   5         -7.0      6.237      8.872
   6         -7.0      1.878      4.399
   7         -6.4      2.406      5.059
   8         -6.4      2.483      4.381
   9         -6.1      1.829      3.986
  10         -6.0      8.064     10.181
  11         -5.9      1.675      4.698
  12         -5.6      6.051      9.668
  13         -4.9      2.300      4.536
  14         -4.8      6.096      8.555
Writing output ... done.
