#################################################################
# If you used AutoDock Vina in your work, please cite:          #
#                                                               #
# O. Trott, A. J. Olson,                                        #
# AutoDock Vina: improving the speed and accuracy of docking    #
# with a new scoring function, efficient optimization and       #
# multithreading, Journal of Computational Chemistry 31 (2010)  #
# 455-461                                                       #
#                                                               #
# DOI 10.1002/jcc.21334                                         #
#                                                               #
# Please see http://vina.scripps.edu for more information.      #
#################################################################

Output will be mol_datas/108-38-3_out.pdbqt
Reading input ... done.
Setting up the scoring function ... done.
Analyzing the binding site ... done.
Using random seed: 1000
Performing search ... done.
Refining results ... done.

mode |   affinity | dist from best mode
     | (kcal/mol) | rmsd l.b.| rmsd u.b.
-----+------------+----------+----------
   1         -6.1      0.000      0.000
   2         -6.1      1.034      2.308
   3         -6.1      0.917      3.659
   4         -6.0      2.889      4.313
   5         -5.9      2.775      4.665
   6         -5.6      1.509      3.448
   7         -5.6      1.578      3.052
   8         -5.3      9.173     10.879
   9         -5.3      9.185     10.906
  10         -5.3      1.108      2.905
  11         -5.1      9.366     11.103
  12         -5.1      0.985      2.595
  13         -5.1      9.419     10.858
  14         -4.7      8.713     10.439
  15         -4.7     10.008     11.677
  16         -4.7     10.295     11.985
  17         -4.7      1.539      2.268
  18         -4.2     12.633     13.202
Writing output ... done.
