#################################################################
# If you used AutoDock Vina in your work, please cite:          #
#                                                               #
# O. Trott, A. J. Olson,                                        #
# AutoDock Vina: improving the speed and accuracy of docking    #
# with a new scoring function, efficient optimization and       #
# multithreading, Journal of Computational Chemistry 31 (2010)  #
# 455-461                                                       #
#                                                               #
# DOI 10.1002/jcc.21334                                         #
#                                                               #
# Please see http://vina.scripps.edu for more information.      #
#################################################################

Output will be mol_datas/629-05-0_out.pdbqt
Reading input ... done.
Setting up the scoring function ... done.
Analyzing the binding site ... done.
Using random seed: 1000
Performing search ... done.
Refining results ... done.

mode |   affinity | dist from best mode
     | (kcal/mol) | rmsd l.b.| rmsd u.b.
-----+------------+----------+----------
   1         -5.3      0.000      0.000
   2         -5.2      1.567      4.271
   3         -5.2      1.517      2.083
   4         -5.1      1.425      4.371
   5         -4.9      2.059      4.476
   6         -4.6      1.617      4.469
   7         -4.5      2.434      3.747
   8         -4.3      2.501      4.409
   9         -4.3      3.427      5.368
  10         -4.2      1.368      2.649
  11         -4.1      8.771     11.571
  12         -4.1      2.627      4.534
  13         -4.0      1.112      2.776
  14         -4.0     10.556     12.462
  15         -4.0      1.731      4.490
  16         -4.0      1.312      4.161
  17         -3.8      7.876     10.616
  18         -3.8     10.529     11.835
  19         -3.6     10.314     11.606
  20         -3.3     12.261     13.376
Writing output ... done.
