#################################################################
# If you used AutoDock Vina in your work, please cite:          #
#                                                               #
# O. Trott, A. J. Olson,                                        #
# AutoDock Vina: improving the speed and accuracy of docking    #
# with a new scoring function, efficient optimization and       #
# multithreading, Journal of Computational Chemistry 31 (2010)  #
# 455-461                                                       #
#                                                               #
# DOI 10.1002/jcc.21334                                         #
#                                                               #
# Please see http://vina.scripps.edu for more information.      #
#################################################################

Output will be mol_datas/131-11-3_out.pdbqt
Reading input ... done.
Setting up the scoring function ... done.
Analyzing the binding site ... done.
Using random seed: 1000
Performing search ... done.
Refining results ... done.

mode |   affinity | dist from best mode
     | (kcal/mol) | rmsd l.b.| rmsd u.b.
-----+------------+----------+----------
   1         -7.3      0.000      0.000
   2         -7.3      0.024      3.782
   3         -7.3      1.690      3.841
   4         -7.3      1.690      5.061
   5         -6.8      6.597      8.874
   6         -6.8      6.625      9.304
   7         -6.5      1.961      4.129
   8         -6.4      8.171     10.499
   9         -6.4      8.171     10.051
  10         -6.0      1.908      4.127
  11         -6.0      2.088      4.162
  12         -5.7      2.014      3.876
  13         -5.0      2.216      3.680
  14         -5.0      1.640      4.316
  15         -5.0      1.678      2.238
  16         -4.8      1.926      4.250
Writing output ... done.
