#################################################################
# If you used AutoDock Vina in your work, please cite:          #
#                                                               #
# O. Trott, A. J. Olson,                                        #
# AutoDock Vina: improving the speed and accuracy of docking    #
# with a new scoring function, efficient optimization and       #
# multithreading, Journal of Computational Chemistry 31 (2010)  #
# 455-461                                                       #
#                                                               #
# DOI 10.1002/jcc.21334                                         #
#                                                               #
# Please see http://vina.scripps.edu for more information.      #
#################################################################

Output will be mol_datas/106-49-0_out.pdbqt
Reading input ... done.
Setting up the scoring function ... done.
Analyzing the binding site ... done.
Using random seed: 1000
Performing search ... done.
Refining results ... done.

mode |   affinity | dist from best mode
     | (kcal/mol) | rmsd l.b.| rmsd u.b.
-----+------------+----------+----------
   1         -6.0      0.000      0.000
   2         -6.0      0.065      1.714
   3         -5.9      3.894      4.811
   4         -5.9      3.903      5.083
   5         -5.7      2.618      3.879
   6         -5.6      2.271      3.384
   7         -5.5      3.815      4.536
   8         -5.4      4.098      5.294
   9         -5.3      1.535      2.091
  10         -5.3      7.905      8.963
  11         -5.2      1.695      2.727
  12         -5.2      9.593     10.613
  13         -5.2      9.528     10.634
  14         -5.1      3.119      4.406
  15         -5.1      8.361      9.447
  16         -5.0      8.273      9.464
  17         -4.9      8.756      9.713
  18         -4.6      8.349      9.150
  19         -4.4      3.110      4.148
Writing output ... done.
