#################################################################
# If you used AutoDock Vina in your work, please cite:          #
#                                                               #
# O. Trott, A. J. Olson,                                        #
# AutoDock Vina: improving the speed and accuracy of docking    #
# with a new scoring function, efficient optimization and       #
# multithreading, Journal of Computational Chemistry 31 (2010)  #
# 455-461                                                       #
#                                                               #
# DOI 10.1002/jcc.21334                                         #
#                                                               #
# Please see http://vina.scripps.edu for more information.      #
#################################################################

Output will be mol_datas/119-68-6_out.pdbqt
Reading input ... done.
Setting up the scoring function ... done.
Analyzing the binding site ... done.
Using random seed: 1000
Performing search ... done.
Refining results ... done.

mode |   affinity | dist from best mode
     | (kcal/mol) | rmsd l.b.| rmsd u.b.
-----+------------+----------+----------
   1         -6.7      0.000      0.000
   2         -6.5      2.775      3.934
   3         -6.4      3.063      4.918
   4         -6.0      7.946     10.434
   5         -6.0      8.265     10.024
   6         -6.0      2.215      3.587
   7         -6.0      9.965     11.170
   8         -5.9      1.544      3.441
   9         -5.9      8.515     10.863
  10         -5.6      2.531      4.140
  11         -5.6      3.485      4.026
  12         -5.5     10.019     11.307
  13         -5.4      9.771     11.094
  14         -5.3      8.561     10.686
  15         -5.2      8.731     10.574
  16         -5.1      3.181      4.232
  17         -5.1      8.845     10.560
  18         -3.8     15.665     16.160
Writing output ... done.
