#################################################################
# If you used AutoDock Vina in your work, please cite:          #
#                                                               #
# O. Trott, A. J. Olson,                                        #
# AutoDock Vina: improving the speed and accuracy of docking    #
# with a new scoring function, efficient optimization and       #
# multithreading, Journal of Computational Chemistry 31 (2010)  #
# 455-461                                                       #
#                                                               #
# DOI 10.1002/jcc.21334                                         #
#                                                               #
# Please see http://vina.scripps.edu for more information.      #
#################################################################

Output will be mol_datas/615-77-0_out.pdbqt
Reading input ... done.
Setting up the scoring function ... done.
Analyzing the binding site ... done.
Using random seed: 1000
Performing search ... done.
Refining results ... done.

mode |   affinity | dist from best mode
     | (kcal/mol) | rmsd l.b.| rmsd u.b.
-----+------------+----------+----------
   1         -5.6      0.000      0.000
   2         -5.5      3.820      5.165
   3         -5.3      1.680      2.144
   4         -5.2      3.745      4.518
   5         -5.2      2.157      3.919
   6         -5.2      1.544      3.469
   7         -5.2      3.655      5.009
   8         -5.1      3.536      5.286
   9         -5.1      3.734      4.855
  10         -5.1      3.505      4.204
  11         -4.9      7.902      8.891
  12         -4.9      3.263      4.191
  13         -4.9      2.898      3.643
  14         -4.9      2.076      4.062
  15         -4.8      8.150      8.827
  16         -4.8      2.272      2.819
  17         -4.7     10.018     10.774
  18         -4.7      8.163      9.159
  19         -4.6      2.388      3.674
  20         -4.6      8.802      9.925
Writing output ... done.
