#################################################################
# If you used AutoDock Vina in your work, please cite:          #
#                                                               #
# O. Trott, A. J. Olson,                                        #
# AutoDock Vina: improving the speed and accuracy of docking    #
# with a new scoring function, efficient optimization and       #
# multithreading, Journal of Computational Chemistry 31 (2010)  #
# 455-461                                                       #
#                                                               #
# DOI 10.1002/jcc.21334                                         #
#                                                               #
# Please see http://vina.scripps.edu for more information.      #
#################################################################

Output will be mol_datas/1730-37-6_out.pdbqt
Reading input ... done.
Setting up the scoring function ... done.
Analyzing the binding site ... done.
Using random seed: 1000
Performing search ... done.
Refining results ... done.

mode |   affinity | dist from best mode
     | (kcal/mol) | rmsd l.b.| rmsd u.b.
-----+------------+----------+----------
   1         -8.3      0.000      0.000
   2         -7.8      1.299      4.799
   3         -7.6      0.678      2.454
   4         -6.7      1.760      4.279
   5         -6.6      2.498      3.214
   6         -6.6      9.340     11.166
   7         -6.6      1.708      3.749
   8         -6.5      1.750      4.292
   9         -6.4      7.855      9.434
  10         -6.3      0.944      4.542
  11         -5.9      7.674     10.412
  12         -5.6      1.903      3.328
Writing output ... done.
