#################################################################
# If you used AutoDock Vina in your work, please cite:          #
#                                                               #
# O. Trott, A. J. Olson,                                        #
# AutoDock Vina: improving the speed and accuracy of docking    #
# with a new scoring function, efficient optimization and       #
# multithreading, Journal of Computational Chemistry 31 (2010)  #
# 455-461                                                       #
#                                                               #
# DOI 10.1002/jcc.21334                                         #
#                                                               #
# Please see http://vina.scripps.edu for more information.      #
#################################################################

Output will be mol_datas/112-37-8_out.pdbqt
Reading input ... done.
Setting up the scoring function ... done.
Analyzing the binding site ... done.
Using random seed: 1000
Performing search ... done.
Refining results ... done.

mode |   affinity | dist from best mode
     | (kcal/mol) | rmsd l.b.| rmsd u.b.
-----+------------+----------+----------
   1         -6.6      0.000      0.000
   2         -6.3      3.327      4.154
   3         -6.2      3.914      4.711
   4         -6.0      1.225      2.123
   5         -6.0      3.708      5.054
   6         -5.9      3.479      6.213
   7         -5.8      4.016      5.777
   8         -5.7      7.628     10.138
   9         -5.6      1.201      1.971
  10         -5.6      1.596      3.263
  11         -5.4      7.445      9.128
  12         -5.4      7.690      8.999
  13         -5.4      3.441      5.613
  14         -5.3      5.332      7.634
  15         -5.2      4.392      6.580
  16         -5.2      2.312      3.372
  17         -5.2      3.629      5.964
  18         -5.2      5.465      6.620
  19         -5.2      8.280     10.127
  20         -5.2      7.395      8.905
Writing output ... done.
