#################################################################
# If you used AutoDock Vina in your work, please cite:          #
#                                                               #
# O. Trott, A. J. Olson,                                        #
# AutoDock Vina: improving the speed and accuracy of docking    #
# with a new scoring function, efficient optimization and       #
# multithreading, Journal of Computational Chemistry 31 (2010)  #
# 455-461                                                       #
#                                                               #
# DOI 10.1002/jcc.21334                                         #
#                                                               #
# Please see http://vina.scripps.edu for more information.      #
#################################################################

Output will be mol_datas/101-77-9_out.pdbqt
Reading input ... done.
Setting up the scoring function ... done.
Analyzing the binding site ... done.
Using random seed: 1000
Performing search ... done.
Refining results ... done.

mode |   affinity | dist from best mode
     | (kcal/mol) | rmsd l.b.| rmsd u.b.
-----+------------+----------+----------
   1         -8.9      0.000      0.000
   2         -8.9      0.040      5.696
   3         -7.1      3.811      5.684
   4         -7.1      3.788      5.439
   5         -7.1      3.785      5.604
   6         -6.4      2.541      3.241
   7         -6.3      7.786      9.059
   8         -6.3      7.797      9.827
   9         -6.2      3.370      4.344
  10         -5.9      9.368     11.726
  11         -5.9      9.457     10.604
Writing output ... done.
