#################################################################
# If you used AutoDock Vina in your work, please cite:          #
#                                                               #
# O. Trott, A. J. Olson,                                        #
# AutoDock Vina: improving the speed and accuracy of docking    #
# with a new scoring function, efficient optimization and       #
# multithreading, Journal of Computational Chemistry 31 (2010)  #
# 455-461                                                       #
#                                                               #
# DOI 10.1002/jcc.21334                                         #
#                                                               #
# Please see http://vina.scripps.edu for more information.      #
#################################################################

Output will be mol_datas/7568-93-6_out.pdbqt
Reading input ... done.
Setting up the scoring function ... done.
Analyzing the binding site ... done.
Using random seed: 1000
Performing search ... done.
Refining results ... done.

mode |   affinity | dist from best mode
     | (kcal/mol) | rmsd l.b.| rmsd u.b.
-----+------------+----------+----------
   1         -6.6      0.000      0.000
   2         -6.6      0.013      1.532
   3         -6.4      2.597      4.573
   4         -6.4      2.616      4.332
   5         -6.2      3.870      4.973
   6         -6.1      3.249      4.516
   7         -5.9      2.333      4.223
   8         -5.9      4.181      5.292
   9         -5.8      3.624      4.745
  10         -5.6      8.348     10.543
  11         -5.6      8.279     10.449
  12         -5.4      7.817      9.964
  13         -5.4      2.620      3.953
  14         -5.3     10.195     11.750
  15         -5.2      9.461     10.517
  16         -5.1     10.366     11.402
  17         -4.9      3.361      4.000
  18         -4.8      9.253     10.662
  19         -4.7     10.262     11.385
  20         -4.5      8.899     10.420
Writing output ... done.
