#################################################################
# If you used AutoDock Vina in your work, please cite:          #
#                                                               #
# O. Trott, A. J. Olson,                                        #
# AutoDock Vina: improving the speed and accuracy of docking    #
# with a new scoring function, efficient optimization and       #
# multithreading, Journal of Computational Chemistry 31 (2010)  #
# 455-461                                                       #
#                                                               #
# DOI 10.1002/jcc.21334                                         #
#                                                               #
# Please see http://vina.scripps.edu for more information.      #
#################################################################

Output will be mol_datas/123-75-1_out.pdbqt
Reading input ... done.
Setting up the scoring function ... done.
Analyzing the binding site ... done.
Using random seed: 1000
Performing search ... done.
Refining results ... done.

mode |   affinity | dist from best mode
     | (kcal/mol) | rmsd l.b.| rmsd u.b.
-----+------------+----------+----------
   1         -4.0      0.000      0.000
   2         -4.0      0.993      1.810
   3         -3.6      1.384      2.230
   4         -3.6      5.774      6.368
   5         -3.3      5.408      6.236
   6         -3.2      3.051      4.022
   7         -3.2      7.446      8.143
   8         -3.2     10.517     11.362
   9         -3.2      4.635      5.084
  10         -3.2      5.231      6.199
  11         -3.1      3.221      3.803
  12         -3.1      1.887      2.802
  13         -3.0      9.438     10.306
  14         -3.0     12.462     13.192
  15         -2.9     11.038     11.718
  16         -2.9      4.014      4.712
  17         -2.9      2.552      3.306
  18         -2.9     10.708     11.519
  19         -2.8     11.812     12.471
  20         -2.8      4.049      4.573
Writing output ... done.
