#################################################################
# If you used AutoDock Vina in your work, please cite:          #
#                                                               #
# O. Trott, A. J. Olson,                                        #
# AutoDock Vina: improving the speed and accuracy of docking    #
# with a new scoring function, efficient optimization and       #
# multithreading, Journal of Computational Chemistry 31 (2010)  #
# 455-461                                                       #
#                                                               #
# DOI 10.1002/jcc.21334                                         #
#                                                               #
# Please see http://vina.scripps.edu for more information.      #
#################################################################

Output will be mol_datas/539-03-7_out.pdbqt
Reading input ... done.
Setting up the scoring function ... done.
Analyzing the binding site ... done.
Using random seed: 1000
Performing search ... done.
Refining results ... done.

mode |   affinity | dist from best mode
     | (kcal/mol) | rmsd l.b.| rmsd u.b.
-----+------------+----------+----------
   1         -6.2      0.000      0.000
   2         -6.0      5.605      8.338
   3         -5.7      2.141      2.600
   4         -5.7      3.202      4.129
   5         -5.7      1.813      1.929
   6         -5.5      1.983      2.545
   7         -5.4      4.211      5.474
   8         -5.4      8.821     10.282
   9         -5.3      8.416      9.830
  10         -5.3      4.234      6.762
  11         -5.2      3.315      4.823
  12         -5.2      8.359      9.778
  13         -5.1      4.513      5.699
  14         -5.1      3.732      4.689
  15         -5.0      3.145      3.772
  16         -4.9      3.338      4.364
  17         -4.8      3.760      4.947
  18         -4.5      7.194      9.938
  19         -4.5      3.344      4.629
  20         -4.0     16.934     17.525
Writing output ... done.
