#################################################################
# If you used AutoDock Vina in your work, please cite:          #
#                                                               #
# O. Trott, A. J. Olson,                                        #
# AutoDock Vina: improving the speed and accuracy of docking    #
# with a new scoring function, efficient optimization and       #
# multithreading, Journal of Computational Chemistry 31 (2010)  #
# 455-461                                                       #
#                                                               #
# DOI 10.1002/jcc.21334                                         #
#                                                               #
# Please see http://vina.scripps.edu for more information.      #
#################################################################

Output will be mol_datas/95-55-6_out.pdbqt
Reading input ... done.
Setting up the scoring function ... done.
Analyzing the binding site ... done.
Using random seed: 1000
Performing search ... done.
Refining results ... done.

mode |   affinity | dist from best mode
     | (kcal/mol) | rmsd l.b.| rmsd u.b.
-----+------------+----------+----------
   1         -5.8      0.000      0.000
   2         -5.7      1.659      2.312
   3         -5.5      1.760      2.559
   4         -5.5      1.798      2.641
   5         -5.2      4.512      5.176
   6         -5.1      4.682      5.516
   7         -5.1      3.760      4.554
   8         -5.1      4.590      5.603
   9         -5.1      4.387      5.208
  10         -5.1      4.388      5.052
  11         -5.0     11.540     12.442
  12         -5.0     10.696     11.719
  13         -5.0     10.487     11.444
  14         -4.9     10.371     11.306
  15         -4.9      3.570      4.260
  16         -4.8      4.366      5.220
  17         -4.8     11.489     12.396
  18         -4.7      4.566      5.462
  19         -4.7     10.880     11.858
  20         -4.5      2.673      3.928
Writing output ... done.
