#################################################################
# If you used AutoDock Vina in your work, please cite:          #
#                                                               #
# O. Trott, A. J. Olson,                                        #
# AutoDock Vina: improving the speed and accuracy of docking    #
# with a new scoring function, efficient optimization and       #
# multithreading, Journal of Computational Chemistry 31 (2010)  #
# 455-461                                                       #
#                                                               #
# DOI 10.1002/jcc.21334                                         #
#                                                               #
# Please see http://vina.scripps.edu for more information.      #
#################################################################

Output will be mol_datas/7307-04-2_out.pdbqt
Reading input ... done.
Setting up the scoring function ... done.
Analyzing the binding site ... done.
Using random seed: 1000
Performing search ... done.
Refining results ... done.

mode |   affinity | dist from best mode
     | (kcal/mol) | rmsd l.b.| rmsd u.b.
-----+------------+----------+----------
   1         -6.0      0.000      0.000
   2         -5.5      1.788      2.658
   3         -5.4      1.820      2.802
   4         -5.4      2.905      4.410
   5         -5.3      2.702      3.935
   6         -5.2      1.832      2.901
   7         -5.2      3.013      4.121
   8         -5.0      2.253      4.231
   9         -5.0      3.075      4.916
  10         -4.9      2.096      4.349
  11         -4.7      1.990      2.347
  12         -4.6      2.455      4.441
  13         -4.6      9.973     11.537
  14         -4.6      1.559      3.871
  15         -4.4      8.185      9.571
  16         -4.4     10.211     12.248
  17         -4.2      7.886     10.183
  18         -4.2      7.109      8.790
  19         -4.0      7.611      9.896
  20         -3.9      9.777     11.765
Writing output ... done.
