#################################################################
# If you used AutoDock Vina in your work, please cite:          #
#                                                               #
# O. Trott, A. J. Olson,                                        #
# AutoDock Vina: improving the speed and accuracy of docking    #
# with a new scoring function, efficient optimization and       #
# multithreading, Journal of Computational Chemistry 31 (2010)  #
# 455-461                                                       #
#                                                               #
# DOI 10.1002/jcc.21334                                         #
#                                                               #
# Please see http://vina.scripps.edu for more information.      #
#################################################################

Output will be mol_datas/71-00-1_out.pdbqt
Reading input ... done.
Setting up the scoring function ... done.
Analyzing the binding site ... done.
Using random seed: 1000
Performing search ... done.
Refining results ... done.

mode |   affinity | dist from best mode
     | (kcal/mol) | rmsd l.b.| rmsd u.b.
-----+------------+----------+----------
   1         -5.9      0.000      0.000
   2         -5.7      3.700      4.945
   3         -5.4      3.741      4.645
   4         -5.3      3.713      4.589
   5         -5.3      2.522      3.082
   6         -5.3      4.571      5.631
   7         -5.2      3.696      5.118
   8         -5.2      9.186     10.060
   9         -5.2      8.675      9.559
  10         -5.1      2.890      3.441
  11         -5.0      2.897      4.737
  12         -5.0      1.800      2.166
  13         -4.9      9.033      9.836
  14         -4.9      9.005     10.394
  15         -4.9      9.916     10.940
  16         -4.9      3.241      4.391
  17         -4.9      1.418      1.877
  18         -4.8      8.905      9.957
  19         -4.8      3.372      4.249
  20         -4.8      3.147      4.948
Writing output ... done.
