#################################################################
# If you used AutoDock Vina in your work, please cite:          #
#                                                               #
# O. Trott, A. J. Olson,                                        #
# AutoDock Vina: improving the speed and accuracy of docking    #
# with a new scoring function, efficient optimization and       #
# multithreading, Journal of Computational Chemistry 31 (2010)  #
# 455-461                                                       #
#                                                               #
# DOI 10.1002/jcc.21334                                         #
#                                                               #
# Please see http://vina.scripps.edu for more information.      #
#################################################################

Output will be mol_datas/89-83-8_out.pdbqt
Reading input ... done.
Setting up the scoring function ... done.
Analyzing the binding site ... done.
Using random seed: 1000
Performing search ... done.
Refining results ... done.

mode |   affinity | dist from best mode
     | (kcal/mol) | rmsd l.b.| rmsd u.b.
-----+------------+----------+----------
   1         -7.0      0.000      0.000
   2         -7.0      2.137      4.282
   3         -6.5      2.580      3.874
   4         -6.5      2.512      4.978
   5         -6.4      1.791      4.391
   6         -6.4      2.643      4.891
   7         -6.2      1.455      4.113
   8         -6.1      1.063      4.169
   9         -5.7      8.244      9.549
  10         -5.6      5.247      6.858
  11         -5.5      1.850      4.389
  12         -5.5      8.220      9.475
  13         -5.3      5.193      6.740
  14         -5.3      7.979      8.972
  15         -5.3      6.615      7.490
  16         -5.2      2.704      4.138
  17         -5.2      2.097      3.944
  18         -5.1      2.738      4.303
  19         -4.7      2.368      4.389
  20         -4.3      9.556     10.975
Writing output ... done.
