#################################################################
# If you used AutoDock Vina in your work, please cite:          #
#                                                               #
# O. Trott, A. J. Olson,                                        #
# AutoDock Vina: improving the speed and accuracy of docking    #
# with a new scoring function, efficient optimization and       #
# multithreading, Journal of Computational Chemistry 31 (2010)  #
# 455-461                                                       #
#                                                               #
# DOI 10.1002/jcc.21334                                         #
#                                                               #
# Please see http://vina.scripps.edu for more information.      #
#################################################################

Output will be mol_datas/591-93-5_out.pdbqt
Reading input ... done.
Setting up the scoring function ... done.
Analyzing the binding site ... done.
Using random seed: 1000
Performing search ... done.
Refining results ... done.

mode |   affinity | dist from best mode
     | (kcal/mol) | rmsd l.b.| rmsd u.b.
-----+------------+----------+----------
   1         -4.2      0.000      0.000
   2         -4.2      0.051      2.785
   3         -4.1      1.457      2.558
   4         -3.9      0.608      3.058
   5         -3.7      4.600      5.995
   6         -3.7      4.464      5.720
   7         -3.5      4.764      6.001
   8         -3.5      4.769      5.653
   9         -3.4     11.799     12.833
  10         -3.4      2.801      4.425
  11         -3.4     12.281     13.270
  12         -3.4      2.378      3.348
  13         -3.3      2.301      3.767
  14         -3.2      8.934      9.993
  15         -3.2      9.240     10.320
  16         -3.2      4.477      5.617
  17         -3.2     11.692     12.291
  18         -3.2     10.805     11.870
  19         -3.2      4.021      4.841
Writing output ... done.
