#################################################################
# If you used AutoDock Vina in your work, please cite:          #
#                                                               #
# O. Trott, A. J. Olson,                                        #
# AutoDock Vina: improving the speed and accuracy of docking    #
# with a new scoring function, efficient optimization and       #
# multithreading, Journal of Computational Chemistry 31 (2010)  #
# 455-461                                                       #
#                                                               #
# DOI 10.1002/jcc.21334                                         #
#                                                               #
# Please see http://vina.scripps.edu for more information.      #
#################################################################

Output will be mol_datas/751-97-3_out.pdbqt
Reading input ... done.
Setting up the scoring function ... done.
Analyzing the binding site ... done.
Using random seed: 1000
Performing search ... done.
Refining results ... done.

mode |   affinity | dist from best mode
     | (kcal/mol) | rmsd l.b.| rmsd u.b.
-----+------------+----------+----------
   1         -5.7      0.000      0.000
   2         -5.3      3.492      8.729
   3         -5.3      3.789      7.028
   4         -5.2      3.271      5.936
   5         -5.2      3.443      5.442
   6         -5.1      3.756      8.836
   7         -5.1      3.573      7.964
   8         -5.0      3.284      9.575
   9         -4.6      3.556      4.703
  10         -4.4      2.943      5.482
  11         -4.3      3.175      4.314
  12         -4.2      3.163      9.062
  13         -4.1      3.239      5.480
  14         -3.9      3.105      8.533
  15         -3.9      3.060      9.616
  16         -3.4      3.229      5.645
  17         -3.2      3.393      9.303
Writing output ... done.
