#################################################################
# If you used AutoDock Vina in your work, please cite:          #
#                                                               #
# O. Trott, A. J. Olson,                                        #
# AutoDock Vina: improving the speed and accuracy of docking    #
# with a new scoring function, efficient optimization and       #
# multithreading, Journal of Computational Chemistry 31 (2010)  #
# 455-461                                                       #
#                                                               #
# DOI 10.1002/jcc.21334                                         #
#                                                               #
# Please see http://vina.scripps.edu for more information.      #
#################################################################

Output will be mol_datas/83-56-7_out.pdbqt
Reading input ... done.
Setting up the scoring function ... done.
Analyzing the binding site ... done.
Using random seed: 1000
Performing search ... done.
Refining results ... done.

mode |   affinity | dist from best mode
     | (kcal/mol) | rmsd l.b.| rmsd u.b.
-----+------------+----------+----------
   1         -7.3      0.000      0.000
   2         -7.3      0.011      4.475
   3         -7.1      2.089      3.010
   4         -7.1      2.100      4.994
   5         -7.0      1.652      3.398
   6         -7.0      1.647      3.013
   7         -6.7      2.113      4.158
   8         -6.7      2.064      3.585
   9         -6.4      1.088      3.491
  10         -6.4      1.081      2.980
  11         -6.4      7.572      9.425
  12         -6.4      7.968      9.462
  13         -6.4      7.683      9.284
  14         -6.2      7.559      9.338
  15         -6.1      7.331      9.606
  16         -6.1      7.352      8.632
  17         -5.9      7.566      9.655
  18         -5.9      7.741      9.619
  19         -5.7      1.509      2.166
Writing output ... done.
