#################################################################
# If you used AutoDock Vina in your work, please cite:          #
#                                                               #
# O. Trott, A. J. Olson,                                        #
# AutoDock Vina: improving the speed and accuracy of docking    #
# with a new scoring function, efficient optimization and       #
# multithreading, Journal of Computational Chemistry 31 (2010)  #
# 455-461                                                       #
#                                                               #
# DOI 10.1002/jcc.21334                                         #
#                                                               #
# Please see http://vina.scripps.edu for more information.      #
#################################################################

Output will be mol_datas/625-06-9_out.pdbqt
Reading input ... done.
Setting up the scoring function ... done.
Analyzing the binding site ... done.
Using random seed: 1000
Performing search ... done.
Refining results ... done.

mode |   affinity | dist from best mode
     | (kcal/mol) | rmsd l.b.| rmsd u.b.
-----+------------+----------+----------
   1         -5.2      0.000      0.000
   2         -5.1      1.563      3.375
   3         -4.9      1.774      4.058
   4         -4.6      2.291      3.405
   5         -4.4      3.500      4.823
   6         -4.4      3.162      4.402
   7         -4.4      2.532      3.940
   8         -4.4      1.153      1.576
   9         -4.3      1.434      2.145
  10         -4.1      2.691      4.014
  11         -4.1      8.618     10.574
  12         -4.0      9.557     11.415
  13         -3.9      9.634     11.383
  14         -3.9      6.828      8.403
  15         -3.8      8.541      9.908
  16         -3.8      2.527      4.452
  17         -3.7     15.898     16.968
  18         -3.6      2.071      3.667
  19         -3.6      6.863      8.297
  20         -3.2     15.984     17.207
Writing output ... done.
