#################################################################
# If you used AutoDock Vina in your work, please cite:          #
#                                                               #
# O. Trott, A. J. Olson,                                        #
# AutoDock Vina: improving the speed and accuracy of docking    #
# with a new scoring function, efficient optimization and       #
# multithreading, Journal of Computational Chemistry 31 (2010)  #
# 455-461                                                       #
#                                                               #
# DOI 10.1002/jcc.21334                                         #
#                                                               #
# Please see http://vina.scripps.edu for more information.      #
#################################################################

Output will be mol_datas/111-44-4_out.pdbqt
Reading input ... done.
Setting up the scoring function ... done.
Analyzing the binding site ... done.
Using random seed: 1000
Performing search ... done.
Refining results ... done.

mode |   affinity | dist from best mode
     | (kcal/mol) | rmsd l.b.| rmsd u.b.
-----+------------+----------+----------
   1         -4.1      0.000      0.000
   2         -4.1      0.892      3.982
   3         -4.0      1.765      1.783
   4         -4.0      1.738      3.634
   5         -3.6      1.529      1.907
   6         -3.6      2.091      4.397
   7         -3.4      2.208      3.915
   8         -3.4      3.036      3.413
   9         -3.4      2.557      4.839
  10         -3.3      9.214     10.339
  11         -3.3      7.749      8.538
  12         -3.3      9.012      9.753
  13         -3.3      9.497     10.744
  14         -3.3      9.030     10.333
  15         -3.2      3.454      4.838
  16         -3.2     11.036     12.050
  17         -3.1      8.746     10.180
  18         -3.1      3.273      3.642
  19         -3.1     10.861     11.825
  20         -3.1     11.043     11.723
Writing output ... done.
