#################################################################
# If you used AutoDock Vina in your work, please cite:          #
#                                                               #
# O. Trott, A. J. Olson,                                        #
# AutoDock Vina: improving the speed and accuracy of docking    #
# with a new scoring function, efficient optimization and       #
# multithreading, Journal of Computational Chemistry 31 (2010)  #
# 455-461                                                       #
#                                                               #
# DOI 10.1002/jcc.21334                                         #
#                                                               #
# Please see http://vina.scripps.edu for more information.      #
#################################################################

Output will be mol_datas/135-19-3_out.pdbqt
Reading input ... done.
Setting up the scoring function ... done.
Analyzing the binding site ... done.
Using random seed: 1000
Performing search ... done.
Refining results ... done.

mode |   affinity | dist from best mode
     | (kcal/mol) | rmsd l.b.| rmsd u.b.
-----+------------+----------+----------
   1         -8.1      0.000      0.000
   2         -7.8      2.290      3.969
   3         -7.6      3.107      4.597
   4         -7.6      3.052      4.870
   5         -7.4      1.163      2.285
   6         -7.3      2.305      4.301
   7         -7.1      0.738      2.157
   8         -6.7      2.524      3.913
   9         -6.5      2.550      3.994
  10         -6.4      2.346      4.317
  11         -6.4      8.069      9.390
  12         -6.4      8.874     10.150
  13         -6.3      7.818      9.259
  14         -6.2      8.358     10.039
  15         -6.2      7.456      8.481
  16         -6.1      8.212      9.707
  17         -6.1      7.831      9.003
Writing output ... done.
