#################################################################
# If you used AutoDock Vina in your work, please cite:          #
#                                                               #
# O. Trott, A. J. Olson,                                        #
# AutoDock Vina: improving the speed and accuracy of docking    #
# with a new scoring function, efficient optimization and       #
# multithreading, Journal of Computational Chemistry 31 (2010)  #
# 455-461                                                       #
#                                                               #
# DOI 10.1002/jcc.21334                                         #
#                                                               #
# Please see http://vina.scripps.edu for more information.      #
#################################################################

Output will be mol_datas/4849-32-5_out.pdbqt
Reading input ... done.
Setting up the scoring function ... done.
Analyzing the binding site ... done.
Using random seed: 1000
Performing search ... done.
Refining results ... done.

mode |   affinity | dist from best mode
     | (kcal/mol) | rmsd l.b.| rmsd u.b.
-----+------------+----------+----------
   1         -7.3      0.000      0.000
   2         -7.2      3.194      8.050
   3         -6.7      5.343      9.742
   4         -6.6      1.598      7.500
   5         -6.5      1.772      7.575
   6         -6.5      5.483      8.276
   7         -6.1      4.724      7.798
   8         -5.9      4.925      7.902
   9         -5.8      5.774     10.547
  10         -5.4      4.220      7.604
  11         -5.1      2.158      3.026
  12         -4.8     19.704     22.924
  13         -4.8     14.787     17.221
  14         -4.7     14.093     16.078
  15         -4.7     15.557     17.264
  16         -4.7     14.537     15.397
  17         -4.7     14.244     14.848
  18         -4.6     14.276     16.415
  19         -4.6     15.554     17.168
Writing output ... done.
