#################################################################
# If you used AutoDock Vina in your work, please cite:          #
#                                                               #
# O. Trott, A. J. Olson,                                        #
# AutoDock Vina: improving the speed and accuracy of docking    #
# with a new scoring function, efficient optimization and       #
# multithreading, Journal of Computational Chemistry 31 (2010)  #
# 455-461                                                       #
#                                                               #
# DOI 10.1002/jcc.21334                                         #
#                                                               #
# Please see http://vina.scripps.edu for more information.      #
#################################################################

Output will be mol_datas/481-29-8_out.pdbqt
Reading input ... done.
Setting up the scoring function ... done.
Analyzing the binding site ... done.
Using random seed: 1000
Performing search ... done.
Refining results ... done.

mode |   affinity | dist from best mode
     | (kcal/mol) | rmsd l.b.| rmsd u.b.
-----+------------+----------+----------
   1         -5.6      0.000      0.000
   2         -5.4     14.082     15.981
   3         -5.3     13.755     16.500
   4         -5.3      1.571      5.930
   5         -5.1     13.571     15.467
   6         -5.1     11.836     15.798
   7         -5.1     11.038     13.945
   8         -4.9     14.157     16.304
   9         -4.8      9.772     13.164
  10         -4.7     13.734     15.126
  11         -4.7     14.618     16.245
  12         -4.6      1.583      6.205
  13         -4.5     10.310     13.743
  14         -4.5     13.628     15.475
  15         -4.4     10.988     12.870
  16         -4.3     11.560     14.534
  17         -4.3      8.802     11.997
  18         -4.2     11.468     14.746
  19         -4.1     10.999     13.724
Writing output ... done.
