#################################################################
# If you used AutoDock Vina in your work, please cite:          #
#                                                               #
# O. Trott, A. J. Olson,                                        #
# AutoDock Vina: improving the speed and accuracy of docking    #
# with a new scoring function, efficient optimization and       #
# multithreading, Journal of Computational Chemistry 31 (2010)  #
# 455-461                                                       #
#                                                               #
# DOI 10.1002/jcc.21334                                         #
#                                                               #
# Please see http://vina.scripps.edu for more information.      #
#################################################################

Output will be mol_datas/77-47-4_out.pdbqt
Reading input ... done.
Setting up the scoring function ... done.
Analyzing the binding site ... done.
Using random seed: 1000
Performing search ... done.
Refining results ... done.

mode |   affinity | dist from best mode
     | (kcal/mol) | rmsd l.b.| rmsd u.b.
-----+------------+----------+----------
   1         -5.4      0.000      0.000
   2         -5.4      0.199      3.319
   3         -4.7      1.594      3.447
   4         -4.7      1.137      3.343
   5         -4.7      1.589      4.248
   6         -4.7      1.158      3.022
   7         -4.4      6.456      8.689
   8         -4.4      6.473      8.083
   9         -4.2      1.821      4.316
  10         -4.1      1.813      3.497
  11         -3.9     15.563     16.252
  12         -3.9     15.579     16.542
  13         -3.5     16.250     17.697
  14         -3.3     16.058     16.861
  15         -3.2     15.730     16.893
  16         -3.1     16.281     17.557
  17         -3.1     16.020     16.949
  18         -3.1     15.899     17.134
  19         -3.1     15.891     17.086
  20         -3.1     15.699     16.917
Writing output ... done.
