#################################################################
# If you used AutoDock Vina in your work, please cite:          #
#                                                               #
# O. Trott, A. J. Olson,                                        #
# AutoDock Vina: improving the speed and accuracy of docking    #
# with a new scoring function, efficient optimization and       #
# multithreading, Journal of Computational Chemistry 31 (2010)  #
# 455-461                                                       #
#                                                               #
# DOI 10.1002/jcc.21334                                         #
#                                                               #
# Please see http://vina.scripps.edu for more information.      #
#################################################################

Output will be mol_datas/2974-92-7_out.pdbqt
Reading input ... done.
Setting up the scoring function ... done.
Analyzing the binding site ... done.
Using random seed: 1000
Performing search ... done.
Refining results ... done.

mode |   affinity | dist from best mode
     | (kcal/mol) | rmsd l.b.| rmsd u.b.
-----+------------+----------+----------
   1         -7.6      0.000      0.000
   2         -7.0      2.771      3.716
   3         -7.0      2.937      5.560
   4         -6.8      3.427      6.117
   5         -6.7      7.403     10.797
   6         -6.4      2.570      4.217
   7         -6.3      3.471      5.901
   8         -6.3      2.674      3.782
   9         -6.1      5.390      8.992
  10         -6.0      4.408      6.592
  11         -5.5      7.761     10.201
  12         -5.1      3.113      6.662
  13         -5.1     16.151     17.490
  14         -4.9     16.236     17.068
  15         -4.9     14.971     15.831
  16         -4.8     14.926     15.796
  17         -4.8     15.033     15.922
Writing output ... done.
