#################################################################
# If you used AutoDock Vina in your work, please cite:          #
#                                                               #
# O. Trott, A. J. Olson,                                        #
# AutoDock Vina: improving the speed and accuracy of docking    #
# with a new scoring function, efficient optimization and       #
# multithreading, Journal of Computational Chemistry 31 (2010)  #
# 455-461                                                       #
#                                                               #
# DOI 10.1002/jcc.21334                                         #
#                                                               #
# Please see http://vina.scripps.edu for more information.      #
#################################################################

Output will be mol_datas/273-53-0_out.pdbqt
Reading input ... done.
Setting up the scoring function ... done.
Analyzing the binding site ... done.
Using random seed: 1000
Performing search ... done.
Refining results ... done.

mode |   affinity | dist from best mode
     | (kcal/mol) | rmsd l.b.| rmsd u.b.
-----+------------+----------+----------
   1         -6.6      0.000      0.000
   2         -6.0      1.398      2.082
   3         -5.8      1.605      3.015
   4         -5.8      3.922      5.240
   5         -5.7      3.030      4.339
   6         -5.6      3.895      4.723
   7         -5.4     10.402     11.274
   8         -5.3     10.254     11.222
   9         -5.2      9.946     10.934
  10         -5.2     10.674     11.512
  11         -5.2     10.716     11.619
  12         -5.2     10.066     11.059
  13         -4.4     10.206     11.230
  14         -4.4     12.337     13.566
  15         -4.1     12.280     13.194
  16         -4.1     12.317     13.273
  17         -4.1      6.892      7.670
  18         -3.9     12.659     12.817
Writing output ... done.
