#################################################################
# If you used AutoDock Vina in your work, please cite:          #
#                                                               #
# O. Trott, A. J. Olson,                                        #
# AutoDock Vina: improving the speed and accuracy of docking    #
# with a new scoring function, efficient optimization and       #
# multithreading, Journal of Computational Chemistry 31 (2010)  #
# 455-461                                                       #
#                                                               #
# DOI 10.1002/jcc.21334                                         #
#                                                               #
# Please see http://vina.scripps.edu for more information.      #
#################################################################

Output will be mol_datas/105-55-5_out.pdbqt
Reading input ... done.
Setting up the scoring function ... done.
Analyzing the binding site ... done.
Using random seed: 1000
Performing search ... done.
Refining results ... done.

mode |   affinity | dist from best mode
     | (kcal/mol) | rmsd l.b.| rmsd u.b.
-----+------------+----------+----------
   1         -4.4      0.000      0.000
   2         -4.3      0.054      3.787
   3         -4.3      2.004      2.667
   4         -4.3      2.001      3.735
   5         -4.0      2.430      4.716
   6         -3.9      8.813      9.379
   7         -3.9      7.684      8.712
   8         -3.8      1.940      2.766
   9         -3.8      2.124      3.912
  10         -3.7      7.973      9.345
  11         -3.6      2.669      4.725
  12         -3.6      9.635     10.719
  13         -3.5     12.506     13.300
  14         -3.5      2.549      3.683
  15         -3.4      2.489      3.461
  16         -3.4     10.910     11.653
  17         -3.4     11.187     12.136
  18         -3.4      9.179     10.306
  19         -3.3     12.131     12.938
  20         -3.1      9.665     10.968
Writing output ... done.
