#################################################################
# If you used AutoDock Vina in your work, please cite:          #
#                                                               #
# O. Trott, A. J. Olson,                                        #
# AutoDock Vina: improving the speed and accuracy of docking    #
# with a new scoring function, efficient optimization and       #
# multithreading, Journal of Computational Chemistry 31 (2010)  #
# 455-461                                                       #
#                                                               #
# DOI 10.1002/jcc.21334                                         #
#                                                               #
# Please see http://vina.scripps.edu for more information.      #
#################################################################

Output will be mol_datas/1629-60-3_out.pdbqt
Reading input ... done.
Setting up the scoring function ... done.
Analyzing the binding site ... done.
Using random seed: 1000
Performing search ... done.
Refining results ... done.

mode |   affinity | dist from best mode
     | (kcal/mol) | rmsd l.b.| rmsd u.b.
-----+------------+----------+----------
   1         -4.9      0.000      0.000
   2         -4.8      1.334      1.561
   3         -4.8      0.716      3.625
   4         -4.7      1.570      4.131
   5         -4.4      2.275      4.103
   6         -4.3      1.970      2.668
   7         -4.2      2.230      3.486
   8         -4.2      4.196      5.112
   9         -4.2      4.212      5.862
  10         -4.1      9.407     10.359
  11         -4.1      5.319      6.209
  12         -4.1      3.081      4.675
  13         -4.1      4.394      5.002
  14         -4.1      2.524      3.497
  15         -4.0      9.848     10.714
  16         -4.0      3.083      3.807
  17         -4.0      2.407      2.902
  18         -3.9      2.916      3.863
  19         -3.9      9.233     10.317
  20         -3.9     11.025     11.886
Writing output ... done.
