#################################################################
# If you used AutoDock Vina in your work, please cite:          #
#                                                               #
# O. Trott, A. J. Olson,                                        #
# AutoDock Vina: improving the speed and accuracy of docking    #
# with a new scoring function, efficient optimization and       #
# multithreading, Journal of Computational Chemistry 31 (2010)  #
# 455-461                                                       #
#                                                               #
# DOI 10.1002/jcc.21334                                         #
#                                                               #
# Please see http://vina.scripps.edu for more information.      #
#################################################################

Output will be mol_datas/334-48-5_out.pdbqt
Reading input ... done.
Setting up the scoring function ... done.
Analyzing the binding site ... done.
Using random seed: 1000
Performing search ... done.
Refining results ... done.

mode |   affinity | dist from best mode
     | (kcal/mol) | rmsd l.b.| rmsd u.b.
-----+------------+----------+----------
   1         -6.2      0.000      0.000
   2         -6.2      3.379      3.916
   3         -5.8      2.065      3.752
   4         -5.5      3.415      4.500
   5         -5.5      4.235      4.952
   6         -5.4      2.573      4.023
   7         -5.4      1.910      2.894
   8         -5.1      3.144      4.929
   9         -5.0      2.335      4.384
  10         -5.0      3.713      7.155
  11         -4.9      5.801      8.154
  12         -4.9      8.065     11.607
  13         -4.9      5.690      9.314
  14         -4.7      4.968      8.501
  15         -4.7      6.155      9.538
  16         -4.5      8.721     11.231
  17         -4.4      9.673     12.322
  18         -4.4      6.864      9.708
  19         -4.4     10.000     11.197
  20         -4.4      3.804      7.352
Writing output ... done.
