#################################################################
# If you used AutoDock Vina in your work, please cite:          #
#                                                               #
# O. Trott, A. J. Olson,                                        #
# AutoDock Vina: improving the speed and accuracy of docking    #
# with a new scoring function, efficient optimization and       #
# multithreading, Journal of Computational Chemistry 31 (2010)  #
# 455-461                                                       #
#                                                               #
# DOI 10.1002/jcc.21334                                         #
#                                                               #
# Please see http://vina.scripps.edu for more information.      #
#################################################################

Output will be mol_datas/74-95-3_out.pdbqt
Reading input ... done.
Setting up the scoring function ... done.
Analyzing the binding site ... done.
Using random seed: 1000
Performing search ... done.
Refining results ... done.

mode |   affinity | dist from best mode
     | (kcal/mol) | rmsd l.b.| rmsd u.b.
-----+------------+----------+----------
   1         -2.8      0.000      0.000
   2         -2.8      0.024      2.578
   3         -2.5      1.746      2.616
   4         -2.5      2.355      2.404
   5         -2.4      5.533      6.167
   6         -2.4      5.550      5.944
   7         -2.3      2.566      3.645
   8         -2.3      2.522      3.030
   9         -2.2      5.639      6.226
  10         -2.2      9.504      9.679
  11         -2.2      5.113      5.311
  12         -2.1      4.419      4.419
  13         -2.1     13.259     13.400
  14         -2.1      3.538      4.308
  15         -2.1     12.712     12.846
  16         -2.1      7.270      7.971
  17         -2.1      4.150      4.843
  18         -2.1      5.951      6.182
  19         -2.0     12.979     13.021
  20         -2.0     11.234     11.411
Writing output ... done.
