#################################################################
# If you used AutoDock Vina in your work, please cite:          #
#                                                               #
# O. Trott, A. J. Olson,                                        #
# AutoDock Vina: improving the speed and accuracy of docking    #
# with a new scoring function, efficient optimization and       #
# multithreading, Journal of Computational Chemistry 31 (2010)  #
# 455-461                                                       #
#                                                               #
# DOI 10.1002/jcc.21334                                         #
#                                                               #
# Please see http://vina.scripps.edu for more information.      #
#################################################################

Output will be mol_datas/107-87-9_out.pdbqt
Reading input ... done.
Setting up the scoring function ... done.
Analyzing the binding site ... done.
Using random seed: 1000
Performing search ... done.
Refining results ... done.

mode |   affinity | dist from best mode
     | (kcal/mol) | rmsd l.b.| rmsd u.b.
-----+------------+----------+----------
   1         -4.5      0.000      0.000
   2         -4.2      1.376      1.640
   3         -4.2      4.840      5.817
   4         -4.1      1.299      3.465
   5         -4.1      1.474      2.724
   6         -3.9      1.478      3.202
   7         -3.9      5.487      6.136
   8         -3.8      2.879      3.824
   9         -3.7      2.895      3.951
  10         -3.7      2.621      4.266
  11         -3.7      3.887      5.296
  12         -3.6      8.740      9.890
  13         -3.6      4.876      5.604
  14         -3.6      3.757      4.831
  15         -3.6      9.966     10.763
  16         -3.6      9.366     10.286
  17         -3.6      4.466      4.917
  18         -3.5      8.566      9.470
  19         -3.5     10.778     11.891
  20         -3.5     12.029     13.069
Writing output ... done.
