#################################################################
# If you used AutoDock Vina in your work, please cite:          #
#                                                               #
# O. Trott, A. J. Olson,                                        #
# AutoDock Vina: improving the speed and accuracy of docking    #
# with a new scoring function, efficient optimization and       #
# multithreading, Journal of Computational Chemistry 31 (2010)  #
# 455-461                                                       #
#                                                               #
# DOI 10.1002/jcc.21334                                         #
#                                                               #
# Please see http://vina.scripps.edu for more information.      #
#################################################################

Output will be mol_datas/537-92-8_out.pdbqt
Reading input ... done.
Setting up the scoring function ... done.
Analyzing the binding site ... done.
Using random seed: 1000
Performing search ... done.
Refining results ... done.

mode |   affinity | dist from best mode
     | (kcal/mol) | rmsd l.b.| rmsd u.b.
-----+------------+----------+----------
   1         -6.9      0.000      0.000
   2         -6.5      2.413      3.541
   3         -6.3      4.123      8.397
   4         -6.2      1.000      2.379
   5         -6.1      1.476      1.988
   6         -6.1      3.559      5.573
   7         -6.0      2.849      4.560
   8         -6.0      7.730      9.355
   9         -5.7      8.040      9.946
  10         -5.6      2.770      3.722
  11         -5.6     10.104     11.586
  12         -5.6      9.041     10.667
  13         -5.5      4.238      5.034
  14         -5.4      8.445     10.217
  15         -5.3      3.393      4.378
  16         -5.2      9.021     10.374
  17         -4.9     17.284     18.362
  18         -4.8      2.322      2.540
  19         -4.8      6.751     10.558
  20         -4.7      4.739      8.756
Writing output ... done.
