#################################################################
# If you used AutoDock Vina in your work, please cite:          #
#                                                               #
# O. Trott, A. J. Olson,                                        #
# AutoDock Vina: improving the speed and accuracy of docking    #
# with a new scoring function, efficient optimization and       #
# multithreading, Journal of Computational Chemistry 31 (2010)  #
# 455-461                                                       #
#                                                               #
# DOI 10.1002/jcc.21334                                         #
#                                                               #
# Please see http://vina.scripps.edu for more information.      #
#################################################################

Output will be mol_datas/141-90-2_out.pdbqt
Reading input ... done.
Setting up the scoring function ... done.
Analyzing the binding site ... done.
Using random seed: 1000
Performing search ... done.
Refining results ... done.

mode |   affinity | dist from best mode
     | (kcal/mol) | rmsd l.b.| rmsd u.b.
-----+------------+----------+----------
   1         -4.9      0.000      0.000
   2         -4.8      4.560      5.255
   3         -4.7      4.772      5.626
   4         -4.7      3.016      3.546
   5         -4.6      7.278      7.946
   6         -4.5      1.541      2.235
   7         -4.4      5.344      5.988
   8         -4.3      2.795      3.492
   9         -4.2      3.194      3.819
  10         -4.2      8.448      9.022
  11         -4.1      8.617      9.399
  12         -3.9      3.060      3.641
  13         -3.9      3.566      4.255
  14         -3.8      2.936      3.846
  15         -3.8      2.806      3.038
  16         -3.7      9.205      9.719
  17         -3.6     16.132     16.867
  18         -3.4      8.578      9.300
  19         -3.4      8.559      9.136
  20         -3.2     10.000     10.618
Writing output ... done.
