#################################################################
# If you used AutoDock Vina in your work, please cite:          #
#                                                               #
# O. Trott, A. J. Olson,                                        #
# AutoDock Vina: improving the speed and accuracy of docking    #
# with a new scoring function, efficient optimization and       #
# multithreading, Journal of Computational Chemistry 31 (2010)  #
# 455-461                                                       #
#                                                               #
# DOI 10.1002/jcc.21334                                         #
#                                                               #
# Please see http://vina.scripps.edu for more information.      #
#################################################################

Output will be mol_datas/56-85-9_out.pdbqt
Reading input ... done.
Setting up the scoring function ... done.
Analyzing the binding site ... done.
Using random seed: 1000
Performing search ... done.
Refining results ... done.

mode |   affinity | dist from best mode
     | (kcal/mol) | rmsd l.b.| rmsd u.b.
-----+------------+----------+----------
   1         -5.4      0.000      0.000
   2         -5.3      2.143      4.546
   3         -5.3      3.308      4.008
   4         -5.3      2.575      3.440
   5         -5.2      2.748      3.179
   6         -5.0      7.172      8.956
   7         -5.0      1.574      4.444
   8         -4.9      1.938      2.049
   9         -4.9      2.971      4.196
  10         -4.8      7.315     10.226
  11         -4.7      6.489      7.667
  12         -4.7      6.939      8.962
  13         -4.7      2.511      4.321
  14         -4.6      7.159     10.042
  15         -4.5      9.063     10.266
  16         -4.5      2.664      3.779
  17         -4.4      5.147      6.833
  18         -4.3      2.407      4.619
  19         -4.0      7.828      8.966
  20         -2.6     15.843     16.606
Writing output ... done.
