#################################################################
# If you used AutoDock Vina in your work, please cite:          #
#                                                               #
# O. Trott, A. J. Olson,                                        #
# AutoDock Vina: improving the speed and accuracy of docking    #
# with a new scoring function, efficient optimization and       #
# multithreading, Journal of Computational Chemistry 31 (2010)  #
# 455-461                                                       #
#                                                               #
# DOI 10.1002/jcc.21334                                         #
#                                                               #
# Please see http://vina.scripps.edu for more information.      #
#################################################################

Output will be mol_datas/86-73-7_out.pdbqt
Reading input ... done.
Setting up the scoring function ... done.
Analyzing the binding site ... done.
Using random seed: 1000
Performing search ... done.
Refining results ... done.

mode |   affinity | dist from best mode
     | (kcal/mol) | rmsd l.b.| rmsd u.b.
-----+------------+----------+----------
   1         -7.7      0.000      0.000
   2         -7.7      0.125      4.413
   3         -7.7      0.749      2.217
   4         -7.6      0.748      4.910
   5         -7.6      1.404      4.816
   6         -7.6      1.405      2.278
   7         -7.6      2.026      5.293
   8         -7.5      2.068      3.578
   9         -7.0      1.615      3.191
  10         -7.0      1.604      4.565
  11         -6.5      7.546      9.458
  12         -6.5      7.544     10.132
  13         -6.4      7.811      9.200
  14         -6.4      7.796      9.988
  15         -6.4      8.983     10.868
  16         -6.4      8.951     10.996
  17         -6.2      9.456     11.310
  18         -6.2      9.449     11.601
  19         -5.8      1.817      3.739
  20         -5.8      1.797      3.835
Writing output ... done.
