#################################################################
# If you used AutoDock Vina in your work, please cite:          #
#                                                               #
# O. Trott, A. J. Olson,                                        #
# AutoDock Vina: improving the speed and accuracy of docking    #
# with a new scoring function, efficient optimization and       #
# multithreading, Journal of Computational Chemistry 31 (2010)  #
# 455-461                                                       #
#                                                               #
# DOI 10.1002/jcc.21334                                         #
#                                                               #
# Please see http://vina.scripps.edu for more information.      #
#################################################################

Output will be mol_datas/581-40-8_out.pdbqt
Reading input ... done.
Setting up the scoring function ... done.
Analyzing the binding site ... done.
Using random seed: 1000
Performing search ... done.
Refining results ... done.

mode |   affinity | dist from best mode
     | (kcal/mol) | rmsd l.b.| rmsd u.b.
-----+------------+----------+----------
   1         -8.0      0.000      0.000
   2         -8.0      0.020      2.255
   3         -7.6      1.581      5.248
   4         -7.6      1.608      4.778
   5         -7.3      2.898      4.716
   6         -7.3      2.770      5.191
   7         -6.7      1.056      4.934
   8         -6.6      0.802      4.297
   9         -6.4      0.820      4.754
  10         -6.0      3.017      4.182
  11         -5.8      9.017     10.794
  12         -5.8      1.783      4.215
  13         -5.7      1.687      4.395
  14         -5.7      2.019      3.860
  15         -5.5      2.638      4.325
  16         -5.3      1.635      3.094
Writing output ... done.
