#################################################################
# If you used AutoDock Vina in your work, please cite:          #
#                                                               #
# O. Trott, A. J. Olson,                                        #
# AutoDock Vina: improving the speed and accuracy of docking    #
# with a new scoring function, efficient optimization and       #
# multithreading, Journal of Computational Chemistry 31 (2010)  #
# 455-461                                                       #
#                                                               #
# DOI 10.1002/jcc.21334                                         #
#                                                               #
# Please see http://vina.scripps.edu for more information.      #
#################################################################

Output will be mol_datas/81451-15-2_out.pdbqt
Reading input ... done.
Setting up the scoring function ... done.
Analyzing the binding site ... done.
Using random seed: 1000
Performing search ... done.
Refining results ... done.

mode |   affinity | dist from best mode
     | (kcal/mol) | rmsd l.b.| rmsd u.b.
-----+------------+----------+----------
   1         -5.8      0.000      0.000
   2         -5.7      3.093      4.524
   3         -5.4      7.150      8.723
   4         -5.2      2.004      2.752
   5         -5.2      7.754      9.181
   6         -4.9      3.599      5.278
   7         -4.8      6.945      7.950
   8         -4.8      2.708      4.023
   9         -4.8      4.021      4.598
  10         -4.8      2.437      4.219
  11         -4.7      6.851      7.667
  12         -4.7      6.725      8.187
  13         -4.7      3.044      4.222
  14         -4.5      1.919      2.265
  15         -4.5      1.636      2.451
  16         -4.4      2.737      3.228
  17         -4.4      5.014      6.866
  18         -4.3      4.531      6.547
  19         -4.0      7.853      9.497
  20         -4.0      2.950      3.721
Writing output ... done.
