#################################################################
# If you used AutoDock Vina in your work, please cite:          #
#                                                               #
# O. Trott, A. J. Olson,                                        #
# AutoDock Vina: improving the speed and accuracy of docking    #
# with a new scoring function, efficient optimization and       #
# multithreading, Journal of Computational Chemistry 31 (2010)  #
# 455-461                                                       #
#                                                               #
# DOI 10.1002/jcc.21334                                         #
#                                                               #
# Please see http://vina.scripps.edu for more information.      #
#################################################################

Output will be mol_datas/622-96-8_out.pdbqt
Reading input ... done.
Setting up the scoring function ... done.
Analyzing the binding site ... done.
Using random seed: 1000
Performing search ... done.
Refining results ... done.

mode |   affinity | dist from best mode
     | (kcal/mol) | rmsd l.b.| rmsd u.b.
-----+------------+----------+----------
   1         -6.6      0.000      0.000
   2         -6.4      2.351      5.143
   3         -6.4      0.799      4.240
   4         -6.3      2.383      4.919
   5         -6.3      1.325      2.166
   6         -6.3      1.356      3.821
   7         -6.0      2.739      3.500
   8         -5.9      1.819      3.187
   9         -5.7      1.771      2.892
  10         -5.6      9.659     11.128
  11         -5.5      9.654     11.122
  12         -5.4      9.207     10.671
  13         -5.3     10.112     11.433
  14         -5.2     10.318     11.621
  15         -5.2      2.305      3.917
  16         -5.1      9.388     10.664
  17         -5.1      9.854     11.519
  18         -4.7      6.769      8.144
  19         -4.7      8.993     10.733
  20         -4.5     12.239     13.407
Writing output ... done.
