#################################################################
# If you used AutoDock Vina in your work, please cite:          #
#                                                               #
# O. Trott, A. J. Olson,                                        #
# AutoDock Vina: improving the speed and accuracy of docking    #
# with a new scoring function, efficient optimization and       #
# multithreading, Journal of Computational Chemistry 31 (2010)  #
# 455-461                                                       #
#                                                               #
# DOI 10.1002/jcc.21334                                         #
#                                                               #
# Please see http://vina.scripps.edu for more information.      #
#################################################################

Output will be mol_datas/13029-08-8_out.pdbqt
Reading input ... done.
Setting up the scoring function ... done.
Analyzing the binding site ... done.
Using random seed: 1000
Performing search ... done.
Refining results ... done.

mode |   affinity | dist from best mode
     | (kcal/mol) | rmsd l.b.| rmsd u.b.
-----+------------+----------+----------
   1         -7.3      0.000      0.000
   2         -7.3      0.076      4.629
   3         -6.8      2.252      4.505
   4         -6.8      2.280      3.712
   5         -6.3      2.385      4.637
   6         -6.3      2.281      5.271
   7         -6.3      2.265      3.239
   8         -6.1      1.430      4.854
   9         -6.0      4.956      7.157
  10         -5.8      2.649      4.510
  11         -5.6      1.480      2.083
  12         -5.6      1.472      4.718
  13         -5.4     16.558     17.470
  14         -5.3     16.523     17.926
  15         -5.3      5.482      8.867
  16         -5.3      2.242      4.671
  17         -5.0     16.763     17.552
  18         -5.0     16.001     17.390
  19         -5.0     16.011     16.933
  20         -5.0     15.445     16.339
Writing output ... done.
