#################################################################
# If you used AutoDock Vina in your work, please cite:          #
#                                                               #
# O. Trott, A. J. Olson,                                        #
# AutoDock Vina: improving the speed and accuracy of docking    #
# with a new scoring function, efficient optimization and       #
# multithreading, Journal of Computational Chemistry 31 (2010)  #
# 455-461                                                       #
#                                                               #
# DOI 10.1002/jcc.21334                                         #
#                                                               #
# Please see http://vina.scripps.edu for more information.      #
#################################################################

Output will be mol_datas/52-39-1_out.pdbqt
Reading input ... done.
Setting up the scoring function ... done.
Analyzing the binding site ... done.
Using random seed: 1000
Performing search ... done.
Refining results ... done.

mode |   affinity | dist from best mode
     | (kcal/mol) | rmsd l.b.| rmsd u.b.
-----+------------+----------+----------
   1         -5.2      0.000      0.000
   2         -5.1      1.456      2.014
   3         -5.1     13.335     15.307
   4         -5.1     13.749     14.905
   5         -5.0      9.240     15.079
   6         -4.9      6.935     11.943
   7         -4.9      9.301     13.584
   8         -4.9     11.553     14.118
   9         -4.7      4.740      7.940
  10         -4.7      2.045      7.099
  11         -4.7      7.860     13.713
  12         -4.7      1.997      7.058
  13         -4.6      1.795      6.739
  14         -4.6      8.380     12.487
  15         -4.5      9.391     13.285
  16         -4.4     12.064     14.410
  17         -4.3      6.193     11.999
  18         -4.2      9.534     12.641
  19         -4.1     12.858     15.692
  20         -4.1      9.410     12.709
Writing output ... done.
