#################################################################
# If you used AutoDock Vina in your work, please cite:          #
#                                                               #
# O. Trott, A. J. Olson,                                        #
# AutoDock Vina: improving the speed and accuracy of docking    #
# with a new scoring function, efficient optimization and       #
# multithreading, Journal of Computational Chemistry 31 (2010)  #
# 455-461                                                       #
#                                                               #
# DOI 10.1002/jcc.21334                                         #
#                                                               #
# Please see http://vina.scripps.edu for more information.      #
#################################################################

Output will be mol_datas/109-94-4_out.pdbqt
Reading input ... done.
Setting up the scoring function ... done.
Analyzing the binding site ... done.
Using random seed: 1000
Performing search ... done.
Refining results ... done.

mode |   affinity | dist from best mode
     | (kcal/mol) | rmsd l.b.| rmsd u.b.
-----+------------+----------+----------
   1         -3.6      0.000      0.000
   2         -3.3      1.347      1.944
   3         -3.2      1.903      3.103
   4         -3.1      8.437      8.954
   5         -3.0      2.510      3.514
   6         -2.9      1.835      3.147
   7         -2.9      9.119      9.798
   8         -2.9      9.676     10.386
   9         -2.8      8.581      9.109
  10         -2.8     13.100     13.358
  11         -2.8      2.513      3.990
  12         -2.7      9.910     10.615
  13         -2.7     11.904     12.522
  14         -2.6      5.750      6.414
  15         -2.6     10.153     10.724
  16         -2.6     11.511     12.167
  17         -2.6     12.285     12.913
  18         -2.6      3.719      4.658
  19         -2.4     16.045     16.299
  20         -2.3      9.649     10.232
Writing output ... done.
