#################################################################
# If you used AutoDock Vina in your work, please cite:          #
#                                                               #
# O. Trott, A. J. Olson,                                        #
# AutoDock Vina: improving the speed and accuracy of docking    #
# with a new scoring function, efficient optimization and       #
# multithreading, Journal of Computational Chemistry 31 (2010)  #
# 455-461                                                       #
#                                                               #
# DOI 10.1002/jcc.21334                                         #
#                                                               #
# Please see http://vina.scripps.edu for more information.      #
#################################################################

Output will be mol_datas/111-76-2_out.pdbqt
Reading input ... done.
Setting up the scoring function ... done.
Analyzing the binding site ... done.
Using random seed: 1000
Performing search ... done.
Refining results ... done.

mode |   affinity | dist from best mode
     | (kcal/mol) | rmsd l.b.| rmsd u.b.
-----+------------+----------+----------
   1         -4.9      0.000      0.000
   2         -4.5      1.648      4.419
   3         -4.4      1.753      1.845
   4         -4.1      3.174      3.861
   5         -4.1      2.342      4.519
   6         -4.0      9.718     10.796
   7         -4.0      5.600      6.486
   8         -4.0      2.990      5.229
   9         -3.9      9.467     10.561
  10         -3.8      2.870      4.483
  11         -3.7      9.917     10.909
  12         -3.7     10.582     11.280
  13         -3.6     12.131     12.772
  14         -3.5     11.262     12.364
  15         -3.5     12.134     12.983
  16         -3.4     10.899     11.741
  17         -3.3     11.430     12.531
  18         -3.3     10.407     11.992
  19         -3.3     10.755     11.600
  20         -3.2     10.547     11.535
Writing output ... done.
