#################################################################
# If you used AutoDock Vina in your work, please cite:          #
#                                                               #
# O. Trott, A. J. Olson,                                        #
# AutoDock Vina: improving the speed and accuracy of docking    #
# with a new scoring function, efficient optimization and       #
# multithreading, Journal of Computational Chemistry 31 (2010)  #
# 455-461                                                       #
#                                                               #
# DOI 10.1002/jcc.21334                                         #
#                                                               #
# Please see http://vina.scripps.edu for more information.      #
#################################################################

Output will be mol_datas/76-14-2_out.pdbqt
Reading input ... done.
Setting up the scoring function ... done.
Analyzing the binding site ... done.
Using random seed: 1000
Performing search ... done.
Refining results ... done.

mode |   affinity | dist from best mode
     | (kcal/mol) | rmsd l.b.| rmsd u.b.
-----+------------+----------+----------
   1         -5.2      0.000      0.000
   2         -5.2      6.479      7.252
   3         -5.1      5.403      5.914
   4         -5.1      5.448      5.573
   5         -4.7      2.319      3.106
   6         -4.7      1.735      2.643
   7         -4.7      4.026      4.081
   8         -4.6      3.946      4.294
   9         -4.6      3.767      4.627
  10         -4.6      4.485      4.828
  11         -4.6      3.990      4.864
  12         -4.6      3.668      4.441
  13         -4.6      3.676      4.157
  14         -4.5      3.750      4.520
  15         -4.5      4.046      5.099
  16         -4.3      4.448      4.788
  17         -4.3      5.133      5.403
  18         -4.3      7.213      8.501
  19         -4.3      7.222      8.345
  20         -4.2      4.649      4.971
Writing output ... done.
