#################################################################
# If you used AutoDock Vina in your work, please cite:          #
#                                                               #
# O. Trott, A. J. Olson,                                        #
# AutoDock Vina: improving the speed and accuracy of docking    #
# with a new scoring function, efficient optimization and       #
# multithreading, Journal of Computational Chemistry 31 (2010)  #
# 455-461                                                       #
#                                                               #
# DOI 10.1002/jcc.21334                                         #
#                                                               #
# Please see http://vina.scripps.edu for more information.      #
#################################################################

Output will be mol_datas/3495-42-9_out.pdbqt
Reading input ... done.
Setting up the scoring function ... done.
Analyzing the binding site ... done.
Using random seed: 1000
Performing search ... done.
Refining results ... done.

mode |   affinity | dist from best mode
     | (kcal/mol) | rmsd l.b.| rmsd u.b.
-----+------------+----------+----------
   1         -5.5      0.000      0.000
   2         -5.5      0.037      3.201
   3         -5.4      6.658      9.185
   4         -5.4      6.636      8.753
   5         -4.9      2.025      3.781
   6         -4.6      7.372      9.242
   7         -4.0      6.691      8.713
   8         -3.9     14.364     14.827
   9         -3.7     14.346     14.745
  10         -3.6     14.598     14.735
  11         -3.5     15.085     15.688
  12         -3.5     15.078     15.575
  13         -3.5     14.651     15.014
  14         -3.5     14.906     15.094
  15         -3.4     14.937     15.455
  16         -3.4     14.726     15.160
  17         -3.3     22.043     23.014
  18         -3.2     16.156     16.615
  19         -3.1     17.400     17.715
  20         -3.1     14.604     15.005
Writing output ... done.
