#################################################################
# If you used AutoDock Vina in your work, please cite:          #
#                                                               #
# O. Trott, A. J. Olson,                                        #
# AutoDock Vina: improving the speed and accuracy of docking    #
# with a new scoring function, efficient optimization and       #
# multithreading, Journal of Computational Chemistry 31 (2010)  #
# 455-461                                                       #
#                                                               #
# DOI 10.1002/jcc.21334                                         #
#                                                               #
# Please see http://vina.scripps.edu for more information.      #
#################################################################

Output will be mol_datas/87-17-2_out.pdbqt
Reading input ... done.
Setting up the scoring function ... done.
Analyzing the binding site ... done.
Using random seed: 1000
Performing search ... done.
Refining results ... done.

mode |   affinity | dist from best mode
     | (kcal/mol) | rmsd l.b.| rmsd u.b.
-----+------------+----------+----------
   1         -7.6      0.000      0.000
   2         -7.4      1.882      6.649
   3         -7.4      2.190      6.226
   4         -7.4      2.411      6.184
   5         -7.4      1.562      6.565
   6         -7.3      2.276      3.007
   7         -7.3      2.237      3.099
   8         -7.1      5.688      8.718
   9         -7.1      2.245      3.275
  10         -7.1      7.038      9.515
  11         -7.0      1.932      2.763
  12         -7.0      1.929      6.624
  13         -6.7      1.550      6.249
  14         -6.5      1.537      2.102
  15         -6.2      7.010      9.998
  16         -6.1      6.808      9.788
  17         -5.6      6.542     11.006
  18         -5.4      6.228     10.772
  19         -4.8     14.661     15.414
Writing output ... done.
