#################################################################
# If you used AutoDock Vina in your work, please cite:          #
#                                                               #
# O. Trott, A. J. Olson,                                        #
# AutoDock Vina: improving the speed and accuracy of docking    #
# with a new scoring function, efficient optimization and       #
# multithreading, Journal of Computational Chemistry 31 (2010)  #
# 455-461                                                       #
#                                                               #
# DOI 10.1002/jcc.21334                                         #
#                                                               #
# Please see http://vina.scripps.edu for more information.      #
#################################################################

Output will be mol_datas/589-18-4_out.pdbqt
Reading input ... done.
Setting up the scoring function ... done.
Analyzing the binding site ... done.
Using random seed: 1000
Performing search ... done.
Refining results ... done.

mode |   affinity | dist from best mode
     | (kcal/mol) | rmsd l.b.| rmsd u.b.
-----+------------+----------+----------
   1         -6.2      0.000      0.000
   2         -6.2      2.831      4.805
   3         -6.2      0.115      1.618
   4         -6.0      2.406      3.930
   5         -6.0      2.417      4.250
   6         -5.9      3.294      4.699
   7         -5.9      3.163      4.433
   8         -5.8      1.725      2.658
   9         -5.7      2.788      3.832
  10         -5.6      2.212      3.745
  11         -5.5      8.186      9.459
  12         -5.4      8.917     10.019
  13         -5.1      8.860      9.953
  14         -5.1      8.480      9.825
  15         -5.0      2.718      4.024
  16         -4.9      8.406      9.285
  17         -4.9      7.887      8.870
  18         -4.8      9.184     10.270
  19         -4.4      5.884      7.161
  20         -4.2     10.872     11.985
Writing output ... done.
