#################################################################
# If you used AutoDock Vina in your work, please cite:          #
#                                                               #
# O. Trott, A. J. Olson,                                        #
# AutoDock Vina: improving the speed and accuracy of docking    #
# with a new scoring function, efficient optimization and       #
# multithreading, Journal of Computational Chemistry 31 (2010)  #
# 455-461                                                       #
#                                                               #
# DOI 10.1002/jcc.21334                                         #
#                                                               #
# Please see http://vina.scripps.edu for more information.      #
#################################################################

Output will be mol_datas/103-36-6_out.pdbqt
Reading input ... done.
Setting up the scoring function ... done.
Analyzing the binding site ... done.
Using random seed: 1000
Performing search ... done.
Refining results ... done.

mode |   affinity | dist from best mode
     | (kcal/mol) | rmsd l.b.| rmsd u.b.
-----+------------+----------+----------
   1         -7.3      0.000      0.000
   2         -7.3      1.757      5.195
   3         -7.0      1.306      2.390
   4         -6.4      3.225      5.428
   5         -6.0      2.290      5.079
   6         -6.0      1.716      4.995
   7         -5.9      2.592      5.186
   8         -5.6      3.039      4.405
   9         -5.6      7.187      8.885
  10         -5.5      9.842     11.116
  11         -5.4      9.216     10.836
  12         -5.3      8.694     10.645
  13         -5.3     11.956     13.216
  14         -5.2      8.516      9.601
  15         -5.0      9.578     10.956
  16         -4.9      9.897     12.347
  17         -4.8      8.845     10.136
  18         -4.7      9.353     10.440
  19         -4.6      9.286     11.986
  20         -4.6     10.670     11.953
Writing output ... done.
