#################################################################
# If you used AutoDock Vina in your work, please cite:          #
#                                                               #
# O. Trott, A. J. Olson,                                        #
# AutoDock Vina: improving the speed and accuracy of docking    #
# with a new scoring function, efficient optimization and       #
# multithreading, Journal of Computational Chemistry 31 (2010)  #
# 455-461                                                       #
#                                                               #
# DOI 10.1002/jcc.21334                                         #
#                                                               #
# Please see http://vina.scripps.edu for more information.      #
#################################################################

Output will be mol_datas/589-55-9_out.pdbqt
Reading input ... done.
Setting up the scoring function ... done.
Analyzing the binding site ... done.
Using random seed: 1000
Performing search ... done.
Refining results ... done.

mode |   affinity | dist from best mode
     | (kcal/mol) | rmsd l.b.| rmsd u.b.
-----+------------+----------+----------
   1         -5.2      0.000      0.000
   2         -5.2      1.331      1.597
   3         -5.1      1.671      2.023
   4         -5.0      1.970      4.202
   5         -4.7      1.489      3.796
   6         -4.7      2.630      3.905
   7         -4.6      2.105      4.174
   8         -4.4      2.644      3.617
   9         -4.3      8.644     10.457
  10         -4.2      8.948     10.363
  11         -4.2      3.245      3.966
  12         -4.2      2.378      2.961
  13         -4.1      4.211      5.091
  14         -4.0      4.040      5.888
  15         -4.0      8.122     10.341
  16         -4.0      3.459      4.744
  17         -4.0      4.536      6.390
  18         -3.9      4.324      5.490
  19         -3.9      6.421      8.640
  20         -3.8      6.196      7.956
Writing output ... done.
