#################################################################
# If you used AutoDock Vina in your work, please cite:          #
#                                                               #
# O. Trott, A. J. Olson,                                        #
# AutoDock Vina: improving the speed and accuracy of docking    #
# with a new scoring function, efficient optimization and       #
# multithreading, Journal of Computational Chemistry 31 (2010)  #
# 455-461                                                       #
#                                                               #
# DOI 10.1002/jcc.21334                                         #
#                                                               #
# Please see http://vina.scripps.edu for more information.      #
#################################################################

Output will be mol_datas/33979-03-2_out.pdbqt
Reading input ... done.
Setting up the scoring function ... done.
Analyzing the binding site ... done.
Using random seed: 1000
Performing search ... done.
Refining results ... done.

mode |   affinity | dist from best mode
     | (kcal/mol) | rmsd l.b.| rmsd u.b.
-----+------------+----------+----------
   1         -4.8      0.000      0.000
   2         -4.8      0.032      2.171
   3         -4.8      0.011      5.625
   4         -4.8      0.012      5.768
   5         -4.8      0.016      5.694
   6         -4.8      0.042      3.070
   7         -4.8      0.014      5.699
   8         -4.8      0.188      2.177
   9         -4.7      2.341      2.841
  10         -4.7      2.336      3.477
  11         -4.7      2.344      3.845
  12         -4.6      3.123      6.056
  13         -4.6      3.151      6.254
  14         -4.2     14.307     15.775
  15         -4.2      2.280      4.165
  16         -4.2      2.275      4.122
  17         -4.1      3.600      5.518
  18         -4.1      3.500      5.012
  19         -4.1      3.514      5.760
  20         -4.1      3.513      5.993
Writing output ... done.
