#################################################################
# If you used AutoDock Vina in your work, please cite:          #
#                                                               #
# O. Trott, A. J. Olson,                                        #
# AutoDock Vina: improving the speed and accuracy of docking    #
# with a new scoring function, efficient optimization and       #
# multithreading, Journal of Computational Chemistry 31 (2010)  #
# 455-461                                                       #
#                                                               #
# DOI 10.1002/jcc.21334                                         #
#                                                               #
# Please see http://vina.scripps.edu for more information.      #
#################################################################

Output will be mol_datas/109-64-8_out.pdbqt
Reading input ... done.
Setting up the scoring function ... done.
Analyzing the binding site ... done.
Using random seed: 1000
Performing search ... done.
Refining results ... done.

mode |   affinity | dist from best mode
     | (kcal/mol) | rmsd l.b.| rmsd u.b.
-----+------------+----------+----------
   1         -3.7      0.000      0.000
   2         -3.7      0.143      3.536
   3         -3.4      1.986      2.144
   4         -3.3      1.565      3.752
   5         -3.2      3.177      3.980
   6         -3.2      3.103      4.726
   7         -3.0      3.937      4.917
   8         -3.0      3.548      3.859
   9         -2.9      2.688      3.518
  10         -2.9     12.335     12.710
  11         -2.9      9.587     10.523
  12         -2.9      9.958     10.615
  13         -2.8     11.254     12.030
  14         -2.8     12.407     13.085
  15         -2.8     11.376     12.121
  16         -2.7     10.605     11.455
  17         -2.7     10.369     10.711
  18         -2.6     11.182     12.069
  19         -2.5     11.336     11.955
  20         -2.4      7.527      8.542
Writing output ... done.
