#################################################################
# If you used AutoDock Vina in your work, please cite:          #
#                                                               #
# O. Trott, A. J. Olson,                                        #
# AutoDock Vina: improving the speed and accuracy of docking    #
# with a new scoring function, efficient optimization and       #
# multithreading, Journal of Computational Chemistry 31 (2010)  #
# 455-461                                                       #
#                                                               #
# DOI 10.1002/jcc.21334                                         #
#                                                               #
# Please see http://vina.scripps.edu for more information.      #
#################################################################

Output will be mol_datas/77-28-1_out.pdbqt
Reading input ... done.
Setting up the scoring function ... done.
Analyzing the binding site ... done.
Using random seed: 1000
Performing search ... done.
Refining results ... done.

mode |   affinity | dist from best mode
     | (kcal/mol) | rmsd l.b.| rmsd u.b.
-----+------------+----------+----------
   1         -6.9      0.000      0.000
   2         -6.6      2.836      4.523
   3         -6.4      1.843      3.062
   4         -6.3      2.093      3.945
   5         -6.1      2.066      4.789
   6         -6.0      4.155      6.301
   7         -5.6      4.396      6.733
   8         -4.7      2.131      4.108
   9         -4.4      5.573      8.172
  10         -4.3      9.663     11.599
  11         -4.0     15.270     16.942
  12         -4.0     15.629     17.210
  13         -4.0     15.642     17.334
Writing output ... done.
