#################################################################
# If you used AutoDock Vina in your work, please cite:          #
#                                                               #
# O. Trott, A. J. Olson,                                        #
# AutoDock Vina: improving the speed and accuracy of docking    #
# with a new scoring function, efficient optimization and       #
# multithreading, Journal of Computational Chemistry 31 (2010)  #
# 455-461                                                       #
#                                                               #
# DOI 10.1002/jcc.21334                                         #
#                                                               #
# Please see http://vina.scripps.edu for more information.      #
#################################################################

Output will be mol_datas/100-42-5_out.pdbqt
Reading input ... done.
Setting up the scoring function ... done.
Analyzing the binding site ... done.
Using random seed: 1000
Performing search ... done.
Refining results ... done.

mode |   affinity | dist from best mode
     | (kcal/mol) | rmsd l.b.| rmsd u.b.
-----+------------+----------+----------
   1         -6.3      0.000      0.000
   2         -6.3      0.055      1.712
   3         -6.0      0.978      3.354
   4         -5.9      3.209      5.134
   5         -5.9      3.202      4.910
   6         -5.7      3.249      4.852
   7         -5.6      1.075      3.970
   8         -5.5      1.835      3.018
   9         -5.4      3.447      4.754
  10         -5.2      9.486     11.246
  11         -5.2      9.112     10.980
  12         -5.0      7.650     10.925
  13         -5.0      7.650     10.872
  14         -5.0      9.512     10.801
  15         -4.7     10.019     11.268
  16         -4.5      9.192     11.046
  17         -4.5      9.652     11.113
  18         -4.3     11.069     13.068
  19         -3.6     14.891     16.088
  20         -3.6     14.946     15.809
Writing output ... done.
