#################################################################
# If you used AutoDock Vina in your work, please cite:          #
#                                                               #
# O. Trott, A. J. Olson,                                        #
# AutoDock Vina: improving the speed and accuracy of docking    #
# with a new scoring function, efficient optimization and       #
# multithreading, Journal of Computational Chemistry 31 (2010)  #
# 455-461                                                       #
#                                                               #
# DOI 10.1002/jcc.21334                                         #
#                                                               #
# Please see http://vina.scripps.edu for more information.      #
#################################################################

Output will be mol_datas/499-75-2_out.pdbqt
Reading input ... done.
Setting up the scoring function ... done.
Analyzing the binding site ... done.
Using random seed: 1000
Performing search ... done.
Refining results ... done.

mode |   affinity | dist from best mode
     | (kcal/mol) | rmsd l.b.| rmsd u.b.
-----+------------+----------+----------
   1         -7.3      0.000      0.000
   2         -7.1      2.514      4.472
   3         -6.8      1.444      1.975
   4         -6.7      2.974      5.107
   5         -6.7      2.275      4.606
   6         -6.3      1.720      4.271
   7         -6.3      1.387      1.983
   8         -6.0      2.744      4.794
   9         -5.9      8.392     10.651
  10         -5.9      2.633      4.041
  11         -5.9      7.894     10.107
  12         -5.8      8.900     11.322
  13         -5.7      8.502     10.871
  14         -5.7      9.079     10.385
  15         -5.6      3.207      4.080
  16         -5.6      8.771      9.997
  17         -5.4      7.161      9.817
  18         -5.3      4.591      6.971
  19         -5.3      2.713      4.514
  20         -5.2      9.341     11.890
Writing output ... done.
