#################################################################
# If you used AutoDock Vina in your work, please cite:          #
#                                                               #
# O. Trott, A. J. Olson,                                        #
# AutoDock Vina: improving the speed and accuracy of docking    #
# with a new scoring function, efficient optimization and       #
# multithreading, Journal of Computational Chemistry 31 (2010)  #
# 455-461                                                       #
#                                                               #
# DOI 10.1002/jcc.21334                                         #
#                                                               #
# Please see http://vina.scripps.edu for more information.      #
#################################################################

Output will be mol_datas/110-83-8_out.pdbqt
Reading input ... done.
Setting up the scoring function ... done.
Analyzing the binding site ... done.
Using random seed: 1000
Performing search ... done.
Refining results ... done.

mode |   affinity | dist from best mode
     | (kcal/mol) | rmsd l.b.| rmsd u.b.
-----+------------+----------+----------
   1         -5.2      0.000      0.000
   2         -5.2      0.668      2.755
   3         -5.2      0.685      2.092
   4         -5.1      0.363      2.383
   5         -5.1      0.718      2.087
   6         -4.8      4.632      5.799
   7         -4.8      4.634      5.764
   8         -4.8      4.609      5.689
   9         -4.7      4.543      5.663
  10         -4.6      4.594      5.848
  11         -4.5      4.621      5.910
  12         -4.4      4.768      6.014
  13         -4.4      1.277      2.680
  14         -4.2     10.598     11.983
  15         -4.2      2.374      3.618
  16         -4.2     10.520     11.876
  17         -4.1     10.998     12.438
  18         -4.0      9.980     11.112
  19         -3.9      3.626      4.526
  20         -3.2     17.071     17.404
Writing output ... done.
