#################################################################
# If you used AutoDock Vina in your work, please cite:          #
#                                                               #
# O. Trott, A. J. Olson,                                        #
# AutoDock Vina: improving the speed and accuracy of docking    #
# with a new scoring function, efficient optimization and       #
# multithreading, Journal of Computational Chemistry 31 (2010)  #
# 455-461                                                       #
#                                                               #
# DOI 10.1002/jcc.21334                                         #
#                                                               #
# Please see http://vina.scripps.edu for more information.      #
#################################################################

Output will be mol_datas/10004-44-1_out.pdbqt
Reading input ... done.
Setting up the scoring function ... done.
Analyzing the binding site ... done.
Using random seed: 1000
Performing search ... done.
Refining results ... done.

mode |   affinity | dist from best mode
     | (kcal/mol) | rmsd l.b.| rmsd u.b.
-----+------------+----------+----------
   1         -4.9      0.000      0.000
   2         -4.8      4.981      5.654
   3         -4.7      1.725      3.425
   4         -4.5      3.256      4.175
   5         -4.3      1.258      2.951
   6         -4.3      9.411      9.998
   7         -4.2     10.911     11.701
   8         -4.2      1.940      2.079
   9         -4.1      3.194      3.557
  10         -4.0     11.445     12.209
  11         -4.0      8.807      9.575
  12         -4.0      4.200      5.071
  13         -4.0      8.615      8.886
  14         -3.9      2.528      2.883
  15         -3.9     10.120     10.768
  16         -3.9      5.673      6.427
  17         -3.8      2.706      3.398
  18         -3.8     10.162     11.015
  19         -3.8     12.311     13.026
  20         -3.8     12.068     12.792
Writing output ... done.
