#################################################################
# If you used AutoDock Vina in your work, please cite:          #
#                                                               #
# O. Trott, A. J. Olson,                                        #
# AutoDock Vina: improving the speed and accuracy of docking    #
# with a new scoring function, efficient optimization and       #
# multithreading, Journal of Computational Chemistry 31 (2010)  #
# 455-461                                                       #
#                                                               #
# DOI 10.1002/jcc.21334                                         #
#                                                               #
# Please see http://vina.scripps.edu for more information.      #
#################################################################

Output will be mol_datas/569-31-3_out.pdbqt
Reading input ... done.
Setting up the scoring function ... done.
Analyzing the binding site ... done.
Using random seed: 1000
Performing search ... done.
Refining results ... done.

mode |   affinity | dist from best mode
     | (kcal/mol) | rmsd l.b.| rmsd u.b.
-----+------------+----------+----------
   1         -6.6      0.000      0.000
   2         -6.3      6.635      8.851
   3         -6.1      1.706      5.218
   4         -6.1      7.029      9.681
   5         -6.0      1.068      3.999
   6         -5.7      7.392      9.677
   7         -5.6      7.773     10.710
   8         -5.5      1.727      3.473
   9         -5.5      6.763      8.866
  10         -5.4      1.624      3.116
  11         -5.4      1.595      4.652
  12         -5.3      7.355      9.891
  13         -4.9      1.810      4.109
  14         -4.8      1.545      2.988
  15         -4.8      1.646      3.953
  16         -4.5      7.370      8.918
  17         -4.4      5.421      8.497
  18         -3.6     16.281     16.695
Writing output ... done.
