#################################################################
# If you used AutoDock Vina in your work, please cite:          #
#                                                               #
# O. Trott, A. J. Olson,                                        #
# AutoDock Vina: improving the speed and accuracy of docking    #
# with a new scoring function, efficient optimization and       #
# multithreading, Journal of Computational Chemistry 31 (2010)  #
# 455-461                                                       #
#                                                               #
# DOI 10.1002/jcc.21334                                         #
#                                                               #
# Please see http://vina.scripps.edu for more information.      #
#################################################################

Output will be mol_datas/1540-35-8_out.pdbqt
Reading input ... done.
Setting up the scoring function ... done.
Analyzing the binding site ... done.
Using random seed: 1000
Performing search ... done.
Refining results ... done.

mode |   affinity | dist from best mode
     | (kcal/mol) | rmsd l.b.| rmsd u.b.
-----+------------+----------+----------
   1         -5.6      0.000      0.000
   2         -5.6      1.576      3.764
   3         -5.5      1.487      3.573
   4         -5.5      1.090      2.945
   5         -5.3      2.208      3.628
   6         -5.1      2.138      3.319
   7         -5.0      6.686      8.091
   8         -4.8      6.840      8.702
   9         -4.8      7.036      9.418
  10         -4.6      5.779      8.144
  11         -4.4      6.969      9.215
  12         -4.4      7.841      9.991
  13         -4.3      8.447     10.299
  14         -4.3      8.256     10.144
  15         -4.3      7.480      9.263
  16         -4.2      8.578     10.837
  17         -4.1      7.509      9.557
  18         -4.1      8.602     10.729
  19         -3.9      9.197     10.580
  20         -3.6      2.192      3.392
Writing output ... done.
