#################################################################
# If you used AutoDock Vina in your work, please cite:          #
#                                                               #
# O. Trott, A. J. Olson,                                        #
# AutoDock Vina: improving the speed and accuracy of docking    #
# with a new scoring function, efficient optimization and       #
# multithreading, Journal of Computational Chemistry 31 (2010)  #
# 455-461                                                       #
#                                                               #
# DOI 10.1002/jcc.21334                                         #
#                                                               #
# Please see http://vina.scripps.edu for more information.      #
#################################################################

Output will be mol_datas/614-28-8_out.pdbqt
Reading input ... done.
Setting up the scoring function ... done.
Analyzing the binding site ... done.
Using random seed: 1000
Performing search ... done.
Refining results ... done.

mode |   affinity | dist from best mode
     | (kcal/mol) | rmsd l.b.| rmsd u.b.
-----+------------+----------+----------
   1         -8.7      0.000      0.000
   2         -8.6      0.826      6.720
   3         -8.6      0.809      6.661
   4         -8.4      2.761      7.392
   5         -8.4      1.339      2.657
   6         -8.2      1.179      6.701
   7         -8.0      3.000      4.087
   8         -7.1      3.219      7.927
   9         -7.0      3.331      5.072
  10         -6.8      4.359      6.169
  11         -6.8      5.753      7.080
  12         -6.7      2.012      6.892
  13         -6.7      2.083      7.112
  14         -6.5      5.848     10.826
  15         -6.4      6.044      8.997
  16         -6.3      4.333      6.538
  17         -6.0      5.892     10.891
  18         -5.9      5.941      7.547
Writing output ... done.
