#################################################################
# If you used AutoDock Vina in your work, please cite:          #
#                                                               #
# O. Trott, A. J. Olson,                                        #
# AutoDock Vina: improving the speed and accuracy of docking    #
# with a new scoring function, efficient optimization and       #
# multithreading, Journal of Computational Chemistry 31 (2010)  #
# 455-461                                                       #
#                                                               #
# DOI 10.1002/jcc.21334                                         #
#                                                               #
# Please see http://vina.scripps.edu for more information.      #
#################################################################

Output will be mol_datas/36378-49-1_out.pdbqt
Reading input ... done.
Setting up the scoring function ... done.
Analyzing the binding site ... done.
Using random seed: 1000
Performing search ... done.
Refining results ... done.

mode |   affinity | dist from best mode
     | (kcal/mol) | rmsd l.b.| rmsd u.b.
-----+------------+----------+----------
   1         -5.8      0.000      0.000
   2         -5.5      1.974      3.918
   3         -5.4      2.505      6.041
   4         -5.3     13.306     17.364
   5         -5.3     11.851     14.313
   6         -5.2     10.722     14.168
   7         -5.1     12.083     15.102
   8         -5.1     12.424     14.522
   9         -5.1     12.640     16.204
  10         -5.0     10.968     14.752
  11         -5.0     11.197     13.985
  12         -4.9     13.455     15.997
  13         -4.8     10.865     12.939
  14         -4.8     11.810     14.087
  15         -4.8      9.146     13.209
  16         -4.7     15.006     16.609
  17         -4.7      8.975     11.898
  18         -4.6     13.284     15.219
  19         -4.6      9.963     13.994
  20         -4.6     13.330     15.871
Writing output ... done.
