#################################################################
# If you used AutoDock Vina in your work, please cite:          #
#                                                               #
# O. Trott, A. J. Olson,                                        #
# AutoDock Vina: improving the speed and accuracy of docking    #
# with a new scoring function, efficient optimization and       #
# multithreading, Journal of Computational Chemistry 31 (2010)  #
# 455-461                                                       #
#                                                               #
# DOI 10.1002/jcc.21334                                         #
#                                                               #
# Please see http://vina.scripps.edu for more information.      #
#################################################################

Output will be mol_datas/95-95-4_out.pdbqt
Reading input ... done.
Setting up the scoring function ... done.
Analyzing the binding site ... done.
Using random seed: 1000
Performing search ... done.
Refining results ... done.

mode |   affinity | dist from best mode
     | (kcal/mol) | rmsd l.b.| rmsd u.b.
-----+------------+----------+----------
   1         -6.1      0.000      0.000
   2         -5.8      2.887      4.229
   3         -5.7      2.934      3.142
   4         -5.5      2.460      4.545
   5         -5.5      2.332      3.339
   6         -5.5      2.023      3.701
   7         -5.2      9.768     11.259
   8         -5.1      9.141     10.307
   9         -5.0     10.678     11.935
  10         -5.0      8.336      9.818
  11         -4.9      3.364      5.112
  12         -4.9      1.633      2.661
  13         -4.8      8.529     10.014
  14         -4.8      3.057      4.101
  15         -4.8      9.637     11.109
  16         -4.5      9.148     10.595
  17         -4.5      1.275      3.382
  18         -4.3      3.082      4.401
  19         -4.1     11.089     12.551
  20         -3.9      2.659      4.002
Writing output ... done.
