#################################################################
# If you used AutoDock Vina in your work, please cite:          #
#                                                               #
# O. Trott, A. J. Olson,                                        #
# AutoDock Vina: improving the speed and accuracy of docking    #
# with a new scoring function, efficient optimization and       #
# multithreading, Journal of Computational Chemistry 31 (2010)  #
# 455-461                                                       #
#                                                               #
# DOI 10.1002/jcc.21334                                         #
#                                                               #
# Please see http://vina.scripps.edu for more information.      #
#################################################################

Output will be mol_datas/583-61-9_out.pdbqt
Reading input ... done.
Setting up the scoring function ... done.
Analyzing the binding site ... done.
Using random seed: 1000
Performing search ... done.
Refining results ... done.

mode |   affinity | dist from best mode
     | (kcal/mol) | rmsd l.b.| rmsd u.b.
-----+------------+----------+----------
   1         -5.7      0.000      0.000
   2         -5.6      1.300      2.895
   3         -5.5      1.098      2.283
   4         -5.4      3.553      4.828
   5         -5.4      3.453      5.213
   6         -5.4      1.485      3.564
   7         -5.3      1.299      2.796
   8         -5.3      3.015      3.905
   9         -5.3      3.257      4.534
  10         -5.2      3.344      4.404
  11         -5.1      3.455      4.226
  12         -5.0      2.091      3.516
  13         -4.9      9.711     10.918
  14         -4.8      2.534      3.718
  15         -4.8      1.954      3.332
  16         -4.8      9.542     11.381
  17         -4.7      9.852     11.228
  18         -4.6      9.979     11.188
  19         -4.6      8.628     10.608
  20         -4.5      8.570     10.582
Writing output ... done.
