#################################################################
# If you used AutoDock Vina in your work, please cite:          #
#                                                               #
# O. Trott, A. J. Olson,                                        #
# AutoDock Vina: improving the speed and accuracy of docking    #
# with a new scoring function, efficient optimization and       #
# multithreading, Journal of Computational Chemistry 31 (2010)  #
# 455-461                                                       #
#                                                               #
# DOI 10.1002/jcc.21334                                         #
#                                                               #
# Please see http://vina.scripps.edu for more information.      #
#################################################################

Output will be mol_datas/936-40-3_out.pdbqt
Reading input ... done.
Setting up the scoring function ... done.
Analyzing the binding site ... done.
Using random seed: 1000
Performing search ... done.
Refining results ... done.

mode |   affinity | dist from best mode
     | (kcal/mol) | rmsd l.b.| rmsd u.b.
-----+------------+----------+----------
   1         -6.0      0.000      0.000
   2         -5.9      3.137      4.596
   3         -5.5      1.098      3.879
   4         -5.4      6.841      8.714
   5         -5.4      1.345      2.618
   6         -5.4      1.192      4.171
   7         -5.3      7.070      8.366
   8         -5.2      3.366      5.322
   9         -5.2      7.230      8.899
  10         -5.1      6.771      8.082
  11         -5.1      6.663      7.675
  12         -5.1      6.749      7.974
  13         -5.0      2.298      3.580
  14         -5.0      1.843      3.880
  15         -4.7      1.592      2.608
  16         -4.7      2.751      4.003
  17         -4.6      7.566      9.762
  18         -4.5      3.465      5.791
  19         -4.4      2.892      3.659
  20         -4.0      4.558      6.548
Writing output ... done.
