#################################################################
# If you used AutoDock Vina in your work, please cite:          #
#                                                               #
# O. Trott, A. J. Olson,                                        #
# AutoDock Vina: improving the speed and accuracy of docking    #
# with a new scoring function, efficient optimization and       #
# multithreading, Journal of Computational Chemistry 31 (2010)  #
# 455-461                                                       #
#                                                               #
# DOI 10.1002/jcc.21334                                         #
#                                                               #
# Please see http://vina.scripps.edu for more information.      #
#################################################################

Output will be mol_datas/53-41-8_out.pdbqt
Reading input ... done.
Setting up the scoring function ... done.
Analyzing the binding site ... done.
Using random seed: 1000
Performing search ... done.
Refining results ... done.

mode |   affinity | dist from best mode
     | (kcal/mol) | rmsd l.b.| rmsd u.b.
-----+------------+----------+----------
   1         -6.0      0.000      0.000
   2         -5.7      1.080      6.542
   3         -5.2     10.868     14.651
   4         -5.2     14.618     16.470
   5         -5.2     14.632     18.098
   6         -5.2     10.879     15.934
   7         -5.2     13.901     16.122
   8         -5.2     11.640     15.002
   9         -5.1     13.192     15.083
  10         -5.0     13.685     16.438
  11         -5.0     12.369     16.099
  12         -4.9     13.248     16.357
  13         -4.8     13.629     15.526
  14         -4.7      9.252     13.876
  15         -4.6      7.820     11.278
  16         -4.6     10.103     15.054
  17         -4.4      3.053      4.905
  18         -4.3      9.379     13.453
  19         -4.2     11.705     16.216
Writing output ... done.
