#################################################################
# If you used AutoDock Vina in your work, please cite:          #
#                                                               #
# O. Trott, A. J. Olson,                                        #
# AutoDock Vina: improving the speed and accuracy of docking    #
# with a new scoring function, efficient optimization and       #
# multithreading, Journal of Computational Chemistry 31 (2010)  #
# 455-461                                                       #
#                                                               #
# DOI 10.1002/jcc.21334                                         #
#                                                               #
# Please see http://vina.scripps.edu for more information.      #
#################################################################

Output will be mol_datas/624-24-8_out.pdbqt
Reading input ... done.
Setting up the scoring function ... done.
Analyzing the binding site ... done.
Using random seed: 1000
Performing search ... done.
Refining results ... done.

mode |   affinity | dist from best mode
     | (kcal/mol) | rmsd l.b.| rmsd u.b.
-----+------------+----------+----------
   1         -5.1      0.000      0.000
   2         -4.7      1.460      1.776
   3         -4.7      2.818      4.470
   4         -4.6      2.259      4.006
   5         -4.3      1.745      3.752
   6         -4.1      8.777     10.077
   7         -4.1      9.113     11.288
   8         -4.1      3.146      4.476
   9         -4.0      8.155     10.692
  10         -4.0      2.143      4.651
  11         -4.0     10.042     11.147
  12         -3.7      7.361      9.093
  13         -3.6      2.666      3.793
  14         -3.6      9.142     10.195
  15         -3.6      9.145     10.359
  16         -3.6      7.275      9.859
  17         -3.6     10.265     11.682
  18         -3.4      8.795     10.464
  19         -3.4     10.639     11.618
  20         -3.2     11.264     12.529
Writing output ... done.
