#################################################################
# If you used AutoDock Vina in your work, please cite:          #
#                                                               #
# O. Trott, A. J. Olson,                                        #
# AutoDock Vina: improving the speed and accuracy of docking    #
# with a new scoring function, efficient optimization and       #
# multithreading, Journal of Computational Chemistry 31 (2010)  #
# 455-461                                                       #
#                                                               #
# DOI 10.1002/jcc.21334                                         #
#                                                               #
# Please see http://vina.scripps.edu for more information.      #
#################################################################

Output will be mol_datas/105-54-4_out.pdbqt
Reading input ... done.
Setting up the scoring function ... done.
Analyzing the binding site ... done.
Using random seed: 1000
Performing search ... done.
Refining results ... done.

mode |   affinity | dist from best mode
     | (kcal/mol) | rmsd l.b.| rmsd u.b.
-----+------------+----------+----------
   1         -5.0      0.000      0.000
   2         -4.9      1.059      4.064
   3         -4.9      1.667      1.977
   4         -4.7      1.976      3.724
   5         -4.5      1.286      4.339
   6         -4.5      2.643      3.998
   7         -4.3      3.463      5.308
   8         -4.3      2.473      3.196
   9         -4.3      9.900     11.223
  10         -4.1      5.175      6.061
  11         -4.1      9.658     11.094
  12         -4.1      9.338     10.414
  13         -4.1      8.509      9.908
  14         -4.1      8.555      9.521
  15         -3.9      6.882      8.373
  16         -3.9     10.745     11.729
  17         -3.9      6.931      8.017
  18         -3.9     11.382     12.696
  19         -3.8      5.614      6.799
  20         -3.7     10.061     11.307
Writing output ... done.
