#################################################################
# If you used AutoDock Vina in your work, please cite:          #
#                                                               #
# O. Trott, A. J. Olson,                                        #
# AutoDock Vina: improving the speed and accuracy of docking    #
# with a new scoring function, efficient optimization and       #
# multithreading, Journal of Computational Chemistry 31 (2010)  #
# 455-461                                                       #
#                                                               #
# DOI 10.1002/jcc.21334                                         #
#                                                               #
# Please see http://vina.scripps.edu for more information.      #
#################################################################

Output will be mol_datas/78-75-1_out.pdbqt
Reading input ... done.
Setting up the scoring function ... done.
Analyzing the binding site ... done.
Using random seed: 1000
Performing search ... done.
Refining results ... done.

mode |   affinity | dist from best mode
     | (kcal/mol) | rmsd l.b.| rmsd u.b.
-----+------------+----------+----------
   1         -3.6      0.000      0.000
   2         -3.5      1.538      2.615
   3         -3.5      1.455      2.082
   4         -3.5      1.701      2.009
   5         -3.5      1.155      1.976
   6         -3.4      0.991      3.348
   7         -3.4      4.203      5.033
   8         -3.3      1.931      3.539
   9         -3.2      2.299      2.666
  10         -3.2      3.542      4.440
  11         -3.1      3.167      3.993
  12         -3.1      1.886      2.145
  13         -2.9      9.110     10.043
  14         -2.9     10.393     10.943
  15         -2.9      9.396     10.179
  16         -2.9     12.090     12.613
  17         -2.9     10.726     11.314
  18         -2.9     10.437     11.387
  19         -2.9      9.110      9.836
  20         -2.8     10.858     11.655
Writing output ... done.
