#################################################################
# If you used AutoDock Vina in your work, please cite:          #
#                                                               #
# O. Trott, A. J. Olson,                                        #
# AutoDock Vina: improving the speed and accuracy of docking    #
# with a new scoring function, efficient optimization and       #
# multithreading, Journal of Computational Chemistry 31 (2010)  #
# 455-461                                                       #
#                                                               #
# DOI 10.1002/jcc.21334                                         #
#                                                               #
# Please see http://vina.scripps.edu for more information.      #
#################################################################

Output will be mol_datas/3813-05-6_out.pdbqt
Reading input ... done.
Setting up the scoring function ... done.
Analyzing the binding site ... done.
Using random seed: 1000
Performing search ... done.
Refining results ... done.

mode |   affinity | dist from best mode
     | (kcal/mol) | rmsd l.b.| rmsd u.b.
-----+------------+----------+----------
   1         -6.1      0.000      0.000
   2         -6.0      2.554      4.204
   3         -6.0      7.926      9.849
   4         -5.9      3.154      5.097
   5         -5.9      2.512      4.003
   6         -5.8      8.971     10.225
   7         -5.7      1.805      2.150
   8         -5.6      3.147      5.071
   9         -5.5      3.290      4.866
  10         -5.4      8.832      9.812
  11         -5.0      7.989     10.055
  12         -4.7      2.690      3.919
  13         -4.5      9.316     10.511
  14         -4.2      9.881     11.414
  15         -4.1      9.068     10.791
  16         -3.8     18.110     19.260
  17         -3.7     15.812     16.464
  18         -3.7     17.006     18.164
  19         -3.7     16.530     17.750
  20         -3.7     15.919     16.418
Writing output ... done.
