#################################################################
# If you used AutoDock Vina in your work, please cite:          #
#                                                               #
# O. Trott, A. J. Olson,                                        #
# AutoDock Vina: improving the speed and accuracy of docking    #
# with a new scoring function, efficient optimization and       #
# multithreading, Journal of Computational Chemistry 31 (2010)  #
# 455-461                                                       #
#                                                               #
# DOI 10.1002/jcc.21334                                         #
#                                                               #
# Please see http://vina.scripps.edu for more information.      #
#################################################################

Output will be mol_datas/100-51-6_out.pdbqt
Reading input ... done.
Setting up the scoring function ... done.
Analyzing the binding site ... done.
Using random seed: 1000
Performing search ... done.
Refining results ... done.

mode |   affinity | dist from best mode
     | (kcal/mol) | rmsd l.b.| rmsd u.b.
-----+------------+----------+----------
   1         -6.2      0.000      0.000
   2         -6.2      0.021      1.713
   3         -5.6      2.854      4.737
   4         -5.4      4.299      5.622
   5         -5.1      9.559     10.709
   6         -5.1      9.672     10.817
   7         -5.0     10.161     11.296
   8         -5.0     10.083     11.288
   9         -5.0     10.744     11.787
  10         -5.0     10.691     11.768
  11         -4.9     10.878     11.864
  12         -4.8     10.584     11.683
  13         -4.8     11.645     12.712
  14         -4.6      3.116      4.123
  15         -3.5     15.245     16.310
  16         -3.4     15.080     15.426
Writing output ... done.
