#################################################################
# If you used AutoDock Vina in your work, please cite:          #
#                                                               #
# O. Trott, A. J. Olson,                                        #
# AutoDock Vina: improving the speed and accuracy of docking    #
# with a new scoring function, efficient optimization and       #
# multithreading, Journal of Computational Chemistry 31 (2010)  #
# 455-461                                                       #
#                                                               #
# DOI 10.1002/jcc.21334                                         #
#                                                               #
# Please see http://vina.scripps.edu for more information.      #
#################################################################

Output will be mol_datas/56-47-3_out.pdbqt
Reading input ... done.
Setting up the scoring function ... done.
Analyzing the binding site ... done.
Using random seed: 1000
Performing search ... done.
Refining results ... done.

mode |   affinity | dist from best mode
     | (kcal/mol) | rmsd l.b.| rmsd u.b.
-----+------------+----------+----------
   1         -5.5      0.000      0.000
   2         -5.5      4.548      6.557
   3         -5.2      3.449      5.871
   4         -5.1      4.373      7.853
   5         -5.0      7.590      9.473
   6         -4.9      4.525      8.439
   7         -4.8      5.916      8.072
   8         -4.7      4.830      7.473
   9         -4.7      1.389      2.318
  10         -4.7      3.441      5.284
  11         -4.6      5.539      8.625
  12         -4.6      3.936      5.143
  13         -4.4      2.151      3.557
  14         -4.4      3.517      4.616
  15         -4.4      5.585      7.468
  16         -4.3      4.989      7.309
  17         -4.2      3.804      4.457
  18         -4.1      2.725      8.685
  19         -3.9      8.631     11.213
  20         -3.9      4.607      6.341
Writing output ... done.
