#################################################################
# If you used AutoDock Vina in your work, please cite:          #
#                                                               #
# O. Trott, A. J. Olson,                                        #
# AutoDock Vina: improving the speed and accuracy of docking    #
# with a new scoring function, efficient optimization and       #
# multithreading, Journal of Computational Chemistry 31 (2010)  #
# 455-461                                                       #
#                                                               #
# DOI 10.1002/jcc.21334                                         #
#                                                               #
# Please see http://vina.scripps.edu for more information.      #
#################################################################

Output will be mol_datas/63-25-2_out.pdbqt
Reading input ... done.
Setting up the scoring function ... done.
Analyzing the binding site ... done.
Using random seed: 1000
Performing search ... done.
Refining results ... done.

mode |   affinity | dist from best mode
     | (kcal/mol) | rmsd l.b.| rmsd u.b.
-----+------------+----------+----------
   1         -8.7      0.000      0.000
   2         -8.3      2.948      5.402
   3         -8.3      2.931      4.365
   4         -7.9      0.684      2.792
   5         -7.7      2.139      4.548
   6         -7.4      8.365     10.597
   7         -7.3      8.263     10.288
   8         -7.1      6.801      8.771
   9         -7.0      6.403      7.959
  10         -6.8      2.923      5.000
  11         -6.8      7.111      8.552
  12         -6.7      3.088      4.930
  13         -6.5      8.741     10.601
  14         -6.3      2.727      4.455
  15         -6.3      9.257     11.092
  16         -5.9      9.259     11.411
Writing output ... done.
