#################################################################
# If you used AutoDock Vina in your work, please cite:          #
#                                                               #
# O. Trott, A. J. Olson,                                        #
# AutoDock Vina: improving the speed and accuracy of docking    #
# with a new scoring function, efficient optimization and       #
# multithreading, Journal of Computational Chemistry 31 (2010)  #
# 455-461                                                       #
#                                                               #
# DOI 10.1002/jcc.21334                                         #
#                                                               #
# Please see http://vina.scripps.edu for more information.      #
#################################################################

Output will be mol_datas/614-80-2_out.pdbqt
Reading input ... done.
Setting up the scoring function ... done.
Analyzing the binding site ... done.
Using random seed: 1000
Performing search ... done.
Refining results ... done.

mode |   affinity | dist from best mode
     | (kcal/mol) | rmsd l.b.| rmsd u.b.
-----+------------+----------+----------
   1         -6.5      0.000      0.000
   2         -6.2      5.555      9.100
   3         -6.1      3.488      4.263
   4         -6.1      5.636      9.085
   5         -6.1      2.970      5.189
   6         -6.0      3.097      4.992
   7         -5.9      3.098      3.774
   8         -5.8     10.181     11.977
   9         -5.7      2.143      3.936
  10         -5.7      8.493      9.844
  11         -5.7      2.037      2.368
  12         -5.6     10.849     12.275
  13         -5.6      1.673      4.472
  14         -5.5      5.974      7.614
  15         -5.3      3.134      3.666
  16         -5.3      9.130     10.496
  17         -5.2      2.893      3.922
  18         -5.1      4.002      4.843
  19         -5.1      2.633      3.488
  20         -5.1      3.797      7.191
Writing output ... done.
