#################################################################
# If you used AutoDock Vina in your work, please cite:          #
#                                                               #
# O. Trott, A. J. Olson,                                        #
# AutoDock Vina: improving the speed and accuracy of docking    #
# with a new scoring function, efficient optimization and       #
# multithreading, Journal of Computational Chemistry 31 (2010)  #
# 455-461                                                       #
#                                                               #
# DOI 10.1002/jcc.21334                                         #
#                                                               #
# Please see http://vina.scripps.edu for more information.      #
#################################################################

Output will be mol_datas/127-19-5_out.pdbqt
Reading input ... done.
Setting up the scoring function ... done.
Analyzing the binding site ... done.
Using random seed: 1000
Performing search ... done.
Refining results ... done.

mode |   affinity | dist from best mode
     | (kcal/mol) | rmsd l.b.| rmsd u.b.
-----+------------+----------+----------
   1         -3.9      0.000      0.000
   2         -3.9      1.972      2.438
   3         -3.9      1.902      3.199
   4         -3.7      1.696      2.586
   5         -3.6      4.178      5.155
   6         -3.6      0.942      2.468
   7         -3.5      7.478      8.112
   8         -3.5      4.099      5.005
   9         -3.5      3.383      3.876
  10         -3.4      3.663      4.397
  11         -3.4      1.765      2.777
  12         -3.4      2.896      3.549
  13         -3.3      2.730      3.695
  14         -3.3      3.747      4.622
  15         -3.2     10.478     11.139
  16         -3.2     10.772     11.417
  17         -3.2     10.590     11.237
  18         -3.1     11.129     11.793
  19         -3.1      9.415     10.077
  20         -3.1     10.321     11.071
Writing output ... done.
