#################################################################
# If you used AutoDock Vina in your work, please cite:          #
#                                                               #
# O. Trott, A. J. Olson,                                        #
# AutoDock Vina: improving the speed and accuracy of docking    #
# with a new scoring function, efficient optimization and       #
# multithreading, Journal of Computational Chemistry 31 (2010)  #
# 455-461                                                       #
#                                                               #
# DOI 10.1002/jcc.21334                                         #
#                                                               #
# Please see http://vina.scripps.edu for more information.      #
#################################################################

Output will be mol_datas/95-50-1_out.pdbqt
Reading input ... done.
Setting up the scoring function ... done.
Analyzing the binding site ... done.
Using random seed: 1000
Performing search ... done.
Refining results ... done.

mode |   affinity | dist from best mode
     | (kcal/mol) | rmsd l.b.| rmsd u.b.
-----+------------+----------+----------
   1         -6.0      0.000      0.000
   2         -6.0      0.017      2.355
   3         -5.6      3.884      5.326
   4         -5.6      3.793      4.742
   5         -5.4      3.556      4.572
   6         -5.3      1.940      3.020
   7         -5.2      3.444      4.450
   8         -5.2      1.815      3.083
   9         -5.2      3.358      4.069
  10         -4.9      9.768     11.161
  11         -4.9      9.310     10.624
  12         -4.8      9.740     11.072
  13         -4.8      9.672     10.881
  14         -4.7      2.717      3.873
  15         -4.7      3.477      4.195
  16         -4.5     10.294     11.646
  17         -4.5     10.269     11.778
  18         -4.4      9.636     11.180
  19         -3.7     19.857     20.391
  20         -3.4     19.541     20.658
Writing output ... done.
