#################################################################
# If you used AutoDock Vina in your work, please cite:          #
#                                                               #
# O. Trott, A. J. Olson,                                        #
# AutoDock Vina: improving the speed and accuracy of docking    #
# with a new scoring function, efficient optimization and       #
# multithreading, Journal of Computational Chemistry 31 (2010)  #
# 455-461                                                       #
#                                                               #
# DOI 10.1002/jcc.21334                                         #
#                                                               #
# Please see http://vina.scripps.edu for more information.      #
#################################################################

Output will be mol_datas/105-37-3_out.pdbqt
Reading input ... done.
Setting up the scoring function ... done.
Analyzing the binding site ... done.
Using random seed: 1000
Performing search ... done.
Refining results ... done.

mode |   affinity | dist from best mode
     | (kcal/mol) | rmsd l.b.| rmsd u.b.
-----+------------+----------+----------
   1         -4.6      0.000      0.000
   2         -4.5      1.138      3.492
   3         -4.4      1.298      3.286
   4         -4.2      1.584      2.038
   5         -3.9      2.230      2.966
   6         -3.9      7.717      9.223
   7         -3.9      8.669      9.659
   8         -3.8      2.912      4.425
   9         -3.8      3.775      4.586
  10         -3.7      2.736      3.822
  11         -3.6      2.893      4.092
  12         -3.6      5.000      6.132
  13         -3.5      9.166     10.082
  14         -3.5      9.338     10.858
  15         -3.4      4.961      6.347
  16         -3.4      9.754     11.008
  17         -3.4      9.430     10.413
  18         -3.4     11.079     12.155
  19         -3.4     10.264     11.196
  20         -3.4     10.418     11.393
Writing output ... done.
