#################################################################
# If you used AutoDock Vina in your work, please cite:          #
#                                                               #
# O. Trott, A. J. Olson,                                        #
# AutoDock Vina: improving the speed and accuracy of docking    #
# with a new scoring function, efficient optimization and       #
# multithreading, Journal of Computational Chemistry 31 (2010)  #
# 455-461                                                       #
#                                                               #
# DOI 10.1002/jcc.21334                                         #
#                                                               #
# Please see http://vina.scripps.edu for more information.      #
#################################################################

Output will be mol_datas/53-19-0_out.pdbqt
Reading input ... done.
Setting up the scoring function ... done.
Analyzing the binding site ... done.
Using random seed: 1000
Performing search ... done.
Refining results ... done.

mode |   affinity | dist from best mode
     | (kcal/mol) | rmsd l.b.| rmsd u.b.
-----+------------+----------+----------
   1         -8.6      0.000      0.000
   2         -8.3      1.654      5.129
   3         -7.5      1.771      5.304
   4         -7.5      1.988      5.429
   5         -7.3      2.104      5.265
   6         -6.9      1.990      4.574
   7         -6.4     15.782     17.176
   8         -6.2      2.194      5.248
   9         -6.2     15.201     16.596
  10         -6.2      1.341      2.175
  11         -6.0     15.494     16.893
  12         -5.9     16.301     18.126
  13         -5.8      2.084      5.579
  14         -5.8     15.520     17.000
Writing output ... done.
