#################################################################
# If you used AutoDock Vina in your work, please cite:          #
#                                                               #
# O. Trott, A. J. Olson,                                        #
# AutoDock Vina: improving the speed and accuracy of docking    #
# with a new scoring function, efficient optimization and       #
# multithreading, Journal of Computational Chemistry 31 (2010)  #
# 455-461                                                       #
#                                                               #
# DOI 10.1002/jcc.21334                                         #
#                                                               #
# Please see http://vina.scripps.edu for more information.      #
#################################################################

Output will be mol_datas/96-33-3_out.pdbqt
Reading input ... done.
Setting up the scoring function ... done.
Analyzing the binding site ... done.
Using random seed: 1000
Performing search ... done.
Refining results ... done.

mode |   affinity | dist from best mode
     | (kcal/mol) | rmsd l.b.| rmsd u.b.
-----+------------+----------+----------
   1         -4.2      0.000      0.000
   2         -3.8      1.702      3.760
   3         -3.8      5.747      6.810
   4         -3.7      2.261      3.190
   5         -3.6      1.758      3.242
   6         -3.5      2.312      2.851
   7         -3.5      8.869     10.511
   8         -3.5      8.941      9.881
   9         -3.5      4.781      6.067
  10         -3.4      7.356      8.646
  11         -3.4      8.350      9.010
  12         -3.4      4.151      4.971
  13         -3.4      5.064      5.811
  14         -3.3      4.303      5.020
  15         -3.3      3.483      5.051
  16         -3.3      4.171      5.369
  17         -3.3     12.567     13.024
  18         -3.3      4.066      4.751
  19         -3.2      9.875     11.414
  20         -3.2      8.624     10.006
Writing output ... done.
