#################################################################
# If you used AutoDock Vina in your work, please cite:          #
#                                                               #
# O. Trott, A. J. Olson,                                        #
# AutoDock Vina: improving the speed and accuracy of docking    #
# with a new scoring function, efficient optimization and       #
# multithreading, Journal of Computational Chemistry 31 (2010)  #
# 455-461                                                       #
#                                                               #
# DOI 10.1002/jcc.21334                                         #
#                                                               #
# Please see http://vina.scripps.edu for more information.      #
#################################################################

Output will be mol_datas/615-54-3_out.pdbqt
Reading input ... done.
Setting up the scoring function ... done.
Analyzing the binding site ... done.
Using random seed: 1000
Performing search ... done.
Refining results ... done.

mode |   affinity | dist from best mode
     | (kcal/mol) | rmsd l.b.| rmsd u.b.
-----+------------+----------+----------
   1         -5.5      0.000      0.000
   2         -5.4      2.917      3.590
   3         -5.3      1.819      3.597
   4         -5.2      1.607      4.254
   5         -5.0      2.179      4.384
   6         -4.9      2.753      3.363
   7         -4.8      7.930      9.517
   8         -4.8      2.003      2.571
   9         -4.7      3.090      4.264
  10         -4.7      1.121      2.484
  11         -4.6      2.632      4.715
  12         -4.5      8.267      9.907
  13         -4.4      8.407      9.963
  14         -3.6      1.988      2.995
  15         -3.3     17.480     18.949
  16         -3.3     15.472     16.269
  17         -3.3     15.668     16.369
  18         -3.2     15.780     16.384
  19         -3.1     15.555     16.499
  20         -2.8     17.483     19.191
Writing output ... done.
