#################################################################
# If you used AutoDock Vina in your work, please cite:          #
#                                                               #
# O. Trott, A. J. Olson,                                        #
# AutoDock Vina: improving the speed and accuracy of docking    #
# with a new scoring function, efficient optimization and       #
# multithreading, Journal of Computational Chemistry 31 (2010)  #
# 455-461                                                       #
#                                                               #
# DOI 10.1002/jcc.21334                                         #
#                                                               #
# Please see http://vina.scripps.edu for more information.      #
#################################################################

Output will be mol_datas/118-55-8_out.pdbqt
Reading input ... done.
Setting up the scoring function ... done.
Analyzing the binding site ... done.
Using random seed: 1000
Performing search ... done.
Refining results ... done.

mode |   affinity | dist from best mode
     | (kcal/mol) | rmsd l.b.| rmsd u.b.
-----+------------+----------+----------
   1        -10.0      0.000      0.000
   2         -9.7      1.006      5.369
   3         -9.6      1.216      5.134
   4         -9.4      0.828      2.127
   5         -7.6      1.719      5.269
   6         -7.4      2.046      2.990
   7         -7.3      3.105      5.293
   8         -7.2      3.702      5.523
   9         -7.2      9.017     11.579
  10         -7.1      3.225      5.542
  11         -7.0      3.797      6.403
  12         -7.0      8.403     10.158
Writing output ... done.
