#################################################################
# If you used AutoDock Vina in your work, please cite:          #
#                                                               #
# O. Trott, A. J. Olson,                                        #
# AutoDock Vina: improving the speed and accuracy of docking    #
# with a new scoring function, efficient optimization and       #
# multithreading, Journal of Computational Chemistry 31 (2010)  #
# 455-461                                                       #
#                                                               #
# DOI 10.1002/jcc.21334                                         #
#                                                               #
# Please see http://vina.scripps.edu for more information.      #
#################################################################

Output will be mol_datas/122-66-7_out.pdbqt
Reading input ... done.
Setting up the scoring function ... done.
Analyzing the binding site ... done.
Using random seed: 1000
Performing search ... done.
Refining results ... done.

mode |   affinity | dist from best mode
     | (kcal/mol) | rmsd l.b.| rmsd u.b.
-----+------------+----------+----------
   1         -9.2      0.000      0.000
   2         -9.2      0.045      5.361
   3         -9.2      0.052      1.295
   4         -7.8      1.408      2.460
   5         -7.0      3.818      6.150
   6         -6.9      4.153      5.904
   7         -6.9      5.660      7.986
   8         -6.8      5.761      8.156
   9         -6.5      9.778     12.109
  10         -6.5      9.963     11.172
  11         -6.5      3.391      5.654
  12         -6.4      4.510      5.974
  13         -6.2      9.132     10.444
  14         -6.2      7.229      9.630
  15         -6.2      7.192      8.762
Writing output ... done.
