#################################################################
# If you used AutoDock Vina in your work, please cite:          #
#                                                               #
# O. Trott, A. J. Olson,                                        #
# AutoDock Vina: improving the speed and accuracy of docking    #
# with a new scoring function, efficient optimization and       #
# multithreading, Journal of Computational Chemistry 31 (2010)  #
# 455-461                                                       #
#                                                               #
# DOI 10.1002/jcc.21334                                         #
#                                                               #
# Please see http://vina.scripps.edu for more information.      #
#################################################################

Output will be mol_datas/29883-15-6_out.pdbqt
Reading input ... done.
Setting up the scoring function ... done.
Analyzing the binding site ... done.
Using random seed: 1000
Performing search ... done.
Refining results ... done.

mode |   affinity | dist from best mode
     | (kcal/mol) | rmsd l.b.| rmsd u.b.
-----+------------+----------+----------
   1         -5.1      0.000      0.000
   2         -5.1     14.144     16.262
   3         -5.0     14.439     16.204
   4         -4.7      0.882      2.180
   5         -4.7      1.907      2.517
   6         -4.6      3.209      6.424
   7         -4.6      2.871      6.155
   8         -4.5      2.467      7.489
   9         -4.4      2.742      6.087
  10         -4.4      2.596      7.398
  11         -4.4      2.030      2.560
  12         -4.4      2.511      7.258
  13         -4.3      2.175      3.183
  14         -4.3      2.811      6.448
  15         -4.3      8.331     14.419
  16         -4.2      2.695      6.763
  17         -4.2      1.960      3.443
  18         -4.2      2.232      4.039
  19         -4.1      2.586      7.462
  20         -4.0      2.666      6.709
Writing output ... done.
