#################################################################
# If you used AutoDock Vina in your work, please cite:          #
#                                                               #
# O. Trott, A. J. Olson,                                        #
# AutoDock Vina: improving the speed and accuracy of docking    #
# with a new scoring function, efficient optimization and       #
# multithreading, Journal of Computational Chemistry 31 (2010)  #
# 455-461                                                       #
#                                                               #
# DOI 10.1002/jcc.21334                                         #
#                                                               #
# Please see http://vina.scripps.edu for more information.      #
#################################################################

Output will be mol_datas/626-67-5_out.pdbqt
Reading input ... done.
Setting up the scoring function ... done.
Analyzing the binding site ... done.
Using random seed: 1000
Performing search ... done.
Refining results ... done.

mode |   affinity | dist from best mode
     | (kcal/mol) | rmsd l.b.| rmsd u.b.
-----+------------+----------+----------
   1         -4.3      0.000      0.000
   2         -4.1      2.021      3.785
   3         -4.1      1.569      1.861
   4         -4.1      4.216      5.507
   5         -4.0      0.945      2.250
   6         -3.9      2.611      3.688
   7         -3.8      2.110      3.448
   8         -3.3      1.410      2.911
   9         -3.3     13.291     14.127
  10         -3.3     13.235     14.194
  11         -3.3      4.113      5.379
  12         -3.3      2.186      3.359
  13         -3.2      2.487      3.881
  14         -3.2      3.303      4.998
  15         -3.2      2.843      4.114
  16         -3.1     13.481     14.361
  17         -3.0     13.469     14.318
  18         -2.9     13.477     14.421
  19         -2.8     15.021     16.263
Writing output ... done.
