#################################################################
# If you used AutoDock Vina in your work, please cite:          #
#                                                               #
# O. Trott, A. J. Olson,                                        #
# AutoDock Vina: improving the speed and accuracy of docking    #
# with a new scoring function, efficient optimization and       #
# multithreading, Journal of Computational Chemistry 31 (2010)  #
# 455-461                                                       #
#                                                               #
# DOI 10.1002/jcc.21334                                         #
#                                                               #
# Please see http://vina.scripps.edu for more information.      #
#################################################################

Output will be mol_datas/123-96-6_out.pdbqt
Reading input ... done.
Setting up the scoring function ... done.
Analyzing the binding site ... done.
Using random seed: 1000
Performing search ... done.
Refining results ... done.

mode |   affinity | dist from best mode
     | (kcal/mol) | rmsd l.b.| rmsd u.b.
-----+------------+----------+----------
   1         -5.5      0.000      0.000
   2         -5.4      2.561      5.158
   3         -5.3      2.500      3.466
   4         -5.2      1.602      2.466
   5         -5.0      2.574      3.279
   6         -5.0      1.783      2.100
   7         -4.9      2.711      5.222
   8         -4.9      4.099      5.288
   9         -4.7      9.100     10.587
  10         -4.7      8.849     10.589
  11         -4.6      8.960     10.483
  12         -4.5      4.580      5.702
  13         -4.4      8.486     10.482
  14         -4.3      7.053      7.824
  15         -4.3      5.759      6.403
  16         -4.1      8.646     10.507
  17         -4.1      7.550      8.764
  18         -4.0      8.941     10.499
  19         -3.9      8.045     10.190
  20         -3.9      8.876     10.449
Writing output ... done.
