#################################################################
# If you used AutoDock Vina in your work, please cite:          #
#                                                               #
# O. Trott, A. J. Olson,                                        #
# AutoDock Vina: improving the speed and accuracy of docking    #
# with a new scoring function, efficient optimization and       #
# multithreading, Journal of Computational Chemistry 31 (2010)  #
# 455-461                                                       #
#                                                               #
# DOI 10.1002/jcc.21334                                         #
#                                                               #
# Please see http://vina.scripps.edu for more information.      #
#################################################################

Output will be mol_datas/67-66-3_out.pdbqt
Reading input ... done.
Setting up the scoring function ... done.
Analyzing the binding site ... done.
Using random seed: 1000
Performing search ... done.
Refining results ... done.

mode |   affinity | dist from best mode
     | (kcal/mol) | rmsd l.b.| rmsd u.b.
-----+------------+----------+----------
   1         -3.3      0.000      0.000
   2         -3.3      0.038      2.514
   3         -3.2      0.234      2.504
   4         -3.0      6.283      6.998
   5         -3.0      1.232      2.211
   6         -3.0      1.215      2.232
   7         -2.9      5.514      6.055
   8         -2.9      5.404      6.026
   9         -2.9      6.151      6.818
  10         -2.8      3.200      4.184
  11         -2.8     12.618     12.855
  12         -2.8      3.557      4.068
  13         -2.8     12.626     12.767
  14         -2.8      3.464      4.652
  15         -2.8      2.106      3.052
  16         -2.7      2.242      3.672
  17         -2.7      2.197      2.751
  18         -2.7      2.927      3.581
  19         -2.7      2.906      3.802
Writing output ... done.
