#################################################################
# If you used AutoDock Vina in your work, please cite:          #
#                                                               #
# O. Trott, A. J. Olson,                                        #
# AutoDock Vina: improving the speed and accuracy of docking    #
# with a new scoring function, efficient optimization and       #
# multithreading, Journal of Computational Chemistry 31 (2010)  #
# 455-461                                                       #
#                                                               #
# DOI 10.1002/jcc.21334                                         #
#                                                               #
# Please see http://vina.scripps.edu for more information.      #
#################################################################

Output will be mol_datas/89-78-1_out.pdbqt
Reading input ... done.
Setting up the scoring function ... done.
Analyzing the binding site ... done.
Using random seed: 1000
Performing search ... done.
Refining results ... done.

mode |   affinity | dist from best mode
     | (kcal/mol) | rmsd l.b.| rmsd u.b.
-----+------------+----------+----------
   1         -6.7      0.000      0.000
   2         -6.5      2.847      4.245
   3         -6.4      1.686      2.877
   4         -6.1      3.170      4.512
   5         -6.1      2.520      4.526
   6         -5.9      2.115      3.784
   7         -5.8      1.370      3.965
   8         -5.8      1.177      3.911
   9         -5.5      3.149      5.080
  10         -5.3      2.749      4.349
  11         -5.3      2.599      4.136
  12         -5.1      8.314     10.156
  13         -5.0      1.364      2.032
  14         -4.9      1.722      2.502
  15         -4.9      8.358     10.609
  16         -4.9      7.801     10.039
  17         -4.4      8.176     10.437
  18         -4.1      8.439     10.002
  19         -4.0     15.194     16.515
  20         -3.9     17.899     18.958
Writing output ... done.
