#################################################################
# If you used AutoDock Vina in your work, please cite:          #
#                                                               #
# O. Trott, A. J. Olson,                                        #
# AutoDock Vina: improving the speed and accuracy of docking    #
# with a new scoring function, efficient optimization and       #
# multithreading, Journal of Computational Chemistry 31 (2010)  #
# 455-461                                                       #
#                                                               #
# DOI 10.1002/jcc.21334                                         #
#                                                               #
# Please see http://vina.scripps.edu for more information.      #
#################################################################

Output will be mol_datas/578-67-6_out.pdbqt
Reading input ... done.
Setting up the scoring function ... done.
Analyzing the binding site ... done.
Using random seed: 1000
Performing search ... done.
Refining results ... done.

mode |   affinity | dist from best mode
     | (kcal/mol) | rmsd l.b.| rmsd u.b.
-----+------------+----------+----------
   1         -7.2      0.000      0.000
   2         -7.0      2.198      4.107
   3         -6.9      1.084      3.343
   4         -6.8      3.056      4.051
   5         -6.7      3.156      4.537
   6         -6.7      3.694      4.853
   7         -6.5      3.426      5.002
   8         -6.4      1.780      2.577
   9         -6.3      2.978      4.604
  10         -6.1      9.526     10.877
  11         -6.0      9.008     10.689
  12         -6.0      9.599     10.951
  13         -5.9      2.024      2.689
  14         -5.8      8.842     11.151
  15         -5.7      8.885     11.119
  16         -5.6      8.656     10.324
  17         -5.5      3.298      4.465
  18         -5.4      2.442      3.281
  19         -5.4      9.288     11.002
  20         -5.3      9.576     10.877
Writing output ... done.
