#################################################################
# If you used AutoDock Vina in your work, please cite:          #
#                                                               #
# O. Trott, A. J. Olson,                                        #
# AutoDock Vina: improving the speed and accuracy of docking    #
# with a new scoring function, efficient optimization and       #
# multithreading, Journal of Computational Chemistry 31 (2010)  #
# 455-461                                                       #
#                                                               #
# DOI 10.1002/jcc.21334                                         #
#                                                               #
# Please see http://vina.scripps.edu for more information.      #
#################################################################

Output will be mol_datas/103-70-8_out.pdbqt
Reading input ... done.
Setting up the scoring function ... done.
Analyzing the binding site ... done.
Using random seed: 1000
Performing search ... done.
Refining results ... done.

mode |   affinity | dist from best mode
     | (kcal/mol) | rmsd l.b.| rmsd u.b.
-----+------------+----------+----------
   1         -6.2      0.000      0.000
   2         -5.9      3.003      4.900
   3         -5.8      1.594      1.778
   4         -5.5      2.293      4.087
   5         -5.3      4.253      5.405
   6         -5.3      3.573      4.513
   7         -5.3     10.022     11.101
   8         -5.2     12.539     13.448
   9         -5.1     10.040     11.008
  10         -5.1     10.190     11.142
  11         -5.1      9.908     10.773
  12         -4.8     11.818     12.737
  13         -4.8     10.658     11.479
  14         -4.5      4.942      5.944
  15         -4.5     14.169     15.090
  16         -4.1     12.355     13.252
  17         -4.1     16.567     16.992
  18         -4.1     10.934     11.896
  19         -4.1      7.985      8.883
  20         -3.9      5.628      6.744
Writing output ... done.
