#################################################################
# If you used AutoDock Vina in your work, please cite:          #
#                                                               #
# O. Trott, A. J. Olson,                                        #
# AutoDock Vina: improving the speed and accuracy of docking    #
# with a new scoring function, efficient optimization and       #
# multithreading, Journal of Computational Chemistry 31 (2010)  #
# 455-461                                                       #
#                                                               #
# DOI 10.1002/jcc.21334                                         #
#                                                               #
# Please see http://vina.scripps.edu for more information.      #
#################################################################

Output will be mol_datas/111-83-1_out.pdbqt
Reading input ... done.
Setting up the scoring function ... done.
Analyzing the binding site ... done.
Using random seed: 1000
Performing search ... done.
Refining results ... done.

mode |   affinity | dist from best mode
     | (kcal/mol) | rmsd l.b.| rmsd u.b.
-----+------------+----------+----------
   1         -5.5      0.000      0.000
   2         -5.5      1.796      1.965
   3         -5.3      2.385      5.403
   4         -5.1      2.987      4.676
   5         -5.1      2.155      2.818
   6         -4.9      2.599      5.187
   7         -4.8      3.802      4.902
   8         -4.7      2.832      5.442
   9         -4.7      2.548      4.803
  10         -4.6      3.810      4.523
  11         -4.6      2.892      4.020
  12         -4.4      3.450      3.990
  13         -4.4      7.617      8.887
  14         -4.4      9.563     10.347
  15         -4.4      9.264     10.049
  16         -4.2     10.019     11.591
  17         -4.2      9.514     10.852
  18         -4.2      5.357      6.192
  19         -4.1      9.097     10.131
  20         -4.1      9.188     10.474
Writing output ... done.
