#################################################################
# If you used AutoDock Vina in your work, please cite:          #
#                                                               #
# O. Trott, A. J. Olson,                                        #
# AutoDock Vina: improving the speed and accuracy of docking    #
# with a new scoring function, efficient optimization and       #
# multithreading, Journal of Computational Chemistry 31 (2010)  #
# 455-461                                                       #
#                                                               #
# DOI 10.1002/jcc.21334                                         #
#                                                               #
# Please see http://vina.scripps.edu for more information.      #
#################################################################

Output will be mol_datas/1929-82-4_out.pdbqt
Reading input ... done.
Setting up the scoring function ... done.
Analyzing the binding site ... done.
Using random seed: 1000
Performing search ... done.
Refining results ... done.

mode |   affinity | dist from best mode
     | (kcal/mol) | rmsd l.b.| rmsd u.b.
-----+------------+----------+----------
   1         -6.2      0.000      0.000
   2         -5.8      2.885      4.185
   3         -5.7      2.811      4.440
   4         -5.6      1.667      2.112
   5         -5.5      3.551      4.540
   6         -5.4      1.241      2.089
   7         -5.4      1.743      2.717
   8         -5.3      2.739      3.993
   9         -5.3      2.817      4.961
  10         -5.1      1.227      1.501
  11         -4.4      7.364      9.098
  12         -4.4      8.973     10.200
  13         -4.3      2.700      4.656
  14         -4.0      1.313      4.176
  15         -3.7     15.421     16.319
  16         -3.7     15.781     16.449
  17         -3.7      2.123      4.273
  18         -3.6     15.434     16.416
  19         -3.5     15.568     16.244
  20         -3.5     15.327     16.102
Writing output ... done.
