#################################################################
# If you used AutoDock Vina in your work, please cite:          #
#                                                               #
# O. Trott, A. J. Olson,                                        #
# AutoDock Vina: improving the speed and accuracy of docking    #
# with a new scoring function, efficient optimization and       #
# multithreading, Journal of Computational Chemistry 31 (2010)  #
# 455-461                                                       #
#                                                               #
# DOI 10.1002/jcc.21334                                         #
#                                                               #
# Please see http://vina.scripps.edu for more information.      #
#################################################################

Output will be mol_datas/40596-69-8_out.pdbqt
Reading input ... done.
Setting up the scoring function ... done.
Analyzing the binding site ... done.
Using random seed: 1000
Performing search ... done.
Refining results ... done.

mode |   affinity | dist from best mode
     | (kcal/mol) | rmsd l.b.| rmsd u.b.
-----+------------+----------+----------
   1         -7.9      0.000      0.000
   2         -7.5      2.066      3.625
   3         -7.5      2.767      5.977
   4         -7.3      2.256      7.809
   5         -7.2      2.803      9.152
   6         -7.1      1.676      9.218
   7         -7.0      2.209      8.002
   8         -6.9      2.150      8.037
   9         -6.6      1.312      1.963
  10         -6.4      3.539      9.398
  11         -6.4      2.555      5.711
  12         -6.0      1.813      9.037
  13         -5.9      2.294      4.045
  14         -5.6      5.681      8.949
  15         -5.3     14.013     15.356
  16         -5.2      4.573      9.271
Writing output ... done.
