#################################################################
# If you used AutoDock Vina in your work, please cite:          #
#                                                               #
# O. Trott, A. J. Olson,                                        #
# AutoDock Vina: improving the speed and accuracy of docking    #
# with a new scoring function, efficient optimization and       #
# multithreading, Journal of Computational Chemistry 31 (2010)  #
# 455-461                                                       #
#                                                               #
# DOI 10.1002/jcc.21334                                         #
#                                                               #
# Please see http://vina.scripps.edu for more information.      #
#################################################################

Output will be mol_datas/1198-37-4_out.pdbqt
Reading input ... done.
Setting up the scoring function ... done.
Analyzing the binding site ... done.
Using random seed: 1000
Performing search ... done.
Refining results ... done.

mode |   affinity | dist from best mode
     | (kcal/mol) | rmsd l.b.| rmsd u.b.
-----+------------+----------+----------
   1         -8.1      0.000      0.000
   2         -8.0      1.343      2.910
   3         -7.8      2.386      4.121
   4         -7.7      2.372      4.973
   5         -6.7      1.614      4.073
   6         -6.7      7.995     10.546
   7         -6.5      1.396      3.959
   8         -6.2      7.882     10.012
   9         -5.6      6.824     10.293
  10         -5.5      1.450      4.510
  11         -5.5      7.857     10.122
Writing output ... done.
