#################################################################
# If you used AutoDock Vina in your work, please cite:          #
#                                                               #
# O. Trott, A. J. Olson,                                        #
# AutoDock Vina: improving the speed and accuracy of docking    #
# with a new scoring function, efficient optimization and       #
# multithreading, Journal of Computational Chemistry 31 (2010)  #
# 455-461                                                       #
#                                                               #
# DOI 10.1002/jcc.21334                                         #
#                                                               #
# Please see http://vina.scripps.edu for more information.      #
#################################################################

Output will be mol_datas/694-80-4_out.pdbqt
Reading input ... done.
Setting up the scoring function ... done.
Analyzing the binding site ... done.
Using random seed: 1000
Performing search ... done.
Refining results ... done.

mode |   affinity | dist from best mode
     | (kcal/mol) | rmsd l.b.| rmsd u.b.
-----+------------+----------+----------
   1         -6.1      0.000      0.000
   2         -6.1      1.676      2.388
   3         -5.7      4.213      5.360
   4         -5.7      2.650      3.835
   5         -5.7      3.855      4.858
   6         -5.4      2.115      3.162
   7         -5.2      2.047      2.973
   8         -5.2      1.982      2.765
   9         -5.2      2.638      3.789
  10         -5.1      3.591      3.927
  11         -5.1      3.446      4.250
  12         -5.0     10.058     10.960
  13         -4.9      9.600     10.615
  14         -4.8     10.153     11.293
  15         -4.7     10.196     11.097
  16         -4.4     10.103     11.211
  17         -3.6     13.146     13.384
  18         -3.3     15.798     16.360
  19         -3.3     15.776     16.463
  20         -3.3     15.620     16.436
Writing output ... done.
