#################################################################
# If you used AutoDock Vina in your work, please cite:          #
#                                                               #
# O. Trott, A. J. Olson,                                        #
# AutoDock Vina: improving the speed and accuracy of docking    #
# with a new scoring function, efficient optimization and       #
# multithreading, Journal of Computational Chemistry 31 (2010)  #
# 455-461                                                       #
#                                                               #
# DOI 10.1002/jcc.21334                                         #
#                                                               #
# Please see http://vina.scripps.edu for more information.      #
#################################################################

Output will be mol_datas/36330-85-5_out.pdbqt
Reading input ... done.
Setting up the scoring function ... done.
Analyzing the binding site ... done.
Using random seed: 1000
Performing search ... done.
Refining results ... done.

mode |   affinity | dist from best mode
     | (kcal/mol) | rmsd l.b.| rmsd u.b.
-----+------------+----------+----------
   1         -8.3      0.000      0.000
   2         -8.3      0.527      1.656
   3         -8.1      2.907      8.357
   4         -7.8      3.907      8.285
   5         -7.4      3.373      7.752
   6         -7.3      3.380      8.057
   7         -7.1      3.886      7.543
   8         -7.1      5.183      8.141
   9         -7.0      4.209      6.496
  10         -6.7      5.099      9.119
  11         -6.7      6.197      7.785
  12         -6.7      1.993      3.748
  13         -6.7      3.220      5.516
  14         -6.6      6.085      8.747
  15         -6.5      5.099      8.953
  16         -5.5      4.242      7.084
  17         -5.3      7.377     11.005
Writing output ... done.
