#################################################################
# If you used AutoDock Vina in your work, please cite:          #
#                                                               #
# O. Trott, A. J. Olson,                                        #
# AutoDock Vina: improving the speed and accuracy of docking    #
# with a new scoring function, efficient optimization and       #
# multithreading, Journal of Computational Chemistry 31 (2010)  #
# 455-461                                                       #
#                                                               #
# DOI 10.1002/jcc.21334                                         #
#                                                               #
# Please see http://vina.scripps.edu for more information.      #
#################################################################

Output will be mol_datas/93-58-3_out.pdbqt
Reading input ... done.
Setting up the scoring function ... done.
Analyzing the binding site ... done.
Using random seed: 1000
Performing search ... done.
Refining results ... done.

mode |   affinity | dist from best mode
     | (kcal/mol) | rmsd l.b.| rmsd u.b.
-----+------------+----------+----------
   1         -6.7      0.000      0.000
   2         -6.5      1.878      4.293
   3         -6.2      3.603      5.049
   4         -6.2      3.753      4.909
   5         -5.8      2.090      3.773
   6         -5.7      9.455     10.622
   7         -5.7      9.871     10.959
   8         -5.6      9.941     10.934
   9         -5.6      3.175      3.979
  10         -5.6      9.945     10.988
  11         -5.5      3.491      4.772
  12         -5.4     10.910     11.874
  13         -5.3      9.513     10.726
  14         -5.3     10.825     11.891
  15         -4.9      2.243      4.092
  16         -4.5      8.224      9.091
  17         -4.5     11.386     12.471
  18         -4.4     16.986     17.821
  19         -4.3     10.225     11.530
  20         -4.2      7.571      8.596
Writing output ... done.
