#################################################################
# If you used AutoDock Vina in your work, please cite:          #
#                                                               #
# O. Trott, A. J. Olson,                                        #
# AutoDock Vina: improving the speed and accuracy of docking    #
# with a new scoring function, efficient optimization and       #
# multithreading, Journal of Computational Chemistry 31 (2010)  #
# 455-461                                                       #
#                                                               #
# DOI 10.1002/jcc.21334                                         #
#                                                               #
# Please see http://vina.scripps.edu for more information.      #
#################################################################

Output will be mol_datas/65-71-4_out.pdbqt
Reading input ... done.
Setting up the scoring function ... done.
Analyzing the binding site ... done.
Using random seed: 1000
Performing search ... done.
Refining results ... done.

mode |   affinity | dist from best mode
     | (kcal/mol) | rmsd l.b.| rmsd u.b.
-----+------------+----------+----------
   1         -6.0      0.000      0.000
   2         -5.8      3.859      4.490
   3         -5.6      1.621      2.635
   4         -5.5      2.939      4.271
   5         -5.5      1.600      2.431
   6         -5.5      2.845      3.764
   7         -5.4      3.830      4.902
   8         -5.4      1.758      3.156
   9         -5.3      1.498      2.156
  10         -5.3      8.987     10.146
  11         -5.2      9.078     10.177
  12         -5.1      3.407      4.598
  13         -5.1      3.576      5.199
  14         -5.1      8.462      9.683
  15         -5.0      9.063     10.346
  16         -5.0      2.032      2.928
  17         -4.9     12.402     13.804
  18         -4.8      2.248      3.449
  19         -4.8      2.723      3.289
  20         -4.8      9.938     11.005
Writing output ... done.
