#################################################################
# If you used AutoDock Vina in your work, please cite:          #
#                                                               #
# O. Trott, A. J. Olson,                                        #
# AutoDock Vina: improving the speed and accuracy of docking    #
# with a new scoring function, efficient optimization and       #
# multithreading, Journal of Computational Chemistry 31 (2010)  #
# 455-461                                                       #
#                                                               #
# DOI 10.1002/jcc.21334                                         #
#                                                               #
# Please see http://vina.scripps.edu for more information.      #
#################################################################

Output will be mol_datas/110-91-8_out.pdbqt
Reading input ... done.
Setting up the scoring function ... done.
Analyzing the binding site ... done.
Using random seed: 1000
Performing search ... done.
Refining results ... done.

mode |   affinity | dist from best mode
     | (kcal/mol) | rmsd l.b.| rmsd u.b.
-----+------------+----------+----------
   1         -3.7      0.000      0.000
   2         -3.6      0.908      2.047
   3         -3.4      1.632      1.905
   4         -3.4      1.747      2.161
   5         -3.4      5.107      5.808
   6         -3.4      2.693      3.818
   7         -3.3      5.594      6.378
   8         -3.3      1.229      2.020
   9         -3.2      8.162      9.035
  10         -3.2      5.107      5.811
  11         -3.1      3.611      4.136
  12         -3.1      3.804      4.467
  13         -3.1      5.397      5.972
  14         -3.1      7.396      8.404
  15         -3.1     10.207     10.992
  16         -3.0     13.752     14.350
  17         -3.0      2.894      3.547
  18         -3.0      9.758     10.663
  19         -2.8     13.691     14.524
  20         -2.8     13.896     14.614
Writing output ... done.
