#################################################################
# If you used AutoDock Vina in your work, please cite:          #
#                                                               #
# O. Trott, A. J. Olson,                                        #
# AutoDock Vina: improving the speed and accuracy of docking    #
# with a new scoring function, efficient optimization and       #
# multithreading, Journal of Computational Chemistry 31 (2010)  #
# 455-461                                                       #
#                                                               #
# DOI 10.1002/jcc.21334                                         #
#                                                               #
# Please see http://vina.scripps.edu for more information.      #
#################################################################

Output will be mol_datas/122-15-6_out.pdbqt
Reading input ... done.
Setting up the scoring function ... done.
Analyzing the binding site ... done.
Using random seed: 1000
Performing search ... done.
Refining results ... done.

mode |   affinity | dist from best mode
     | (kcal/mol) | rmsd l.b.| rmsd u.b.
-----+------------+----------+----------
   1         -6.7      0.000      0.000
   2         -6.4      3.087      5.391
   3         -6.1      1.363      2.625
   4         -5.8      2.917      4.783
   5         -5.7      2.961      5.500
   6         -5.5      2.421      4.842
   7         -5.5      2.858      5.349
   8         -5.4      7.260      9.513
   9         -5.2      9.159     11.884
  10         -5.1      6.800      8.825
  11         -4.8      8.924     10.989
  12         -4.8      2.746      5.175
  13         -4.8      8.443     11.025
  14         -4.6      2.822      4.480
  15         -4.6      8.727     10.907
  16         -4.4      9.014     10.757
  17         -4.3     15.644     16.915
  18         -4.3     16.803     18.032
  19         -4.2     15.380     16.536
  20         -4.0     15.911     16.555
Writing output ... done.
