#################################################################
# If you used AutoDock Vina in your work, please cite:          #
#                                                               #
# O. Trott, A. J. Olson,                                        #
# AutoDock Vina: improving the speed and accuracy of docking    #
# with a new scoring function, efficient optimization and       #
# multithreading, Journal of Computational Chemistry 31 (2010)  #
# 455-461                                                       #
#                                                               #
# DOI 10.1002/jcc.21334                                         #
#                                                               #
# Please see http://vina.scripps.edu for more information.      #
#################################################################

Output will be mol_datas/111-65-9_out.pdbqt
Reading input ... done.
Setting up the scoring function ... done.
Analyzing the binding site ... done.
Using random seed: 1000
Performing search ... done.
Refining results ... done.

mode |   affinity | dist from best mode
     | (kcal/mol) | rmsd l.b.| rmsd u.b.
-----+------------+----------+----------
   1         -5.2      0.000      0.000
   2         -5.2      0.166      3.739
   3         -5.1      1.632      4.415
   4         -5.1      1.240      4.441
   5         -5.0      1.609      2.120
   6         -5.0      1.325      2.158
   7         -4.8      2.641      4.426
   8         -4.4      2.661      4.201
   9         -4.3      7.575     10.566
  10         -4.2      3.412      4.665
  11         -4.2      8.696     11.350
  12         -4.2      7.495      9.816
  13         -4.1      1.694      3.139
  14         -4.1      9.784     11.372
  15         -4.0      8.787     11.126
  16         -4.0      5.594      8.602
  17         -4.0      8.637     11.500
  18         -3.8      8.626     11.097
  19         -3.7      8.470     10.421
  20         -3.7      7.441     10.185
Writing output ... done.
