#################################################################
# If you used AutoDock Vina in your work, please cite:          #
#                                                               #
# O. Trott, A. J. Olson,                                        #
# AutoDock Vina: improving the speed and accuracy of docking    #
# with a new scoring function, efficient optimization and       #
# multithreading, Journal of Computational Chemistry 31 (2010)  #
# 455-461                                                       #
#                                                               #
# DOI 10.1002/jcc.21334                                         #
#                                                               #
# Please see http://vina.scripps.edu for more information.      #
#################################################################

Output will be mol_datas/121-44-8_out.pdbqt
Reading input ... done.
Setting up the scoring function ... done.
Analyzing the binding site ... done.
Using random seed: 1000
Performing search ... done.
Refining results ... done.

mode |   affinity | dist from best mode
     | (kcal/mol) | rmsd l.b.| rmsd u.b.
-----+------------+----------+----------
   1         -4.1      0.000      0.000
   2         -4.1      0.086      3.236
   3         -4.0      1.272      2.589
   4         -4.0      1.133      3.399
   5         -4.0      0.579      2.681
   6         -3.9      1.263      2.945
   7         -3.9      1.432      3.032
   8         -3.7      2.406      4.395
   9         -3.5      7.691      8.926
  10         -3.4     10.880     12.169
  11         -3.3      7.452      9.012
  12         -3.3      2.226      3.450
  13         -3.3      8.533     10.483
  14         -3.3     11.258     12.411
  15         -3.3      7.513      9.399
  16         -3.3      8.534     10.244
  17         -3.3      7.901      9.759
  18         -3.3      2.839      4.062
  19         -3.2      2.997      4.739
  20         -3.2      9.604     10.678
Writing output ... done.
