#################################################################
# If you used AutoDock Vina in your work, please cite:          #
#                                                               #
# O. Trott, A. J. Olson,                                        #
# AutoDock Vina: improving the speed and accuracy of docking    #
# with a new scoring function, efficient optimization and       #
# multithreading, Journal of Computational Chemistry 31 (2010)  #
# 455-461                                                       #
#                                                               #
# DOI 10.1002/jcc.21334                                         #
#                                                               #
# Please see http://vina.scripps.edu for more information.      #
#################################################################

Output will be mol_datas/107-31-3_out.pdbqt
Reading input ... done.
Setting up the scoring function ... done.
Analyzing the binding site ... done.
Using random seed: 1000
Performing search ... done.
Refining results ... done.

mode |   affinity | dist from best mode
     | (kcal/mol) | rmsd l.b.| rmsd u.b.
-----+------------+----------+----------
   1         -2.8      0.000      0.000
   2         -2.7      1.197      2.794
   3         -2.7      1.450      1.450
   4         -2.6      7.122      8.042
   5         -2.5      7.588      7.941
   6         -2.5      1.481      2.028
   7         -2.5      5.098      5.666
   8         -2.5      8.733      9.052
   9         -2.4      1.745      2.712
  10         -2.4      9.421      9.932
  11         -2.3      2.174      2.863
  12         -2.3      9.925     10.652
  13         -2.3      9.196      9.933
  14         -2.2      4.969      5.807
  15         -2.2      7.387      7.972
  16         -2.2     11.859     12.528
  17         -2.2      7.532      7.625
  18         -2.1      4.582      5.381
  19         -2.1     12.509     12.638
  20         -2.1     12.217     12.957
Writing output ... done.
