#################################################################
# If you used AutoDock Vina in your work, please cite:          #
#                                                               #
# O. Trott, A. J. Olson,                                        #
# AutoDock Vina: improving the speed and accuracy of docking    #
# with a new scoring function, efficient optimization and       #
# multithreading, Journal of Computational Chemistry 31 (2010)  #
# 455-461                                                       #
#                                                               #
# DOI 10.1002/jcc.21334                                         #
#                                                               #
# Please see http://vina.scripps.edu for more information.      #
#################################################################

Output will be mol_datas/73-22-3_out.pdbqt
Reading input ... done.
Setting up the scoring function ... done.
Analyzing the binding site ... done.
Using random seed: 1000
Performing search ... done.
Refining results ... done.

mode |   affinity | dist from best mode
     | (kcal/mol) | rmsd l.b.| rmsd u.b.
-----+------------+----------+----------
   1         -8.5      0.000      0.000
   2         -8.1      2.218      3.621
   3         -7.8      3.834      5.712
   4         -7.3      2.264      2.715
   5         -7.0      5.151      9.168
   6         -6.5      5.200      9.386
   7         -6.5      8.424     10.171
   8         -6.4      5.839      9.667
   9         -6.4      7.946     10.091
  10         -6.2      9.419     11.516
  11         -6.1      8.635     10.892
  12         -6.0      8.550      9.942
  13         -5.9      5.670      9.101
  14         -5.9      8.073     10.263
  15         -5.8      9.324     11.279
  16         -5.7      6.817     10.634
  17         -5.6      5.801      7.773
Writing output ... done.
