#################################################################
# If you used AutoDock Vina in your work, please cite:          #
#                                                               #
# O. Trott, A. J. Olson,                                        #
# AutoDock Vina: improving the speed and accuracy of docking    #
# with a new scoring function, efficient optimization and       #
# multithreading, Journal of Computational Chemistry 31 (2010)  #
# 455-461                                                       #
#                                                               #
# DOI 10.1002/jcc.21334                                         #
#                                                               #
# Please see http://vina.scripps.edu for more information.      #
#################################################################

Output will be mol_datas/541-33-3_out.pdbqt
Reading input ... done.
Setting up the scoring function ... done.
Analyzing the binding site ... done.
Using random seed: 1000
Performing search ... done.
Refining results ... done.

mode |   affinity | dist from best mode
     | (kcal/mol) | rmsd l.b.| rmsd u.b.
-----+------------+----------+----------
   1         -4.2      0.000      0.000
   2         -4.1      2.545      3.881
   3         -4.0      1.906      3.428
   4         -3.9      3.328      4.178
   5         -3.9      1.859      3.282
   6         -3.9      1.296      1.656
   7         -3.8      3.378      4.056
   8         -3.8      1.995      2.824
   9         -3.7      2.142      3.385
  10         -3.6      2.875      3.987
  11         -3.6     11.503     12.612
  12         -3.6      3.066      4.286
  13         -3.5      9.930     11.127
  14         -3.4      7.726      8.955
  15         -3.4      3.364      4.034
  16         -3.4      9.181     10.155
  17         -3.4     11.212     12.198
  18         -3.4     11.889     12.241
  19         -3.4     11.531     12.613
  20         -3.4     10.916     11.962
Writing output ... done.
