#################################################################
# If you used AutoDock Vina in your work, please cite:          #
#                                                               #
# O. Trott, A. J. Olson,                                        #
# AutoDock Vina: improving the speed and accuracy of docking    #
# with a new scoring function, efficient optimization and       #
# multithreading, Journal of Computational Chemistry 31 (2010)  #
# 455-461                                                       #
#                                                               #
# DOI 10.1002/jcc.21334                                         #
#                                                               #
# Please see http://vina.scripps.edu for more information.      #
#################################################################

Output will be mol_datas/130-95-0_out.pdbqt
Reading input ... done.
Setting up the scoring function ... done.
Analyzing the binding site ... done.
Using random seed: 1000
Performing search ... done.
Refining results ... done.

mode |   affinity | dist from best mode
     | (kcal/mol) | rmsd l.b.| rmsd u.b.
-----+------------+----------+----------
   1         -4.9      0.000      0.000
   2         -4.8      1.665      2.422
   3         -4.6      4.631      7.107
   4         -4.5      2.359      4.941
   5         -4.5      3.543      7.672
   6         -4.4      2.235      7.221
   7         -4.4     15.255     16.854
   8         -4.4      2.961      4.642
   9         -4.0      2.146      6.702
  10         -4.0      6.295      9.059
  11         -3.9      2.166      5.415
  12         -3.8      7.605     10.415
  13         -3.6      2.487      6.960
  14         -3.5      6.435      8.815
  15         -3.4      1.692      5.755
  16         -3.3      3.061      6.262
  17         -3.3      6.402      9.239
  18         -3.1      2.546      3.777
  19         -3.1      3.665      6.604
  20         -3.1      8.597     12.978
Writing output ... done.
