#################################################################
# If you used AutoDock Vina in your work, please cite:          #
#                                                               #
# O. Trott, A. J. Olson,                                        #
# AutoDock Vina: improving the speed and accuracy of docking    #
# with a new scoring function, efficient optimization and       #
# multithreading, Journal of Computational Chemistry 31 (2010)  #
# 455-461                                                       #
#                                                               #
# DOI 10.1002/jcc.21334                                         #
#                                                               #
# Please see http://vina.scripps.edu for more information.      #
#################################################################

Output will be mol_datas/538-68-1_out.pdbqt
Reading input ... done.
Setting up the scoring function ... done.
Analyzing the binding site ... done.
Using random seed: 1000
Performing search ... done.
Refining results ... done.

mode |   affinity | dist from best mode
     | (kcal/mol) | rmsd l.b.| rmsd u.b.
-----+------------+----------+----------
   1         -7.2      0.000      0.000
   2         -7.2      0.813      5.128
   3         -6.7      1.997      2.474
   4         -6.5      1.748      4.615
   5         -6.5      1.249      4.959
   6         -6.4      2.737      4.944
   7         -6.1      2.619      4.017
   8         -5.8      3.388      4.960
   9         -5.7      7.243      9.756
  10         -5.7      2.221      4.888
  11         -5.7      2.460      3.466
  12         -5.5      9.966     12.107
  13         -5.4      9.321     10.647
  14         -5.4      2.702      4.535
  15         -5.4     10.496     12.514
  16         -5.1      9.425     11.770
  17         -4.9      8.863     10.475
  18         -4.7     10.304     12.082
  19         -4.7     12.585     14.576
  20         -4.6      9.179     11.376
Writing output ... done.
