#################################################################
# If you used AutoDock Vina in your work, please cite:          #
#                                                               #
# O. Trott, A. J. Olson,                                        #
# AutoDock Vina: improving the speed and accuracy of docking    #
# with a new scoring function, efficient optimization and       #
# multithreading, Journal of Computational Chemistry 31 (2010)  #
# 455-461                                                       #
#                                                               #
# DOI 10.1002/jcc.21334                                         #
#                                                               #
# Please see http://vina.scripps.edu for more information.      #
#################################################################

Output will be mol_datas/613-12-7_out.pdbqt
Reading input ... done.
Setting up the scoring function ... done.
Analyzing the binding site ... done.
Using random seed: 1000
Performing search ... done.
Refining results ... done.

mode |   affinity | dist from best mode
     | (kcal/mol) | rmsd l.b.| rmsd u.b.
-----+------------+----------+----------
   1         -8.1      0.000      0.000
   2         -6.8      2.264      5.083
   3         -6.7      3.010      4.271
   4         -6.4     16.656     18.589
   5         -5.8      3.976      6.225
   6         -5.7     16.721     18.090
   7         -5.6     16.697     17.668
   8         -5.5     16.738     17.384
   9         -5.3     16.349     17.836
  10         -5.3     15.403     16.851
  11         -5.2      2.563      4.219
  12         -5.2     15.433     16.213
  13         -5.2     16.198     16.810
  14         -5.1     16.672     17.521
Writing output ... done.
