#################################################################
# If you used AutoDock Vina in your work, please cite:          #
#                                                               #
# O. Trott, A. J. Olson,                                        #
# AutoDock Vina: improving the speed and accuracy of docking    #
# with a new scoring function, efficient optimization and       #
# multithreading, Journal of Computational Chemistry 31 (2010)  #
# 455-461                                                       #
#                                                               #
# DOI 10.1002/jcc.21334                                         #
#                                                               #
# Please see http://vina.scripps.edu for more information.      #
#################################################################

Output will be mol_datas/104-98-3_out.pdbqt
Reading input ... done.
Setting up the scoring function ... done.
Analyzing the binding site ... done.
Using random seed: 1000
Performing search ... done.
Refining results ... done.

mode |   affinity | dist from best mode
     | (kcal/mol) | rmsd l.b.| rmsd u.b.
-----+------------+----------+----------
   1         -5.7      0.000      0.000
   2         -5.7      3.027      3.858
   3         -5.3      4.300      5.491
   4         -5.3      2.395      3.255
   5         -5.3      3.193      4.222
   6         -5.2      3.032      4.196
   7         -5.2     10.730     11.522
   8         -5.1      9.728     10.687
   9         -5.1      2.741      3.679
  10         -5.0      9.728     10.647
  11         -5.0      4.480      5.882
  12         -5.0      1.675      2.134
  13         -4.9     10.512     11.560
  14         -4.9     10.173     11.134
  15         -4.8      8.985     10.034
  16         -4.8      4.548      5.319
  17         -4.8      6.518      7.406
  18         -4.8      3.110      3.936
  19         -4.7      8.457      9.521
  20         -4.6     10.703     11.661
Writing output ... done.
