#################################################################
# If you used AutoDock Vina in your work, please cite:          #
#                                                               #
# O. Trott, A. J. Olson,                                        #
# AutoDock Vina: improving the speed and accuracy of docking    #
# with a new scoring function, efficient optimization and       #
# multithreading, Journal of Computational Chemistry 31 (2010)  #
# 455-461                                                       #
#                                                               #
# DOI 10.1002/jcc.21334                                         #
#                                                               #
# Please see http://vina.scripps.edu for more information.      #
#################################################################

Output will be mol_datas/50-23-7_out.pdbqt
Reading input ... done.
Setting up the scoring function ... done.
Analyzing the binding site ... done.
Using random seed: 1000
Performing search ... done.
Refining results ... done.

mode |   affinity | dist from best mode
     | (kcal/mol) | rmsd l.b.| rmsd u.b.
-----+------------+----------+----------
   1         -5.0      0.000      0.000
   2         -5.0     14.702     17.980
   3         -4.9      2.677      3.769
   4         -4.8      4.123      7.156
   5         -4.7      2.914      4.463
   6         -4.6      3.545      7.350
   7         -4.5      2.712      6.793
   8         -4.5     12.559     16.325
   9         -4.5      3.568      7.054
  10         -4.4      4.557      7.327
  11         -4.4      2.723      6.704
  12         -4.4      5.251      7.253
  13         -4.4     10.516     13.510
  14         -4.3      4.978      7.084
  15         -4.3      5.067      7.126
  16         -4.2     14.383     16.462
  17         -4.1      5.353      7.408
  18         -4.0      3.789      7.682
  19         -4.0     14.755     16.954
  20         -4.0      4.314      7.897
Writing output ... done.
