#################################################################
# If you used AutoDock Vina in your work, please cite:          #
#                                                               #
# O. Trott, A. J. Olson,                                        #
# AutoDock Vina: improving the speed and accuracy of docking    #
# with a new scoring function, efficient optimization and       #
# multithreading, Journal of Computational Chemistry 31 (2010)  #
# 455-461                                                       #
#                                                               #
# DOI 10.1002/jcc.21334                                         #
#                                                               #
# Please see http://vina.scripps.edu for more information.      #
#################################################################

Output will be mol_datas/109-79-5_out.pdbqt
Reading input ... done.
Setting up the scoring function ... done.
Analyzing the binding site ... done.
Using random seed: 1000
Performing search ... done.
Refining results ... done.

mode |   affinity | dist from best mode
     | (kcal/mol) | rmsd l.b.| rmsd u.b.
-----+------------+----------+----------
   1         -3.8      0.000      0.000
   2         -3.2      1.638      2.038
   3         -3.1      3.593      4.718
   4         -3.1      2.043      3.074
   5         -3.0      5.115      5.877
   6         -3.0      4.249      5.010
   7         -3.0      3.515      3.788
   8         -3.0      4.626      4.878
   9         -2.9     11.547     12.101
  10         -2.9      4.290      4.511
  11         -2.9     12.503     13.072
  12         -2.7     10.553     11.019
  13         -2.7      4.188      4.838
  14         -2.6     11.022     11.469
  15         -2.5     11.389     11.820
  16         -2.5     11.325     11.699
  17         -2.5      9.694     10.147
  18         -2.4      4.080      4.645
  19         -2.4     12.251     12.642
  20         -2.2     14.801     15.180
Writing output ... done.
