#################################################################
# If you used AutoDock Vina in your work, please cite:          #
#                                                               #
# O. Trott, A. J. Olson,                                        #
# AutoDock Vina: improving the speed and accuracy of docking    #
# with a new scoring function, efficient optimization and       #
# multithreading, Journal of Computational Chemistry 31 (2010)  #
# 455-461                                                       #
#                                                               #
# DOI 10.1002/jcc.21334                                         #
#                                                               #
# Please see http://vina.scripps.edu for more information.      #
#################################################################

Output will be mol_datas/99-76-3_out.pdbqt
Reading input ... done.
Setting up the scoring function ... done.
Analyzing the binding site ... done.
Using random seed: 1000
Performing search ... done.
Refining results ... done.

mode |   affinity | dist from best mode
     | (kcal/mol) | rmsd l.b.| rmsd u.b.
-----+------------+----------+----------
   1         -6.7      0.000      0.000
   2         -6.7      1.058      2.290
   3         -6.1      1.432      4.939
   4         -6.1      1.614      2.472
   5         -6.1      2.260      4.901
   6         -5.9      7.994      9.427
   7         -5.9      7.727      9.751
   8         -5.9      2.509      4.311
   9         -5.9      2.732      3.757
  10         -5.9      1.569      4.323
  11         -5.8      8.794     10.519
  12         -5.8      2.386      3.623
  13         -5.7      8.891     10.413
  14         -5.6      2.426      4.438
  15         -5.6      7.929      8.983
  16         -5.5      7.989      9.915
  17         -5.3      1.849      2.504
  18         -5.1      9.642     10.986
  19         -4.9      2.051      4.935
  20         -4.8      6.893      8.441
Writing output ... done.
