#################################################################
# If you used AutoDock Vina in your work, please cite:          #
#                                                               #
# O. Trott, A. J. Olson,                                        #
# AutoDock Vina: improving the speed and accuracy of docking    #
# with a new scoring function, efficient optimization and       #
# multithreading, Journal of Computational Chemistry 31 (2010)  #
# 455-461                                                       #
#                                                               #
# DOI 10.1002/jcc.21334                                         #
#                                                               #
# Please see http://vina.scripps.edu for more information.      #
#################################################################

Output will be mol_datas/136-60-7_out.pdbqt
Reading input ... done.
Setting up the scoring function ... done.
Analyzing the binding site ... done.
Using random seed: 1000
Performing search ... done.
Refining results ... done.

mode |   affinity | dist from best mode
     | (kcal/mol) | rmsd l.b.| rmsd u.b.
-----+------------+----------+----------
   1         -7.9      0.000      0.000
   2         -7.6      1.127      4.956
   3         -7.4      1.233      1.776
   4         -7.0      2.676      5.350
   5         -6.7      2.796      4.469
   6         -6.5      1.914      5.054
   7         -6.4      6.545      8.068
   8         -6.0      3.290      5.050
   9         -6.0      6.919      8.382
  10         -6.0      9.276     11.358
  11         -5.8      7.847      9.469
  12         -5.7      4.388      6.453
  13         -5.5     10.635     12.973
  14         -5.1      4.475      7.133
  15         -4.9      7.253      9.654
  16         -4.9      6.999      8.698
Writing output ... done.
