#################################################################
# If you used AutoDock Vina in your work, please cite:          #
#                                                               #
# O. Trott, A. J. Olson,                                        #
# AutoDock Vina: improving the speed and accuracy of docking    #
# with a new scoring function, efficient optimization and       #
# multithreading, Journal of Computational Chemistry 31 (2010)  #
# 455-461                                                       #
#                                                               #
# DOI 10.1002/jcc.21334                                         #
#                                                               #
# Please see http://vina.scripps.edu for more information.      #
#################################################################

Output will be mol_datas/192-97-2_out.pdbqt
Reading input ... done.
Setting up the scoring function ... done.
Analyzing the binding site ... done.
Using random seed: 1000
Performing search ... done.
Refining results ... done.

mode |   affinity | dist from best mode
     | (kcal/mol) | rmsd l.b.| rmsd u.b.
-----+------------+----------+----------
   1         -7.1      0.000      0.000
   2         -7.1      0.004      3.806
   3         -6.2     16.134     16.660
   4         -6.2     16.008     16.893
   5         -6.1     16.024     16.570
   6         -6.0     15.497     17.428
   7         -6.0     15.770     16.448
   8         -5.9     15.694     16.043
   9         -5.8     16.224     18.223
  10         -5.8     15.940     16.665
  11         -5.8     16.005     17.075
  12         -5.7     16.064     18.074
  13         -5.7     16.636     17.330
  14         -5.6     16.493     17.956
  15         -5.6     16.066     17.831
  16         -5.6     16.490     17.616
  17         -5.6     15.964     17.381
  18         -5.5     16.034     16.837
Writing output ... done.
