#################################################################
# If you used AutoDock Vina in your work, please cite:          #
#                                                               #
# O. Trott, A. J. Olson,                                        #
# AutoDock Vina: improving the speed and accuracy of docking    #
# with a new scoring function, efficient optimization and       #
# multithreading, Journal of Computational Chemistry 31 (2010)  #
# 455-461                                                       #
#                                                               #
# DOI 10.1002/jcc.21334                                         #
#                                                               #
# Please see http://vina.scripps.edu for more information.      #
#################################################################

Output will be mol_datas/106-32-1_out.pdbqt
Reading input ... done.
Setting up the scoring function ... done.
Analyzing the binding site ... done.
Using random seed: 1000
Performing search ... done.
Refining results ... done.

mode |   affinity | dist from best mode
     | (kcal/mol) | rmsd l.b.| rmsd u.b.
-----+------------+----------+----------
   1         -6.1      0.000      0.000
   2         -6.0      2.453      5.546
   3         -6.0      2.164      5.539
   4         -6.0      1.577      2.778
   5         -5.7      1.550      1.980
   6         -5.5      2.660      3.733
   7         -5.4      2.676      4.776
   8         -5.2      1.876      2.539
   9         -5.1      3.990      5.591
  10         -5.1      7.157      9.859
  11         -5.0      9.306     10.516
  12         -4.9      2.213      4.088
  13         -4.9      8.152     10.503
  14         -4.8      6.904      9.608
  15         -4.7      6.928      8.887
  16         -4.7      8.286     10.621
  17         -4.7      6.071      7.636
  18         -4.6      2.236      5.101
  19         -4.6      5.324      7.051
  20         -4.5      9.568     11.459
Writing output ... done.
