#################################################################
# If you used AutoDock Vina in your work, please cite:          #
#                                                               #
# O. Trott, A. J. Olson,                                        #
# AutoDock Vina: improving the speed and accuracy of docking    #
# with a new scoring function, efficient optimization and       #
# multithreading, Journal of Computational Chemistry 31 (2010)  #
# 455-461                                                       #
#                                                               #
# DOI 10.1002/jcc.21334                                         #
#                                                               #
# Please see http://vina.scripps.edu for more information.      #
#################################################################

Output will be mol_datas/50-70-4_out.pdbqt
Reading input ... done.
Setting up the scoring function ... done.
Analyzing the binding site ... done.
Using random seed: 1000
Performing search ... done.
Refining results ... done.

mode |   affinity | dist from best mode
     | (kcal/mol) | rmsd l.b.| rmsd u.b.
-----+------------+----------+----------
   1         -5.3      0.000      0.000
   2         -5.3      2.663      3.689
   3         -5.2      1.065      2.086
   4         -5.1      3.005      5.061
   5         -5.0      6.571      7.782
   6         -5.0      1.997      3.154
   7         -4.9      1.770      3.414
   8         -4.9      7.523      9.794
   9         -4.9      1.590      2.397
  10         -4.7      2.416      3.836
  11         -4.7      7.569      8.478
  12         -4.6      8.726     10.715
  13         -4.6      5.662      6.887
  14         -4.5      7.712      8.988
  15         -4.5      8.591     10.356
  16         -4.5      8.255      9.477
  17         -4.5      8.516      9.776
  18         -4.5      7.627      9.578
  19         -4.4      7.687      9.580
  20         -4.3      8.973     10.408
Writing output ... done.
