#################################################################
# If you used AutoDock Vina in your work, please cite:          #
#                                                               #
# O. Trott, A. J. Olson,                                        #
# AutoDock Vina: improving the speed and accuracy of docking    #
# with a new scoring function, efficient optimization and       #
# multithreading, Journal of Computational Chemistry 31 (2010)  #
# 455-461                                                       #
#                                                               #
# DOI 10.1002/jcc.21334                                         #
#                                                               #
# Please see http://vina.scripps.edu for more information.      #
#################################################################

Output will be mol_datas/105-53-3_out.pdbqt
Reading input ... done.
Setting up the scoring function ... done.
Analyzing the binding site ... done.
Using random seed: 1000
Performing search ... done.
Refining results ... done.

mode |   affinity | dist from best mode
     | (kcal/mol) | rmsd l.b.| rmsd u.b.
-----+------------+----------+----------
   1         -5.6      0.000      0.000
   2         -5.6      0.157      4.750
   3         -5.5      1.506      4.641
   4         -5.5      1.247      4.927
   5         -5.4      1.620      2.203
   6         -5.4      1.309      2.270
   7         -5.3      1.490      4.317
   8         -5.2      2.684      4.689
   9         -5.0      9.456     11.116
  10         -5.0      9.388     10.671
  11         -5.0      7.483      9.205
  12         -4.9     10.345     11.665
  13         -4.9      9.121     10.047
  14         -4.8     10.333     12.196
  15         -4.8      2.065      4.290
  16         -4.7      8.440      9.429
  17         -4.7      8.936     10.361
  18         -4.6      8.766     10.540
  19         -4.6      9.068     10.261
  20         -4.4      9.501     11.423
Writing output ... done.
