#################################################################
# If you used AutoDock Vina in your work, please cite:          #
#                                                               #
# O. Trott, A. J. Olson,                                        #
# AutoDock Vina: improving the speed and accuracy of docking    #
# with a new scoring function, efficient optimization and       #
# multithreading, Journal of Computational Chemistry 31 (2010)  #
# 455-461                                                       #
#                                                               #
# DOI 10.1002/jcc.21334                                         #
#                                                               #
# Please see http://vina.scripps.edu for more information.      #
#################################################################

Output will be mol_datas/142-28-9_out.pdbqt
Reading input ... done.
Setting up the scoring function ... done.
Analyzing the binding site ... done.
Using random seed: 1000
Performing search ... done.
Refining results ... done.

mode |   affinity | dist from best mode
     | (kcal/mol) | rmsd l.b.| rmsd u.b.
-----+------------+----------+----------
   1         -3.6      0.000      0.000
   2         -3.4      1.033      2.921
   3         -3.1      2.916      3.686
   4         -3.1      4.374      4.676
   5         -3.0      2.868      3.867
   6         -2.9      4.501      5.259
   7         -2.9      3.303      3.420
   8         -2.9      3.886      4.977
   9         -2.9      2.852      4.000
  10         -2.8      9.030      9.538
  11         -2.8     12.977     13.223
  12         -2.8      9.623     10.178
  13         -2.8     12.367     12.710
  14         -2.8     11.524     11.941
  15         -2.8     10.957     11.419
  16         -2.7     12.385     12.975
  17         -2.7     13.900     14.540
  18         -2.6     13.193     13.657
  19         -2.6     12.742     13.290
  20         -2.5     13.129     13.429
Writing output ... done.
