#################################################################
# If you used AutoDock Vina in your work, please cite:          #
#                                                               #
# O. Trott, A. J. Olson,                                        #
# AutoDock Vina: improving the speed and accuracy of docking    #
# with a new scoring function, efficient optimization and       #
# multithreading, Journal of Computational Chemistry 31 (2010)  #
# 455-461                                                       #
#                                                               #
# DOI 10.1002/jcc.21334                                         #
#                                                               #
# Please see http://vina.scripps.edu for more information.      #
#################################################################

Output will be mol_datas/107-82-4_out.pdbqt
Reading input ... done.
Setting up the scoring function ... done.
Analyzing the binding site ... done.
Using random seed: 1000
Performing search ... done.
Refining results ... done.

mode |   affinity | dist from best mode
     | (kcal/mol) | rmsd l.b.| rmsd u.b.
-----+------------+----------+----------
   1         -4.4      0.000      0.000
   2         -4.2      1.516      2.376
   3         -4.1      2.684      3.774
   4         -4.1      2.401      3.452
   5         -4.0      4.420      5.235
   6         -4.0      2.829      3.551
   7         -4.0      3.149      4.265
   8         -3.8      4.801      5.742
   9         -3.7      3.014      3.721
  10         -3.7      9.032     10.353
  11         -3.6      2.007      2.906
  12         -3.6      5.546      6.597
  13         -3.5     10.933     11.709
  14         -3.4      2.924      3.951
  15         -3.3      9.547     10.850
  16         -3.3      5.138      6.029
  17         -3.2      9.229     10.190
  18         -3.2     10.523     11.825
  19         -3.2     12.550     13.669
  20         -3.1     10.152     11.390
Writing output ... done.
