#################################################################
# If you used AutoDock Vina in your work, please cite:          #
#                                                               #
# O. Trott, A. J. Olson,                                        #
# AutoDock Vina: improving the speed and accuracy of docking    #
# with a new scoring function, efficient optimization and       #
# multithreading, Journal of Computational Chemistry 31 (2010)  #
# 455-461                                                       #
#                                                               #
# DOI 10.1002/jcc.21334                                         #
#                                                               #
# Please see http://vina.scripps.edu for more information.      #
#################################################################

Output will be mol_datas/108-08-7_out.pdbqt
Reading input ... done.
Setting up the scoring function ... done.
Analyzing the binding site ... done.
Using random seed: 1000
Performing search ... done.
Refining results ... done.

mode |   affinity | dist from best mode
     | (kcal/mol) | rmsd l.b.| rmsd u.b.
-----+------------+----------+----------
   1         -4.8      0.000      0.000
   2         -4.8      0.043      3.917
   3         -4.6      2.945      4.188
   4         -4.6      2.619      3.749
   5         -4.6      2.717      4.311
   6         -4.4      2.166      3.620
   7         -4.2      2.378      4.098
   8         -4.1      9.029     10.468
   9         -4.1      4.998      6.150
  10         -4.0     10.379     11.574
  11         -4.0     10.351     11.599
  12         -3.9      9.548     10.672
  13         -3.9     10.056     11.406
  14         -3.9     10.099     11.325
  15         -3.7     11.189     12.453
  16         -3.7      7.075      8.102
  17         -3.7     10.688     11.851
  18         -3.4      8.964     10.288
  19         -3.4     16.772     17.485
  20         -3.4     15.415     16.261
Writing output ... done.
