#################################################################
# If you used AutoDock Vina in your work, please cite:          #
#                                                               #
# O. Trott, A. J. Olson,                                        #
# AutoDock Vina: improving the speed and accuracy of docking    #
# with a new scoring function, efficient optimization and       #
# multithreading, Journal of Computational Chemistry 31 (2010)  #
# 455-461                                                       #
#                                                               #
# DOI 10.1002/jcc.21334                                         #
#                                                               #
# Please see http://vina.scripps.edu for more information.      #
#################################################################

Output will be mol_datas/100-52-7_out.pdbqt
Reading input ... done.
Setting up the scoring function ... done.
Analyzing the binding site ... done.
Using random seed: 1000
Performing search ... done.
Refining results ... done.

mode |   affinity | dist from best mode
     | (kcal/mol) | rmsd l.b.| rmsd u.b.
-----+------------+----------+----------
   1         -6.1      0.000      0.000
   2         -5.7      3.262      4.834
   3         -5.7      3.263      5.110
   4         -5.5      4.008      4.972
   5         -5.1      9.726     10.934
   6         -5.1      2.020      3.325
   7         -5.0      9.995     11.022
   8         -5.0     10.344     11.588
   9         -4.8     10.466     11.458
  10         -4.7     10.392     11.453
  11         -4.5     10.328     11.491
  12         -4.3     10.574     11.647
  13         -4.1     12.250     13.629
  14         -3.7      6.088      7.421
  15         -3.6     16.251     16.825
  16         -3.5     19.803     20.783
  17         -3.5     19.953     20.556
  18         -3.3     15.125     16.295
  19         -3.2     15.131     15.948
Writing output ... done.
