#################################################################
# If you used AutoDock Vina in your work, please cite:          #
#                                                               #
# O. Trott, A. J. Olson,                                        #
# AutoDock Vina: improving the speed and accuracy of docking    #
# with a new scoring function, efficient optimization and       #
# multithreading, Journal of Computational Chemistry 31 (2010)  #
# 455-461                                                       #
#                                                               #
# DOI 10.1002/jcc.21334                                         #
#                                                               #
# Please see http://vina.scripps.edu for more information.      #
#################################################################

Output will be mol_datas/79-00-5_out.pdbqt
Reading input ... done.
Setting up the scoring function ... done.
Analyzing the binding site ... done.
Using random seed: 1000
Performing search ... done.
Refining results ... done.

mode |   affinity | dist from best mode
     | (kcal/mol) | rmsd l.b.| rmsd u.b.
-----+------------+----------+----------
   1         -3.6      0.000      0.000
   2         -3.5      0.677      2.747
   3         -3.4      1.659      2.246
   4         -3.3      1.319      3.287
   5         -3.3      1.407      2.544
   6         -3.2      0.992      2.851
   7         -3.2      3.228      4.274
   8         -3.2      4.336      4.966
   9         -3.2      4.345      5.267
  10         -3.2      3.495      4.606
  11         -3.2      2.562      3.190
  12         -3.1      1.980      2.530
  13         -3.1      2.134      2.624
  14         -3.1      4.261      4.945
  15         -3.0      3.143      4.171
  16         -3.0      5.706      6.557
  17         -3.0      2.674      3.557
  18         -3.0      3.552      4.580
  19         -2.9     12.175     13.091
  20         -2.9      8.603      9.663
Writing output ... done.
