#################################################################
# If you used AutoDock Vina in your work, please cite:          #
#                                                               #
# O. Trott, A. J. Olson,                                        #
# AutoDock Vina: improving the speed and accuracy of docking    #
# with a new scoring function, efficient optimization and       #
# multithreading, Journal of Computational Chemistry 31 (2010)  #
# 455-461                                                       #
#                                                               #
# DOI 10.1002/jcc.21334                                         #
#                                                               #
# Please see http://vina.scripps.edu for more information.      #
#################################################################

Output will be mol_datas/98-92-0_out.pdbqt
Reading input ... done.
Setting up the scoring function ... done.
Analyzing the binding site ... done.
Using random seed: 1000
Performing search ... done.
Refining results ... done.

mode |   affinity | dist from best mode
     | (kcal/mol) | rmsd l.b.| rmsd u.b.
-----+------------+----------+----------
   1         -5.8      0.000      0.000
   2         -5.7      3.152      4.643
   3         -5.4      4.028      5.221
   4         -5.4      3.968      4.940
   5         -5.4      1.928      3.536
   6         -5.4      9.702     10.898
   7         -5.3      2.155      3.626
   8         -5.3      8.744      9.996
   9         -5.3      8.941     10.181
  10         -5.2      3.335      3.875
  11         -5.1      9.471     10.358
  12         -5.1      9.700     10.683
  13         -5.1     10.494     11.524
  14         -5.1      9.808     10.755
  15         -5.1      3.264      4.489
  16         -4.9      1.831      1.962
  17         -4.9      9.662     10.909
  18         -4.8      2.957      3.828
  19         -4.7     10.727     11.521
  20         -4.7     10.122     11.200
Writing output ... done.
