#################################################################
# If you used AutoDock Vina in your work, please cite:          #
#                                                               #
# O. Trott, A. J. Olson,                                        #
# AutoDock Vina: improving the speed and accuracy of docking    #
# with a new scoring function, efficient optimization and       #
# multithreading, Journal of Computational Chemistry 31 (2010)  #
# 455-461                                                       #
#                                                               #
# DOI 10.1002/jcc.21334                                         #
#                                                               #
# Please see http://vina.scripps.edu for more information.      #
#################################################################

Output will be mol_datas/52663-77-1_out.pdbqt
Reading input ... done.
Setting up the scoring function ... done.
Analyzing the binding site ... done.
Using random seed: 1000
Performing search ... done.
Refining results ... done.

mode |   affinity | dist from best mode
     | (kcal/mol) | rmsd l.b.| rmsd u.b.
-----+------------+----------+----------
   1         -4.6      0.000      0.000
   2         -4.6      0.059      2.613
   3         -4.6      0.133      3.704
   4         -4.6      0.127      2.626
   5         -4.5      1.177      5.990
   6         -4.5      1.192      6.024
   7         -4.5      1.196      6.057
   8         -4.3      0.844      5.986
   9         -4.3      3.264      5.147
  10         -4.2      4.288      7.395
  11         -4.2      4.293      7.674
  12         -4.0      5.256      7.102
  13         -4.0      4.589      7.550
  14         -3.8      3.483      6.872
  15         -3.6      2.695      7.003
  16         -3.6      2.141      5.471
  17         -3.6      2.608      3.981
  18         -3.6      2.627      4.688
  19         -3.5      5.294     10.053
Writing output ... done.
