#################################################################
# If you used AutoDock Vina in your work, please cite:          #
#                                                               #
# O. Trott, A. J. Olson,                                        #
# AutoDock Vina: improving the speed and accuracy of docking    #
# with a new scoring function, efficient optimization and       #
# multithreading, Journal of Computational Chemistry 31 (2010)  #
# 455-461                                                       #
#                                                               #
# DOI 10.1002/jcc.21334                                         #
#                                                               #
# Please see http://vina.scripps.edu for more information.      #
#################################################################

Output will be mol_datas/96-23-1_out.pdbqt
Reading input ... done.
Setting up the scoring function ... done.
Analyzing the binding site ... done.
Using random seed: 1000
Performing search ... done.
Refining results ... done.

mode |   affinity | dist from best mode
     | (kcal/mol) | rmsd l.b.| rmsd u.b.
-----+------------+----------+----------
   1         -4.0      0.000      0.000
   2         -4.0      0.621      3.126
   3         -3.9      2.240      2.392
   4         -3.9      1.786      1.961
   5         -3.8      1.873      3.643
   6         -3.7      2.943      3.875
   7         -3.6      5.723      6.535
   8         -3.4      2.093      3.434
   9         -3.3      4.918      5.030
  10         -3.3     10.211     10.743
  11         -3.3      8.939      9.752
  12         -3.2      6.308      6.973
  13         -3.2      4.218      5.259
  14         -3.2      4.398      4.862
  15         -3.1      9.819     10.446
  16         -3.1      9.790     10.606
  17         -3.1      5.501      7.072
  18         -3.1     12.667     13.110
  19         -3.0     12.427     13.224
  20         -3.0      4.865      5.423
Writing output ... done.
