#################################################################
# If you used AutoDock Vina in your work, please cite:          #
#                                                               #
# O. Trott, A. J. Olson,                                        #
# AutoDock Vina: improving the speed and accuracy of docking    #
# with a new scoring function, efficient optimization and       #
# multithreading, Journal of Computational Chemistry 31 (2010)  #
# 455-461                                                       #
#                                                               #
# DOI 10.1002/jcc.21334                                         #
#                                                               #
# Please see http://vina.scripps.edu for more information.      #
#################################################################

Output will be mol_datas/91-15-6_out.pdbqt
Reading input ... done.
Setting up the scoring function ... done.
Analyzing the binding site ... done.
Using random seed: 1000
Performing search ... done.
Refining results ... done.

mode |   affinity | dist from best mode
     | (kcal/mol) | rmsd l.b.| rmsd u.b.
-----+------------+----------+----------
   1         -7.1      0.000      0.000
   2         -7.1      0.100      2.729
   3         -7.0      2.922      4.315
   4         -7.0      2.949      5.040
   5         -6.4      2.015      4.242
   6         -6.4      2.025      3.307
   7         -6.4      8.158     10.151
   8         -5.9      2.522      3.923
   9         -5.9      3.390      4.321
  10         -5.9      2.520      3.850
  11         -5.8      2.117      2.725
  12         -5.8      1.849      3.503
  13         -5.7      2.573      3.363
  14         -5.5      8.603     10.719
  15         -5.4      9.596     11.347
  16         -5.2      1.880      3.240
  17         -5.2      1.873      3.547
  18         -4.2     11.408     12.780
Writing output ... done.
