#################################################################
# If you used AutoDock Vina in your work, please cite:          #
#                                                               #
# O. Trott, A. J. Olson,                                        #
# AutoDock Vina: improving the speed and accuracy of docking    #
# with a new scoring function, efficient optimization and       #
# multithreading, Journal of Computational Chemistry 31 (2010)  #
# 455-461                                                       #
#                                                               #
# DOI 10.1002/jcc.21334                                         #
#                                                               #
# Please see http://vina.scripps.edu for more information.      #
#################################################################

Output will be mol_datas/565-60-6_out.pdbqt
Reading input ... done.
Setting up the scoring function ... done.
Analyzing the binding site ... done.
Using random seed: 1000
Performing search ... done.
Refining results ... done.

mode |   affinity | dist from best mode
     | (kcal/mol) | rmsd l.b.| rmsd u.b.
-----+------------+----------+----------
   1         -4.7      0.000      0.000
   2         -4.7      0.761      2.238
   3         -4.7      2.245      3.848
   4         -4.6      1.523      1.631
   5         -4.5      1.679      2.856
   6         -4.5      1.016      2.869
   7         -4.4      1.949      3.956
   8         -4.3      2.210      3.297
   9         -4.2      2.693      3.538
  10         -4.2      1.628      3.154
  11         -4.1      2.360      3.674
  12         -4.1      8.454     10.031
  13         -4.1      2.115      3.648
  14         -4.0     10.155     11.873
  15         -4.0      1.557      2.554
  16         -3.9      8.645     10.370
  17         -3.9      2.332      3.688
  18         -3.7      8.324      9.915
  19         -3.7      9.281     11.023
  20         -3.6      7.474      9.067
Writing output ... done.
