#################################################################
# If you used AutoDock Vina in your work, please cite:          #
#                                                               #
# O. Trott, A. J. Olson,                                        #
# AutoDock Vina: improving the speed and accuracy of docking    #
# with a new scoring function, efficient optimization and       #
# multithreading, Journal of Computational Chemistry 31 (2010)  #
# 455-461                                                       #
#                                                               #
# DOI 10.1002/jcc.21334                                         #
#                                                               #
# Please see http://vina.scripps.edu for more information.      #
#################################################################

Output will be mol_datas/117-81-7_out.pdbqt
Reading input ... done.
Setting up the scoring function ... done.
Analyzing the binding site ... done.
Using random seed: 1000
Performing search ... done.
Refining results ... done.

mode |   affinity | dist from best mode
     | (kcal/mol) | rmsd l.b.| rmsd u.b.
-----+------------+----------+----------
   1         -8.0      0.000      0.000
   2         -7.9      0.651      7.559
   3         -7.6      4.390      8.438
   4         -7.3      1.196      2.016
   5         -7.1      1.989      5.115
   6         -6.9      2.037      4.135
   7         -6.3      0.705      7.755
   8         -6.1      3.013      8.158
   9         -6.0      2.877      6.552
  10         -5.9      2.420      8.415
  11         -5.9      1.244      7.612
  12         -5.8      3.120      5.879
  13         -5.3      2.964      6.456
  14         -5.1     13.560     15.972
  15         -5.1     13.712     15.251
  16         -5.1     13.340     14.869
Writing output ... done.
