#################################################################
# If you used AutoDock Vina in your work, please cite:          #
#                                                               #
# O. Trott, A. J. Olson,                                        #
# AutoDock Vina: improving the speed and accuracy of docking    #
# with a new scoring function, efficient optimization and       #
# multithreading, Journal of Computational Chemistry 31 (2010)  #
# 455-461                                                       #
#                                                               #
# DOI 10.1002/jcc.21334                                         #
#                                                               #
# Please see http://vina.scripps.edu for more information.      #
#################################################################

Output will be mol_datas/33089-61-1_out.pdbqt
Reading input ... done.
Setting up the scoring function ... done.
Analyzing the binding site ... done.
Using random seed: 1000
Performing search ... done.
Refining results ... done.

mode |   affinity | dist from best mode
     | (kcal/mol) | rmsd l.b.| rmsd u.b.
-----+------------+----------+----------
   1         -6.3      0.000      0.000
   2         -6.2      4.546      8.579
   3         -5.8      8.263     10.352
   4         -5.6     13.251     15.728
   5         -5.6     14.359     15.555
   6         -5.5     13.610     16.147
   7         -5.5     14.798     16.728
   8         -5.5     13.226     14.321
   9         -5.5     13.843     14.795
  10         -5.4     14.373     16.327
  11         -5.4     13.777     16.364
  12         -5.3     14.323     15.633
  13         -5.2     15.886     17.105
  14         -5.2     13.926     15.315
  15         -5.2     13.551     15.998
  16         -5.2     14.803     16.343
  17         -5.1     14.562     16.186
  18         -5.1     22.196     23.969
  19         -5.1     14.027     16.100
  20         -5.0     15.716     17.117
Writing output ... done.
