#################################################################
# If you used AutoDock Vina in your work, please cite:          #
#                                                               #
# O. Trott, A. J. Olson,                                        #
# AutoDock Vina: improving the speed and accuracy of docking    #
# with a new scoring function, efficient optimization and       #
# multithreading, Journal of Computational Chemistry 31 (2010)  #
# 455-461                                                       #
#                                                               #
# DOI 10.1002/jcc.21334                                         #
#                                                               #
# Please see http://vina.scripps.edu for more information.      #
#################################################################

Output will be mol_datas/106-51-4_out.pdbqt
Reading input ... done.
Setting up the scoring function ... done.
Analyzing the binding site ... done.
Using random seed: 1000
Performing search ... done.
Refining results ... done.

mode |   affinity | dist from best mode
     | (kcal/mol) | rmsd l.b.| rmsd u.b.
-----+------------+----------+----------
   1         -5.8      0.000      0.000
   2         -5.8      0.033      3.164
   3         -5.7      0.084      1.807
   4         -5.5      4.275      5.446
   5         -5.5      4.232      5.723
   6         -5.4      1.937      3.544
   7         -5.4      1.958      2.567
   8         -5.3      1.691      2.500
   9         -5.1      3.546      4.582
  10         -5.1      3.498      4.477
  11         -4.9      8.552      9.591
  12         -4.9      8.473     10.018
  13         -4.9      8.434      9.830
  14         -4.8      8.539      9.767
  15         -4.8      8.216      9.602
  16         -4.8      1.599      2.035
  17         -4.8      8.325      9.803
  18         -4.8      1.611      3.485
  19         -4.6      2.707      3.678
  20         -4.5      2.339      4.126
Writing output ... done.
