#################################################################
# If you used AutoDock Vina in your work, please cite:          #
#                                                               #
# O. Trott, A. J. Olson,                                        #
# AutoDock Vina: improving the speed and accuracy of docking    #
# with a new scoring function, efficient optimization and       #
# multithreading, Journal of Computational Chemistry 31 (2010)  #
# 455-461                                                       #
#                                                               #
# DOI 10.1002/jcc.21334                                         #
#                                                               #
# Please see http://vina.scripps.edu for more information.      #
#################################################################

Output will be mol_datas/83-32-9_out.pdbqt
Reading input ... done.
Setting up the scoring function ... done.
Analyzing the binding site ... done.
Using random seed: 1000
Performing search ... done.
Refining results ... done.

mode |   affinity | dist from best mode
     | (kcal/mol) | rmsd l.b.| rmsd u.b.
-----+------------+----------+----------
   1         -7.8      0.000      0.000
   2         -7.7      0.003      3.167
   3         -7.6      2.105      3.995
   4         -7.6      2.169      4.818
   5         -7.6      2.443      3.736
   6         -7.6      2.428      3.975
   7         -6.9      8.217     10.721
   8         -6.9      8.218     10.499
   9         -6.8      0.626      3.782
  10         -6.8      8.080     10.480
  11         -6.8      8.080     10.568
  12         -6.8      0.602      2.977
  13         -6.6      7.999     10.170
  14         -6.6      8.015     10.576
  15         -5.8      8.077     10.242
Writing output ... done.
