#################################################################
# If you used AutoDock Vina in your work, please cite:          #
#                                                               #
# O. Trott, A. J. Olson,                                        #
# AutoDock Vina: improving the speed and accuracy of docking    #
# with a new scoring function, efficient optimization and       #
# multithreading, Journal of Computational Chemistry 31 (2010)  #
# 455-461                                                       #
#                                                               #
# DOI 10.1002/jcc.21334                                         #
#                                                               #
# Please see http://vina.scripps.edu for more information.      #
#################################################################

Output will be mol_datas/77-65-6_out.pdbqt
Reading input ... done.
Setting up the scoring function ... done.
Analyzing the binding site ... done.
Using random seed: 1000
Performing search ... done.
Refining results ... done.

mode |   affinity | dist from best mode
     | (kcal/mol) | rmsd l.b.| rmsd u.b.
-----+------------+----------+----------
   1         -6.0      0.000      0.000
   2         -5.8      3.081      4.437
   3         -5.8      3.281      4.392
   4         -5.6      2.806      4.427
   5         -5.5      3.553      5.021
   6         -4.6      6.285      7.125
   7         -4.5      6.339      6.978
   8         -4.3      7.080      8.086
   9         -4.0      2.861      4.074
  10         -3.9      7.096      8.272
  11         -3.8     15.507     16.042
  12         -3.8      7.414      8.600
  13         -3.6     15.468     15.963
  14         -3.5     18.024     18.949
  15         -3.5      4.675      5.937
  16         -3.5     15.394     15.886
  17         -3.5     19.034     19.893
  18         -3.4     18.967     19.764
  19         -3.3     17.632     18.841
  20         -3.3     18.231     19.246
Writing output ... done.
