#################################################################
# If you used AutoDock Vina in your work, please cite:          #
#                                                               #
# O. Trott, A. J. Olson,                                        #
# AutoDock Vina: improving the speed and accuracy of docking    #
# with a new scoring function, efficient optimization and       #
# multithreading, Journal of Computational Chemistry 31 (2010)  #
# 455-461                                                       #
#                                                               #
# DOI 10.1002/jcc.21334                                         #
#                                                               #
# Please see http://vina.scripps.edu for more information.      #
#################################################################

Output will be mol_datas/636-26-0_out.pdbqt
Reading input ... done.
Setting up the scoring function ... done.
Analyzing the binding site ... done.
Using random seed: 1000
Performing search ... done.
Refining results ... done.

mode |   affinity | dist from best mode
     | (kcal/mol) | rmsd l.b.| rmsd u.b.
-----+------------+----------+----------
   1         -5.2      0.000      0.000
   2         -5.1      1.791      1.935
   3         -5.1      3.835      4.753
   4         -4.9      3.019      3.563
   5         -4.9      3.540      4.592
   6         -4.8      4.235      5.245
   7         -4.8     10.358     11.293
   8         -4.7      3.752      4.414
   9         -4.7      9.375     10.224
  10         -4.7      1.413      1.527
  11         -4.7      1.702      2.340
  12         -4.6      2.442      3.489
  13         -4.6      2.793      3.716
  14         -4.5      9.508     10.373
  15         -4.4      6.141      7.531
  16         -4.4      8.177      9.568
  17         -4.4      3.956      4.566
  18         -4.4      3.780      4.182
  19         -4.3      6.777      7.705
  20         -4.3     10.774     11.831
Writing output ... done.
