#################################################################
# If you used AutoDock Vina in your work, please cite:          #
#                                                               #
# O. Trott, A. J. Olson,                                        #
# AutoDock Vina: improving the speed and accuracy of docking    #
# with a new scoring function, efficient optimization and       #
# multithreading, Journal of Computational Chemistry 31 (2010)  #
# 455-461                                                       #
#                                                               #
# DOI 10.1002/jcc.21334                                         #
#                                                               #
# Please see http://vina.scripps.edu for more information.      #
#################################################################

Output will be mol_datas/91-58-7_out.pdbqt
Reading input ... done.
Setting up the scoring function ... done.
Analyzing the binding site ... done.
Using random seed: 1000
Performing search ... done.
Refining results ... done.

mode |   affinity | dist from best mode
     | (kcal/mol) | rmsd l.b.| rmsd u.b.
-----+------------+----------+----------
   1         -8.0      0.000      0.000
   2         -7.7      1.451      2.426
   3         -7.5      2.914      4.345
   4         -7.3      2.907      5.152
   5         -7.0      2.664      3.820
   6         -6.7      2.624      3.956
   7         -6.6      2.193      3.970
   8         -6.4      2.389      4.042
   9         -6.2      8.842     10.767
  10         -6.2      8.656     10.311
  11         -6.1      0.908      2.317
  12         -6.1      9.105     10.578
  13         -6.0      2.466      4.484
  14         -5.9      2.700      3.817
  15         -5.5      1.693      2.250
  16         -5.4      9.141     10.734
  17         -5.1      3.495      4.312
Writing output ... done.
