#################################################################
# If you used AutoDock Vina in your work, please cite:          #
#                                                               #
# O. Trott, A. J. Olson,                                        #
# AutoDock Vina: improving the speed and accuracy of docking    #
# with a new scoring function, efficient optimization and       #
# multithreading, Journal of Computational Chemistry 31 (2010)  #
# 455-461                                                       #
#                                                               #
# DOI 10.1002/jcc.21334                                         #
#                                                               #
# Please see http://vina.scripps.edu for more information.      #
#################################################################

Output will be mol_datas/7012-37-5_out.pdbqt
Reading input ... done.
Setting up the scoring function ... done.
Analyzing the binding site ... done.
Using random seed: 1000
Performing search ... done.
Refining results ... done.

mode |   affinity | dist from best mode
     | (kcal/mol) | rmsd l.b.| rmsd u.b.
-----+------------+----------+----------
   1         -6.7      0.000      0.000
   2         -6.6      1.372      6.093
   3         -6.3      6.409      7.786
   4         -6.1      1.781      6.443
   5         -6.1      2.553      4.347
   6         -6.0      6.813      8.516
   7         -5.9      6.861      8.018
   8         -5.9      3.312      4.448
   9         -5.7      2.204      3.696
  10         -5.6      5.288      6.929
  11         -5.5      2.988      7.789
  12         -5.3      1.365      5.863
  13         -5.0      4.746      6.270
  14         -4.9     19.489     21.012
  15         -4.8     14.099     15.506
  16         -4.7     13.925     14.998
  17         -4.6     14.070     15.596
  18         -4.5      4.280      6.123
  19         -4.5     14.546     15.247
  20         -4.4     14.650     16.252
Writing output ... done.
