#################################################################
# If you used AutoDock Vina in your work, please cite:          #
#                                                               #
# O. Trott, A. J. Olson,                                        #
# AutoDock Vina: improving the speed and accuracy of docking    #
# with a new scoring function, efficient optimization and       #
# multithreading, Journal of Computational Chemistry 31 (2010)  #
# 455-461                                                       #
#                                                               #
# DOI 10.1002/jcc.21334                                         #
#                                                               #
# Please see http://vina.scripps.edu for more information.      #
#################################################################

Output will be mol_datas/108-68-9_out.pdbqt
Reading input ... done.
Setting up the scoring function ... done.
Analyzing the binding site ... done.
Using random seed: 1000
Performing search ... done.
Refining results ... done.

mode |   affinity | dist from best mode
     | (kcal/mol) | rmsd l.b.| rmsd u.b.
-----+------------+----------+----------
   1         -6.4      0.000      0.000
   2         -6.4      0.048      2.877
   3         -6.1      2.016      3.447
   4         -6.1      1.980      3.366
   5         -5.9      3.373      5.019
   6         -5.9      3.353      4.486
   7         -5.8      2.076      3.715
   8         -5.8      2.186      2.737
   9         -5.8      2.764      4.463
  10         -5.7      1.966      3.699
  11         -5.7      8.582      9.962
  12         -5.6      8.714     10.217
  13         -5.6      1.903      2.843
  14         -5.6      1.587      3.215
  15         -5.5      8.517     10.696
  16         -5.5      8.516     10.957
  17         -5.3      9.398     11.048
  18         -5.3      9.255     11.127
  19         -5.3      3.204      4.211
  20         -5.3      7.995     10.292
Writing output ... done.
