#################################################################
# If you used AutoDock Vina in your work, please cite:          #
#                                                               #
# O. Trott, A. J. Olson,                                        #
# AutoDock Vina: improving the speed and accuracy of docking    #
# with a new scoring function, efficient optimization and       #
# multithreading, Journal of Computational Chemistry 31 (2010)  #
# 455-461                                                       #
#                                                               #
# DOI 10.1002/jcc.21334                                         #
#                                                               #
# Please see http://vina.scripps.edu for more information.      #
#################################################################

Output will be mol_datas/628-63-7_out.pdbqt
Reading input ... done.
Setting up the scoring function ... done.
Analyzing the binding site ... done.
Using random seed: 1000
Performing search ... done.
Refining results ... done.

mode |   affinity | dist from best mode
     | (kcal/mol) | rmsd l.b.| rmsd u.b.
-----+------------+----------+----------
   1         -5.4      0.000      0.000
   2         -5.1      2.272      4.540
   3         -5.0      2.854      3.865
   4         -5.0      1.310      2.204
   5         -5.0      1.536      2.059
   6         -4.9      1.509      2.009
   7         -4.9      2.355      4.580
   8         -4.9      1.611      3.737
   9         -4.8      2.358      3.215
  10         -4.7      1.653      3.915
  11         -4.6      2.776      4.546
  12         -4.5      8.792     10.148
  13         -4.4      4.357      5.758
  14         -4.4      8.463     10.502
  15         -4.4      8.883     10.913
  16         -4.3      2.069      4.545
  17         -4.3      6.040      7.524
  18         -4.2      9.097     11.241
  19         -4.2      4.165      5.442
  20         -4.1      8.828     10.998
Writing output ... done.
