#################################################################
# If you used AutoDock Vina in your work, please cite:          #
#                                                               #
# O. Trott, A. J. Olson,                                        #
# AutoDock Vina: improving the speed and accuracy of docking    #
# with a new scoring function, efficient optimization and       #
# multithreading, Journal of Computational Chemistry 31 (2010)  #
# 455-461                                                       #
#                                                               #
# DOI 10.1002/jcc.21334                                         #
#                                                               #
# Please see http://vina.scripps.edu for more information.      #
#################################################################

Output will be mol_datas/16529-66-1_out.pdbqt
Reading input ... done.
Setting up the scoring function ... done.
Analyzing the binding site ... done.
Using random seed: 1000
Performing search ... done.
Refining results ... done.

mode |   affinity | dist from best mode
     | (kcal/mol) | rmsd l.b.| rmsd u.b.
-----+------------+----------+----------
   1         -4.7      0.000      0.000
   2         -4.5      2.389      2.720
   3         -4.3      3.167      4.909
   4         -4.0     10.345     10.917
   5         -4.0      4.635      5.762
   6         -4.0      2.181      3.759
   7         -3.9      3.691      4.374
   8         -3.9     12.567     13.196
   9         -3.8      2.898      4.116
  10         -3.8     11.983     12.570
  11         -3.7     10.571     11.099
  12         -3.7     11.818     12.353
  13         -3.6      3.019      3.547
  14         -3.6     10.052     10.607
  15         -3.6      6.580      7.268
  16         -3.5     12.156     12.878
  17         -3.5      9.190      9.734
  18         -3.4     12.931     13.608
  19         -3.4     12.014     12.643
  20         -3.3     10.828     11.457
Writing output ... done.
