#################################################################
# If you used AutoDock Vina in your work, please cite:          #
#                                                               #
# O. Trott, A. J. Olson,                                        #
# AutoDock Vina: improving the speed and accuracy of docking    #
# with a new scoring function, efficient optimization and       #
# multithreading, Journal of Computational Chemistry 31 (2010)  #
# 455-461                                                       #
#                                                               #
# DOI 10.1002/jcc.21334                                         #
#                                                               #
# Please see http://vina.scripps.edu for more information.      #
#################################################################

Output will be mol_datas/123-31-9_out.pdbqt
Reading input ... done.
Setting up the scoring function ... done.
Analyzing the binding site ... done.
Using random seed: 1000
Performing search ... done.
Refining results ... done.

mode |   affinity | dist from best mode
     | (kcal/mol) | rmsd l.b.| rmsd u.b.
-----+------------+----------+----------
   1         -5.7      0.000      0.000
   2         -5.6      0.013      3.281
   3         -5.6      0.030      1.713
   4         -5.2      1.974      2.562
   5         -5.1      4.385      5.504
   6         -5.1      1.945      3.667
   7         -5.1      1.945      3.924
   8         -5.1      4.319      5.814
   9         -5.0      3.743      4.773
  10         -4.9      8.849     10.265
  11         -4.8      8.084      9.157
  12         -4.8      8.761     10.193
  13         -4.8      8.691      9.735
  14         -4.8      8.388      9.775
  15         -4.8      8.700      9.605
  16         -4.8      8.759     10.320
  17         -4.8      1.540      3.646
  18         -4.8      8.789      9.849
  19         -4.8      8.762     10.135
  20         -4.8      4.149      5.367
Writing output ... done.
