#################################################################
# If you used AutoDock Vina in your work, please cite:          #
#                                                               #
# O. Trott, A. J. Olson,                                        #
# AutoDock Vina: improving the speed and accuracy of docking    #
# with a new scoring function, efficient optimization and       #
# multithreading, Journal of Computational Chemistry 31 (2010)  #
# 455-461                                                       #
#                                                               #
# DOI 10.1002/jcc.21334                                         #
#                                                               #
# Please see http://vina.scripps.edu for more information.      #
#################################################################

Output will be mol_datas/298-81-7_out.pdbqt
Reading input ... done.
Setting up the scoring function ... done.
Analyzing the binding site ... done.
Using random seed: 1000
Performing search ... done.
Refining results ... done.

mode |   affinity | dist from best mode
     | (kcal/mol) | rmsd l.b.| rmsd u.b.
-----+------------+----------+----------
   1         -7.2      0.000      0.000
   2         -6.9      1.048      4.491
   3         -6.7      8.148      9.286
   4         -6.5      1.599      3.357
   5         -6.5      0.997      1.093
   6         -6.5      1.946      4.069
   7         -6.3      7.790      9.887
   8         -6.3      7.507     10.058
   9         -6.1      6.883      9.451
  10         -6.0      1.744      3.875
  11         -5.7      5.477      8.877
  12         -5.7      7.415     10.508
  13         -5.5      1.805      5.461
  14         -5.5      1.723      4.590
  15         -5.3      1.823      3.794
  16         -5.1     19.809     21.441
  17         -4.5     15.502     16.769
  18         -4.4      1.918      5.199
Writing output ... done.
