#################################################################
# If you used AutoDock Vina in your work, please cite:          #
#                                                               #
# O. Trott, A. J. Olson,                                        #
# AutoDock Vina: improving the speed and accuracy of docking    #
# with a new scoring function, efficient optimization and       #
# multithreading, Journal of Computational Chemistry 31 (2010)  #
# 455-461                                                       #
#                                                               #
# DOI 10.1002/jcc.21334                                         #
#                                                               #
# Please see http://vina.scripps.edu for more information.      #
#################################################################

Output will be mol_datas/100-63-0_out.pdbqt
Reading input ... done.
Setting up the scoring function ... done.
Analyzing the binding site ... done.
Using random seed: 1000
Performing search ... done.
Refining results ... done.

mode |   affinity | dist from best mode
     | (kcal/mol) | rmsd l.b.| rmsd u.b.
-----+------------+----------+----------
   1         -6.3      0.000      0.000
   2         -6.3      0.070      1.714
   3         -5.7      4.457      5.399
   4         -5.5      3.698      4.559
   5         -5.4     10.224     11.354
   6         -5.4     10.205     11.258
   7         -5.3      2.153      3.265
   8         -5.2      9.902     10.903
   9         -5.2      9.957     10.910
  10         -5.1     11.556     12.549
  11         -5.1      4.248      5.323
  12         -5.0      4.062      4.862
  13         -4.9      2.342      3.393
  14         -4.9     11.257     12.302
  15         -4.7      4.005      4.819
  16         -4.6      9.880     10.976
  17         -4.5      3.446      4.294
  18         -4.3     13.101     14.042
  19         -3.8      6.775      7.997
  20         -3.7     13.289     14.198
Writing output ... done.
