#################################################################
# If you used AutoDock Vina in your work, please cite:          #
#                                                               #
# O. Trott, A. J. Olson,                                        #
# AutoDock Vina: improving the speed and accuracy of docking    #
# with a new scoring function, efficient optimization and       #
# multithreading, Journal of Computational Chemistry 31 (2010)  #
# 455-461                                                       #
#                                                               #
# DOI 10.1002/jcc.21334                                         #
#                                                               #
# Please see http://vina.scripps.edu for more information.      #
#################################################################

Output will be mol_datas/299-42-3_out.pdbqt
Reading input ... done.
Setting up the scoring function ... done.
Analyzing the binding site ... done.
Using random seed: 1000
Performing search ... done.
Refining results ... done.

mode |   affinity | dist from best mode
     | (kcal/mol) | rmsd l.b.| rmsd u.b.
-----+------------+----------+----------
   1         -7.1      0.000      0.000
   2         -6.8      1.013      2.163
   3         -6.7      1.580      4.843
   4         -6.5      2.224      5.005
   5         -6.2      3.252      4.872
   6         -6.1      7.072      9.539
   7         -5.9      8.022     10.446
   8         -5.3      9.746     10.828
   9         -5.1     10.294     12.265
  10         -5.1      7.050      8.843
  11         -4.9      6.404      8.144
  12         -4.9     10.319     12.655
  13         -4.9      9.733     10.727
  14         -4.8      9.723     11.975
  15         -4.6     10.104     12.129
  16         -4.6      9.650     11.948
  17         -4.5      9.539     12.116
Writing output ... done.
