#################################################################
# If you used AutoDock Vina in your work, please cite:          #
#                                                               #
# O. Trott, A. J. Olson,                                        #
# AutoDock Vina: improving the speed and accuracy of docking    #
# with a new scoring function, efficient optimization and       #
# multithreading, Journal of Computational Chemistry 31 (2010)  #
# 455-461                                                       #
#                                                               #
# DOI 10.1002/jcc.21334                                         #
#                                                               #
# Please see http://vina.scripps.edu for more information.      #
#################################################################

Output will be mol_datas/118-10-5_out.pdbqt
Reading input ... done.
Setting up the scoring function ... done.
Analyzing the binding site ... done.
Using random seed: 1000
Performing search ... done.
Refining results ... done.

mode |   affinity | dist from best mode
     | (kcal/mol) | rmsd l.b.| rmsd u.b.
-----+------------+----------+----------
   1         -6.4      0.000      0.000
   2         -6.0     13.785     14.487
   3         -5.8     13.432     15.559
   4         -5.7     14.751     15.432
   5         -5.6      4.693      8.028
   6         -5.6     14.473     16.163
   7         -5.6     14.129     14.959
   8         -5.6     18.786     20.252
   9         -5.5     14.192     15.837
  10         -5.4     15.532     16.432
  11         -5.4     15.444     16.811
  12         -5.3     14.550     15.334
  13         -5.2     13.703     14.597
  14         -5.2     15.618     17.515
  15         -5.1     22.753     25.497
  16         -5.1     15.477     16.901
  17         -5.1     13.925     15.940
  18         -5.0     16.252     17.104
  19         -5.0     15.369     16.692
  20         -5.0     18.401     19.746
Writing output ... done.
