#################################################################
# If you used AutoDock Vina in your work, please cite:          #
#                                                               #
# O. Trott, A. J. Olson,                                        #
# AutoDock Vina: improving the speed and accuracy of docking    #
# with a new scoring function, efficient optimization and       #
# multithreading, Journal of Computational Chemistry 31 (2010)  #
# 455-461                                                       #
#                                                               #
# DOI 10.1002/jcc.21334                                         #
#                                                               #
# Please see http://vina.scripps.edu for more information.      #
#################################################################

Output will be mol_datas/79-01-6_out.pdbqt
Reading input ... done.
Setting up the scoring function ... done.
Analyzing the binding site ... done.
Using random seed: 1000
Performing search ... done.
Refining results ... done.

mode |   affinity | dist from best mode
     | (kcal/mol) | rmsd l.b.| rmsd u.b.
-----+------------+----------+----------
   1         -3.8      0.000      0.000
   2         -3.7      1.759      2.543
   3         -3.7      0.601      2.826
   4         -3.6      1.464      3.369
   5         -3.6      1.461      2.068
   6         -3.5      4.393      5.204
   7         -3.4      3.930      5.161
   8         -3.4      4.906      5.751
   9         -3.4      1.795      3.159
  10         -3.3      4.151      4.687
  11         -3.3      3.932      4.905
  12         -3.3      1.811      3.416
  13         -3.3      3.703      4.797
  14         -3.3      1.806      2.728
  15         -3.2      3.720      4.520
  16         -3.2      8.022      8.959
  17         -3.1      7.065      7.723
  18         -3.1      3.298      3.953
  19         -3.1      3.618      3.916
  20         -3.0      8.290      9.252
Writing output ... done.
