#################################################################
# If you used AutoDock Vina in your work, please cite:          #
#                                                               #
# O. Trott, A. J. Olson,                                        #
# AutoDock Vina: improving the speed and accuracy of docking    #
# with a new scoring function, efficient optimization and       #
# multithreading, Journal of Computational Chemistry 31 (2010)  #
# 455-461                                                       #
#                                                               #
# DOI 10.1002/jcc.21334                                         #
#                                                               #
# Please see http://vina.scripps.edu for more information.      #
#################################################################

Output will be mol_datas/52-67-5_out.pdbqt
Reading input ... done.
Setting up the scoring function ... done.
Analyzing the binding site ... done.
Using random seed: 1000
Performing search ... done.
Refining results ... done.

mode |   affinity | dist from best mode
     | (kcal/mol) | rmsd l.b.| rmsd u.b.
-----+------------+----------+----------
   1         -4.7      0.000      0.000
   2         -4.4      2.083      2.548
   3         -4.1      3.217      3.803
   4         -4.0      3.627      4.098
   5         -3.8      2.094      2.636
   6         -3.7      2.663      3.227
   7         -3.6      2.180      2.782
   8         -3.5      8.074      8.893
   9         -3.5      2.898      3.632
  10         -3.3      8.183      8.706
  11         -3.2      7.649      8.280
  12         -3.0      8.081      8.863
  13         -3.0      4.592      4.970
  14         -2.9      9.184      9.907
  15         -2.8     17.955     18.383
  16         -2.8      3.112      3.730
  17         -2.8     17.530     18.103
  18         -2.8      2.605      3.217
  19         -2.7     19.273     19.981
Writing output ... done.
