#################################################################
# If you used AutoDock Vina in your work, please cite:          #
#                                                               #
# O. Trott, A. J. Olson,                                        #
# AutoDock Vina: improving the speed and accuracy of docking    #
# with a new scoring function, efficient optimization and       #
# multithreading, Journal of Computational Chemistry 31 (2010)  #
# 455-461                                                       #
#                                                               #
# DOI 10.1002/jcc.21334                                         #
#                                                               #
# Please see http://vina.scripps.edu for more information.      #
#################################################################

Output will be mol_datas/98-96-4_out.pdbqt
Reading input ... done.
Setting up the scoring function ... done.
Analyzing the binding site ... done.
Using random seed: 1000
Performing search ... done.
Refining results ... done.

mode |   affinity | dist from best mode
     | (kcal/mol) | rmsd l.b.| rmsd u.b.
-----+------------+----------+----------
   1         -5.1      0.000      0.000
   2         -5.0      2.141      3.595
   3         -5.0      3.128      4.321
   4         -4.9      1.768      2.481
   5         -4.8      2.075      3.554
   6         -4.8      8.807      9.928
   7         -4.7      9.567     10.699
   8         -4.7      4.041      5.183
   9         -4.7      9.725     10.854
  10         -4.6      4.019      5.099
  11         -4.6     10.581     11.555
  12         -4.6      9.482     10.301
  13         -4.5      9.033     10.327
  14         -4.4     10.017     11.062
  15         -4.4     10.418     11.511
  16         -4.4     10.301     11.378
  17         -4.3      9.521     10.420
  18         -4.3      2.373      3.125
  19         -4.3      7.336      8.211
  20         -3.7      9.431     10.431
Writing output ... done.
