#################################################################
# If you used AutoDock Vina in your work, please cite:          #
#                                                               #
# O. Trott, A. J. Olson,                                        #
# AutoDock Vina: improving the speed and accuracy of docking    #
# with a new scoring function, efficient optimization and       #
# multithreading, Journal of Computational Chemistry 31 (2010)  #
# 455-461                                                       #
#                                                               #
# DOI 10.1002/jcc.21334                                         #
#                                                               #
# Please see http://vina.scripps.edu for more information.      #
#################################################################

Output will be mol_datas/93-60-7_out.pdbqt
Reading input ... done.
Setting up the scoring function ... done.
Analyzing the binding site ... done.
Using random seed: 1000
Performing search ... done.
Refining results ... done.

mode |   affinity | dist from best mode
     | (kcal/mol) | rmsd l.b.| rmsd u.b.
-----+------------+----------+----------
   1         -5.8      0.000      0.000
   2         -5.7      2.630      4.529
   3         -5.6      3.055      4.606
   4         -5.5      3.050      4.737
   5         -5.3      8.243      9.395
   6         -5.3      1.706      2.773
   7         -5.2      8.264      9.703
   8         -5.0      2.143      3.404
   9         -5.0      2.826      4.092
  10         -5.0      8.923     10.318
  11         -5.0      9.769     11.178
  12         -4.9      9.632     10.676
  13         -4.6      7.413      8.567
  14         -4.5      9.139     10.490
  15         -4.4      8.936     10.079
  16         -4.4      9.872     11.136
  17         -4.3      7.573      8.583
  18         -4.3     10.631     11.943
  19         -4.2      2.456      2.991
  20         -3.9      9.412     10.523
Writing output ... done.
