#################################################################
# If you used AutoDock Vina in your work, please cite:          #
#                                                               #
# O. Trott, A. J. Olson,                                        #
# AutoDock Vina: improving the speed and accuracy of docking    #
# with a new scoring function, efficient optimization and       #
# multithreading, Journal of Computational Chemistry 31 (2010)  #
# 455-461                                                       #
#                                                               #
# DOI 10.1002/jcc.21334                                         #
#                                                               #
# Please see http://vina.scripps.edu for more information.      #
#################################################################

Output will be mol_datas/540-36-3_out.pdbqt
Reading input ... done.
Setting up the scoring function ... done.
Analyzing the binding site ... done.
Using random seed: 1000
Performing search ... done.
Refining results ... done.

mode |   affinity | dist from best mode
     | (kcal/mol) | rmsd l.b.| rmsd u.b.
-----+------------+----------+----------
   1         -5.8      0.000      0.000
   2         -5.7      0.076      3.670
   3         -5.6      4.233      5.636
   4         -5.6      4.182      5.851
   5         -5.6      4.178      5.193
   6         -5.6      4.170      5.415
   7         -5.4      1.953      2.774
   8         -5.4      1.931      2.865
   9         -5.3      3.930      5.200
  10         -5.3      3.912      5.327
  11         -5.3      1.223      2.266
  12         -5.2      1.459      4.036
  13         -5.2      3.762      4.383
  14         -5.1      3.316      4.245
  15         -5.0      2.496      4.264
  16         -4.9      2.131      3.323
  17         -4.8     10.185     11.385
  18         -4.6     10.289     11.559
  19         -4.6      3.731      4.452
  20         -4.6      9.813     11.077
Writing output ... done.
