#################################################################
# If you used AutoDock Vina in your work, please cite:          #
#                                                               #
# O. Trott, A. J. Olson,                                        #
# AutoDock Vina: improving the speed and accuracy of docking    #
# with a new scoring function, efficient optimization and       #
# multithreading, Journal of Computational Chemistry 31 (2010)  #
# 455-461                                                       #
#                                                               #
# DOI 10.1002/jcc.21334                                         #
#                                                               #
# Please see http://vina.scripps.edu for more information.      #
#################################################################

Output will be mol_datas/109-69-3_out.pdbqt
Reading input ... done.
Setting up the scoring function ... done.
Analyzing the binding site ... done.
Using random seed: 1000
Performing search ... done.
Refining results ... done.

mode |   affinity | dist from best mode
     | (kcal/mol) | rmsd l.b.| rmsd u.b.
-----+------------+----------+----------
   1         -4.0      0.000      0.000
   2         -3.8      1.752      2.445
   3         -3.5      5.042      5.764
   4         -3.4      2.677      3.846
   5         -3.4      2.442      2.850
   6         -3.3      2.090      3.165
   7         -3.2      4.356      5.221
   8         -3.2      2.469      3.168
   9         -3.2      3.831      4.254
  10         -3.1      3.900      4.754
  11         -3.1      9.991     10.970
  12         -3.1     12.682     13.586
  13         -3.1      3.191      4.012
  14         -3.1     12.058     12.758
  15         -3.0     11.915     12.941
  16         -3.0     12.560     13.254
  17         -3.0     10.671     11.643
  18         -2.9      3.626      4.428
  19         -2.9      9.865     10.836
  20         -2.8     11.415     12.224
Writing output ... done.
