#################################################################
# If you used AutoDock Vina in your work, please cite:          #
#                                                               #
# O. Trott, A. J. Olson,                                        #
# AutoDock Vina: improving the speed and accuracy of docking    #
# with a new scoring function, efficient optimization and       #
# multithreading, Journal of Computational Chemistry 31 (2010)  #
# 455-461                                                       #
#                                                               #
# DOI 10.1002/jcc.21334                                         #
#                                                               #
# Please see http://vina.scripps.edu for more information.      #
#################################################################

Output will be mol_datas/6305-71-1_out.pdbqt
Reading input ... done.
Setting up the scoring function ... done.
Analyzing the binding site ... done.
Using random seed: 1000
Performing search ... done.
Refining results ... done.

mode |   affinity | dist from best mode
     | (kcal/mol) | rmsd l.b.| rmsd u.b.
-----+------------+----------+----------
   1         -5.1      0.000      0.000
   2         -4.9      2.704      4.069
   3         -4.8      2.386      3.949
   4         -4.8      1.580      3.592
   5         -4.7      3.275      4.178
   6         -4.6      1.994      2.698
   7         -4.6      2.240      3.947
   8         -4.5      1.727      2.090
   9         -4.5      8.661     10.210
  10         -4.5      8.662     10.149
  11         -4.4      3.361      4.137
  12         -4.3      3.109      5.251
  13         -4.3      6.825      8.482
  14         -4.3      2.321      3.135
  15         -4.2      2.929      4.764
  16         -4.1      3.522      5.148
  17         -4.1      9.400     10.633
  18         -4.0     12.078     13.304
  19         -4.0      3.708      4.511
  20         -4.0      2.628      3.519
Writing output ... done.
