#################################################################
# If you used AutoDock Vina in your work, please cite:          #
#                                                               #
# O. Trott, A. J. Olson,                                        #
# AutoDock Vina: improving the speed and accuracy of docking    #
# with a new scoring function, efficient optimization and       #
# multithreading, Journal of Computational Chemistry 31 (2010)  #
# 455-461                                                       #
#                                                               #
# DOI 10.1002/jcc.21334                                         #
#                                                               #
# Please see http://vina.scripps.edu for more information.      #
#################################################################

Output will be mol_datas/2939-80-2_out.pdbqt
Reading input ... done.
Setting up the scoring function ... done.
Analyzing the binding site ... done.
Using random seed: 1000
Performing search ... done.
Refining results ... done.

mode |   affinity | dist from best mode
     | (kcal/mol) | rmsd l.b.| rmsd u.b.
-----+------------+----------+----------
   1         -5.3      0.000      0.000
   2         -5.2      9.216     11.285
   3         -5.2      0.569      2.355
   4         -4.6     15.901     16.996
   5         -4.5     16.606     17.806
   6         -4.5     16.051     17.190
   7         -4.3      0.913      1.941
   8         -4.3      2.637      5.369
   9         -4.0     15.693     16.716
  10         -3.9     16.439     17.625
  11         -3.9     16.275     17.105
  12         -3.8     16.477     17.769
  13         -3.6     16.660     17.178
  14         -3.6     16.368     17.799
  15         -3.5     16.275     17.066
  16         -3.4     16.454     17.239
  17         -3.4     16.458     17.095
  18         -3.3     16.607     17.711
  19         -3.3     16.519     17.236
  20         -3.2     16.725     17.848
Writing output ... done.
