#################################################################
# If you used AutoDock Vina in your work, please cite:          #
#                                                               #
# O. Trott, A. J. Olson,                                        #
# AutoDock Vina: improving the speed and accuracy of docking    #
# with a new scoring function, efficient optimization and       #
# multithreading, Journal of Computational Chemistry 31 (2010)  #
# 455-461                                                       #
#                                                               #
# DOI 10.1002/jcc.21334                                         #
#                                                               #
# Please see http://vina.scripps.edu for more information.      #
#################################################################

Output will be mol_datas/77-74-7_out.pdbqt
Reading input ... done.
Setting up the scoring function ... done.
Analyzing the binding site ... done.
Using random seed: 1000
Performing search ... done.
Refining results ... done.

mode |   affinity | dist from best mode
     | (kcal/mol) | rmsd l.b.| rmsd u.b.
-----+------------+----------+----------
   1         -4.7      0.000      0.000
   2         -4.7      0.627      2.730
   3         -4.7      0.955      2.569
   4         -4.5      4.573      5.586
   5         -4.4      1.561      2.018
   6         -4.0      1.658      2.676
   7         -4.0      7.517      8.701
   8         -4.0      1.584      2.237
   9         -4.0      1.983      2.619
  10         -3.8      7.483      9.002
  11         -3.8      7.860      9.342
  12         -3.6      8.109      9.294
  13         -3.6      8.398     10.008
  14         -3.5     16.853     17.729
  15         -3.3      9.298     10.568
  16         -3.3     16.597     17.899
  17         -3.3     16.680     17.597
  18         -3.2     17.704     18.920
  19         -3.1     16.518     17.582
  20         -3.0     16.692     17.912
Writing output ... done.
