#################################################################
# If you used AutoDock Vina in your work, please cite:          #
#                                                               #
# O. Trott, A. J. Olson,                                        #
# AutoDock Vina: improving the speed and accuracy of docking    #
# with a new scoring function, efficient optimization and       #
# multithreading, Journal of Computational Chemistry 31 (2010)  #
# 455-461                                                       #
#                                                               #
# DOI 10.1002/jcc.21334                                         #
#                                                               #
# Please see http://vina.scripps.edu for more information.      #
#################################################################

Output will be mol_datas/50-99-7_out.pdbqt
Reading input ... done.
Setting up the scoring function ... done.
Analyzing the binding site ... done.
Using random seed: 1000
Performing search ... done.
Refining results ... done.

mode |   affinity | dist from best mode
     | (kcal/mol) | rmsd l.b.| rmsd u.b.
-----+------------+----------+----------
   1         -5.3      0.000      0.000
   2         -4.8      2.807      4.332
   3         -4.8      1.794      3.677
   4         -4.8      1.799      3.382
   5         -4.7      1.946      4.418
   6         -4.6      7.223      9.154
   7         -4.6      1.761      2.985
   8         -4.5      1.970      3.259
   9         -4.4      1.849      3.631
  10         -4.4      1.585      2.893
  11         -4.4      7.495      9.371
  12         -4.3      3.250      6.249
  13         -4.2      7.353      8.849
  14         -4.2      2.054      3.157
  15         -4.1      7.366      9.984
  16         -4.1      2.077      2.963
  17         -4.1      1.274      4.054
  18         -4.1      1.559      3.761
  19         -4.0      7.773      9.329
  20         -3.9      1.279      2.912
Writing output ... done.
