#################################################################
# If you used AutoDock Vina in your work, please cite:          #
#                                                               #
# O. Trott, A. J. Olson,                                        #
# AutoDock Vina: improving the speed and accuracy of docking    #
# with a new scoring function, efficient optimization and       #
# multithreading, Journal of Computational Chemistry 31 (2010)  #
# 455-461                                                       #
#                                                               #
# DOI 10.1002/jcc.21334                                         #
#                                                               #
# Please see http://vina.scripps.edu for more information.      #
#################################################################

Output will be mol_datas/111-71-7_out.pdbqt
Reading input ... done.
Setting up the scoring function ... done.
Analyzing the binding site ... done.
Using random seed: 1000
Performing search ... done.
Refining results ... done.

mode |   affinity | dist from best mode
     | (kcal/mol) | rmsd l.b.| rmsd u.b.
-----+------------+----------+----------
   1         -4.9      0.000      0.000
   2         -4.9      2.768      4.719
   3         -4.9      2.569      2.947
   4         -4.8      2.040      2.470
   5         -4.6      2.776      4.912
   6         -4.5      1.711      2.241
   7         -4.4      3.551      4.284
   8         -4.4      3.594      4.657
   9         -4.4      9.711     10.979
  10         -4.3      3.852      5.282
  11         -4.2      3.440      4.938
  12         -4.2     10.807     11.964
  13         -4.1      2.930      3.961
  14         -4.1     10.491     11.639
  15         -4.1      2.529      3.852
  16         -4.0     10.268     11.266
  17         -4.0     11.043     11.784
  18         -4.0     10.055     11.240
  19         -4.0     10.607     11.735
  20         -3.8     10.973     12.007
Writing output ... done.
