#################################################################
# If you used AutoDock Vina in your work, please cite:          #
#                                                               #
# O. Trott, A. J. Olson,                                        #
# AutoDock Vina: improving the speed and accuracy of docking    #
# with a new scoring function, efficient optimization and       #
# multithreading, Journal of Computational Chemistry 31 (2010)  #
# 455-461                                                       #
#                                                               #
# DOI 10.1002/jcc.21334                                         #
#                                                               #
# Please see http://vina.scripps.edu for more information.      #
#################################################################

Output will be mol_datas/598-55-0_out.pdbqt
Reading input ... done.
Setting up the scoring function ... done.
Analyzing the binding site ... done.
Using random seed: 1000
Performing search ... done.
Refining results ... done.

mode |   affinity | dist from best mode
     | (kcal/mol) | rmsd l.b.| rmsd u.b.
-----+------------+----------+----------
   1         -3.5      0.000      0.000
   2         -3.4      2.227      2.445
   3         -3.3      1.298      2.603
   4         -3.2      2.213      2.213
   5         -3.2      2.585      3.160
   6         -3.1      7.192      7.455
   7         -3.1      8.697      8.932
   8         -3.0      8.706      8.737
   9         -3.0      8.055      8.285
  10         -3.0      6.884      7.127
  11         -3.0      5.126      5.395
  12         -2.9     11.069     11.150
  13         -2.9      5.462      5.511
  14         -2.8      2.119      2.848
  15         -2.8      9.367      9.509
  16         -2.8      9.356      9.404
  17         -2.7      9.213      9.414
  18         -2.7      4.067      4.213
  19         -2.7     11.036     11.208
  20         -2.6     12.805     13.033
Writing output ... done.
