#################################################################
# If you used AutoDock Vina in your work, please cite:          #
#                                                               #
# O. Trott, A. J. Olson,                                        #
# AutoDock Vina: improving the speed and accuracy of docking    #
# with a new scoring function, efficient optimization and       #
# multithreading, Journal of Computational Chemistry 31 (2010)  #
# 455-461                                                       #
#                                                               #
# DOI 10.1002/jcc.21334                                         #
#                                                               #
# Please see http://vina.scripps.edu for more information.      #
#################################################################

Output will be mol_datas/4394-00-7_out.pdbqt
Reading input ... done.
Setting up the scoring function ... done.
Analyzing the binding site ... done.
Using random seed: 1000
Performing search ... done.
Refining results ... done.

mode |   affinity | dist from best mode
     | (kcal/mol) | rmsd l.b.| rmsd u.b.
-----+------------+----------+----------
   1         -8.5      0.000      0.000
   2         -7.8      3.640      5.624
   3         -7.8      8.906     11.359
   4         -7.7      4.187      5.774
   5         -7.7      6.255      8.194
   6         -7.7      4.828      6.448
   7         -7.5      4.637      6.480
   8         -7.0      5.857      8.237
   9         -6.8      6.931      9.454
  10         -6.8      8.580     11.128
  11         -6.7      1.881      2.505
  12         -6.6      5.875      8.419
  13         -6.6      8.461     10.266
  14         -6.5      9.262     10.797
  15         -6.3      4.577      6.835
  16         -6.2      7.581     10.410
  17         -6.2      9.800     12.287
  18         -6.1      4.616      6.717
  19         -5.7     15.313     16.511
  20         -5.6     15.095     16.357
Writing output ... done.
