#################################################################
# If you used AutoDock Vina in your work, please cite:          #
#                                                               #
# O. Trott, A. J. Olson,                                        #
# AutoDock Vina: improving the speed and accuracy of docking    #
# with a new scoring function, efficient optimization and       #
# multithreading, Journal of Computational Chemistry 31 (2010)  #
# 455-461                                                       #
#                                                               #
# DOI 10.1002/jcc.21334                                         #
#                                                               #
# Please see http://vina.scripps.edu for more information.      #
#################################################################

Output will be mol_datas/107-05-1_out.pdbqt
Reading input ... done.
Setting up the scoring function ... done.
Analyzing the binding site ... done.
Using random seed: 1000
Performing search ... done.
Refining results ... done.

mode |   affinity | dist from best mode
     | (kcal/mol) | rmsd l.b.| rmsd u.b.
-----+------------+----------+----------
   1         -3.4      0.000      0.000
   2         -3.4      1.566      2.341
   3         -3.3      1.780      2.368
   4         -3.2      1.933      2.230
   5         -3.2      1.137      1.554
   6         -3.0      5.876      6.512
   7         -2.9      6.367      6.658
   8         -2.8      4.928      5.327
   9         -2.7      5.759      6.303
  10         -2.7      3.343      3.823
  11         -2.7      3.832      4.172
  12         -2.6     12.723     13.104
  13         -2.6      3.734      4.089
  14         -2.6     12.406     12.930
  15         -2.6     11.372     11.998
  16         -2.6      9.235      9.964
  17         -2.6      8.548      9.154
  18         -2.6      5.400      5.602
  19         -2.5     10.763     11.459
  20         -2.5      4.499      5.040
Writing output ... done.
