#################################################################
# If you used AutoDock Vina in your work, please cite:          #
#                                                               #
# O. Trott, A. J. Olson,                                        #
# AutoDock Vina: improving the speed and accuracy of docking    #
# with a new scoring function, efficient optimization and       #
# multithreading, Journal of Computational Chemistry 31 (2010)  #
# 455-461                                                       #
#                                                               #
# DOI 10.1002/jcc.21334                                         #
#                                                               #
# Please see http://vina.scripps.edu for more information.      #
#################################################################

Output will be mol_datas/92-69-3_out.pdbqt
Reading input ... done.
Setting up the scoring function ... done.
Analyzing the binding site ... done.
Using random seed: 1000
Performing search ... done.
Refining results ... done.

mode |   affinity | dist from best mode
     | (kcal/mol) | rmsd l.b.| rmsd u.b.
-----+------------+----------+----------
   1         -7.9      0.000      0.000
   2         -7.2      2.699      4.278
   3         -6.8      2.649      3.575
   4         -6.8      7.433     10.813
   5         -6.6      3.005      5.417
   6         -6.5      7.908     10.915
   7         -6.4      2.662      5.558
   8         -6.3      3.111      5.786
   9         -6.3      4.826      7.131
  10         -6.3      2.888      3.939
  11         -6.1      3.162      4.947
  12         -6.1      2.776      3.722
  13         -6.0      2.493      5.426
  14         -6.0      1.082      1.935
  15         -5.9      7.759     10.426
  16         -5.9      8.547      9.884
  17         -5.8      8.401     10.612
  18         -5.8      1.791      3.075
  19         -5.6      8.434     11.954
Writing output ... done.
