#################################################################
# If you used AutoDock Vina in your work, please cite:          #
#                                                               #
# O. Trott, A. J. Olson,                                        #
# AutoDock Vina: improving the speed and accuracy of docking    #
# with a new scoring function, efficient optimization and       #
# multithreading, Journal of Computational Chemistry 31 (2010)  #
# 455-461                                                       #
#                                                               #
# DOI 10.1002/jcc.21334                                         #
#                                                               #
# Please see http://vina.scripps.edu for more information.      #
#################################################################

Output will be mol_datas/95-57-8_out.pdbqt
Reading input ... done.
Setting up the scoring function ... done.
Analyzing the binding site ... done.
Using random seed: 1000
Performing search ... done.
Refining results ... done.

mode |   affinity | dist from best mode
     | (kcal/mol) | rmsd l.b.| rmsd u.b.
-----+------------+----------+----------
   1         -6.1      0.000      0.000
   2         -5.8      1.927      2.735
   3         -5.6      1.701      2.407
   4         -5.6      1.193      1.638
   5         -5.4      1.601      1.965
   6         -5.3      4.594      5.588
   7         -5.3      4.302      5.125
   8         -5.3      4.006      4.445
   9         -5.1      2.382      3.546
  10         -5.0      2.597      3.689
  11         -4.9      2.244      3.044
  12         -4.9     10.674     11.569
  13         -4.9     10.228     11.207
  14         -4.8      9.972     10.900
  15         -4.8     10.723     11.713
  16         -4.7     10.839     11.738
  17         -4.6     11.079     12.052
  18         -4.4     10.319     11.283
  19         -4.3     11.303     12.332
Writing output ... done.
