#################################################################
# If you used AutoDock Vina in your work, please cite:          #
#                                                               #
# O. Trott, A. J. Olson,                                        #
# AutoDock Vina: improving the speed and accuracy of docking    #
# with a new scoring function, efficient optimization and       #
# multithreading, Journal of Computational Chemistry 31 (2010)  #
# 455-461                                                       #
#                                                               #
# DOI 10.1002/jcc.21334                                         #
#                                                               #
# Please see http://vina.scripps.edu for more information.      #
#################################################################

Output will be mol_datas/52-86-8_out.pdbqt
Reading input ... done.
Setting up the scoring function ... done.
Analyzing the binding site ... done.
Using random seed: 1000
Performing search ... done.
Refining results ... done.

mode |   affinity | dist from best mode
     | (kcal/mol) | rmsd l.b.| rmsd u.b.
-----+------------+----------+----------
   1         -7.9      0.000      0.000
   2         -7.8      2.552      4.090
   3         -7.7      3.485      5.379
   4         -7.6      5.229      7.241
   5         -7.5      4.711      9.325
   6         -7.1      3.142      4.485
   7         -7.0      1.744      2.784
   8         -6.8     15.190     16.924
   9         -6.7      2.024      3.240
  10         -6.6      2.943      4.486
  11         -6.6     14.896     16.394
  12         -6.5     15.209     16.590
  13         -6.4     15.809     16.943
  14         -6.4     15.230     16.351
  15         -6.2     17.972     20.099
  16         -6.1     14.996     17.567
  17         -6.1     15.038     15.730
  18         -6.1     14.863     15.962
  19         -6.0     17.941     19.847
  20         -5.9     15.034     17.826
Writing output ... done.
