#################################################################
# If you used AutoDock Vina in your work, please cite:          #
#                                                               #
# O. Trott, A. J. Olson,                                        #
# AutoDock Vina: improving the speed and accuracy of docking    #
# with a new scoring function, efficient optimization and       #
# multithreading, Journal of Computational Chemistry 31 (2010)  #
# 455-461                                                       #
#                                                               #
# DOI 10.1002/jcc.21334                                         #
#                                                               #
# Please see http://vina.scripps.edu for more information.      #
#################################################################

Output will be mol_datas/101-21-3_out.pdbqt
Reading input ... done.
Setting up the scoring function ... done.
Analyzing the binding site ... done.
Using random seed: 1000
Performing search ... done.
Refining results ... done.

mode |   affinity | dist from best mode
     | (kcal/mol) | rmsd l.b.| rmsd u.b.
-----+------------+----------+----------
   1         -7.2      0.000      0.000
   2         -7.0      2.794      3.359
   3         -6.9      4.412      7.700
   4         -6.6      4.218      7.571
   5         -6.5      1.678      2.108
   6         -6.4      8.300     10.491
   7         -6.2      7.585      9.421
   8         -6.1      1.691      2.177
   9         -6.1      3.796      5.088
  10         -5.9      3.912      4.579
  11         -5.6      2.378      2.759
  12         -5.0      4.919      8.401
  13         -4.7      4.751      8.128
  14         -4.7      4.297      5.824
  15         -4.2     14.482     15.493
Writing output ... done.
