#################################################################
# If you used AutoDock Vina in your work, please cite:          #
#                                                               #
# O. Trott, A. J. Olson,                                        #
# AutoDock Vina: improving the speed and accuracy of docking    #
# with a new scoring function, efficient optimization and       #
# multithreading, Journal of Computational Chemistry 31 (2010)  #
# 455-461                                                       #
#                                                               #
# DOI 10.1002/jcc.21334                                         #
#                                                               #
# Please see http://vina.scripps.edu for more information.      #
#################################################################

Output will be mol_datas/1689-83-4_out.pdbqt
Reading input ... done.
Setting up the scoring function ... done.
Analyzing the binding site ... done.
Using random seed: 1000
Performing search ... done.
Refining results ... done.

mode |   affinity | dist from best mode
     | (kcal/mol) | rmsd l.b.| rmsd u.b.
-----+------------+----------+----------
   1         -6.6      0.000      0.000
   2         -6.5      0.070      3.010
   3         -6.0      3.158      3.783
   4         -6.0      3.159      4.323
   5         -5.2      3.126      3.705
   6         -5.2      3.121      4.228
   7         -4.6      1.185      3.233
   8         -4.5      8.493      9.673
   9         -4.4      8.290      9.662
  10         -4.4      7.427      8.368
  11         -4.4      7.449      8.914
  12         -4.3      8.389      9.671
  13         -4.3      8.428      9.951
Writing output ... done.
