#################################################################
# If you used AutoDock Vina in your work, please cite:          #
#                                                               #
# O. Trott, A. J. Olson,                                        #
# AutoDock Vina: improving the speed and accuracy of docking    #
# with a new scoring function, efficient optimization and       #
# multithreading, Journal of Computational Chemistry 31 (2010)  #
# 455-461                                                       #
#                                                               #
# DOI 10.1002/jcc.21334                                         #
#                                                               #
# Please see http://vina.scripps.edu for more information.      #
#################################################################

Output will be mol_datas/4248-20-8_out.pdbqt
Reading input ... done.
Setting up the scoring function ... done.
Analyzing the binding site ... done.
Using random seed: 1000
Performing search ... done.
Refining results ... done.

mode |   affinity | dist from best mode
     | (kcal/mol) | rmsd l.b.| rmsd u.b.
-----+------------+----------+----------
   1         -5.9      0.000      0.000
   2         -5.7      3.444      3.806
   3         -5.6      3.434      4.104
   4         -5.6      2.313      3.819
   5         -5.5      1.313      1.422
   6         -5.3      1.917      2.822
   7         -5.3      3.598      5.330
   8         -5.3      3.113      4.194
   9         -5.0      6.359     10.020
  10         -5.0      4.082      5.733
  11         -4.9      3.108      6.353
  12         -4.8      3.574      5.316
  13         -4.8      7.531     10.171
  14         -4.8      7.964     10.110
  15         -4.5      6.895      9.434
  16         -4.5      6.393      9.390
  17         -4.5      3.383      5.375
  18         -4.4      9.796     11.121
  19         -4.3      4.585      6.704
  20         -4.3      7.742     11.288
Writing output ... done.
