#################################################################
# If you used AutoDock Vina in your work, please cite:          #
#                                                               #
# O. Trott, A. J. Olson,                                        #
# AutoDock Vina: improving the speed and accuracy of docking    #
# with a new scoring function, efficient optimization and       #
# multithreading, Journal of Computational Chemistry 31 (2010)  #
# 455-461                                                       #
#                                                               #
# DOI 10.1002/jcc.21334                                         #
#                                                               #
# Please see http://vina.scripps.edu for more information.      #
#################################################################

Output will be mol_datas/108-43-0_out.pdbqt
Reading input ... done.
Setting up the scoring function ... done.
Analyzing the binding site ... done.
Using random seed: 1000
Performing search ... done.
Refining results ... done.

mode |   affinity | dist from best mode
     | (kcal/mol) | rmsd l.b.| rmsd u.b.
-----+------------+----------+----------
   1         -6.0      0.000      0.000
   2         -5.9      4.910      5.724
   3         -5.5      2.209      2.883
   4         -5.4      1.965      2.609
   5         -5.4      3.338      4.073
   6         -5.3      4.492      5.285
   7         -5.3      4.655      5.451
   8         -5.2      2.395      3.172
   9         -5.2      1.755      2.459
  10         -5.1      3.306      4.044
  11         -5.1      4.333      5.350
  12         -5.0      9.950     10.982
  13         -5.0      3.306      4.205
  14         -4.9     10.196     11.100
  15         -4.9      9.991     10.961
  16         -4.8     10.137     10.954
  17         -4.8     10.801     11.869
  18         -4.8     10.853     11.866
  19         -4.8     11.421     12.462
  20         -4.7     10.870     11.724
Writing output ... done.
