#################################################################
# If you used AutoDock Vina in your work, please cite:          #
#                                                               #
# O. Trott, A. J. Olson,                                        #
# AutoDock Vina: improving the speed and accuracy of docking    #
# with a new scoring function, efficient optimization and       #
# multithreading, Journal of Computational Chemistry 31 (2010)  #
# 455-461                                                       #
#                                                               #
# DOI 10.1002/jcc.21334                                         #
#                                                               #
# Please see http://vina.scripps.edu for more information.      #
#################################################################

Output will be mol_datas/118-52-5_out.pdbqt
Reading input ... done.
Setting up the scoring function ... done.
Analyzing the binding site ... done.
Using random seed: 1000
Performing search ... done.
Refining results ... done.

mode |   affinity | dist from best mode
     | (kcal/mol) | rmsd l.b.| rmsd u.b.
-----+------------+----------+----------
   1         -6.1      0.000      0.000
   2         -5.9      2.949      3.697
   3         -5.6      2.018      3.052
   4         -5.1      2.917      4.512
   5         -4.9      8.810      9.775
   6         -4.9      9.052     10.341
   7         -4.3      9.150     10.570
   8         -3.9      9.892     10.875
   9         -3.9     16.953     17.996
  10         -3.8      9.792     11.141
  11         -3.7     15.839     16.600
  12         -3.5     16.060     17.107
  13         -3.4      9.665     10.851
  14         -3.3      9.759     10.802
  15         -3.3     16.735     17.685
  16         -3.2     18.360     19.808
  17         -3.2     16.216     17.568
  18         -3.1     18.080     19.191
Writing output ... done.
