#################################################################
# If you used AutoDock Vina in your work, please cite:          #
#                                                               #
# O. Trott, A. J. Olson,                                        #
# AutoDock Vina: improving the speed and accuracy of docking    #
# with a new scoring function, efficient optimization and       #
# multithreading, Journal of Computational Chemistry 31 (2010)  #
# 455-461                                                       #
#                                                               #
# DOI 10.1002/jcc.21334                                         #
#                                                               #
# Please see http://vina.scripps.edu for more information.      #
#################################################################

Output will be mol_datas/496-11-7_out.pdbqt
Reading input ... done.
Setting up the scoring function ... done.
Analyzing the binding site ... done.
Using random seed: 1000
Performing search ... done.
Refining results ... done.

mode |   affinity | dist from best mode
     | (kcal/mol) | rmsd l.b.| rmsd u.b.
-----+------------+----------+----------
   1         -7.0      0.000      0.000
   2         -7.0      0.062      2.000
   3         -6.9      0.667      3.765
   4         -6.9      0.664      3.191
   5         -6.9      2.873      4.541
   6         -6.9      2.875      4.105
   7         -6.8      2.854      4.922
   8         -6.8      2.853      4.512
   9         -6.2      0.779      3.705
  10         -6.1      1.244      3.344
  11         -5.8      8.735     11.064
  12         -5.8      8.743     11.015
  13         -5.8      1.899      3.248
  14         -5.8      8.517     10.444
  15         -5.8      1.909      3.055
  16         -5.8      8.517     10.584
  17         -5.6      8.669     11.035
  18         -5.4      9.131     11.155
  19         -4.9     12.454     13.574
  20         -4.9     12.483     13.640
Writing output ... done.
