#################################################################
# If you used AutoDock Vina in your work, please cite:          #
#                                                               #
# O. Trott, A. J. Olson,                                        #
# AutoDock Vina: improving the speed and accuracy of docking    #
# with a new scoring function, efficient optimization and       #
# multithreading, Journal of Computational Chemistry 31 (2010)  #
# 455-461                                                       #
#                                                               #
# DOI 10.1002/jcc.21334                                         #
#                                                               #
# Please see http://vina.scripps.edu for more information.      #
#################################################################

Output will be mol_datas/111-68-2_out.pdbqt
Reading input ... done.
Setting up the scoring function ... done.
Analyzing the binding site ... done.
Using random seed: 1000
Performing search ... done.
Refining results ... done.

mode |   affinity | dist from best mode
     | (kcal/mol) | rmsd l.b.| rmsd u.b.
-----+------------+----------+----------
   1         -5.0      0.000      0.000
   2         -4.9      2.143      2.679
   3         -4.9      2.790      3.219
   4         -4.8      3.783      5.459
   5         -4.6      3.465      4.016
   6         -4.5      2.848      4.663
   7         -4.5      2.823      4.135
   8         -4.3      2.931      4.630
   9         -4.3      7.133      9.056
  10         -4.2      7.768     10.109
  11         -4.2      6.639      9.870
  12         -4.1      2.974      4.551
  13         -4.1      3.279      5.092
  14         -4.1      4.945      5.646
  15         -4.1      4.053      5.932
  16         -4.0      2.509      4.557
  17         -4.0      3.322      4.898
  18         -3.9      9.688     10.408
  19         -3.9      4.148      5.784
  20         -3.9      9.361     10.440
Writing output ... done.
