#################################################################
# If you used AutoDock Vina in your work, please cite:          #
#                                                               #
# O. Trott, A. J. Olson,                                        #
# AutoDock Vina: improving the speed and accuracy of docking    #
# with a new scoring function, efficient optimization and       #
# multithreading, Journal of Computational Chemistry 31 (2010)  #
# 455-461                                                       #
#                                                               #
# DOI 10.1002/jcc.21334                                         #
#                                                               #
# Please see http://vina.scripps.edu for more information.      #
#################################################################

Output will be mol_datas/72-55-9_out.pdbqt
Reading input ... done.
Setting up the scoring function ... done.
Analyzing the binding site ... done.
Using random seed: 1000
Performing search ... done.
Refining results ... done.

mode |   affinity | dist from best mode
     | (kcal/mol) | rmsd l.b.| rmsd u.b.
-----+------------+----------+----------
   1         -6.8      0.000      0.000
   2         -6.5      2.082      5.659
   3         -6.5      2.081      4.731
   4         -5.3     13.472     14.288
   5         -5.3     13.487     15.311
   6         -5.1     15.368     16.723
   7         -5.1     15.357     16.200
   8         -5.1     13.988     15.396
   9         -5.1     14.082     15.173
  10         -4.8     14.320     15.256
  11         -4.8     14.206     15.764
  12         -4.8     14.014     15.064
  13         -4.7     15.349     16.515
  14         -4.7     14.592     15.528
  15         -4.7     14.338     15.392
  16         -4.7     14.648     15.967
  17         -4.6     14.731     15.779
  18         -4.6     18.975     19.956
  19         -4.6     14.058     15.043
  20         -4.6     18.889     20.477
Writing output ... done.
