#################################################################
# If you used AutoDock Vina in your work, please cite:          #
#                                                               #
# O. Trott, A. J. Olson,                                        #
# AutoDock Vina: improving the speed and accuracy of docking    #
# with a new scoring function, efficient optimization and       #
# multithreading, Journal of Computational Chemistry 31 (2010)  #
# 455-461                                                       #
#                                                               #
# DOI 10.1002/jcc.21334                                         #
#                                                               #
# Please see http://vina.scripps.edu for more information.      #
#################################################################

Output will be mol_datas/5104-49-4_out.pdbqt
Reading input ... done.
Setting up the scoring function ... done.
Analyzing the binding site ... done.
Using random seed: 1000
Performing search ... done.
Refining results ... done.

mode |   affinity | dist from best mode
     | (kcal/mol) | rmsd l.b.| rmsd u.b.
-----+------------+----------+----------
   1         -8.4      0.000      0.000
   2         -7.9      2.664      4.397
   3         -7.7      1.237      1.741
   4         -7.6      2.597      4.134
   5         -7.4      4.154      7.275
   6         -7.2      6.815      8.995
   7         -7.2      1.522      2.250
   8         -7.1      1.598      2.375
   9         -7.0      4.523      7.498
  10         -6.7      2.987      4.813
  11         -6.5      6.408      8.975
  12         -6.0      6.396      9.819
  13         -5.6      4.897      7.497
  14         -5.5      5.434      8.568
Writing output ... done.
