#################################################################
# If you used AutoDock Vina in your work, please cite:          #
#                                                               #
# O. Trott, A. J. Olson,                                        #
# AutoDock Vina: improving the speed and accuracy of docking    #
# with a new scoring function, efficient optimization and       #
# multithreading, Journal of Computational Chemistry 31 (2010)  #
# 455-461                                                       #
#                                                               #
# DOI 10.1002/jcc.21334                                         #
#                                                               #
# Please see http://vina.scripps.edu for more information.      #
#################################################################

Output will be mol_datas/111-66-0_out.pdbqt
Reading input ... done.
Setting up the scoring function ... done.
Analyzing the binding site ... done.
Using random seed: 1000
Performing search ... done.
Refining results ... done.

mode |   affinity | dist from best mode
     | (kcal/mol) | rmsd l.b.| rmsd u.b.
-----+------------+----------+----------
   1         -5.3      0.000      0.000
   2         -5.2      0.176      3.613
   3         -5.2      1.102      1.599
   4         -5.0      1.634      4.324
   5         -4.9      2.601      3.837
   6         -4.8      2.599      4.541
   7         -4.6      2.415      4.019
   8         -4.6      0.989      3.894
   9         -4.6      1.865      2.711
  10         -4.4      2.420      4.962
  11         -4.3      2.211      3.750
  12         -4.3      2.529      4.868
  13         -4.3      2.934      4.455
  14         -4.2      3.191      4.564
  15         -4.2      7.668     10.166
  16         -4.1      3.303      5.176
  17         -3.9      8.509     11.500
  18         -3.9      2.376      3.843
  19         -3.9      9.104     11.387
  20         -3.8     10.403     11.495
Writing output ... done.
