#################################################################
# If you used AutoDock Vina in your work, please cite:          #
#                                                               #
# O. Trott, A. J. Olson,                                        #
# AutoDock Vina: improving the speed and accuracy of docking    #
# with a new scoring function, efficient optimization and       #
# multithreading, Journal of Computational Chemistry 31 (2010)  #
# 455-461                                                       #
#                                                               #
# DOI 10.1002/jcc.21334                                         #
#                                                               #
# Please see http://vina.scripps.edu for more information.      #
#################################################################

Output will be mol_datas/123-51-3_out.pdbqt
Reading input ... done.
Setting up the scoring function ... done.
Analyzing the binding site ... done.
Using random seed: 1000
Performing search ... done.
Refining results ... done.

mode |   affinity | dist from best mode
     | (kcal/mol) | rmsd l.b.| rmsd u.b.
-----+------------+----------+----------
   1         -4.4      0.000      0.000
   2         -4.3      1.573      2.108
   3         -4.1      4.591      5.671
   4         -4.0      2.436      3.637
   5         -4.0      2.275      3.776
   6         -3.9      2.644      4.022
   7         -3.9      3.838      5.114
   8         -3.7     11.095     11.997
   9         -3.7      3.462      4.168
  10         -3.7      4.000      4.520
  11         -3.6     12.309     12.976
  12         -3.6      9.729     10.589
  13         -3.5     11.296     12.171
  14         -3.5      3.614      4.417
  15         -3.4     11.151     11.942
  16         -3.4     10.345     11.252
  17         -3.4     12.074     12.957
  18         -3.4     12.207     13.113
  19         -3.3      3.519      4.258
  20         -3.3      3.355      4.256
Writing output ... done.
