#################################################################
# If you used AutoDock Vina in your work, please cite:          #
#                                                               #
# O. Trott, A. J. Olson,                                        #
# AutoDock Vina: improving the speed and accuracy of docking    #
# with a new scoring function, efficient optimization and       #
# multithreading, Journal of Computational Chemistry 31 (2010)  #
# 455-461                                                       #
#                                                               #
# DOI 10.1002/jcc.21334                                         #
#                                                               #
# Please see http://vina.scripps.edu for more information.      #
#################################################################

Output will be mol_datas/6876-23-9_out.pdbqt
Reading input ... done.
Setting up the scoring function ... done.
Analyzing the binding site ... done.
Using random seed: 1000
Performing search ... done.
Refining results ... done.

mode |   affinity | dist from best mode
     | (kcal/mol) | rmsd l.b.| rmsd u.b.
-----+------------+----------+----------
   1         -6.0      0.000      0.000
   2         -6.0      0.029      2.395
   3         -5.9      2.994      4.689
   4         -5.9      2.982      5.147
   5         -5.7      2.774      3.870
   6         -5.7      2.784      4.527
   7         -5.7      0.907      3.721
   8         -5.5      2.785      4.336
   9         -5.5      2.821      4.100
  10         -5.3      1.810      3.780
  11         -5.3      0.950      2.951
  12         -5.2      0.987      2.862
  13         -5.2      2.820      4.241
  14         -5.0      9.341     10.810
  15         -4.6      9.347     11.017
  16         -3.6     15.154     16.558
  17         -3.5     16.295     18.019
  18         -3.4     15.182     16.777
  19         -3.4     15.033     16.850
  20         -3.4     15.040     16.589
Writing output ... done.
