#################################################################
# If you used AutoDock Vina in your work, please cite:          #
#                                                               #
# O. Trott, A. J. Olson,                                        #
# AutoDock Vina: improving the speed and accuracy of docking    #
# with a new scoring function, efficient optimization and       #
# multithreading, Journal of Computational Chemistry 31 (2010)  #
# 455-461                                                       #
#                                                               #
# DOI 10.1002/jcc.21334                                         #
#                                                               #
# Please see http://vina.scripps.edu for more information.      #
#################################################################

Output will be mol_datas/37680-65-2_out.pdbqt
Reading input ... done.
Setting up the scoring function ... done.
Analyzing the binding site ... done.
Using random seed: 1000
Performing search ... done.
Refining results ... done.

mode |   affinity | dist from best mode
     | (kcal/mol) | rmsd l.b.| rmsd u.b.
-----+------------+----------+----------
   1         -7.5      0.000      0.000
   2         -7.1      2.669      5.105
   3         -6.8      2.597      3.404
   4         -6.5      1.394      1.908
   5         -6.3      2.349      4.723
   6         -5.5     15.280     16.928
   7         -5.5     15.147     16.344
   8         -5.4     15.165     16.555
   9         -5.4      6.805     10.366
  10         -5.4     15.313     16.345
  11         -5.4     15.222     16.499
  12         -5.4     15.307     16.578
  13         -5.4      2.494      5.400
  14         -5.3     15.273     17.021
  15         -5.3     14.883     16.282
  16         -5.2     15.038     15.925
  17         -5.2     16.012     17.843
  18         -5.2     15.693     16.894
  19         -5.1     15.580     16.722
  20         -5.0     15.061     16.242
Writing output ... done.
