#################################################################
# If you used AutoDock Vina in your work, please cite:          #
#                                                               #
# O. Trott, A. J. Olson,                                        #
# AutoDock Vina: improving the speed and accuracy of docking    #
# with a new scoring function, efficient optimization and       #
# multithreading, Journal of Computational Chemistry 31 (2010)  #
# 455-461                                                       #
#                                                               #
# DOI 10.1002/jcc.21334                                         #
#                                                               #
# Please see http://vina.scripps.edu for more information.      #
#################################################################

Output will be mol_datas/83-88-5_out.pdbqt
Reading input ... done.
Setting up the scoring function ... done.
Analyzing the binding site ... done.
Using random seed: 1000
Performing search ... done.
Refining results ... done.

mode |   affinity | dist from best mode
     | (kcal/mol) | rmsd l.b.| rmsd u.b.
-----+------------+----------+----------
   1         -5.3      0.000      0.000
   2         -5.2      2.808      6.554
   3         -5.0      6.585     10.613
   4         -4.9     15.080     16.983
   5         -4.6     15.001     16.077
   6         -4.5     15.118     16.755
   7         -4.4     15.250     15.717
   8         -4.4     15.432     16.385
   9         -4.3     14.961     15.657
  10         -4.2     15.073     15.902
  11         -4.1     15.333     16.072
  12         -4.1     15.355     16.387
  13         -4.0     15.428     16.900
  14         -4.0     17.458     19.991
  15         -3.9     15.091     16.991
  16         -3.8     16.462     18.434
  17         -3.8     15.536     17.591
  18         -3.5     15.789     17.254
  19         -3.4     17.247     19.645
  20         -3.2     16.876     18.944
Writing output ... done.
