#################################################################
# If you used AutoDock Vina in your work, please cite:          #
#                                                               #
# O. Trott, A. J. Olson,                                        #
# AutoDock Vina: improving the speed and accuracy of docking    #
# with a new scoring function, efficient optimization and       #
# multithreading, Journal of Computational Chemistry 31 (2010)  #
# 455-461                                                       #
#                                                               #
# DOI 10.1002/jcc.21334                                         #
#                                                               #
# Please see http://vina.scripps.edu for more information.      #
#################################################################

Output will be mol_datas/28911-01-5_out.pdbqt
Reading input ... done.
Setting up the scoring function ... done.
Analyzing the binding site ... done.
Using random seed: 1000
Performing search ... done.
Refining results ... done.

mode |   affinity | dist from best mode
     | (kcal/mol) | rmsd l.b.| rmsd u.b.
-----+------------+----------+----------
   1         -5.4      0.000      0.000
   2         -5.3      2.985      4.756
   3         -5.1      3.369      5.142
   4         -5.0      2.506      2.973
   5         -5.0      2.841      5.466
   6         -5.0      3.168      5.799
   7         -5.0      2.775      5.475
   8         -4.9      2.733      4.453
   9         -4.9      2.734      4.821
  10         -4.7      2.969      6.227
  11         -4.6      2.958      6.033
  12         -4.6      3.469      5.583
  13         -4.5      3.495      5.558
  14         -4.5      2.890      4.237
  15         -4.5      2.671      4.450
  16         -4.5      3.201      6.064
  17         -4.4      2.192      2.566
  18         -4.3      2.823      4.154
  19         -4.3      2.883      5.129
  20         -4.3      3.714      5.392
Writing output ... done.
