#################################################################
# If you used AutoDock Vina in your work, please cite:          #
#                                                               #
# O. Trott, A. J. Olson,                                        #
# AutoDock Vina: improving the speed and accuracy of docking    #
# with a new scoring function, efficient optimization and       #
# multithreading, Journal of Computational Chemistry 31 (2010)  #
# 455-461                                                       #
#                                                               #
# DOI 10.1002/jcc.21334                                         #
#                                                               #
# Please see http://vina.scripps.edu for more information.      #
#################################################################

Output will be mol_datas/571-58-4_out.pdbqt
Reading input ... done.
Setting up the scoring function ... done.
Analyzing the binding site ... done.
Using random seed: 1000
Performing search ... done.
Refining results ... done.

mode |   affinity | dist from best mode
     | (kcal/mol) | rmsd l.b.| rmsd u.b.
-----+------------+----------+----------
   1         -7.4      0.000      0.000
   2         -7.4      0.144      3.055
   3         -7.4      1.386      2.570
   4         -7.4      1.407      3.444
   5         -7.1      1.538      3.827
   6         -7.1      1.471      4.645
   7         -7.0      2.209      4.004
   8         -6.8      7.410     10.437
   9         -6.8      7.403     10.152
  10         -6.7      7.118      9.998
  11         -5.9      8.106      9.945
  12         -5.7      7.728     10.125
  13         -4.8     19.843     20.876
  14         -4.8     19.656     21.126
Writing output ... done.
