#################################################################
# If you used AutoDock Vina in your work, please cite:          #
#                                                               #
# O. Trott, A. J. Olson,                                        #
# AutoDock Vina: improving the speed and accuracy of docking    #
# with a new scoring function, efficient optimization and       #
# multithreading, Journal of Computational Chemistry 31 (2010)  #
# 455-461                                                       #
#                                                               #
# DOI 10.1002/jcc.21334                                         #
#                                                               #
# Please see http://vina.scripps.edu for more information.      #
#################################################################

Output will be mol_datas/65-85-0_out.pdbqt
Reading input ... done.
Setting up the scoring function ... done.
Analyzing the binding site ... done.
Using random seed: 1000
Performing search ... done.
Refining results ... done.

mode |   affinity | dist from best mode
     | (kcal/mol) | rmsd l.b.| rmsd u.b.
-----+------------+----------+----------
   1         -6.6      0.000      0.000
   2         -6.3      3.075      4.610
   3         -6.0      4.311      5.290
   4         -5.8      4.111      5.202
   5         -5.8      2.147      3.363
   6         -5.7      9.039     10.220
   7         -5.7      9.048     10.228
   8         -5.6      9.447     10.595
   9         -5.5      9.819     10.961
  10         -5.4     10.287     11.367
  11         -5.4     10.754     11.792
  12         -5.4      3.497      4.201
  13         -5.3      3.679      4.567
  14         -5.3      9.881     10.903
  15         -5.3     10.069     11.266
  16         -5.2     10.476     11.709
  17         -5.2     10.473     11.606
  18         -5.1      2.334      3.225
  19         -4.7     12.018     13.389
  20         -4.3     11.917     13.066
Writing output ... done.
