#################################################################
# If you used AutoDock Vina in your work, please cite:          #
#                                                               #
# O. Trott, A. J. Olson,                                        #
# AutoDock Vina: improving the speed and accuracy of docking    #
# with a new scoring function, efficient optimization and       #
# multithreading, Journal of Computational Chemistry 31 (2010)  #
# 455-461                                                       #
#                                                               #
# DOI 10.1002/jcc.21334                                         #
#                                                               #
# Please see http://vina.scripps.edu for more information.      #
#################################################################

Output will be mol_datas/57-13-6_out.pdbqt
Reading input ... done.
Setting up the scoring function ... done.
Analyzing the binding site ... done.
Using random seed: 1000
Performing search ... done.
Refining results ... done.

mode |   affinity | dist from best mode
     | (kcal/mol) | rmsd l.b.| rmsd u.b.
-----+------------+----------+----------
   1         -3.5      0.000      0.000
   2         -3.4      1.692      2.288
   3         -3.0      8.029      8.122
   4         -3.0      8.033      8.195
   5         -3.0      7.996      8.053
   6         -3.0      7.970      8.134
   7         -3.0      9.159      9.263
   8         -2.9     10.883     10.978
   9         -2.8      7.500      7.688
  10         -2.8     10.120     10.247
  11         -2.8      7.445      7.459
  12         -2.6     11.803     12.109
  13         -2.6     12.455     12.746
  14         -2.6      8.317      8.349
  15         -2.6      7.978      8.124
  16         -2.5     12.581     12.903
  17         -2.5      8.711      8.779
  18         -2.4     11.024     11.024
  19         -2.4      7.810      8.024
  20         -2.4     16.545     16.608
Writing output ... done.
