#################################################################
# If you used AutoDock Vina in your work, please cite:          #
#                                                               #
# O. Trott, A. J. Olson,                                        #
# AutoDock Vina: improving the speed and accuracy of docking    #
# with a new scoring function, efficient optimization and       #
# multithreading, Journal of Computational Chemistry 31 (2010)  #
# 455-461                                                       #
#                                                               #
# DOI 10.1002/jcc.21334                                         #
#                                                               #
# Please see http://vina.scripps.edu for more information.      #
#################################################################

Output will be mol_datas/1134-23-2_out.pdbqt
Reading input ... done.
Setting up the scoring function ... done.
Analyzing the binding site ... done.
Using random seed: 1000
Performing search ... done.
Refining results ... done.

mode |   affinity | dist from best mode
     | (kcal/mol) | rmsd l.b.| rmsd u.b.
-----+------------+----------+----------
   1         -6.5      0.000      0.000
   2         -5.4      3.040      5.544
   3         -4.9      5.380      9.178
   4         -4.6      2.440      3.762
   5         -4.1      4.765      6.806
   6         -4.0     16.956     18.542
   7         -4.0     14.620     16.282
   8         -4.0     14.607     17.018
   9         -4.0     14.653     15.785
  10         -3.9      5.020      7.035
  11         -3.8      8.656     11.036
  12         -3.7      3.505      7.033
  13         -3.7     15.204     16.292
  14         -3.5     14.988     16.933
  15         -3.5     14.910     16.551
Writing output ... done.
