#################################################################
# If you used AutoDock Vina in your work, please cite:          #
#                                                               #
# O. Trott, A. J. Olson,                                        #
# AutoDock Vina: improving the speed and accuracy of docking    #
# with a new scoring function, efficient optimization and       #
# multithreading, Journal of Computational Chemistry 31 (2010)  #
# 455-461                                                       #
#                                                               #
# DOI 10.1002/jcc.21334                                         #
#                                                               #
# Please see http://vina.scripps.edu for more information.      #
#################################################################

Output will be mol_datas/91-18-9_out.pdbqt
Reading input ... done.
Setting up the scoring function ... done.
Analyzing the binding site ... done.
Using random seed: 1000
Performing search ... done.
Refining results ... done.

mode |   affinity | dist from best mode
     | (kcal/mol) | rmsd l.b.| rmsd u.b.
-----+------------+----------+----------
   1         -5.6      0.000      0.000
   2         -5.5      0.871      3.925
   3         -5.4      0.863      3.352
   4         -5.3      2.996      4.668
   5         -5.2      2.832      4.816
   6         -5.1      1.472      3.458
   7         -5.1      3.035      4.065
   8         -5.1      2.971      4.492
   9         -5.0      3.113      5.014
  10         -5.0      8.774     10.281
  11         -4.9      9.573     11.177
  12         -4.9      8.872     10.685
  13         -4.9      8.474     10.456
  14         -4.9      9.335     11.212
  15         -4.9      9.958     11.111
  16         -4.9      9.077     11.008
  17         -4.8      3.233      4.137
  18         -4.8      1.220      1.936
  19         -4.5      2.260      3.587
Writing output ... done.
