#################################################################
# If you used AutoDock Vina in your work, please cite:          #
#                                                               #
# O. Trott, A. J. Olson,                                        #
# AutoDock Vina: improving the speed and accuracy of docking    #
# with a new scoring function, efficient optimization and       #
# multithreading, Journal of Computational Chemistry 31 (2010)  #
# 455-461                                                       #
#                                                               #
# DOI 10.1002/jcc.21334                                         #
#                                                               #
# Please see http://vina.scripps.edu for more information.      #
#################################################################

Output will be mol_datas/59-46-1_out.pdbqt
Reading input ... done.
Setting up the scoring function ... done.
Analyzing the binding site ... done.
Using random seed: 1000
Performing search ... done.
Refining results ... done.

mode |   affinity | dist from best mode
     | (kcal/mol) | rmsd l.b.| rmsd u.b.
-----+------------+----------+----------
   1         -6.9      0.000      0.000
   2         -6.8      0.769      2.129
   3         -6.6      6.175      9.161
   4         -6.6      2.937      5.800
   5         -6.6      3.134      7.397
   6         -6.6      6.695      9.708
   7         -6.5      1.692      2.172
   8         -6.5      2.026      2.994
   9         -6.5      6.243      9.203
  10         -6.4      2.955      4.050
  11         -6.3      3.626      8.008
  12         -6.3      4.045      8.060
  13         -6.2      2.295      5.387
  14         -6.2      3.944      7.917
  15         -6.2      2.540      3.301
  16         -6.2      6.247      9.178
  17         -6.1      2.850      5.579
  18         -6.0      3.070      6.986
  19         -6.0      6.230      9.209
  20         -5.9      6.274      9.193
Writing output ... done.
