#################################################################
# If you used AutoDock Vina in your work, please cite:          #
#                                                               #
# O. Trott, A. J. Olson,                                        #
# AutoDock Vina: improving the speed and accuracy of docking    #
# with a new scoring function, efficient optimization and       #
# multithreading, Journal of Computational Chemistry 31 (2010)  #
# 455-461                                                       #
#                                                               #
# DOI 10.1002/jcc.21334                                         #
#                                                               #
# Please see http://vina.scripps.edu for more information.      #
#################################################################

Output will be mol_datas/5221-53-4_out.pdbqt
Reading input ... done.
Setting up the scoring function ... done.
Analyzing the binding site ... done.
Using random seed: 1000
Performing search ... done.
Refining results ... done.

mode |   affinity | dist from best mode
     | (kcal/mol) | rmsd l.b.| rmsd u.b.
-----+------------+----------+----------
   1         -6.6      0.000      0.000
   2         -6.4      5.430      7.516
   3         -6.3      5.133      7.216
   4         -5.9      2.403      3.892
   5         -5.9      3.237      7.488
   6         -5.6      2.291      3.721
   7         -5.5      4.169      5.902
   8         -5.4      3.503      6.775
   9         -5.1      4.047      6.968
  10         -5.0      4.244      5.849
  11         -4.8      4.082      5.711
  12         -4.7      4.746      6.583
  13         -4.7      3.886      5.422
  14         -4.7      4.745      6.160
  15         -4.6      3.820      7.858
  16         -4.4      3.944      5.786
  17         -4.3      3.201      6.852
  18         -4.1      4.483      7.071
  19         -3.8     13.941     14.916
Writing output ... done.
