#################################################################
# If you used AutoDock Vina in your work, please cite:          #
#                                                               #
# O. Trott, A. J. Olson,                                        #
# AutoDock Vina: improving the speed and accuracy of docking    #
# with a new scoring function, efficient optimization and       #
# multithreading, Journal of Computational Chemistry 31 (2010)  #
# 455-461                                                       #
#                                                               #
# DOI 10.1002/jcc.21334                                         #
#                                                               #
# Please see http://vina.scripps.edu for more information.      #
#################################################################

Output will be mol_datas/94-12-2_out.pdbqt
Reading input ... done.
Setting up the scoring function ... done.
Analyzing the binding site ... done.
Using random seed: 1000
Performing search ... done.
Refining results ... done.

mode |   affinity | dist from best mode
     | (kcal/mol) | rmsd l.b.| rmsd u.b.
-----+------------+----------+----------
   1         -7.6      0.000      0.000
   2         -7.0      2.071      3.128
   3         -6.9      2.731      3.355
   4         -6.7      2.833      5.006
   5         -6.5      8.532      9.664
   6         -6.4      2.903      4.659
   7         -6.3      8.109      9.249
   8         -6.3      8.894     10.824
   9         -6.2      3.495      4.924
  10         -6.1      3.587      5.016
  11         -6.1      9.196     10.837
  12         -5.9     10.137     11.823
  13         -5.9      3.209      5.740
  14         -5.8     10.272     11.869
  15         -5.8      7.651      8.698
  16         -5.5      3.501      4.695
  17         -5.1      8.470     10.597
  18         -5.0      9.032     10.849
  19         -4.9     11.434     12.950
  20         -4.6      9.852     11.466
Writing output ... done.
