#################################################################
# If you used AutoDock Vina in your work, please cite:          #
#                                                               #
# O. Trott, A. J. Olson,                                        #
# AutoDock Vina: improving the speed and accuracy of docking    #
# with a new scoring function, efficient optimization and       #
# multithreading, Journal of Computational Chemistry 31 (2010)  #
# 455-461                                                       #
#                                                               #
# DOI 10.1002/jcc.21334                                         #
#                                                               #
# Please see http://vina.scripps.edu for more information.      #
#################################################################

Output will be mol_datas/52-21-1_out.pdbqt
Reading input ... done.
Setting up the scoring function ... done.
Analyzing the binding site ... done.
Using random seed: 1000
Performing search ... done.
Refining results ... done.

mode |   affinity | dist from best mode
     | (kcal/mol) | rmsd l.b.| rmsd u.b.
-----+------------+----------+----------
   1         -5.2      0.000      0.000
   2         -5.1      2.915      5.220
   3         -5.0      2.534      6.305
   4         -5.0      2.433      5.953
   5         -4.9      3.077      6.018
   6         -4.8      2.599      4.219
   7         -4.8      1.541      2.014
   8         -4.7      4.292      7.238
   9         -4.7      2.975      5.831
  10         -4.5      3.169      6.110
  11         -4.4      3.880      7.982
  12         -4.4      3.958      6.506
  13         -4.3      3.745      5.385
  14         -4.3      3.321      5.702
  15         -4.3      6.623      8.875
  16         -4.2      6.643      8.472
  17         -4.2      3.795      6.098
  18         -4.1      3.704      6.580
  19         -3.9      6.073      8.614
  20         -3.7      4.226      8.668
Writing output ... done.
