#################################################################
# If you used AutoDock Vina in your work, please cite:          #
#                                                               #
# O. Trott, A. J. Olson,                                        #
# AutoDock Vina: improving the speed and accuracy of docking    #
# with a new scoring function, efficient optimization and       #
# multithreading, Journal of Computational Chemistry 31 (2010)  #
# 455-461                                                       #
#                                                               #
# DOI 10.1002/jcc.21334                                         #
#                                                               #
# Please see http://vina.scripps.edu for more information.      #
#################################################################

Output will be mol_datas/22204-53-1_out.pdbqt
Reading input ... done.
Setting up the scoring function ... done.
Analyzing the binding site ... done.
Using random seed: 1000
Performing search ... done.
Refining results ... done.

mode |   affinity | dist from best mode
     | (kcal/mol) | rmsd l.b.| rmsd u.b.
-----+------------+----------+----------
   1         -6.8      0.000      0.000
   2         -6.7      6.369      9.584
   3         -6.6      1.432      6.471
   4         -6.3      5.561     10.224
   5         -6.2      3.063      7.570
   6         -6.1      4.157      8.754
   7         -6.1      1.628      2.682
   8         -5.7      5.586      8.682
   9         -5.4      4.123      6.494
  10         -5.4      1.417      6.324
  11         -5.3      1.548      2.897
  12         -5.1     13.173     15.231
  13         -4.9     21.182     23.075
  14         -4.9      3.466      7.911
  15         -4.8     20.400     22.140
  16         -4.7     13.492     15.294
  17         -4.5     13.391     14.498
  18         -4.5     13.246     14.271
  19         -4.4     15.929     17.461
  20         -4.4     13.207     14.016
Writing output ... done.
