#################################################################
# If you used AutoDock Vina in your work, please cite:          #
#                                                               #
# O. Trott, A. J. Olson,                                        #
# AutoDock Vina: improving the speed and accuracy of docking    #
# with a new scoring function, efficient optimization and       #
# multithreading, Journal of Computational Chemistry 31 (2010)  #
# 455-461                                                       #
#                                                               #
# DOI 10.1002/jcc.21334                                         #
#                                                               #
# Please see http://vina.scripps.edu for more information.      #
#################################################################

Output will be mol_datas/103-69-5_out.pdbqt
Reading input ... done.
Setting up the scoring function ... done.
Analyzing the binding site ... done.
Using random seed: 1000
Performing search ... done.
Refining results ... done.

mode |   affinity | dist from best mode
     | (kcal/mol) | rmsd l.b.| rmsd u.b.
-----+------------+----------+----------
   1         -6.4      0.000      0.000
   2         -6.4      0.037      1.614
   3         -5.9      1.721      3.944
   4         -5.9      1.686      4.212
   5         -5.6      2.287      5.110
   6         -5.6      4.070      5.550
   7         -5.5      1.209      4.109
   8         -5.4      9.762     10.987
   9         -5.4      9.642     10.815
  10         -5.4      3.871      5.365
  11         -5.1     12.502     13.529
  12         -5.0      2.781      3.768
  13         -4.9      9.921     10.915
  14         -4.8     11.933     12.962
  15         -4.0     12.341     13.232
  16         -3.9      8.294      9.195
  17         -3.8      9.946     11.333
  18         -3.7     10.783     12.055
Writing output ... done.
