#################################################################
# If you used AutoDock Vina in your work, please cite:          #
#                                                               #
# O. Trott, A. J. Olson,                                        #
# AutoDock Vina: improving the speed and accuracy of docking    #
# with a new scoring function, efficient optimization and       #
# multithreading, Journal of Computational Chemistry 31 (2010)  #
# 455-461                                                       #
#                                                               #
# DOI 10.1002/jcc.21334                                         #
#                                                               #
# Please see http://vina.scripps.edu for more information.      #
#################################################################

Output will be mol_datas/52663-69-1_out.pdbqt
Reading input ... done.
Setting up the scoring function ... done.
Analyzing the binding site ... done.
Using random seed: 1000
Performing search ... done.
Refining results ... done.

mode |   affinity | dist from best mode
     | (kcal/mol) | rmsd l.b.| rmsd u.b.
-----+------------+----------+----------
   1         -5.1      0.000      0.000
   2         -5.1      0.784      2.486
   3         -5.0      1.208      6.058
   4         -4.9      2.222      5.883
   5         -4.8      3.360      4.921
   6         -4.5      2.114      5.633
   7         -4.5      3.519      5.333
   8         -4.4      2.481      5.013
   9         -4.3      1.529      2.685
  10         -4.3      2.805      3.918
  11         -4.3      2.492      4.471
  12         -4.2      1.782      6.266
  13         -4.2      2.661      5.130
  14         -4.1      3.252      4.837
  15         -4.1      7.528     10.304
  16         -4.1      2.042      2.522
  17         -4.1      2.842      3.996
  18         -4.1      5.312      9.434
  19         -4.0      2.648      4.410
  20         -4.0      3.257      5.742
Writing output ... done.
