#################################################################
# If you used AutoDock Vina in your work, please cite:          #
#                                                               #
# O. Trott, A. J. Olson,                                        #
# AutoDock Vina: improving the speed and accuracy of docking    #
# with a new scoring function, efficient optimization and       #
# multithreading, Journal of Computational Chemistry 31 (2010)  #
# 455-461                                                       #
#                                                               #
# DOI 10.1002/jcc.21334                                         #
#                                                               #
# Please see http://vina.scripps.edu for more information.      #
#################################################################

Output will be mol_datas/15972-60-8_out.pdbqt
Reading input ... done.
Setting up the scoring function ... done.
Analyzing the binding site ... done.
Using random seed: 1000
Performing search ... done.
Refining results ... done.

mode |   affinity | dist from best mode
     | (kcal/mol) | rmsd l.b.| rmsd u.b.
-----+------------+----------+----------
   1         -5.0      0.000      0.000
   2         -4.7      0.347      3.142
   3         -4.7     15.690     17.265
   4         -4.6     15.760     17.107
   5         -4.6      1.746      3.926
   6         -4.4     15.618     17.112
   7         -4.4     15.647     17.245
   8         -4.3     18.786     21.215
   9         -4.2     19.019     21.399
  10         -4.2     15.558     16.809
  11         -4.1     15.406     16.808
  12         -4.1      1.835      3.856
  13         -4.1     18.235     20.486
  14         -4.1     15.507     17.405
  15         -4.1     18.540     21.100
  16         -3.9     15.224     16.870
  17         -3.9     15.074     16.769
  18         -3.6     15.650     17.270
  19         -3.6     15.217     16.793
  20         -3.5     15.604     16.836
Writing output ... done.
