#################################################################
# If you used AutoDock Vina in your work, please cite:          #
#                                                               #
# O. Trott, A. J. Olson,                                        #
# AutoDock Vina: improving the speed and accuracy of docking    #
# with a new scoring function, efficient optimization and       #
# multithreading, Journal of Computational Chemistry 31 (2010)  #
# 455-461                                                       #
#                                                               #
# DOI 10.1002/jcc.21334                                         #
#                                                               #
# Please see http://vina.scripps.edu for more information.      #
#################################################################

Output will be mol_datas/1912-26-1_out.pdbqt
Reading input ... done.
Setting up the scoring function ... done.
Analyzing the binding site ... done.
Using random seed: 1000
Performing search ... done.
Refining results ... done.

mode |   affinity | dist from best mode
     | (kcal/mol) | rmsd l.b.| rmsd u.b.
-----+------------+----------+----------
   1         -6.9      0.000      0.000
   2         -6.1      2.319      3.690
   3         -5.8      2.164      4.982
   4         -5.7      3.011      4.377
   5         -5.5      7.050      9.882
   6         -5.5      5.817      8.281
   7         -5.5      5.333      9.229
   8         -5.4      7.555      9.905
   9         -5.3      8.004     10.729
  10         -5.2      6.253      8.744
  11         -5.2      5.017      8.455
  12         -4.9      4.606      6.747
  13         -4.9      8.477     11.231
  14         -4.4      8.200     10.757
  15         -4.1     14.244     15.549
  16         -4.0     16.753     17.873
Writing output ... done.
