#################################################################
# If you used AutoDock Vina in your work, please cite:          #
#                                                               #
# O. Trott, A. J. Olson,                                        #
# AutoDock Vina: improving the speed and accuracy of docking    #
# with a new scoring function, efficient optimization and       #
# multithreading, Journal of Computational Chemistry 31 (2010)  #
# 455-461                                                       #
#                                                               #
# DOI 10.1002/jcc.21334                                         #
#                                                               #
# Please see http://vina.scripps.edu for more information.      #
#################################################################

Output will be mol_datas/608-21-9_out.pdbqt
Reading input ... done.
Setting up the scoring function ... done.
Analyzing the binding site ... done.
Using random seed: 1000
Performing search ... done.
Refining results ... done.

mode |   affinity | dist from best mode
     | (kcal/mol) | rmsd l.b.| rmsd u.b.
-----+------------+----------+----------
   1         -5.5      0.000      0.000
   2         -5.5      0.021      3.186
   3         -5.2      1.742      3.422
   4         -5.2      1.741      2.654
   5         -4.7      2.896      4.560
   6         -4.7      2.905      3.718
   7         -4.6      1.915      3.033
   8         -4.6      1.917      3.162
   9         -4.5      1.509      3.025
  10         -4.5      2.817      4.425
  11         -4.4      2.811      3.847
  12         -4.4      8.981     10.055
  13         -4.3      9.084     10.458
  14         -4.2      9.533     10.571
  15         -4.2      9.426     10.605
  16         -4.0      2.788      3.549
  17         -3.4     20.510     21.129
  18         -3.1     15.550     16.648
  19         -3.1     16.451     16.515
Writing output ... done.
