#################################################################
# If you used AutoDock Vina in your work, please cite:          #
#                                                               #
# O. Trott, A. J. Olson,                                        #
# AutoDock Vina: improving the speed and accuracy of docking    #
# with a new scoring function, efficient optimization and       #
# multithreading, Journal of Computational Chemistry 31 (2010)  #
# 455-461                                                       #
#                                                               #
# DOI 10.1002/jcc.21334                                         #
#                                                               #
# Please see http://vina.scripps.edu for more information.      #
#################################################################

Output will be mol_datas/96-47-9_out.pdbqt
Reading input ... done.
Setting up the scoring function ... done.
Analyzing the binding site ... done.
Using random seed: 1000
Performing search ... done.
Refining results ... done.

mode |   affinity | dist from best mode
     | (kcal/mol) | rmsd l.b.| rmsd u.b.
-----+------------+----------+----------
   1         -4.4      0.000      0.000
   2         -4.1      1.044      2.442
   3         -4.0      2.339      3.515
   4         -3.9      2.467      3.457
   5         -3.9      4.895      6.121
   6         -3.7      3.199      3.950
   7         -3.6      3.723      4.669
   8         -3.6      4.087      4.983
   9         -3.6      2.856      3.536
  10         -3.5      4.862      5.901
  11         -3.5      9.183     10.246
  12         -3.5      2.153      3.315
  13         -3.5      2.656      3.330
  14         -3.4      9.057     10.148
  15         -3.4     12.105     12.676
  16         -3.4      4.262      4.800
  17         -3.4     11.609     12.668
  18         -3.3     11.489     12.341
  19         -3.2      9.935     10.911
  20         -3.1     12.086     12.732
Writing output ... done.
