#################################################################
# If you used AutoDock Vina in your work, please cite:          #
#                                                               #
# O. Trott, A. J. Olson,                                        #
# AutoDock Vina: improving the speed and accuracy of docking    #
# with a new scoring function, efficient optimization and       #
# multithreading, Journal of Computational Chemistry 31 (2010)  #
# 455-461                                                       #
#                                                               #
# DOI 10.1002/jcc.21334                                         #
#                                                               #
# Please see http://vina.scripps.edu for more information.      #
#################################################################

Output will be mol_datas/526-73-8_out.pdbqt
Reading input ... done.
Setting up the scoring function ... done.
Analyzing the binding site ... done.
Using random seed: 1000
Performing search ... done.
Refining results ... done.

mode |   affinity | dist from best mode
     | (kcal/mol) | rmsd l.b.| rmsd u.b.
-----+------------+----------+----------
   1         -6.7      0.000      0.000
   2         -6.7      0.037      2.908
   3         -6.4      1.959      3.582
   4         -6.3      1.936      4.357
   5         -6.2      0.884      2.734
   6         -6.1      0.744      2.519
   7         -6.0      1.709      3.109
   8         -5.9      8.004     10.097
   9         -5.9      8.574     10.695
  10         -5.9      8.575     10.538
  11         -5.6      8.533     10.576
  12         -5.6      8.513     10.656
  13         -5.6      8.211     10.315
  14         -4.5      5.129      7.243
  15         -3.9     16.154     17.559
  16         -3.9     16.165     17.981
  17         -3.8     19.481     20.853
  18         -3.8     19.894     20.976
  19         -3.7     15.226     16.452
Writing output ... done.
