#################################################################
# If you used AutoDock Vina in your work, please cite:          #
#                                                               #
# O. Trott, A. J. Olson,                                        #
# AutoDock Vina: improving the speed and accuracy of docking    #
# with a new scoring function, efficient optimization and       #
# multithreading, Journal of Computational Chemistry 31 (2010)  #
# 455-461                                                       #
#                                                               #
# DOI 10.1002/jcc.21334                                         #
#                                                               #
# Please see http://vina.scripps.edu for more information.      #
#################################################################

Output will be mol_datas/38444-81-4_out.pdbqt
Reading input ... done.
Setting up the scoring function ... done.
Analyzing the binding site ... done.
Using random seed: 1000
Performing search ... done.
Refining results ... done.

mode |   affinity | dist from best mode
     | (kcal/mol) | rmsd l.b.| rmsd u.b.
-----+------------+----------+----------
   1         -7.4      0.000      0.000
   2         -7.4      0.633      5.182
   3         -7.4      1.573      1.987
   4         -7.0      2.704      5.709
   5         -6.8      2.728      3.899
   6         -6.6      7.952     10.425
   7         -6.4      8.000     10.611
   8         -6.3      2.287      3.263
   9         -6.1      2.957      4.015
  10         -6.0      8.466     11.524
  11         -6.0      2.112      3.265
  12         -5.9      8.199     10.002
  13         -5.9      3.136      5.085
  14         -5.9      6.860      9.879
  15         -5.8      5.258      9.278
  16         -5.8      4.761      8.884
  17         -5.8      3.269      4.737
  18         -5.7      8.642     11.453
  19         -5.7      2.814      5.711
  20         -5.2     17.110     17.942
Writing output ... done.
