#################################################################
# If you used AutoDock Vina in your work, please cite:          #
#                                                               #
# O. Trott, A. J. Olson,                                        #
# AutoDock Vina: improving the speed and accuracy of docking    #
# with a new scoring function, efficient optimization and       #
# multithreading, Journal of Computational Chemistry 31 (2010)  #
# 455-461                                                       #
#                                                               #
# DOI 10.1002/jcc.21334                                         #
#                                                               #
# Please see http://vina.scripps.edu for more information.      #
#################################################################

Output will be mol_datas/119-36-8_out.pdbqt
Reading input ... done.
Setting up the scoring function ... done.
Analyzing the binding site ... done.
Using random seed: 1000
Performing search ... done.
Refining results ... done.

mode |   affinity | dist from best mode
     | (kcal/mol) | rmsd l.b.| rmsd u.b.
-----+------------+----------+----------
   1         -6.9      0.000      0.000
   2         -6.6      1.063      2.110
   3         -6.5      1.789      4.655
   4         -6.4      1.338      1.724
   5         -6.4      2.008      4.451
   6         -6.2      3.780      5.284
   7         -6.2      3.433      4.836
   8         -5.9      9.020     10.549
   9         -5.8      8.923     10.139
  10         -5.7      8.766     10.373
  11         -5.7      2.969      4.954
  12         -5.6      2.844      5.024
  13         -5.6     10.556     11.918
  14         -5.0      2.783      3.935
  15         -4.5      9.735     11.234
  16         -4.3     10.343     11.950
Writing output ... done.
