#################################################################
# If you used AutoDock Vina in your work, please cite:          #
#                                                               #
# O. Trott, A. J. Olson,                                        #
# AutoDock Vina: improving the speed and accuracy of docking    #
# with a new scoring function, efficient optimization and       #
# multithreading, Journal of Computational Chemistry 31 (2010)  #
# 455-461                                                       #
#                                                               #
# DOI 10.1002/jcc.21334                                         #
#                                                               #
# Please see http://vina.scripps.edu for more information.      #
#################################################################

Output will be mol_datas/141-84-4_out.pdbqt
Reading input ... done.
Setting up the scoring function ... done.
Analyzing the binding site ... done.
Using random seed: 1000
Performing search ... done.
Refining results ... done.

mode |   affinity | dist from best mode
     | (kcal/mol) | rmsd l.b.| rmsd u.b.
-----+------------+----------+----------
   1         -4.2      0.000      0.000
   2         -4.0      4.154      4.418
   3         -4.0      5.092      5.854
   4         -4.0      3.215      3.786
   5         -3.8      2.176      2.318
   6         -3.8      1.302      2.158
   7         -3.8      3.035      3.628
   8         -3.8      4.243      4.781
   9         -3.7      5.805      6.162
  10         -3.6      4.541      5.106
  11         -3.6      4.445      5.026
  12         -3.6      4.527      4.996
  13         -3.6      3.060      3.796
  14         -3.5      3.800      4.503
  15         -3.5      8.772      9.453
  16         -3.4      3.151      4.014
  17         -3.4      9.455     10.165
  18         -3.4      3.681      4.066
  19         -3.3      2.444      3.130
Writing output ... done.
