#################################################################
# If you used AutoDock Vina in your work, please cite:          #
#                                                               #
# O. Trott, A. J. Olson,                                        #
# AutoDock Vina: improving the speed and accuracy of docking    #
# with a new scoring function, efficient optimization and       #
# multithreading, Journal of Computational Chemistry 31 (2010)  #
# 455-461                                                       #
#                                                               #
# DOI 10.1002/jcc.21334                                         #
#                                                               #
# Please see http://vina.scripps.edu for more information.      #
#################################################################

Output will be mol_datas/59756-60-4_out.pdbqt
Reading input ... done.
Setting up the scoring function ... done.
Analyzing the binding site ... done.
Using random seed: 1000
Performing search ... done.
Refining results ... done.

mode |   affinity | dist from best mode
     | (kcal/mol) | rmsd l.b.| rmsd u.b.
-----+------------+----------+----------
   1         -8.2      0.000      0.000
   2         -8.2      6.849     10.060
   3         -7.6      2.971      6.643
   4         -7.4      4.115      7.426
   5         -7.4      4.407      6.899
   6         -7.3      3.663      5.037
   7         -7.1      7.258     11.070
   8         -7.0      7.289     10.998
   9         -6.9      4.705      7.396
  10         -6.8     15.873     17.068
  11         -6.6     15.038     16.789
  12         -6.6      5.142      8.721
  13         -6.6     15.551     17.105
  14         -6.5      2.750      4.504
  15         -6.1     14.854     16.294
  16         -6.1     15.245     16.649
  17         -6.0     14.811     16.728
  18         -6.0     15.260     17.952
  19         -5.9     14.550     15.754
  20         -5.9     15.108     16.800
Writing output ... done.
