#################################################################
# If you used AutoDock Vina in your work, please cite:          #
#                                                               #
# O. Trott, A. J. Olson,                                        #
# AutoDock Vina: improving the speed and accuracy of docking    #
# with a new scoring function, efficient optimization and       #
# multithreading, Journal of Computational Chemistry 31 (2010)  #
# 455-461                                                       #
#                                                               #
# DOI 10.1002/jcc.21334                                         #
#                                                               #
# Please see http://vina.scripps.edu for more information.      #
#################################################################

Output will be mol_datas/85-01-8_out.pdbqt
Reading input ... done.
Setting up the scoring function ... done.
Analyzing the binding site ... done.
Using random seed: 1000
Performing search ... done.
Refining results ... done.

mode |   affinity | dist from best mode
     | (kcal/mol) | rmsd l.b.| rmsd u.b.
-----+------------+----------+----------
   1         -8.4      0.000      0.000
   2         -8.4      0.009      4.405
   3         -8.1      1.777      3.439
   4         -8.1      1.784      5.245
   5         -7.8      2.828      4.393
   6         -7.8      2.827      4.186
   7         -7.6      1.882      2.920
   8         -7.6      1.886      4.682
   9         -6.6      8.024     10.211
  10         -6.5      7.886      9.997
  11         -6.5      8.055     10.383
  12         -6.4      7.693     10.247
  13         -6.1      1.521      2.375
  14         -6.1      1.713      4.643
Writing output ... done.
