#################################################################
# If you used AutoDock Vina in your work, please cite:          #
#                                                               #
# O. Trott, A. J. Olson,                                        #
# AutoDock Vina: improving the speed and accuracy of docking    #
# with a new scoring function, efficient optimization and       #
# multithreading, Journal of Computational Chemistry 31 (2010)  #
# 455-461                                                       #
#                                                               #
# DOI 10.1002/jcc.21334                                         #
#                                                               #
# Please see http://vina.scripps.edu for more information.      #
#################################################################

Output will be mol_datas/76-74-4_out.pdbqt
Reading input ... done.
Setting up the scoring function ... done.
Analyzing the binding site ... done.
Using random seed: 1000
Performing search ... done.
Refining results ... done.

mode |   affinity | dist from best mode
     | (kcal/mol) | rmsd l.b.| rmsd u.b.
-----+------------+----------+----------
   1         -7.5      0.000      0.000
   2         -7.5      2.166      4.666
   3         -7.2      2.199      4.798
   4         -6.8      1.913      3.292
   5         -6.3      2.072      4.115
   6         -6.2      6.223      8.648
   7         -5.8      6.046      8.439
   8         -5.5      6.145      8.629
   9         -5.4     16.925     18.353
  10         -5.3      2.259      4.240
  11         -5.2      6.262      7.968
  12         -5.1      2.024      3.517
  13         -5.1     16.795     18.324
  14         -4.5     16.637     18.422
Writing output ... done.
