#################################################################
# If you used AutoDock Vina in your work, please cite:          #
#                                                               #
# O. Trott, A. J. Olson,                                        #
# AutoDock Vina: improving the speed and accuracy of docking    #
# with a new scoring function, efficient optimization and       #
# multithreading, Journal of Computational Chemistry 31 (2010)  #
# 455-461                                                       #
#                                                               #
# DOI 10.1002/jcc.21334                                         #
#                                                               #
# Please see http://vina.scripps.edu for more information.      #
#################################################################

Output will be mol_datas/33284-53-6_out.pdbqt
Reading input ... done.
Setting up the scoring function ... done.
Analyzing the binding site ... done.
Using random seed: 1000
Performing search ... done.
Refining results ... done.

mode |   affinity | dist from best mode
     | (kcal/mol) | rmsd l.b.| rmsd u.b.
-----+------------+----------+----------
   1         -6.8      0.000      0.000
   2         -6.2      7.607     10.697
   3         -6.1      5.372      7.350
   4         -5.3      2.664      5.700
   5         -5.1     13.922     15.096
   6         -5.0     22.014     23.566
   7         -5.0     22.510     24.239
   8         -5.0     14.881     15.877
   9         -4.9     21.875     23.233
  10         -4.7     13.681     14.616
  11         -4.6     13.960     15.435
  12         -4.6     13.954     15.330
  13         -4.5      2.660      5.933
  14         -4.5     14.399     15.485
  15         -4.4     15.745     16.691
  16         -4.4     14.414     15.554
  17         -4.3     14.356     15.711
  18         -4.3     17.803     18.904
  19         -4.2     15.660     16.841
  20         -4.1     14.347     15.438
Writing output ... done.
