#################################################################
# If you used AutoDock Vina in your work, please cite:          #
#                                                               #
# O. Trott, A. J. Olson,                                        #
# AutoDock Vina: improving the speed and accuracy of docking    #
# with a new scoring function, efficient optimization and       #
# multithreading, Journal of Computational Chemistry 31 (2010)  #
# 455-461                                                       #
#                                                               #
# DOI 10.1002/jcc.21334                                         #
#                                                               #
# Please see http://vina.scripps.edu for more information.      #
#################################################################

Output will be mol_datas/75-34-3_out.pdbqt
Reading input ... done.
Setting up the scoring function ... done.
Analyzing the binding site ... done.
Using random seed: 1000
Performing search ... done.
Refining results ... done.

mode |   affinity | dist from best mode
     | (kcal/mol) | rmsd l.b.| rmsd u.b.
-----+------------+----------+----------
   1         -3.3      0.000      0.000
   2         -3.3      1.624      2.410
   3         -3.2      1.633      2.394
   4         -3.1      1.159      2.210
   5         -3.1      1.648      2.100
   6         -3.0      5.838      6.382
   7         -3.0      5.740      6.017
   8         -3.0      5.963      6.249
   9         -2.8      3.691      4.259
  10         -2.8      3.511      4.374
  11         -2.8      3.800      4.281
  12         -2.8     13.568     13.879
  13         -2.8      2.386      3.503
  14         -2.8      3.725      4.223
  15         -2.8      3.750      3.967
  16         -2.7      4.135      4.885
  17         -2.7      2.888      3.220
  18         -2.7      3.959      4.212
  19         -2.6      3.631      3.916
  20         -2.6     12.443     12.869
Writing output ... done.
