#################################################################
# If you used AutoDock Vina in your work, please cite:          #
#                                                               #
# O. Trott, A. J. Olson,                                        #
# AutoDock Vina: improving the speed and accuracy of docking    #
# with a new scoring function, efficient optimization and       #
# multithreading, Journal of Computational Chemistry 31 (2010)  #
# 455-461                                                       #
#                                                               #
# DOI 10.1002/jcc.21334                                         #
#                                                               #
# Please see http://vina.scripps.edu for more information.      #
#################################################################

Output will be mol_datas/781-43-1_out.pdbqt
Reading input ... done.
Setting up the scoring function ... done.
Analyzing the binding site ... done.
Using random seed: 1000
Performing search ... done.
Refining results ... done.

mode |   affinity | dist from best mode
     | (kcal/mol) | rmsd l.b.| rmsd u.b.
-----+------------+----------+----------
   1         -6.9      0.000      0.000
   2         -5.3      6.599      9.337
   3         -5.3      0.533      4.594
   4         -5.3     16.054     16.771
   5         -5.2     16.066     16.942
   6         -5.2     15.761     16.457
   7         -5.2     15.770     16.220
   8         -5.2      6.593      8.963
   9         -5.0     15.993     16.781
  10         -5.0     15.915     17.520
  11         -4.9     16.036     17.308
  12         -4.9     16.092     17.085
  13         -4.9     15.579     16.704
  14         -4.9     16.070     18.284
  15         -4.8     15.543     16.673
  16         -4.8     15.849     17.437
  17         -4.8     15.702     17.225
  18         -4.8     17.329     19.813
  19         -4.8     16.014     17.980
  20         -4.8     16.240     16.539
Writing output ... done.
