#################################################################
# If you used AutoDock Vina in your work, please cite:          #
#                                                               #
# O. Trott, A. J. Olson,                                        #
# AutoDock Vina: improving the speed and accuracy of docking    #
# with a new scoring function, efficient optimization and       #
# multithreading, Journal of Computational Chemistry 31 (2010)  #
# 455-461                                                       #
#                                                               #
# DOI 10.1002/jcc.21334                                         #
#                                                               #
# Please see http://vina.scripps.edu for more information.      #
#################################################################

Output will be mol_datas/470-82-6_out.pdbqt
Reading input ... done.
Setting up the scoring function ... done.
Analyzing the binding site ... done.
Using random seed: 1000
Performing search ... done.
Refining results ... done.

mode |   affinity | dist from best mode
     | (kcal/mol) | rmsd l.b.| rmsd u.b.
-----+------------+----------+----------
   1         -5.3      0.000      0.000
   2         -5.3      1.105      3.038
   3         -5.0      1.067      2.418
   4         -4.8      1.560      3.126
   5         -4.6      0.938      3.306
   6         -4.5      1.219      2.810
   7         -4.1     18.267     20.120
   8         -4.0      1.335      3.283
   9         -4.0     19.191     20.847
  10         -3.8     17.589     18.993
  11         -3.8     18.205     20.233
  12         -3.8     15.733     17.511
  13         -3.8     17.479     18.819
  14         -3.7     15.856     17.368
  15         -3.6     19.250     20.667
  16         -3.6     19.075     20.530
  17         -3.6     15.791     17.614
  18         -3.6     15.992     18.143
  19         -3.5     15.587     17.399
Writing output ... done.
