#################################################################
# If you used AutoDock Vina in your work, please cite:          #
#                                                               #
# O. Trott, A. J. Olson,                                        #
# AutoDock Vina: improving the speed and accuracy of docking    #
# with a new scoring function, efficient optimization and       #
# multithreading, Journal of Computational Chemistry 31 (2010)  #
# 455-461                                                       #
#                                                               #
# DOI 10.1002/jcc.21334                                         #
#                                                               #
# Please see http://vina.scripps.edu for more information.      #
#################################################################

Output will be mol_datas/108-42-9_out.pdbqt
Reading input ... done.
Setting up the scoring function ... done.
Analyzing the binding site ... done.
Using random seed: 1000
Performing search ... done.
Refining results ... done.

mode |   affinity | dist from best mode
     | (kcal/mol) | rmsd l.b.| rmsd u.b.
-----+------------+----------+----------
   1         -5.9      0.000      0.000
   2         -5.7      4.813      5.639
   3         -5.5      2.219      2.886
   4         -5.5      1.982      2.622
   5         -5.4      4.064      4.735
   6         -5.2      4.536      5.311
   7         -5.2      3.855      4.707
   8         -5.1      1.487      2.405
   9         -5.0      1.961      3.055
  10         -5.0      9.989     11.028
  11         -4.9      4.288      5.313
  12         -4.9     10.110     10.927
  13         -4.8     11.158     12.226
  14         -4.8      2.872      3.753
  15         -4.8      9.772     10.769
  16         -4.7      2.719      3.282
  17         -4.7      3.888      4.563
  18         -4.6     10.633     11.578
  19         -4.4      9.495     10.383
  20         -4.4      3.157      3.863
Writing output ... done.
