#################################################################
# If you used AutoDock Vina in your work, please cite:          #
#                                                               #
# O. Trott, A. J. Olson,                                        #
# AutoDock Vina: improving the speed and accuracy of docking    #
# with a new scoring function, efficient optimization and       #
# multithreading, Journal of Computational Chemistry 31 (2010)  #
# 455-461                                                       #
#                                                               #
# DOI 10.1002/jcc.21334                                         #
#                                                               #
# Please see http://vina.scripps.edu for more information.      #
#################################################################

Output will be mol_datas/60-18-4_out.pdbqt
Reading input ... done.
Setting up the scoring function ... done.
Analyzing the binding site ... done.
Using random seed: 1000
Performing search ... done.
Refining results ... done.

mode |   affinity | dist from best mode
     | (kcal/mol) | rmsd l.b.| rmsd u.b.
-----+------------+----------+----------
   1         -7.6      0.000      0.000
   2         -7.2      2.833      3.573
   3         -6.9      3.300      5.109
   4         -6.7      3.577      5.294
   5         -6.5      1.411      2.032
   6         -6.5      8.647      9.746
   7         -6.4      2.513      5.514
   8         -6.3      8.566      9.605
   9         -6.1      7.977      8.900
  10         -5.9      8.633     10.369
  11         -5.8     10.178     11.329
  12         -5.6      7.199      8.120
  13         -5.5      2.321      5.059
  14         -5.5      9.718     10.928
  15         -5.5      3.643      4.892
  16         -5.4      2.516      5.053
  17         -5.2      9.820     11.185
  18         -5.1     10.339     11.326
  19         -4.9      6.942      8.649
  20         -4.9      9.027     10.260
Writing output ... done.
