#################################################################
# If you used AutoDock Vina in your work, please cite:          #
#                                                               #
# O. Trott, A. J. Olson,                                        #
# AutoDock Vina: improving the speed and accuracy of docking    #
# with a new scoring function, efficient optimization and       #
# multithreading, Journal of Computational Chemistry 31 (2010)  #
# 455-461                                                       #
#                                                               #
# DOI 10.1002/jcc.21334                                         #
#                                                               #
# Please see http://vina.scripps.edu for more information.      #
#################################################################

Output will be mol_datas/543-49-7_out.pdbqt
Reading input ... done.
Setting up the scoring function ... done.
Analyzing the binding site ... done.
Using random seed: 1000
Performing search ... done.
Refining results ... done.

mode |   affinity | dist from best mode
     | (kcal/mol) | rmsd l.b.| rmsd u.b.
-----+------------+----------+----------
   1         -5.3      0.000      0.000
   2         -5.0      2.400      4.453
   3         -4.9      2.183      4.416
   4         -4.9      3.395      4.370
   5         -4.8      3.613      4.480
   6         -4.7      2.063      2.751
   7         -4.6      2.124      2.518
   8         -4.6      1.497      2.256
   9         -4.5      3.624      4.794
  10         -4.5      3.194      4.031
  11         -4.4      2.248      3.743
  12         -4.4      1.881      4.119
  13         -4.3      3.879      5.112
  14         -4.3      8.288     10.544
  15         -4.3      8.979     10.585
  16         -4.2      3.048      4.508
  17         -4.2     10.541     11.785
  18         -4.1      4.056      4.897
  19         -4.1      9.320     11.075
  20         -4.1      9.365     10.909
Writing output ... done.
