#################################################################
# If you used AutoDock Vina in your work, please cite:          #
#                                                               #
# O. Trott, A. J. Olson,                                        #
# AutoDock Vina: improving the speed and accuracy of docking    #
# with a new scoring function, efficient optimization and       #
# multithreading, Journal of Computational Chemistry 31 (2010)  #
# 455-461                                                       #
#                                                               #
# DOI 10.1002/jcc.21334                                         #
#                                                               #
# Please see http://vina.scripps.edu for more information.      #
#################################################################

Output will be mol_datas/3380-34-5_out.pdbqt
Reading input ... done.
Setting up the scoring function ... done.
Analyzing the binding site ... done.
Using random seed: 1000
Performing search ... done.
Refining results ... done.

mode |   affinity | dist from best mode
     | (kcal/mol) | rmsd l.b.| rmsd u.b.
-----+------------+----------+----------
   1         -7.0      0.000      0.000
   2         -6.4      4.821      6.411
   3         -6.4      7.752      9.430
   4         -6.3      3.086      6.087
   5         -5.9      5.280      6.794
   6         -5.6      9.441     11.769
   7         -5.3      4.682      6.308
   8         -5.1      4.674      7.089
   9         -5.1      4.099      6.351
  10         -4.8     16.016     18.148
  11         -4.7     15.605     16.983
  12         -4.6      7.801     10.145
  13         -4.6     16.008     17.521
  14         -4.5     15.615     16.504
  15         -4.5      9.176     11.663
  16         -4.5     15.538     17.187
  17         -4.4     16.250     18.049
  18         -4.2     15.903     16.766
  19         -4.2     17.700     19.930
  20         -4.2     16.863     18.087
Writing output ... done.
