#################################################################
# If you used AutoDock Vina in your work, please cite:          #
#                                                               #
# O. Trott, A. J. Olson,                                        #
# AutoDock Vina: improving the speed and accuracy of docking    #
# with a new scoring function, efficient optimization and       #
# multithreading, Journal of Computational Chemistry 31 (2010)  #
# 455-461                                                       #
#                                                               #
# DOI 10.1002/jcc.21334                                         #
#                                                               #
# Please see http://vina.scripps.edu for more information.      #
#################################################################

Output will be mol_datas/108-21-4_out.pdbqt
Reading input ... done.
Setting up the scoring function ... done.
Analyzing the binding site ... done.
Using random seed: 1000
Performing search ... done.
Refining results ... done.

mode |   affinity | dist from best mode
     | (kcal/mol) | rmsd l.b.| rmsd u.b.
-----+------------+----------+----------
   1         -4.6      0.000      0.000
   2         -4.3      1.266      3.453
   3         -4.1      1.090      3.401
   4         -4.1      2.450      3.324
   5         -3.8      3.093      3.903
   6         -3.8      3.308      4.547
   7         -3.8      4.317      5.054
   8         -3.8      2.347      3.399
   9         -3.8      4.084      5.000
  10         -3.8      2.545      4.307
  11         -3.8      8.463      9.088
  12         -3.7      8.816      9.642
  13         -3.7      7.525      8.559
  14         -3.6     11.496     12.811
  15         -3.6      7.610      8.016
  16         -3.6     11.001     11.774
  17         -3.6     10.348     11.201
  18         -3.5      9.639     10.416
  19         -3.5     10.204     11.001
  20         -3.5     11.327     12.317
Writing output ... done.
