#################################################################
# If you used AutoDock Vina in your work, please cite:          #
#                                                               #
# O. Trott, A. J. Olson,                                        #
# AutoDock Vina: improving the speed and accuracy of docking    #
# with a new scoring function, efficient optimization and       #
# multithreading, Journal of Computational Chemistry 31 (2010)  #
# 455-461                                                       #
#                                                               #
# DOI 10.1002/jcc.21334                                         #
#                                                               #
# Please see http://vina.scripps.edu for more information.      #
#################################################################

Output will be mol_datas/87-61-6_out.pdbqt
Reading input ... done.
Setting up the scoring function ... done.
Analyzing the binding site ... done.
Using random seed: 1000
Performing search ... done.
Refining results ... done.

mode |   affinity | dist from best mode
     | (kcal/mol) | rmsd l.b.| rmsd u.b.
-----+------------+----------+----------
   1         -6.0      0.000      0.000
   2         -6.0      0.026      3.066
   3         -5.5      1.713      2.877
   4         -5.5      1.710      2.994
   5         -5.5      1.487      2.716
   6         -5.5      2.951      3.680
   7         -5.3      1.910      2.948
   8         -5.3      1.753      4.065
   9         -5.2      1.816      3.467
  10         -5.2      8.973     10.180
  11         -5.2      8.957     10.078
  12         -5.1      9.353     10.639
  13         -5.1      9.328     10.413
  14         -5.1      2.843      4.313
  15         -5.1      2.855      3.879
  16         -4.8      9.019     10.310
  17         -4.8      9.128     10.141
  18         -4.6      2.387      2.963
  19         -4.5      1.838      2.795
  20         -4.5      9.207     10.367
Writing output ... done.
