#################################################################
# If you used AutoDock Vina in your work, please cite:          #
#                                                               #
# O. Trott, A. J. Olson,                                        #
# AutoDock Vina: improving the speed and accuracy of docking    #
# with a new scoring function, efficient optimization and       #
# multithreading, Journal of Computational Chemistry 31 (2010)  #
# 455-461                                                       #
#                                                               #
# DOI 10.1002/jcc.21334                                         #
#                                                               #
# Please see http://vina.scripps.edu for more information.      #
#################################################################

Output will be mol_datas/2051-61-8_out.pdbqt
Reading input ... done.
Setting up the scoring function ... done.
Analyzing the binding site ... done.
Using random seed: 1000
Performing search ... done.
Refining results ... done.

mode |   affinity | dist from best mode
     | (kcal/mol) | rmsd l.b.| rmsd u.b.
-----+------------+----------+----------
   1         -7.7      0.000      0.000
   2         -6.8      2.946      5.468
   3         -6.7      2.456      5.469
   4         -6.6      2.807      3.812
   5         -6.6      2.677      4.397
   6         -6.5      8.043     10.703
   7         -6.4      5.059      7.581
   8         -6.4      3.325      5.830
   9         -6.4      3.027      4.132
  10         -6.3      8.136     10.790
  11         -6.1      8.020     10.964
  12         -6.1      2.452      5.668
  13         -6.0      2.572      4.878
  14         -5.8      8.302     11.088
  15         -5.8      8.697     10.037
  16         -5.7     16.646     17.308
  17         -5.6      5.767      9.394
  18         -5.3     17.540     18.489
  19         -5.3      7.120      9.344
  20         -5.1      8.181     10.637
Writing output ... done.
