#################################################################
# If you used AutoDock Vina in your work, please cite:          #
#                                                               #
# O. Trott, A. J. Olson,                                        #
# AutoDock Vina: improving the speed and accuracy of docking    #
# with a new scoring function, efficient optimization and       #
# multithreading, Journal of Computational Chemistry 31 (2010)  #
# 455-461                                                       #
#                                                               #
# DOI 10.1002/jcc.21334                                         #
#                                                               #
# Please see http://vina.scripps.edu for more information.      #
#################################################################

Output will be mol_datas/53-43-0_out.pdbqt
Reading input ... done.
Setting up the scoring function ... done.
Analyzing the binding site ... done.
Using random seed: 1000
Performing search ... done.
Refining results ... done.

mode |   affinity | dist from best mode
     | (kcal/mol) | rmsd l.b.| rmsd u.b.
-----+------------+----------+----------
   1         -5.8      0.000      0.000
   2         -5.6     11.306     13.867
   3         -5.6      1.529      6.145
   4         -5.3      4.178      6.863
   5         -5.3      2.088      3.630
   6         -5.2      3.839      6.543
   7         -5.1      4.437      6.324
   8         -5.0      5.101      7.958
   9         -5.0      3.999      5.220
  10         -4.9      3.046      4.370
  11         -4.9      4.831      7.233
  12         -4.9     14.684     17.019
  13         -4.9      5.268      7.577
  14         -4.9      1.559      2.451
  15         -4.9      1.830      2.519
  16         -4.8      3.882      5.616
  17         -4.8      6.979     10.660
  18         -4.7      1.866      6.654
  19         -4.7      3.351      6.830
  20         -4.7      5.996      7.626
Writing output ... done.
