#################################################################
# If you used AutoDock Vina in your work, please cite:          #
#                                                               #
# O. Trott, A. J. Olson,                                        #
# AutoDock Vina: improving the speed and accuracy of docking    #
# with a new scoring function, efficient optimization and       #
# multithreading, Journal of Computational Chemistry 31 (2010)  #
# 455-461                                                       #
#                                                               #
# DOI 10.1002/jcc.21334                                         #
#                                                               #
# Please see http://vina.scripps.edu for more information.      #
#################################################################

Output will be mol_datas/63-68-3_out.pdbqt
Reading input ... done.
Setting up the scoring function ... done.
Analyzing the binding site ... done.
Using random seed: 1000
Performing search ... done.
Refining results ... done.

mode |   affinity | dist from best mode
     | (kcal/mol) | rmsd l.b.| rmsd u.b.
-----+------------+----------+----------
   1         -4.6      0.000      0.000
   2         -4.5      1.874      1.995
   3         -4.3      3.817      4.790
   4         -4.3      3.859      4.686
   5         -4.3      1.905      2.079
   6         -4.3      4.253      5.267
   7         -4.2      8.873      9.893
   8         -4.2      4.073      4.912
   9         -4.1      3.385      3.773
  10         -4.1      7.944      8.933
  11         -4.1      1.884      2.116
  12         -4.0      3.344      4.296
  13         -3.9      9.554     10.426
  14         -3.9      2.586      3.010
  15         -3.8      4.190      4.991
  16         -3.8      3.466      4.381
  17         -3.8     10.979     11.655
  18         -3.8      9.991     11.189
  19         -3.6      7.179      8.165
  20         -3.6      3.165      4.081
Writing output ... done.
