#################################################################
# If you used AutoDock Vina in your work, please cite:          #
#                                                               #
# O. Trott, A. J. Olson,                                        #
# AutoDock Vina: improving the speed and accuracy of docking    #
# with a new scoring function, efficient optimization and       #
# multithreading, Journal of Computational Chemistry 31 (2010)  #
# 455-461                                                       #
#                                                               #
# DOI 10.1002/jcc.21334                                         #
#                                                               #
# Please see http://vina.scripps.edu for more information.      #
#################################################################

Output will be mol_datas/76466-16-5_out.pdbqt
Reading input ... done.
Setting up the scoring function ... done.
Analyzing the binding site ... done.
Using random seed: 1000
Performing search ... done.
Refining results ... done.

mode |   affinity | dist from best mode
     | (kcal/mol) | rmsd l.b.| rmsd u.b.
-----+------------+----------+----------
   1         -7.5      0.000      0.000
   2         -6.7      2.641      5.291
   3         -6.5      3.016      3.909
   4         -6.3      2.290      4.929
   5         -6.1      2.680      3.393
   6         -6.1      2.837      3.600
   7         -6.0      5.762      8.885
   8         -6.0      1.512      2.221
   9         -5.9      5.598      8.851
  10         -5.8      3.546      4.801
  11         -5.6      3.159      3.940
  12         -5.5      3.441      4.885
  13         -5.5      2.595      5.077
  14         -5.5      6.184      9.056
  15         -5.3      8.917     10.141
  16         -5.3      9.323     10.607
  17         -5.3      6.678      9.303
  18         -5.2      7.046      9.454
  19         -5.1      4.182      6.484
  20         -4.9      8.759     11.370
Writing output ... done.
