#################################################################
# If you used AutoDock Vina in your work, please cite:          #
#                                                               #
# O. Trott, A. J. Olson,                                        #
# AutoDock Vina: improving the speed and accuracy of docking    #
# with a new scoring function, efficient optimization and       #
# multithreading, Journal of Computational Chemistry 31 (2010)  #
# 455-461                                                       #
#                                                               #
# DOI 10.1002/jcc.21334                                         #
#                                                               #
# Please see http://vina.scripps.edu for more information.      #
#################################################################

Output will be mol_datas/638-42-6_out.pdbqt
Reading input ... done.
Setting up the scoring function ... done.
Analyzing the binding site ... done.
Using random seed: 1000
Performing search ... done.
Refining results ... done.

mode |   affinity | dist from best mode
     | (kcal/mol) | rmsd l.b.| rmsd u.b.
-----+------------+----------+----------
   1         -5.1      0.000      0.000
   2         -5.0      3.559      5.158
   3         -5.0      1.917      2.233
   4         -5.0      2.837      4.631
   5         -4.9      2.607      4.567
   6         -4.8      1.984      2.613
   7         -4.7      8.002      8.905
   8         -4.6      8.670      9.728
   9         -4.5      8.632      9.635
  10         -4.5      8.746     10.097
  11         -4.5      3.904      4.858
  12         -4.5      5.156      5.745
  13         -4.5     10.393     11.495
  14         -4.5      3.792      5.371
  15         -4.4      1.819      2.697
  16         -4.2     11.746     12.943
  17         -4.2      4.288      5.204
  18         -4.1      9.457     10.482
  19         -4.1      3.276      4.046
  20         -3.8      9.523     10.861
Writing output ... done.
