#################################################################
# If you used AutoDock Vina in your work, please cite:          #
#                                                               #
# O. Trott, A. J. Olson,                                        #
# AutoDock Vina: improving the speed and accuracy of docking    #
# with a new scoring function, efficient optimization and       #
# multithreading, Journal of Computational Chemistry 31 (2010)  #
# 455-461                                                       #
#                                                               #
# DOI 10.1002/jcc.21334                                         #
#                                                               #
# Please see http://vina.scripps.edu for more information.      #
#################################################################

Output will be mol_datas/60-35-5_out.pdbqt
Reading input ... done.
Setting up the scoring function ... done.
Analyzing the binding site ... done.
Using random seed: 1000
Performing search ... done.
Refining results ... done.

mode |   affinity | dist from best mode
     | (kcal/mol) | rmsd l.b.| rmsd u.b.
-----+------------+----------+----------
   1         -3.3      0.000      0.000
   2         -3.2      7.723      7.749
   3         -3.2     12.310     12.310
   4         -3.2      7.474      7.588
   5         -3.0      2.093      2.218
   6         -3.0      7.863      7.943
   7         -2.9      7.618      7.659
   8         -2.9      9.172      9.379
   9         -2.9      7.642      7.699
  10         -2.8      9.290      9.495
  11         -2.7      7.740      7.742
  12         -2.6     10.729     10.923
  13         -2.6     13.042     13.328
  14         -2.6     10.009     10.050
  15         -2.6     11.135     11.138
  16         -2.6     12.951     12.951
  17         -2.5      8.987      8.997
  18         -2.4     13.347     13.524
  19         -2.4     15.173     15.359
  20         -2.4     10.078     10.082
Writing output ... done.
