#################################################################
# If you used AutoDock Vina in your work, please cite:          #
#                                                               #
# O. Trott, A. J. Olson,                                        #
# AutoDock Vina: improving the speed and accuracy of docking    #
# with a new scoring function, efficient optimization and       #
# multithreading, Journal of Computational Chemistry 31 (2010)  #
# 455-461                                                       #
#                                                               #
# DOI 10.1002/jcc.21334                                         #
#                                                               #
# Please see http://vina.scripps.edu for more information.      #
#################################################################

Output will be mol_datas/107-02-8_out.pdbqt
Reading input ... done.
Setting up the scoring function ... done.
Analyzing the binding site ... done.
Using random seed: 1000
Performing search ... done.
Refining results ... done.

mode |   affinity | dist from best mode
     | (kcal/mol) | rmsd l.b.| rmsd u.b.
-----+------------+----------+----------
   1         -3.4      0.000      0.000
   2         -3.0      5.604      6.243
   3         -2.9      2.891      3.982
   4         -2.8      2.146      2.556
   5         -2.8      7.418      7.896
   6         -2.7      5.885      6.089
   7         -2.7     11.822     12.056
   8         -2.6      5.878      6.464
   9         -2.6     13.340     13.553
  10         -2.6     18.242     18.594
  11         -2.6      8.227      8.464
  12         -2.5      5.179      5.418
  13         -2.5      7.538      7.687
  14         -2.5     10.106     10.398
  15         -2.5     13.565     13.750
  16         -2.5     13.391     13.599
  17         -2.5      9.248      9.409
  18         -2.4     14.721     14.958
  19         -2.4     10.679     11.014
  20         -2.3     14.019     14.175
Writing output ... done.
