#################################################################
# If you used AutoDock Vina in your work, please cite:          #
#                                                               #
# O. Trott, A. J. Olson,                                        #
# AutoDock Vina: improving the speed and accuracy of docking    #
# with a new scoring function, efficient optimization and       #
# multithreading, Journal of Computational Chemistry 31 (2010)  #
# 455-461                                                       #
#                                                               #
# DOI 10.1002/jcc.21334                                         #
#                                                               #
# Please see http://vina.scripps.edu for more information.      #
#################################################################

Output will be mol_datas/54-11-5_out.pdbqt
Reading input ... done.
Setting up the scoring function ... done.
Analyzing the binding site ... done.
Using random seed: 1000
Performing search ... done.
Refining results ... done.

mode |   affinity | dist from best mode
     | (kcal/mol) | rmsd l.b.| rmsd u.b.
-----+------------+----------+----------
   1         -6.6      0.000      0.000
   2         -6.6      1.321      4.734
   3         -6.6      1.343      4.325
   4         -6.5      1.814      2.650
   5         -6.1      1.201      4.492
   6         -5.7      5.810      9.075
   7         -5.4      8.696     10.535
   8         -5.4      2.054      2.679
   9         -5.4      8.950     11.584
  10         -5.4      9.834     11.097
  11         -5.3      6.776      9.080
  12         -5.2      9.003     12.036
  13         -4.8      2.285      3.585
  14         -4.1     15.556     16.439
  15         -4.0     15.860     17.121
  16         -3.9     16.250     17.246
  17         -3.9     15.006     15.875
  18         -3.8     15.357     16.418
  19         -3.8     16.061     17.096
  20         -3.7     15.926     17.158
Writing output ... done.
