#################################################################
# If you used AutoDock Vina in your work, please cite:          #
#                                                               #
# O. Trott, A. J. Olson,                                        #
# AutoDock Vina: improving the speed and accuracy of docking    #
# with a new scoring function, efficient optimization and       #
# multithreading, Journal of Computational Chemistry 31 (2010)  #
# 455-461                                                       #
#                                                               #
# DOI 10.1002/jcc.21334                                         #
#                                                               #
# Please see http://vina.scripps.edu for more information.      #
#################################################################

Output will be mol_datas/109-70-6_out.pdbqt
Reading input ... done.
Setting up the scoring function ... done.
Analyzing the binding site ... done.
Using random seed: 1000
Performing search ... done.
Refining results ... done.

mode |   affinity | dist from best mode
     | (kcal/mol) | rmsd l.b.| rmsd u.b.
-----+------------+----------+----------
   1         -3.6      0.000      0.000
   2         -3.5      2.986      3.383
   3         -3.4      1.839      2.029
   4         -3.3      2.456      2.981
   5         -3.2      2.688      3.138
   6         -3.2      3.757      4.157
   7         -3.1      4.620      4.865
   8         -3.0      4.174      4.421
   9         -2.9      9.910     10.486
  10         -2.9     12.933     13.031
  11         -2.9      3.803      4.055
  12         -2.8     12.259     12.530
  13         -2.8      4.603      5.047
  14         -2.8     10.590     11.060
  15         -2.8     12.743     13.329
  16         -2.7     11.626     12.235
  17         -2.7     13.680     14.193
  18         -2.7     10.350     10.658
  19         -2.7     11.736     12.316
  20         -2.6     11.374     12.008
Writing output ... done.
