#################################################################
# If you used AutoDock Vina in your work, please cite:          #
#                                                               #
# O. Trott, A. J. Olson,                                        #
# AutoDock Vina: improving the speed and accuracy of docking    #
# with a new scoring function, efficient optimization and       #
# multithreading, Journal of Computational Chemistry 31 (2010)  #
# 455-461                                                       #
#                                                               #
# DOI 10.1002/jcc.21334                                         #
#                                                               #
# Please see http://vina.scripps.edu for more information.      #
#################################################################

Output will be mol_datas/538-32-9_out.pdbqt
Reading input ... done.
Setting up the scoring function ... done.
Analyzing the binding site ... done.
Using random seed: 1000
Performing search ... done.
Refining results ... done.

mode |   affinity | dist from best mode
     | (kcal/mol) | rmsd l.b.| rmsd u.b.
-----+------------+----------+----------
   1         -7.3      0.000      0.000
   2         -7.1      3.425      5.179
   3         -7.0      1.963      2.850
   4         -6.9      3.219      4.211
   5         -6.5      6.739     10.001
   6         -6.2      3.731      4.783
   7         -6.0      1.614      2.547
   8         -5.9      9.595     11.325
   9         -5.7      5.455      8.708
  10         -5.7      3.013      3.892
  11         -5.6      9.324     11.034
  12         -5.6      9.124     10.403
  13         -5.5      1.724      2.449
  14         -5.5      3.070      5.042
  15         -5.3     10.354     12.015
  16         -5.2      6.376      9.362
  17         -5.0      8.366     11.420
  18         -4.8      3.610      4.803
  19         -4.8      9.668     11.528
  20         -4.8      4.292      6.217
Writing output ... done.
