#################################################################
# If you used AutoDock Vina in your work, please cite:          #
#                                                               #
# O. Trott, A. J. Olson,                                        #
# AutoDock Vina: improving the speed and accuracy of docking    #
# with a new scoring function, efficient optimization and       #
# multithreading, Journal of Computational Chemistry 31 (2010)  #
# 455-461                                                       #
#                                                               #
# DOI 10.1002/jcc.21334                                         #
#                                                               #
# Please see http://vina.scripps.edu for more information.      #
#################################################################

Output will be mol_datas/148-24-3_out.pdbqt
Reading input ... done.
Setting up the scoring function ... done.
Analyzing the binding site ... done.
Using random seed: 1000
Performing search ... done.
Refining results ... done.

mode |   affinity | dist from best mode
     | (kcal/mol) | rmsd l.b.| rmsd u.b.
-----+------------+----------+----------
   1         -7.5      0.000      0.000
   2         -7.1      1.134      3.342
   3         -6.9      2.143      4.092
   4         -6.9      2.994      4.071
   5         -6.7      3.058      4.491
   6         -6.6      3.648      4.818
   7         -6.3      8.597      9.982
   8         -6.3      1.788      2.558
   9         -6.3      3.407      5.159
  10         -6.0      9.046     11.101
  11         -6.0      3.434      4.578
  12         -5.9      8.553     10.698
  13         -5.8      9.283     10.866
  14         -5.7     10.053     11.355
  15         -5.7      1.945      2.465
  16         -5.6      9.284     10.956
  17         -5.4      2.016      2.771
  18         -5.1      5.740      7.860
  19         -5.1     16.503     16.874
  20         -4.9     16.577     17.130
Writing output ... done.
