#################################################################
# If you used AutoDock Vina in your work, please cite:          #
#                                                               #
# O. Trott, A. J. Olson,                                        #
# AutoDock Vina: improving the speed and accuracy of docking    #
# with a new scoring function, efficient optimization and       #
# multithreading, Journal of Computational Chemistry 31 (2010)  #
# 455-461                                                       #
#                                                               #
# DOI 10.1002/jcc.21334                                         #
#                                                               #
# Please see http://vina.scripps.edu for more information.      #
#################################################################

Output will be mol_datas/110-85-0_out.pdbqt
Reading input ... done.
Setting up the scoring function ... done.
Analyzing the binding site ... done.
Using random seed: 1000
Performing search ... done.
Refining results ... done.

mode |   affinity | dist from best mode
     | (kcal/mol) | rmsd l.b.| rmsd u.b.
-----+------------+----------+----------
   1         -3.7      0.000      0.000
   2         -3.7      0.036      2.091
   3         -3.7      0.747      2.064
   4         -3.6      1.145      2.888
   5         -3.5      5.157      6.211
   6         -3.4      1.503      1.879
   7         -3.3      2.117      3.743
   8         -3.3      5.054      6.045
   9         -3.3      5.027      5.658
  10         -3.2      7.628      8.604
  11         -3.1      3.615      4.545
  12         -3.1      7.363      8.586
  13         -3.0      3.939      4.371
  14         -3.0      2.027      3.049
  15         -3.0     10.744     11.790
  16         -3.0      2.702      3.203
  17         -3.0     11.011     11.978
  18         -3.0      9.500     10.716
  19         -3.0      9.531     10.708
  20         -2.9      3.153      4.264
Writing output ... done.
