#################################################################
# If you used AutoDock Vina in your work, please cite:          #
#                                                               #
# O. Trott, A. J. Olson,                                        #
# AutoDock Vina: improving the speed and accuracy of docking    #
# with a new scoring function, efficient optimization and       #
# multithreading, Journal of Computational Chemistry 31 (2010)  #
# 455-461                                                       #
#                                                               #
# DOI 10.1002/jcc.21334                                         #
#                                                               #
# Please see http://vina.scripps.edu for more information.      #
#################################################################

Output will be mol_datas/39196-18-4_out.pdbqt
Reading input ... done.
Setting up the scoring function ... done.
Analyzing the binding site ... done.
Using random seed: 1000
Performing search ... done.
Refining results ... done.

mode |   affinity | dist from best mode
     | (kcal/mol) | rmsd l.b.| rmsd u.b.
-----+------------+----------+----------
   1         -6.2      0.000      0.000
   2         -5.6      2.898      4.664
   3         -5.5      3.106      5.518
   4         -5.1      8.405      9.864
   5         -5.0      3.901      5.696
   6         -4.7      8.776     10.622
   7         -4.6      2.733      4.884
   8         -4.5      8.008     10.266
   9         -4.4      2.543      4.765
  10         -4.3      5.667      7.079
  11         -4.3      7.315      9.068
  12         -4.1      6.495      8.704
  13         -3.7     15.764     16.894
  14         -3.5     15.388     16.563
  15         -3.5     15.457     16.196
  16         -3.4     16.337     17.478
  17         -3.4     17.247     18.842
Writing output ... done.
