#################################################################
# If you used AutoDock Vina in your work, please cite:          #
#                                                               #
# O. Trott, A. J. Olson,                                        #
# AutoDock Vina: improving the speed and accuracy of docking    #
# with a new scoring function, efficient optimization and       #
# multithreading, Journal of Computational Chemistry 31 (2010)  #
# 455-461                                                       #
#                                                               #
# DOI 10.1002/jcc.21334                                         #
#                                                               #
# Please see http://vina.scripps.edu for more information.      #
#################################################################

Output will be mol_datas/57-44-3_out.pdbqt
Reading input ... done.
Setting up the scoring function ... done.
Analyzing the binding site ... done.
Using random seed: 1000
Performing search ... done.
Refining results ... done.

mode |   affinity | dist from best mode
     | (kcal/mol) | rmsd l.b.| rmsd u.b.
-----+------------+----------+----------
   1         -6.6      0.000      0.000
   2         -6.2      2.032      3.316
   3         -5.8      1.726      3.507
   4         -5.8      0.607      3.056
   5         -5.7      2.587      4.325
   6         -5.6      1.855      3.277
   7         -5.6      1.892      4.154
   8         -5.5      4.796      6.487
   9         -4.8      1.761      2.516
  10         -4.5      2.278      3.785
  11         -4.2      2.394      4.014
  12         -4.0     17.661     19.194
  13         -3.9     19.015     20.547
  14         -3.9      6.606      8.715
  15         -3.8     19.361     20.767
  16         -3.8     17.613     19.167
  17         -3.8     15.846     17.305
  18         -3.7     15.612     16.821
Writing output ... done.
