#################################################################
# If you used AutoDock Vina in your work, please cite:          #
#                                                               #
# O. Trott, A. J. Olson,                                        #
# AutoDock Vina: improving the speed and accuracy of docking    #
# with a new scoring function, efficient optimization and       #
# multithreading, Journal of Computational Chemistry 31 (2010)  #
# 455-461                                                       #
#                                                               #
# DOI 10.1002/jcc.21334                                         #
#                                                               #
# Please see http://vina.scripps.edu for more information.      #
#################################################################

Output will be mol_datas/144-62-7_out.pdbqt
Reading input ... done.
Setting up the scoring function ... done.
Analyzing the binding site ... done.
Using random seed: 1000
Performing search ... done.
Refining results ... done.

mode |   affinity | dist from best mode
     | (kcal/mol) | rmsd l.b.| rmsd u.b.
-----+------------+----------+----------
   1         -4.4      0.000      0.000
   2         -4.3      0.142      2.775
   3         -3.9      7.452      8.062
   4         -3.8      7.591      8.013
   5         -3.8      6.124      7.082
   6         -3.7      6.483      7.631
   7         -3.6     14.059     14.510
   8         -3.6     14.069     14.531
   9         -3.6     11.321     12.385
  10         -3.5      7.125      8.057
  11         -3.5      7.221      7.595
  12         -3.5      7.297      7.853
  13         -3.5      8.249      9.416
  14         -3.4      9.638     10.030
  15         -3.4      9.178      9.774
  16         -3.4     10.147     10.636
  17         -3.4      7.449      8.185
  18         -3.3     10.065     10.626
  19         -3.3      9.454     10.029
  20         -3.2      7.705      8.872
Writing output ... done.
