#################################################################
# If you used AutoDock Vina in your work, please cite:          #
#                                                               #
# O. Trott, A. J. Olson,                                        #
# AutoDock Vina: improving the speed and accuracy of docking    #
# with a new scoring function, efficient optimization and       #
# multithreading, Journal of Computational Chemistry 31 (2010)  #
# 455-461                                                       #
#                                                               #
# DOI 10.1002/jcc.21334                                         #
#                                                               #
# Please see http://vina.scripps.edu for more information.      #
#################################################################

Output will be mol_datas/507-70-0_out.pdbqt
Reading input ... done.
Setting up the scoring function ... done.
Analyzing the binding site ... done.
Using random seed: 1000
Performing search ... done.
Refining results ... done.

mode |   affinity | dist from best mode
     | (kcal/mol) | rmsd l.b.| rmsd u.b.
-----+------------+----------+----------
   1         -4.5      0.000      0.000
   2         -4.2     17.694     19.060
   3         -4.0     18.796     20.290
   4         -4.0     18.916     20.223
   5         -3.9     17.772     19.147
   6         -3.8     18.927     20.741
   7         -3.6     15.894     17.597
   8         -3.6     17.573     18.960
   9         -3.6     15.825     17.640
  10         -3.5     15.551     17.073
  11         -3.5     17.181     18.412
  12         -3.5     15.727     17.423
  13         -3.5     16.236     17.953
  14         -3.4     16.217     17.590
  15         -3.3     15.742     17.553
  16         -3.3     17.281     18.596
  17         -3.3     17.004     18.570
  18         -3.3     16.546     17.723
  19         -3.2     15.919     17.552
  20         -3.2     16.144     17.726
Writing output ... done.
