#################################################################
# If you used AutoDock Vina in your work, please cite:          #
#                                                               #
# O. Trott, A. J. Olson,                                        #
# AutoDock Vina: improving the speed and accuracy of docking    #
# with a new scoring function, efficient optimization and       #
# multithreading, Journal of Computational Chemistry 31 (2010)  #
# 455-461                                                       #
#                                                               #
# DOI 10.1002/jcc.21334                                         #
#                                                               #
# Please see http://vina.scripps.edu for more information.      #
#################################################################

Output will be mol_datas/83-79-4_out.pdbqt
Reading input ... done.
Setting up the scoring function ... done.
Analyzing the binding site ... done.
Using random seed: 1000
Performing search ... done.
Refining results ... done.

mode |   affinity | dist from best mode
     | (kcal/mol) | rmsd l.b.| rmsd u.b.
-----+------------+----------+----------
   1         -5.4      0.000      0.000
   2         -5.3      3.265      6.576
   3         -5.2      3.972      5.058
   4         -5.2     10.365     13.287
   5         -4.9     10.313     13.675
   6         -4.8      3.523      7.279
   7         -4.7      6.624      9.864
   8         -4.6      3.755      7.695
   9         -4.5      4.330      6.848
  10         -4.3      3.302      5.904
  11         -4.2      3.622      5.988
  12         -4.1      3.668      7.179
  13         -3.9      4.643      7.361
  14         -3.8      3.589      7.584
  15         -3.8      3.314      8.088
  16         -3.8      3.314      6.307
  17         -3.6      3.450      6.122
  18         -3.6      5.676      9.189
Writing output ... done.
