#################################################################
# If you used AutoDock Vina in your work, please cite:          #
#                                                               #
# O. Trott, A. J. Olson,                                        #
# AutoDock Vina: improving the speed and accuracy of docking    #
# with a new scoring function, efficient optimization and       #
# multithreading, Journal of Computational Chemistry 31 (2010)  #
# 455-461                                                       #
#                                                               #
# DOI 10.1002/jcc.21334                                         #
#                                                               #
# Please see http://vina.scripps.edu for more information.      #
#################################################################

Output will be mol_datas/63-75-2_out.pdbqt
Reading input ... done.
Setting up the scoring function ... done.
Analyzing the binding site ... done.
Using random seed: 1000
Performing search ... done.
Refining results ... done.

mode |   affinity | dist from best mode
     | (kcal/mol) | rmsd l.b.| rmsd u.b.
-----+------------+----------+----------
   1         -5.9      0.000      0.000
   2         -5.8      3.063      4.804
   3         -5.7      0.955      1.980
   4         -5.7      2.962      3.988
   5         -5.5      2.932      4.508
   6         -5.4      3.153      4.510
   7         -5.4      3.053      4.789
   8         -5.3      2.783      4.161
   9         -5.3      3.538      4.676
  10         -5.2      2.944      4.101
  11         -5.2      3.628      5.531
  12         -5.2      7.889      9.364
  13         -5.1      1.459      2.003
  14         -5.1      7.686      8.739
  15         -5.1      9.146     10.353
  16         -5.0      8.060      8.880
  17         -4.9      9.026     10.066
  18         -4.9      7.677      8.523
  19         -4.5      3.192      4.725
  20         -4.5     10.040     11.136
Writing output ... done.
