#################################################################
# If you used AutoDock Vina in your work, please cite:          #
#                                                               #
# O. Trott, A. J. Olson,                                        #
# AutoDock Vina: improving the speed and accuracy of docking    #
# with a new scoring function, efficient optimization and       #
# multithreading, Journal of Computational Chemistry 31 (2010)  #
# 455-461                                                       #
#                                                               #
# DOI 10.1002/jcc.21334                                         #
#                                                               #
# Please see http://vina.scripps.edu for more information.      #
#################################################################

Output will be mol_datas/51-55-8_out.pdbqt
Reading input ... done.
Setting up the scoring function ... done.
Analyzing the binding site ... done.
Using random seed: 1000
Performing search ... done.
Refining results ... done.

mode |   affinity | dist from best mode
     | (kcal/mol) | rmsd l.b.| rmsd u.b.
-----+------------+----------+----------
   1         -8.2      0.000      0.000
   2         -8.0      3.945      5.345
   3         -8.0      3.922      5.954
   4         -7.8      7.804     10.059
   5         -7.7      8.117     10.274
   6         -7.7      4.378      6.994
   7         -7.6      1.122      2.151
   8         -7.4      5.204      7.822
   9         -7.4      5.087      7.856
  10         -7.3      1.566      3.173
  11         -6.8      2.310      4.350
  12         -6.6      6.648      9.252
  13         -6.3      5.156      7.986
  14         -5.9     15.574     17.185
  15         -5.8     15.163     16.854
  16         -5.8     14.754     16.401
  17         -5.8     15.196     16.172
  18         -5.7     15.285     17.377
  19         -5.6     15.257     17.469
  20         -5.5     16.029     18.102
Writing output ... done.
