#################################################################
# If you used AutoDock Vina in your work, please cite:          #
#                                                               #
# O. Trott, A. J. Olson,                                        #
# AutoDock Vina: improving the speed and accuracy of docking    #
# with a new scoring function, efficient optimization and       #
# multithreading, Journal of Computational Chemistry 31 (2010)  #
# 455-461                                                       #
#                                                               #
# DOI 10.1002/jcc.21334                                         #
#                                                               #
# Please see http://vina.scripps.edu for more information.      #
#################################################################

Output will be mol_datas/32598-10-0_out.pdbqt
Reading input ... done.
Setting up the scoring function ... done.
Analyzing the binding site ... done.
Using random seed: 1000
Performing search ... done.
Refining results ... done.

mode |   affinity | dist from best mode
     | (kcal/mol) | rmsd l.b.| rmsd u.b.
-----+------------+----------+----------
   1         -6.4      0.000      0.000
   2         -6.4      4.340      5.681
   3         -6.2      2.657      6.312
   4         -6.1      4.897      7.720
   5         -6.0      4.952      7.716
   6         -5.8      2.836      4.712
   7         -5.6      5.983      8.418
   8         -5.6      1.467      6.139
   9         -5.5      5.445      7.862
  10         -5.1     18.218     19.283
  11         -4.9     14.699     16.691
  12         -4.9     14.337     15.574
  13         -4.8     14.557     16.321
  14         -4.7     14.527     16.649
  15         -4.7     14.542     16.008
  16         -4.7      3.999      5.616
  17         -4.6      5.474      9.445
  18         -4.5     14.894     16.151
  19         -4.5      5.608      8.219
  20         -4.2     14.654     16.235
Writing output ... done.
