#################################################################
# If you used AutoDock Vina in your work, please cite:          #
#                                                               #
# O. Trott, A. J. Olson,                                        #
# AutoDock Vina: improving the speed and accuracy of docking    #
# with a new scoring function, efficient optimization and       #
# multithreading, Journal of Computational Chemistry 31 (2010)  #
# 455-461                                                       #
#                                                               #
# DOI 10.1002/jcc.21334                                         #
#                                                               #
# Please see http://vina.scripps.edu for more information.      #
#################################################################

Output will be mol_datas/100-46-9_out.pdbqt
Reading input ... done.
Setting up the scoring function ... done.
Analyzing the binding site ... done.
Using random seed: 1000
Performing search ... done.
Refining results ... done.

mode |   affinity | dist from best mode
     | (kcal/mol) | rmsd l.b.| rmsd u.b.
-----+------------+----------+----------
   1         -6.1      0.000      0.000
   2         -6.1      0.039      1.713
   3         -5.6      2.783      4.452
   4         -5.5      4.122      5.326
   5         -5.5      4.352      5.555
   6         -5.3      1.725      3.656
   7         -5.1      9.841     11.217
   8         -5.1      9.856     11.304
   9         -5.1      3.686      4.734
  10         -5.0      1.772      2.769
  11         -5.0     10.370     11.631
  12         -5.0     10.396     11.609
  13         -4.8      1.826      2.986
  14         -4.8      9.849     11.036
  15         -4.8      9.775     10.831
  16         -4.8     10.167     11.462
  17         -4.6      2.904      3.700
  18         -4.6      3.653      4.386
  19         -3.2     15.045     16.096
Writing output ... done.
