#################################################################
# If you used AutoDock Vina in your work, please cite:          #
#                                                               #
# O. Trott, A. J. Olson,                                        #
# AutoDock Vina: improving the speed and accuracy of docking    #
# with a new scoring function, efficient optimization and       #
# multithreading, Journal of Computational Chemistry 31 (2010)  #
# 455-461                                                       #
#                                                               #
# DOI 10.1002/jcc.21334                                         #
#                                                               #
# Please see http://vina.scripps.edu for more information.      #
#################################################################

Output will be mol_datas/50-24-8_out.pdbqt
Reading input ... done.
Setting up the scoring function ... done.
Analyzing the binding site ... done.
Using random seed: 1000
Performing search ... done.
Refining results ... done.

mode |   affinity | dist from best mode
     | (kcal/mol) | rmsd l.b.| rmsd u.b.
-----+------------+----------+----------
   1         -5.1      0.000      0.000
   2         -5.0      2.575      4.071
   3         -4.9      3.116      5.474
   4         -4.6      3.144      5.898
   5         -4.5      3.649      6.386
   6         -4.5      2.860      4.078
   7         -4.3      4.602      7.465
   8         -4.3      4.322      6.095
   9         -4.3      4.231      5.731
  10         -4.2      3.648      6.474
  11         -4.2     13.740     15.884
  12         -4.1      7.581      9.368
  13         -4.1      9.101     11.367
  14         -4.1      7.141      9.004
  15         -4.0      3.174      5.993
  16         -3.9      3.779      6.365
  17         -3.8      9.940     11.774
  18         -3.8     14.633     16.899
  19         -3.8      2.688      4.154
  20         -3.6     13.855     15.914
Writing output ... done.
