#################################################################
# If you used AutoDock Vina in your work, please cite:          #
#                                                               #
# O. Trott, A. J. Olson,                                        #
# AutoDock Vina: improving the speed and accuracy of docking    #
# with a new scoring function, efficient optimization and       #
# multithreading, Journal of Computational Chemistry 31 (2010)  #
# 455-461                                                       #
#                                                               #
# DOI 10.1002/jcc.21334                                         #
#                                                               #
# Please see http://vina.scripps.edu for more information.      #
#################################################################

Output will be mol_datas/79-31-2_out.pdbqt
Reading input ... done.
Setting up the scoring function ... done.
Analyzing the binding site ... done.
Using random seed: 1000
Performing search ... done.
Refining results ... done.

mode |   affinity | dist from best mode
     | (kcal/mol) | rmsd l.b.| rmsd u.b.
-----+------------+----------+----------
   1         -4.6      0.000      0.000
   2         -4.5      1.206      1.873
   3         -4.1      2.648      3.626
   4         -4.1      2.572      3.186
   5         -4.0      5.168      5.557
   6         -4.0      4.309      5.168
   7         -4.0      7.690      8.588
   8         -3.9      5.042      5.408
   9         -3.8      2.443      3.460
  10         -3.8      1.662      2.519
  11         -3.7      5.045      5.757
  12         -3.7     13.391     14.060
  13         -3.7     12.069     12.885
  14         -3.7      8.848     10.012
  15         -3.7      8.199      9.360
  16         -3.6      3.777      4.647
  17         -3.6      8.064      8.909
  18         -3.6      9.607     10.292
  19         -3.6      5.111      5.777
  20         -3.5     13.396     14.218
Writing output ... done.
