#################################################################
# If you used AutoDock Vina in your work, please cite:          #
#                                                               #
# O. Trott, A. J. Olson,                                        #
# AutoDock Vina: improving the speed and accuracy of docking    #
# with a new scoring function, efficient optimization and       #
# multithreading, Journal of Computational Chemistry 31 (2010)  #
# 455-461                                                       #
#                                                               #
# DOI 10.1002/jcc.21334                                         #
#                                                               #
# Please see http://vina.scripps.edu for more information.      #
#################################################################

Output will be mol_datas/67-78-7_out.pdbqt
Reading input ... done.
Setting up the scoring function ... done.
Analyzing the binding site ... done.
Using random seed: 1000
Performing search ... done.
Refining results ... done.

mode |   affinity | dist from best mode
     | (kcal/mol) | rmsd l.b.| rmsd u.b.
-----+------------+----------+----------
   1         -4.8      0.000      0.000
   2         -4.8      2.788      7.357
   3         -4.7      7.294     11.800
   4         -4.6      2.375      7.350
   5         -4.6      3.367      6.891
   6         -4.5      2.817      6.595
   7         -4.5      2.859      5.471
   8         -4.2      5.066      8.943
   9         -4.2      2.490      5.237
  10         -4.2      3.472      7.712
  11         -3.9      5.467      9.198
  12         -3.8      3.456      6.671
  13         -3.7      5.496      9.721
  14         -3.7      2.594      5.240
  15         -3.6      2.734      6.942
  16         -3.4      2.938      7.120
  17         -3.3      3.411      7.004
  18         -3.1      3.243      7.297
  19         -2.3      6.076     10.136
Writing output ... done.
