#################################################################
# If you used AutoDock Vina in your work, please cite:          #
#                                                               #
# O. Trott, A. J. Olson,                                        #
# AutoDock Vina: improving the speed and accuracy of docking    #
# with a new scoring function, efficient optimization and       #
# multithreading, Journal of Computational Chemistry 31 (2010)  #
# 455-461                                                       #
#                                                               #
# DOI 10.1002/jcc.21334                                         #
#                                                               #
# Please see http://vina.scripps.edu for more information.      #
#################################################################

Output will be mol_datas/109-87-5_out.pdbqt
Reading input ... done.
Setting up the scoring function ... done.
Analyzing the binding site ... done.
Using random seed: 1000
Performing search ... done.
Refining results ... done.

mode |   affinity | dist from best mode
     | (kcal/mol) | rmsd l.b.| rmsd u.b.
-----+------------+----------+----------
   1         -3.0      0.000      0.000
   2         -3.0      0.118      3.032
   3         -2.8      1.485      3.157
   4         -2.7      8.952     10.104
   5         -2.7      8.998      9.728
   6         -2.7      4.164      4.963
   7         -2.5      4.430      5.594
   8         -2.5      9.766     10.824
   9         -2.5      8.169      9.071
  10         -2.5      9.868     11.062
  11         -2.5      2.006      2.537
  12         -2.5     11.072     11.818
  13         -2.5      9.556     10.744
  14         -2.4      8.053      9.235
  15         -2.4     11.002     11.742
  16         -2.3     12.070     12.625
  17         -2.2     11.122     11.859
  18         -2.2     11.283     12.206
  19         -2.1     16.824     17.797
  20         -2.0     17.869     18.767
Writing output ... done.
