#################################################################
# If you used AutoDock Vina in your work, please cite:          #
#                                                               #
# O. Trott, A. J. Olson,                                        #
# AutoDock Vina: improving the speed and accuracy of docking    #
# with a new scoring function, efficient optimization and       #
# multithreading, Journal of Computational Chemistry 31 (2010)  #
# 455-461                                                       #
#                                                               #
# DOI 10.1002/jcc.21334                                         #
#                                                               #
# Please see http://vina.scripps.edu for more information.      #
#################################################################

Output will be mol_datas/2164-17-2_out.pdbqt
Reading input ... done.
Setting up the scoring function ... done.
Analyzing the binding site ... done.
Using random seed: 1000
Performing search ... done.
Refining results ... done.

mode |   affinity | dist from best mode
     | (kcal/mol) | rmsd l.b.| rmsd u.b.
-----+------------+----------+----------
   1         -7.6      0.000      0.000
   2         -6.7      2.618      3.263
   3         -6.6      2.123      2.928
   4         -6.5      7.269      9.026
   5         -6.4      6.583      8.566
   6         -6.4      4.242      6.927
   7         -6.2      7.255      9.495
   8         -6.2      1.641      2.161
   9         -6.0      5.577      8.250
  10         -5.8      3.597      6.055
  11         -5.6      4.325      7.268
  12         -5.5      3.969      5.211
  13         -5.4      6.105      7.657
  14         -5.1      8.457     11.508
  15         -5.1      5.809      8.381
  16         -5.1      3.751      5.910
  17         -5.1     14.939     16.081
  18         -5.0     14.763     15.910
  19         -4.9      7.261      8.973
Writing output ... done.
