#################################################################
# If you used AutoDock Vina in your work, please cite:          #
#                                                               #
# O. Trott, A. J. Olson,                                        #
# AutoDock Vina: improving the speed and accuracy of docking    #
# with a new scoring function, efficient optimization and       #
# multithreading, Journal of Computational Chemistry 31 (2010)  #
# 455-461                                                       #
#                                                               #
# DOI 10.1002/jcc.21334                                         #
#                                                               #
# Please see http://vina.scripps.edu for more information.      #
#################################################################

Output will be mol_datas/3002-23-1_out.pdbqt
Reading input ... done.
Setting up the scoring function ... done.
Analyzing the binding site ... done.
Using random seed: 1000
Performing search ... done.
Refining results ... done.

mode |   affinity | dist from best mode
     | (kcal/mol) | rmsd l.b.| rmsd u.b.
-----+------------+----------+----------
   1         -5.9      0.000      0.000
   2         -5.9      1.694      1.937
   3         -5.8      1.668      4.387
   4         -5.7      1.461      4.429
   5         -5.2      9.016     11.037
   6         -5.1      1.566      2.555
   7         -5.0      8.008      9.477
   8         -4.9      2.479      4.848
   9         -4.9      2.741      3.864
  10         -4.9      3.194      4.744
  11         -4.9      1.981      3.453
  12         -4.9      2.035      2.843
  13         -4.8      9.645     11.070
  14         -4.6      8.355     10.001
  15         -4.6      6.413      7.838
  16         -4.4      1.916      2.181
  17         -4.4      4.705      5.859
  18         -4.4      5.393      6.685
  19         -4.3      9.296     11.384
  20         -4.2      8.166     10.305
Writing output ... done.
