#################################################################
# If you used AutoDock Vina in your work, please cite:          #
#                                                               #
# O. Trott, A. J. Olson,                                        #
# AutoDock Vina: improving the speed and accuracy of docking    #
# with a new scoring function, efficient optimization and       #
# multithreading, Journal of Computational Chemistry 31 (2010)  #
# 455-461                                                       #
#                                                               #
# DOI 10.1002/jcc.21334                                         #
#                                                               #
# Please see http://vina.scripps.edu for more information.      #
#################################################################

Output will be mol_datas/108-44-1_out.pdbqt
Reading input ... done.
Setting up the scoring function ... done.
Analyzing the binding site ... done.
Using random seed: 1000
Performing search ... done.
Refining results ... done.

mode |   affinity | dist from best mode
     | (kcal/mol) | rmsd l.b.| rmsd u.b.
-----+------------+----------+----------
   1         -6.1      0.000      0.000
   2         -6.0      4.369      5.572
   3         -5.8      1.256      2.727
   4         -5.7      3.650      4.707
   5         -5.6      1.908      3.111
   6         -5.6      1.551      2.521
   7         -5.5      4.266      5.318
   8         -5.5      4.148      4.952
   9         -5.2      9.674     10.882
  10         -5.2      3.970      5.219
  11         -5.1      9.869     10.993
  12         -5.1     10.013     11.322
  13         -5.1     10.522     11.605
  14         -4.9      4.263      5.630
  15         -4.9      2.822      4.411
  16         -4.9      3.395      4.412
  17         -4.8      3.581      4.624
  18         -4.7      2.771      3.605
  19         -4.5      3.332      4.483
  20         -4.1      9.876     11.086
Writing output ... done.
