#################################################################
# If you used AutoDock Vina in your work, please cite:          #
#                                                               #
# O. Trott, A. J. Olson,                                        #
# AutoDock Vina: improving the speed and accuracy of docking    #
# with a new scoring function, efficient optimization and       #
# multithreading, Journal of Computational Chemistry 31 (2010)  #
# 455-461                                                       #
#                                                               #
# DOI 10.1002/jcc.21334                                         #
#                                                               #
# Please see http://vina.scripps.edu for more information.      #
#################################################################

Output will be mol_datas/779-02-2_out.pdbqt
Reading input ... done.
Setting up the scoring function ... done.
Analyzing the binding site ... done.
Using random seed: 1000
Performing search ... done.
Refining results ... done.

mode |   affinity | dist from best mode
     | (kcal/mol) | rmsd l.b.| rmsd u.b.
-----+------------+----------+----------
   1         -8.8      0.000      0.000
   2         -7.5      1.207      5.017
   3         -7.3      1.086      4.864
   4         -7.1      1.141      5.486
   5         -7.1      1.191      3.301
   6         -6.6      2.401      5.211
   7         -6.5      1.997      4.011
   8         -6.2      1.169      2.982
   9         -6.1      1.589      4.097
  10         -6.1      8.510     11.326
  11         -6.1      7.796     11.029
Writing output ... done.
