#################################################################
# If you used AutoDock Vina in your work, please cite:          #
#                                                               #
# O. Trott, A. J. Olson,                                        #
# AutoDock Vina: improving the speed and accuracy of docking    #
# with a new scoring function, efficient optimization and       #
# multithreading, Journal of Computational Chemistry 31 (2010)  #
# 455-461                                                       #
#                                                               #
# DOI 10.1002/jcc.21334                                         #
#                                                               #
# Please see http://vina.scripps.edu for more information.      #
#################################################################

Output will be mol_datas/87-51-4_out.pdbqt
Reading input ... done.
Setting up the scoring function ... done.
Analyzing the binding site ... done.
Using random seed: 1000
Performing search ... done.
Refining results ... done.

mode |   affinity | dist from best mode
     | (kcal/mol) | rmsd l.b.| rmsd u.b.
-----+------------+----------+----------
   1         -8.2      0.000      0.000
   2         -7.9      3.355      4.993
   3         -7.9      2.689      3.613
   4         -7.8      2.395      3.934
   5         -7.0      3.373      4.853
   6         -6.9      3.546      4.630
   7         -6.7      8.406     10.315
   8         -6.7      4.080      5.303
   9         -6.6      2.699      3.482
  10         -6.4      9.234     10.479
  11         -6.4      7.095      9.929
  12         -6.4      2.873      4.542
  13         -6.3      7.903     10.312
  14         -6.3      1.715      2.519
  15         -6.3      8.787     10.759
  16         -6.1      9.043     10.920
  17         -6.1      9.502     10.749
  18         -5.9      2.839      4.443
  19         -5.8      4.415      7.379
  20         -5.5      9.868     11.799
Writing output ... done.
