#################################################################
# If you used AutoDock Vina in your work, please cite:          #
#                                                               #
# O. Trott, A. J. Olson,                                        #
# AutoDock Vina: improving the speed and accuracy of docking    #
# with a new scoring function, efficient optimization and       #
# multithreading, Journal of Computational Chemistry 31 (2010)  #
# 455-461                                                       #
#                                                               #
# DOI 10.1002/jcc.21334                                         #
#                                                               #
# Please see http://vina.scripps.edu for more information.      #
#################################################################

Output will be mol_datas/939-27-5_out.pdbqt
Reading input ... done.
Setting up the scoring function ... done.
Analyzing the binding site ... done.
Using random seed: 1000
Performing search ... done.
Refining results ... done.

mode |   affinity | dist from best mode
     | (kcal/mol) | rmsd l.b.| rmsd u.b.
-----+------------+----------+----------
   1         -8.4      0.000      0.000
   2         -8.4      1.263      2.937
   3         -8.0      2.748      4.159
   4         -7.9      2.246      5.241
   5         -7.5      2.920      4.204
   6         -7.4      3.023      4.556
   7         -7.4      2.064      4.534
   8         -6.9      1.378      4.436
   9         -6.7      0.910      4.435
  10         -6.5      1.579      2.341
  11         -6.4      1.385      2.526
  12         -6.4      8.134     10.134
  13         -6.2      5.501      9.926
  14         -6.2      8.420     10.413
  15         -6.0      8.092     10.284
  16         -6.0      7.661     10.358
  17         -5.8      7.112     10.032
  18         -5.7      7.701     11.751
  19         -5.5      8.237     10.160
Writing output ... done.
