#################################################################
# If you used AutoDock Vina in your work, please cite:          #
#                                                               #
# O. Trott, A. J. Olson,                                        #
# AutoDock Vina: improving the speed and accuracy of docking    #
# with a new scoring function, efficient optimization and       #
# multithreading, Journal of Computational Chemistry 31 (2010)  #
# 455-461                                                       #
#                                                               #
# DOI 10.1002/jcc.21334                                         #
#                                                               #
# Please see http://vina.scripps.edu for more information.      #
#################################################################

Output will be mol_datas/109-97-7_out.pdbqt
Reading input ... done.
Setting up the scoring function ... done.
Analyzing the binding site ... done.
Using random seed: 1000
Performing search ... done.
Refining results ... done.

mode |   affinity | dist from best mode
     | (kcal/mol) | rmsd l.b.| rmsd u.b.
-----+------------+----------+----------
   1         -4.1      0.000      0.000
   2         -4.1      0.025      1.624
   3         -4.0      0.864      1.641
   4         -3.5      6.018      6.521
   5         -3.3      5.706      6.205
   6         -3.2      6.561      7.220
   7         -3.2      5.219      5.702
   8         -3.2      3.033      3.972
   9         -3.2     10.331     11.312
  10         -3.2      4.302      4.311
  11         -3.2      7.097      8.111
  12         -3.1      4.442      4.814
  13         -3.0     12.731     13.343
  14         -3.0      4.807      5.460
  15         -3.0      3.329      4.054
  16         -3.0      4.072      4.718
  17         -3.0      1.731      2.487
  18         -2.8     11.656     12.665
  19         -2.8      9.600     10.606
  20         -2.8     11.618     12.184
Writing output ... done.
