#################################################################
# If you used AutoDock Vina in your work, please cite:          #
#                                                               #
# O. Trott, A. J. Olson,                                        #
# AutoDock Vina: improving the speed and accuracy of docking    #
# with a new scoring function, efficient optimization and       #
# multithreading, Journal of Computational Chemistry 31 (2010)  #
# 455-461                                                       #
#                                                               #
# DOI 10.1002/jcc.21334                                         #
#                                                               #
# Please see http://vina.scripps.edu for more information.      #
#################################################################

Output will be mol_datas/619-02-3_out.pdbqt
Reading input ... done.
Setting up the scoring function ... done.
Analyzing the binding site ... done.
Using random seed: 1000
Performing search ... done.
Refining results ... done.

mode |   affinity | dist from best mode
     | (kcal/mol) | rmsd l.b.| rmsd u.b.
-----+------------+----------+----------
   1         -7.2      0.000      0.000
   2         -7.1      2.452      4.929
   3         -7.0      1.983      2.890
   4         -6.0      8.279      9.657
   5         -5.7      2.725      3.915
   6         -5.7      7.413      8.486
   7         -5.5      1.081      1.636
   8         -5.4      8.699      9.848
   9         -5.3      4.522      5.843
  10         -5.3      7.961      9.718
  11         -5.1      3.211      5.447
  12         -5.0      8.370      9.587
  13         -4.6      9.402     10.747
  14         -4.2      6.783      7.712
Writing output ... done.
