#################################################################
# If you used AutoDock Vina in your work, please cite:          #
#                                                               #
# O. Trott, A. J. Olson,                                        #
# AutoDock Vina: improving the speed and accuracy of docking    #
# with a new scoring function, efficient optimization and       #
# multithreading, Journal of Computational Chemistry 31 (2010)  #
# 455-461                                                       #
#                                                               #
# DOI 10.1002/jcc.21334                                         #
#                                                               #
# Please see http://vina.scripps.edu for more information.      #
#################################################################

Output will be mol_datas/24691-80-3_out.pdbqt
Reading input ... done.
Setting up the scoring function ... done.
Analyzing the binding site ... done.
Using random seed: 1000
Performing search ... done.
Refining results ... done.

mode |   affinity | dist from best mode
     | (kcal/mol) | rmsd l.b.| rmsd u.b.
-----+------------+----------+----------
   1         -7.2      0.000      0.000
   2         -7.2      1.528      2.537
   3         -7.1      3.768      5.432
   4         -6.8      2.274      5.985
   5         -6.7      2.271      2.899
   6         -6.7      6.435      8.922
   7         -6.7      1.784      5.871
   8         -6.6      4.585      8.527
   9         -6.6      1.946      5.907
  10         -6.4      3.049      6.593
  11         -6.4      3.093      4.915
  12         -6.4      2.076      2.915
  13         -6.4      5.428      7.210
  14         -6.4      6.730      9.317
  15         -6.2      4.493      8.229
  16         -6.1      2.706      6.547
  17         -6.1      3.082      4.982
  18         -5.9      7.559     10.037
  19         -5.9      2.492      3.994
  20         -5.9      6.170      7.867
Writing output ... done.
