#################################################################
# If you used AutoDock Vina in your work, please cite:          #
#                                                               #
# O. Trott, A. J. Olson,                                        #
# AutoDock Vina: improving the speed and accuracy of docking    #
# with a new scoring function, efficient optimization and       #
# multithreading, Journal of Computational Chemistry 31 (2010)  #
# 455-461                                                       #
#                                                               #
# DOI 10.1002/jcc.21334                                         #
#                                                               #
# Please see http://vina.scripps.edu for more information.      #
#################################################################

Output will be mol_datas/544-63-8_out.pdbqt
Reading input ... done.
Setting up the scoring function ... done.
Analyzing the binding site ... done.
Using random seed: 1000
Performing search ... done.
Refining results ... done.

mode |   affinity | dist from best mode
     | (kcal/mol) | rmsd l.b.| rmsd u.b.
-----+------------+----------+----------
   1         -6.6      0.000      0.000
   2         -6.6      3.016      5.855
   3         -6.6      1.807      4.407
   4         -6.5      2.712      5.373
   5         -6.2      2.724      5.103
   6         -6.0      2.644      4.039
   7         -5.9      4.802      7.780
   8         -5.8      5.345      8.261
   9         -5.4      4.289      6.895
  10         -5.3      4.943      7.740
  11         -5.1      2.087      3.803
  12         -5.0      5.892      8.316
  13         -5.0      5.570      8.549
  14         -4.9      8.753     11.043
  15         -4.8      4.833      7.687
  16         -4.5      6.184      9.437
  17         -4.4      8.443     10.211
  18         -3.7     16.158     17.551
  19         -3.6     14.804     16.018
Writing output ... done.
