#################################################################
# If you used AutoDock Vina in your work, please cite:          #
#                                                               #
# O. Trott, A. J. Olson,                                        #
# AutoDock Vina: improving the speed and accuracy of docking    #
# with a new scoring function, efficient optimization and       #
# multithreading, Journal of Computational Chemistry 31 (2010)  #
# 455-461                                                       #
#                                                               #
# DOI 10.1002/jcc.21334                                         #
#                                                               #
# Please see http://vina.scripps.edu for more information.      #
#################################################################

Output will be mol_datas/75-35-4_out.pdbqt
Reading input ... done.
Setting up the scoring function ... done.
Analyzing the binding site ... done.
Using random seed: 1000
Performing search ... done.
Refining results ... done.

mode |   affinity | dist from best mode
     | (kcal/mol) | rmsd l.b.| rmsd u.b.
-----+------------+----------+----------
   1         -3.3      0.000      0.000
   2         -3.3      1.543      2.788
   3         -3.2      1.650      1.911
   4         -3.0      5.692      6.042
   5         -3.0      4.902      5.648
   6         -2.9      5.163      5.605
   7         -2.9      2.078      2.281
   8         -2.9      4.510      4.812
   9         -2.9      6.363      6.957
  10         -2.8      4.717      5.398
  11         -2.7      2.680      3.210
  12         -2.7      3.183      3.707
  13         -2.7      6.404      7.018
  14         -2.7      3.225      3.834
  15         -2.7     12.526     13.044
  16         -2.7     11.394     11.869
  17         -2.7     11.460     11.984
  18         -2.7      3.904      4.136
  19         -2.6      2.920      3.276
  20         -2.6     12.044     12.520
Writing output ... done.
