#################################################################
# If you used AutoDock Vina in your work, please cite:          #
#                                                               #
# O. Trott, A. J. Olson,                                        #
# AutoDock Vina: improving the speed and accuracy of docking    #
# with a new scoring function, efficient optimization and       #
# multithreading, Journal of Computational Chemistry 31 (2010)  #
# 455-461                                                       #
#                                                               #
# DOI 10.1002/jcc.21334                                         #
#                                                               #
# Please see http://vina.scripps.edu for more information.      #
#################################################################

Output will be mol_datas/74472-42-7_out.pdbqt
Reading input ... done.
Setting up the scoring function ... done.
Analyzing the binding site ... done.
Using random seed: 1000
Performing search ... done.
Refining results ... done.

mode |   affinity | dist from best mode
     | (kcal/mol) | rmsd l.b.| rmsd u.b.
-----+------------+----------+----------
   1         -4.9      0.000      0.000
   2         -4.8     13.928     15.019
   3         -4.7     14.096     15.593
   4         -4.7     14.027     14.917
   5         -4.6     13.708     15.849
   6         -4.6     14.423     16.306
   7         -4.6     14.313     15.703
   8         -4.5     15.648     16.953
   9         -4.5     16.009     17.049
  10         -4.5     13.794     14.639
  11         -4.4     16.323     17.541
  12         -4.4      4.980      8.232
  13         -4.4     16.222     17.507
  14         -4.4     15.684     17.099
  15         -4.4     13.797     15.856
  16         -4.3     15.880     16.949
  17         -4.3     14.159     15.059
  18         -4.2     14.281     15.070
  19         -4.2     16.033     17.242
  20         -4.2     16.047     17.436
Writing output ... done.
