#################################################################
# If you used AutoDock Vina in your work, please cite:          #
#                                                               #
# O. Trott, A. J. Olson,                                        #
# AutoDock Vina: improving the speed and accuracy of docking    #
# with a new scoring function, efficient optimization and       #
# multithreading, Journal of Computational Chemistry 31 (2010)  #
# 455-461                                                       #
#                                                               #
# DOI 10.1002/jcc.21334                                         #
#                                                               #
# Please see http://vina.scripps.edu for more information.      #
#################################################################

Output will be mol_datas/83-49-8_out.pdbqt
Reading input ... done.
Setting up the scoring function ... done.
Analyzing the binding site ... done.
Using random seed: 1000
Performing search ... done.
Refining results ... done.

mode |   affinity | dist from best mode
     | (kcal/mol) | rmsd l.b.| rmsd u.b.
-----+------------+----------+----------
   1         -5.5      0.000      0.000
   2         -5.5     11.008     13.494
   3         -5.4     12.512     15.477
   4         -5.3      7.997     11.128
   5         -5.2      6.828      9.477
   6         -5.1      9.074     13.266
   7         -5.1      9.278     12.135
   8         -5.0      8.492     12.288
   9         -5.0     12.342     15.272
  10         -5.0      2.464      8.449
  11         -5.0      6.859     10.954
  12         -4.9      8.132     13.500
  13         -4.9     11.408     15.308
  14         -4.8      9.902     13.133
  15         -4.8      9.644     12.047
  16         -4.7      2.668      8.205
  17         -4.7      7.823     13.508
  18         -4.6      5.747      9.389
  19         -4.6      6.538      9.786
  20         -4.5      5.469     10.548
Writing output ... done.
