#################################################################
# If you used AutoDock Vina in your work, please cite:          #
#                                                               #
# O. Trott, A. J. Olson,                                        #
# AutoDock Vina: improving the speed and accuracy of docking    #
# with a new scoring function, efficient optimization and       #
# multithreading, Journal of Computational Chemistry 31 (2010)  #
# 455-461                                                       #
#                                                               #
# DOI 10.1002/jcc.21334                                         #
#                                                               #
# Please see http://vina.scripps.edu for more information.      #
#################################################################

Output will be mol_datas/108-10-1_out.pdbqt
Reading input ... done.
Setting up the scoring function ... done.
Analyzing the binding site ... done.
Using random seed: 1000
Performing search ... done.
Refining results ... done.

mode |   affinity | dist from best mode
     | (kcal/mol) | rmsd l.b.| rmsd u.b.
-----+------------+----------+----------
   1         -5.1      0.000      0.000
   2         -4.5      1.753      3.121
   3         -4.3      2.264      3.231
   4         -4.3      2.482      4.267
   5         -4.1     10.433     11.698
   6         -4.0     10.423     11.586
   7         -4.0      7.915      9.332
   8         -3.9      8.435      9.438
   9         -3.8      8.587      9.856
  10         -3.8      9.999     10.642
  11         -3.7      9.600     10.791
  12         -3.7     12.155     13.142
  13         -3.7      9.311     10.609
  14         -3.7      9.330     10.543
  15         -3.7      8.939     10.145
  16         -3.4     11.084     11.806
  17         -3.4     15.367     15.968
  18         -3.4      9.585     10.613
  19         -3.3     10.719     11.596
  20         -3.0      6.538      7.751
Writing output ... done.
