#################################################################
# If you used AutoDock Vina in your work, please cite:          #
#                                                               #
# O. Trott, A. J. Olson,                                        #
# AutoDock Vina: improving the speed and accuracy of docking    #
# with a new scoring function, efficient optimization and       #
# multithreading, Journal of Computational Chemistry 31 (2010)  #
# 455-461                                                       #
#                                                               #
# DOI 10.1002/jcc.21334                                         #
#                                                               #
# Please see http://vina.scripps.edu for more information.      #
#################################################################

Output will be mol_datas/83-34-1_out.pdbqt
Reading input ... done.
Setting up the scoring function ... done.
Analyzing the binding site ... done.
Using random seed: 1000
Performing search ... done.
Refining results ... done.

mode |   affinity | dist from best mode
     | (kcal/mol) | rmsd l.b.| rmsd u.b.
-----+------------+----------+----------
   1         -7.4      0.000      0.000
   2         -7.2      0.860      3.302
   3         -7.1      1.212      2.283
   4         -6.8      2.755      4.397
   5         -6.8      3.112      5.041
   6         -6.6      3.200      4.671
   7         -6.4      2.694      3.717
   8         -6.1      2.300      3.868
   9         -5.6      8.505     11.016
  10         -5.6      9.332     11.206
  11         -5.5      8.516     11.055
  12         -5.4      8.811     10.504
  13         -5.0     12.881     13.842
  14         -5.0     11.305     13.071
  15         -4.7      5.880      7.573
Writing output ... done.
