#################################################################
# If you used AutoDock Vina in your work, please cite:          #
#                                                               #
# O. Trott, A. J. Olson,                                        #
# AutoDock Vina: improving the speed and accuracy of docking    #
# with a new scoring function, efficient optimization and       #
# multithreading, Journal of Computational Chemistry 31 (2010)  #
# 455-461                                                       #
#                                                               #
# DOI 10.1002/jcc.21334                                         #
#                                                               #
# Please see http://vina.scripps.edu for more information.      #
#################################################################

Output will be mol_datas/106-38-7_out.pdbqt
Reading input ... done.
Setting up the scoring function ... done.
Analyzing the binding site ... done.
Using random seed: 1000
Performing search ... done.
Refining results ... done.

mode |   affinity | dist from best mode
     | (kcal/mol) | rmsd l.b.| rmsd u.b.
-----+------------+----------+----------
   1         -5.8      0.000      0.000
   2         -5.7      0.600      1.810
   3         -5.6      1.432      1.739
   4         -5.5      3.804      5.396
   5         -5.4      2.329      3.985
   6         -5.4      3.483      4.436
   7         -5.3      2.216      3.821
   8         -5.3      1.986      2.877
   9         -5.1      3.551      4.611
  10         -4.9      9.615     11.037
  11         -4.8      9.860     11.038
  12         -4.7      9.638     11.003
  13         -4.6     10.397     11.728
  14         -4.3     10.616     11.804
  15         -4.2      9.917     11.197
  16         -4.2      6.906      8.141
  17         -4.2      6.001      7.592
  18         -4.2     10.187     11.205
  19         -3.8     16.720     17.941
  20         -3.6     12.953     13.918
Writing output ... done.
