#################################################################
# If you used AutoDock Vina in your work, please cite:          #
#                                                               #
# O. Trott, A. J. Olson,                                        #
# AutoDock Vina: improving the speed and accuracy of docking    #
# with a new scoring function, efficient optimization and       #
# multithreading, Journal of Computational Chemistry 31 (2010)  #
# 455-461                                                       #
#                                                               #
# DOI 10.1002/jcc.21334                                         #
#                                                               #
# Please see http://vina.scripps.edu for more information.      #
#################################################################

Output will be mol_datas/50-71-5_out.pdbqt
Reading input ... done.
Setting up the scoring function ... done.
Analyzing the binding site ... done.
Using random seed: 1000
Performing search ... done.
Refining results ... done.

mode |   affinity | dist from best mode
     | (kcal/mol) | rmsd l.b.| rmsd u.b.
-----+------------+----------+----------
   1         -5.7      0.000      0.000
   2         -5.7      0.028      2.644
   3         -5.6      1.254      2.971
   4         -5.6      3.528      4.539
   5         -5.6      3.536      5.026
   6         -5.6      3.587      4.716
   7         -5.5      6.432      8.659
   8         -5.5      8.537     10.257
   9         -5.5      8.548      9.938
  10         -5.4      8.450     10.413
  11         -5.4      8.452     10.336
  12         -5.2      3.113      4.384
  13         -5.2      3.103      3.942
  14         -5.1      1.163      3.303
  15         -5.1      8.788     10.828
  16         -5.0     10.851     12.152
  17         -5.0      3.294      4.041
  18         -5.0      9.630     11.364
  19         -4.9      9.304     10.596
  20         -4.9      2.516      4.496
Writing output ... done.
