#################################################################
# If you used AutoDock Vina in your work, please cite:          #
#                                                               #
# O. Trott, A. J. Olson,                                        #
# AutoDock Vina: improving the speed and accuracy of docking    #
# with a new scoring function, efficient optimization and       #
# multithreading, Journal of Computational Chemistry 31 (2010)  #
# 455-461                                                       #
#                                                               #
# DOI 10.1002/jcc.21334                                         #
#                                                               #
# Please see http://vina.scripps.edu for more information.      #
#################################################################

Output will be mol_datas/18559-94-9_out.pdbqt
Reading input ... done.
Setting up the scoring function ... done.
Analyzing the binding site ... done.
Using random seed: 1000
Performing search ... done.
Refining results ... done.

mode |   affinity | dist from best mode
     | (kcal/mol) | rmsd l.b.| rmsd u.b.
-----+------------+----------+----------
   1         -6.9      0.000      0.000
   2         -6.9      9.090     11.738
   3         -6.8      8.539     10.048
   4         -6.7      3.760      5.967
   5         -6.6      7.750     10.156
   6         -6.5      0.981      2.318
   7         -6.5      6.241      8.826
   8         -6.2      3.751      6.424
   9         -6.0      8.544     10.168
  10         -5.9      7.836     10.320
  11         -5.9      1.871      2.982
  12         -5.8      1.628      2.126
  13         -5.7      3.630      6.684
  14         -5.6      2.958      6.506
  15         -5.5      6.994      9.277
  16         -5.4      1.401      2.097
  17         -5.2      5.406      8.111
  18         -5.1      6.403      8.231
  19         -4.8      3.199      4.921
  20         -4.6      7.526      9.475
Writing output ... done.
