#################################################################
# If you used AutoDock Vina in your work, please cite:          #
#                                                               #
# O. Trott, A. J. Olson,                                        #
# AutoDock Vina: improving the speed and accuracy of docking    #
# with a new scoring function, efficient optimization and       #
# multithreading, Journal of Computational Chemistry 31 (2010)  #
# 455-461                                                       #
#                                                               #
# DOI 10.1002/jcc.21334                                         #
#                                                               #
# Please see http://vina.scripps.edu for more information.      #
#################################################################

Output will be mol_datas/95-53-4_out.pdbqt
Reading input ... done.
Setting up the scoring function ... done.
Analyzing the binding site ... done.
Using random seed: 1000
Performing search ... done.
Refining results ... done.

mode |   affinity | dist from best mode
     | (kcal/mol) | rmsd l.b.| rmsd u.b.
-----+------------+----------+----------
   1         -6.2      0.000      0.000
   2         -6.0      0.989      2.750
   3         -5.8      1.452      2.277
   4         -5.6      3.542      4.330
   5         -5.6      3.825      5.444
   6         -5.5      3.445      4.666
   7         -5.3      3.655      4.649
   8         -5.2      1.834      3.718
   9         -5.2      1.728      3.141
  10         -5.2      2.147      3.463
  11         -5.1      9.766     11.107
  12         -5.1      9.398     11.385
  13         -5.0      9.605     11.442
  14         -5.0     10.506     11.607
  15         -4.8     10.037     11.367
  16         -4.8     10.181     11.278
  17         -4.6      9.366     11.319
  18         -4.6      4.217      5.383
  19         -4.0      6.725      8.038
  20         -3.9      6.025      7.649
Writing output ... done.
