#################################################################
# If you used AutoDock Vina in your work, please cite:          #
#                                                               #
# O. Trott, A. J. Olson,                                        #
# AutoDock Vina: improving the speed and accuracy of docking    #
# with a new scoring function, efficient optimization and       #
# multithreading, Journal of Computational Chemistry 31 (2010)  #
# 455-461                                                       #
#                                                               #
# DOI 10.1002/jcc.21334                                         #
#                                                               #
# Please see http://vina.scripps.edu for more information.      #
#################################################################

Output will be mol_datas/94-82-6_out.pdbqt
Reading input ... done.
Setting up the scoring function ... done.
Analyzing the binding site ... done.
Using random seed: 1000
Performing search ... done.
Refining results ... done.

mode |   affinity | dist from best mode
     | (kcal/mol) | rmsd l.b.| rmsd u.b.
-----+------------+----------+----------
   1         -7.5      0.000      0.000
   2         -7.3      3.005      5.998
   3         -7.3      1.749      2.317
   4         -7.1      2.479      4.292
   5         -6.5      2.592      5.382
   6         -6.1      3.164      5.586
   7         -6.1      6.533      8.452
   8         -6.0      2.593      3.629
   9         -5.7      5.301      7.391
  10         -5.7      8.808     10.398
  11         -5.6      2.412      3.655
  12         -5.4      7.351      9.621
  13         -5.3     10.124     11.640
  14         -5.1      7.493      9.106
  15         -5.0      6.657      9.030
  16         -5.0      3.311      4.955
  17         -5.0      8.664     11.175
  18         -4.8      9.701     11.588
  19         -4.8     11.997     13.947
  20         -4.6      2.368      3.176
Writing output ... done.
