#################################################################
# If you used AutoDock Vina in your work, please cite:          #
#                                                               #
# O. Trott, A. J. Olson,                                        #
# AutoDock Vina: improving the speed and accuracy of docking    #
# with a new scoring function, efficient optimization and       #
# multithreading, Journal of Computational Chemistry 31 (2010)  #
# 455-461                                                       #
#                                                               #
# DOI 10.1002/jcc.21334                                         #
#                                                               #
# Please see http://vina.scripps.edu for more information.      #
#################################################################

Output will be mol_datas/205-99-2_out.pdbqt
Reading input ... done.
Setting up the scoring function ... done.
Analyzing the binding site ... done.
Using random seed: 1000
Performing search ... done.
Refining results ... done.

mode |   affinity | dist from best mode
     | (kcal/mol) | rmsd l.b.| rmsd u.b.
-----+------------+----------+----------
   1         -7.8      0.000      0.000
   2         -7.7      0.414      5.407
   3         -6.9      1.149      3.777
   4         -6.8     15.327     16.104
   5         -6.6      1.207      5.828
   6         -6.5     15.423     16.331
   7         -6.5     19.084     20.755
   8         -6.4     15.065     16.617
   9         -6.3     15.225     17.010
  10         -6.2     15.009     16.751
  11         -6.1     15.604     16.513
  12         -6.0     15.283     16.271
  13         -6.0     15.257     17.369
  14         -6.0     17.732     20.851
  15         -6.0     15.212     15.531
  16         -6.0     15.662     15.763
  17         -5.8     15.894     16.759
  18         -5.7     15.409     16.446
  19         -5.7     15.641     15.941
Writing output ... done.
