#################################################################
# If you used AutoDock Vina in your work, please cite:          #
#                                                               #
# O. Trott, A. J. Olson,                                        #
# AutoDock Vina: improving the speed and accuracy of docking    #
# with a new scoring function, efficient optimization and       #
# multithreading, Journal of Computational Chemistry 31 (2010)  #
# 455-461                                                       #
#                                                               #
# DOI 10.1002/jcc.21334                                         #
#                                                               #
# Please see http://vina.scripps.edu for more information.      #
#################################################################

Output will be mol_datas/4396-01-4_out.pdbqt
Reading input ... done.
Setting up the scoring function ... done.
Analyzing the binding site ... done.
Using random seed: 1000
Performing search ... done.
Refining results ... done.

mode |   affinity | dist from best mode
     | (kcal/mol) | rmsd l.b.| rmsd u.b.
-----+------------+----------+----------
   1         -6.0      0.000      0.000
   2         -5.9      2.134      4.637
   3         -5.3      2.124      3.948
   4         -5.2      3.155      4.731
   5         -5.0      2.200      2.739
   6         -5.0      2.199      3.200
   7         -4.9      3.484      5.379
   8         -4.9      2.147      4.442
   9         -4.8      3.091      4.529
  10         -4.8     10.550     11.502
  11         -4.8      9.622     10.823
  12         -4.8      2.454      3.842
  13         -4.7      3.463      4.672
  14         -4.5      9.191     10.397
  15         -4.4      5.344      6.375
  16         -4.3     10.797     12.015
  17         -4.2      9.924     11.039
  18         -4.1     10.751     11.910
  19         -3.9      2.886      3.729
  20         -3.8     10.275     11.482
Writing output ... done.
