#################################################################
# If you used AutoDock Vina in your work, please cite:          #
#                                                               #
# O. Trott, A. J. Olson,                                        #
# AutoDock Vina: improving the speed and accuracy of docking    #
# with a new scoring function, efficient optimization and       #
# multithreading, Journal of Computational Chemistry 31 (2010)  #
# 455-461                                                       #
#                                                               #
# DOI 10.1002/jcc.21334                                         #
#                                                               #
# Please see http://vina.scripps.edu for more information.      #
#################################################################

Output will be mol_datas/55-21-0_out.pdbqt
Reading input ... done.
Setting up the scoring function ... done.
Analyzing the binding site ... done.
Using random seed: 1000
Performing search ... done.
Refining results ... done.

mode |   affinity | dist from best mode
     | (kcal/mol) | rmsd l.b.| rmsd u.b.
-----+------------+----------+----------
   1         -6.8      0.000      0.000
   2         -6.8      0.024      1.614
   3         -6.4      3.108      4.385
   4         -6.1      3.974      4.961
   5         -6.0      4.150      5.026
   6         -5.9      2.356      3.856
   7         -5.9      8.990     10.195
   8         -5.7      9.312     10.528
   9         -5.6      2.005      2.266
  10         -5.6     10.691     11.702
  11         -5.6     10.714     11.692
  12         -5.6     10.120     11.052
  13         -5.5      9.951     11.198
  14         -5.5      2.479      3.943
  15         -5.4      3.782      4.459
  16         -5.1      2.729      3.997
  17         -4.9     10.208     11.342
  18         -4.7     11.928     13.260
  19         -4.4     10.337     11.507
  20         -4.3      5.551      6.953
Writing output ... done.
