#################################################################
# If you used AutoDock Vina in your work, please cite:          #
#                                                               #
# O. Trott, A. J. Olson,                                        #
# AutoDock Vina: improving the speed and accuracy of docking    #
# with a new scoring function, efficient optimization and       #
# multithreading, Journal of Computational Chemistry 31 (2010)  #
# 455-461                                                       #
#                                                               #
# DOI 10.1002/jcc.21334                                         #
#                                                               #
# Please see http://vina.scripps.edu for more information.      #
#################################################################

Output will be mol_datas/578-06-3_out.pdbqt
Reading input ... done.
Setting up the scoring function ... done.
Analyzing the binding site ... done.
Using random seed: 1000
Performing search ... done.
Refining results ... done.

mode |   affinity | dist from best mode
     | (kcal/mol) | rmsd l.b.| rmsd u.b.
-----+------------+----------+----------
   1         -7.5      0.000      0.000
   2         -7.1      1.182      5.535
   3         -6.5      1.396      2.479
   4         -6.1      2.269      4.417
   5         -6.1      8.113      9.463
   6         -6.1      7.944      9.654
   7         -6.1      2.677      3.286
   8         -5.9      2.417      3.737
   9         -5.7      9.362     11.159
  10         -5.6      2.517      4.064
  11         -5.1      6.308      7.880
  12         -5.1     17.219     18.447
  13         -4.9     17.077     18.329
  14         -4.9     17.094     18.216
  15         -4.9     17.131     18.209
  16         -4.8     17.044     18.878
  17         -4.8     17.259     18.948
  18         -4.6     15.298     16.538
  19         -4.6     15.872     16.848
  20         -4.6     15.610     16.203
Writing output ... done.
