#################################################################
# If you used AutoDock Vina in your work, please cite:          #
#                                                               #
# O. Trott, A. J. Olson,                                        #
# AutoDock Vina: improving the speed and accuracy of docking    #
# with a new scoring function, efficient optimization and       #
# multithreading, Journal of Computational Chemistry 31 (2010)  #
# 455-461                                                       #
#                                                               #
# DOI 10.1002/jcc.21334                                         #
#                                                               #
# Please see http://vina.scripps.edu for more information.      #
#################################################################

Output will be mol_datas/530-78-9_out.pdbqt
Reading input ... done.
Setting up the scoring function ... done.
Analyzing the binding site ... done.
Using random seed: 1000
Performing search ... done.
Refining results ... done.

mode |   affinity | dist from best mode
     | (kcal/mol) | rmsd l.b.| rmsd u.b.
-----+------------+----------+----------
   1         -8.7      0.000      0.000
   2         -8.6      3.448      6.161
   3         -7.9      6.190      9.153
   4         -7.8      3.827      5.063
   5         -7.8      2.118      3.292
   6         -7.5      7.702      9.789
   7         -7.4      2.478      4.100
   8         -7.1      2.719      4.153
   9         -7.0      4.681      6.173
  10         -6.8      2.954      3.792
  11         -6.7     10.881     13.685
  12         -6.7      8.663     11.313
  13         -6.3      3.217      5.824
  14         -6.2      8.837     10.416
  15         -6.2      9.784     12.519
  16         -6.1     10.772     13.080
  17         -6.1     11.024     13.839
  18         -6.1     11.188     14.004
  19         -6.1      3.758      4.889
  20         -5.9      8.917     11.288
Writing output ... done.
