#################################################################
# If you used AutoDock Vina in your work, please cite:          #
#                                                               #
# O. Trott, A. J. Olson,                                        #
# AutoDock Vina: improving the speed and accuracy of docking    #
# with a new scoring function, efficient optimization and       #
# multithreading, Journal of Computational Chemistry 31 (2010)  #
# 455-461                                                       #
#                                                               #
# DOI 10.1002/jcc.21334                                         #
#                                                               #
# Please see http://vina.scripps.edu for more information.      #
#################################################################

Output will be mol_datas/54-85-3_out.pdbqt
Reading input ... done.
Setting up the scoring function ... done.
Analyzing the binding site ... done.
Using random seed: 1000
Performing search ... done.
Refining results ... done.

mode |   affinity | dist from best mode
     | (kcal/mol) | rmsd l.b.| rmsd u.b.
-----+------------+----------+----------
   1         -6.0      0.000      0.000
   2         -6.0      2.186      4.195
   3         -6.0      2.652      4.688
   4         -5.9      2.825      3.701
   5         -5.7      7.592      8.940
   6         -5.7     10.134     11.805
   7         -5.7      3.085      5.023
   8         -5.6      9.593     11.244
   9         -5.6      9.396     10.566
  10         -5.5      7.899      9.117
  11         -5.5      3.115      4.939
  12         -5.2      9.353     11.170
  13         -5.1      3.512      5.126
  14         -4.9      1.828      4.300
  15         -4.8     10.145     10.950
  16         -4.5      3.272      4.683
  17         -4.5      9.440     10.512
  18         -4.4      7.371      9.086
  19         -4.4      8.093      9.806
  20         -4.2     10.804     11.404
Writing output ... done.
