#################################################################
# If you used AutoDock Vina in your work, please cite:          #
#                                                               #
# O. Trott, A. J. Olson,                                        #
# AutoDock Vina: improving the speed and accuracy of docking    #
# with a new scoring function, efficient optimization and       #
# multithreading, Journal of Computational Chemistry 31 (2010)  #
# 455-461                                                       #
#                                                               #
# DOI 10.1002/jcc.21334                                         #
#                                                               #
# Please see http://vina.scripps.edu for more information.      #
#################################################################

Output will be mol_datas/122-80-5_out.pdbqt
Reading input ... done.
Setting up the scoring function ... done.
Analyzing the binding site ... done.
Using random seed: 1000
Performing search ... done.
Refining results ... done.

mode |   affinity | dist from best mode
     | (kcal/mol) | rmsd l.b.| rmsd u.b.
-----+------------+----------+----------
   1         -6.4      0.000      0.000
   2         -6.1      4.590      8.551
   3         -5.9      2.308      2.793
   4         -5.9      3.315      4.056
   5         -5.8      1.786      2.359
   6         -5.7      2.200      4.901
   7         -5.7      3.108      4.029
   8         -5.6      8.791     10.530
   9         -5.5      8.570     10.367
  10         -5.5      8.174      9.383
  11         -5.5      8.188      9.397
  12         -5.5      3.872      5.438
  13         -5.4      1.645      2.291
  14         -5.3      1.868      2.042
  15         -5.3      3.186      4.888
  16         -5.1      5.408      9.233
  17         -5.1      3.457      4.330
  18         -5.0      8.818     10.928
  19         -4.9      4.375      5.917
  20         -4.8      6.189     10.183
Writing output ... done.
