#################################################################
# If you used AutoDock Vina in your work, please cite:          #
#                                                               #
# O. Trott, A. J. Olson,                                        #
# AutoDock Vina: improving the speed and accuracy of docking    #
# with a new scoring function, efficient optimization and       #
# multithreading, Journal of Computational Chemistry 31 (2010)  #
# 455-461                                                       #
#                                                               #
# DOI 10.1002/jcc.21334                                         #
#                                                               #
# Please see http://vina.scripps.edu for more information.      #
#################################################################

Output will be mol_datas/485-35-8_out.pdbqt
Reading input ... done.
Setting up the scoring function ... done.
Analyzing the binding site ... done.
Using random seed: 1000
Performing search ... done.
Refining results ... done.

mode |   affinity | dist from best mode
     | (kcal/mol) | rmsd l.b.| rmsd u.b.
-----+------------+----------+----------
   1         -7.2      0.000      0.000
   2         -7.1      2.323      4.149
   3         -7.1      2.279      4.565
   4         -7.0      1.709      2.839
   5         -6.0      1.650      2.895
   6         -5.8      1.496      4.226
   7         -5.0      2.322      4.463
   8         -4.4     15.737     16.799
   9         -4.3      7.749      8.913
  10         -4.3     17.536     19.020
  11         -4.2     17.869     19.251
Writing output ... done.
