#################################################################
# If you used AutoDock Vina in your work, please cite:          #
#                                                               #
# O. Trott, A. J. Olson,                                        #
# AutoDock Vina: improving the speed and accuracy of docking    #
# with a new scoring function, efficient optimization and       #
# multithreading, Journal of Computational Chemistry 31 (2010)  #
# 455-461                                                       #
#                                                               #
# DOI 10.1002/jcc.21334                                         #
#                                                               #
# Please see http://vina.scripps.edu for more information.      #
#################################################################

Output will be mol_datas/458-88-8_out.pdbqt
Reading input ... done.
Setting up the scoring function ... done.
Analyzing the binding site ... done.
Using random seed: 1000
Performing search ... done.
Refining results ... done.

mode |   affinity | dist from best mode
     | (kcal/mol) | rmsd l.b.| rmsd u.b.
-----+------------+----------+----------
   1         -6.2      0.000      0.000
   2         -5.7      1.334      4.002
   3         -5.7      1.497      1.711
   4         -5.6      1.532      2.010
   5         -5.4      1.644      4.459
   6         -5.4      1.837      2.799
   7         -5.3      2.574      4.958
   8         -5.0      2.934      4.641
   9         -4.9      1.719      2.452
  10         -4.7      2.269      4.151
  11         -4.7      3.306      4.285
  12         -4.6      2.701      4.200
  13         -4.4      9.897     10.825
  14         -4.3     10.919     11.832
  15         -4.3     10.696     12.096
  16         -4.2      9.919     11.066
  17         -4.2     10.121     11.534
  18         -3.9      7.718      8.669
  19         -3.7     14.639     15.546
  20         -3.7      8.542     10.039
Writing output ... done.
