#################################################################
# If you used AutoDock Vina in your work, please cite:          #
#                                                               #
# O. Trott, A. J. Olson,                                        #
# AutoDock Vina: improving the speed and accuracy of docking    #
# with a new scoring function, efficient optimization and       #
# multithreading, Journal of Computational Chemistry 31 (2010)  #
# 455-461                                                       #
#                                                               #
# DOI 10.1002/jcc.21334                                         #
#                                                               #
# Please see http://vina.scripps.edu for more information.      #
#################################################################

Output will be mol_datas/75-56-9_out.pdbqt
Reading input ... done.
Setting up the scoring function ... done.
Analyzing the binding site ... done.
Using random seed: 1000
Performing search ... done.
Refining results ... done.

mode |   affinity | dist from best mode
     | (kcal/mol) | rmsd l.b.| rmsd u.b.
-----+------------+----------+----------
   1         -3.1      0.000      0.000
   2         -2.9      1.480      1.623
   3         -2.8      1.213      2.449
   4         -2.8      5.027      5.779
   5         -2.6      4.403      5.365
   6         -2.5     10.724     11.052
   7         -2.5      7.705      8.118
   8         -2.5      8.132      8.413
   9         -2.4      5.263      5.515
  10         -2.3     13.321     13.612
  11         -2.3     12.628     12.929
  12         -2.3     11.324     11.627
  13         -2.3      9.472      9.772
  14         -2.3     13.358     13.621
  15         -2.2     11.358     11.739
  16         -2.2      4.744      5.171
  17         -2.2      2.517      2.897
  18         -2.2      4.682      5.054
  19         -2.2      4.103      4.530
  20         -2.1     17.761     17.821
Writing output ... done.
