#################################################################
# If you used AutoDock Vina in your work, please cite:          #
#                                                               #
# O. Trott, A. J. Olson,                                        #
# AutoDock Vina: improving the speed and accuracy of docking    #
# with a new scoring function, efficient optimization and       #
# multithreading, Journal of Computational Chemistry 31 (2010)  #
# 455-461                                                       #
#                                                               #
# DOI 10.1002/jcc.21334                                         #
#                                                               #
# Please see http://vina.scripps.edu for more information.      #
#################################################################

Output will be mol_datas/271-44-3_out.pdbqt
Reading input ... done.
Setting up the scoring function ... done.
Analyzing the binding site ... done.
Using random seed: 1000
Performing search ... done.
Refining results ... done.

mode |   affinity | dist from best mode
     | (kcal/mol) | rmsd l.b.| rmsd u.b.
-----+------------+----------+----------
   1         -6.9      0.000      0.000
   2         -6.5      1.149      2.047
   3         -6.3      3.943      4.889
   4         -6.2      3.129      4.375
   5         -6.1      3.703      5.048
   6         -6.0      1.243      2.927
   7         -5.7      9.499     10.632
   8         -5.7      1.753      3.104
   9         -5.7      4.121      5.001
  10         -5.7     10.047     10.932
  11         -5.6      1.576      2.389
  12         -5.4     10.877     11.969
  13         -5.3     10.210     11.248
  14         -5.3     10.740     11.765
  15         -4.5      1.936      3.683
  16         -4.4     16.477     16.833
  17         -4.1     16.148     16.569
  18         -4.1     13.483     14.385
  19         -4.0     16.446     16.905
Writing output ... done.
