#################################################################
# If you used AutoDock Vina in your work, please cite:          #
#                                                               #
# O. Trott, A. J. Olson,                                        #
# AutoDock Vina: improving the speed and accuracy of docking    #
# with a new scoring function, efficient optimization and       #
# multithreading, Journal of Computational Chemistry 31 (2010)  #
# 455-461                                                       #
#                                                               #
# DOI 10.1002/jcc.21334                                         #
#                                                               #
# Please see http://vina.scripps.edu for more information.      #
#################################################################

Output will be mol_datas/591-17-3_out.pdbqt
Reading input ... done.
Setting up the scoring function ... done.
Analyzing the binding site ... done.
Using random seed: 1000
Performing search ... done.
Refining results ... done.

mode |   affinity | dist from best mode
     | (kcal/mol) | rmsd l.b.| rmsd u.b.
-----+------------+----------+----------
   1         -6.0      0.000      0.000
   2         -5.9      1.676      2.352
   3         -5.8      2.921      4.319
   4         -5.8      2.073      3.256
   5         -5.7      2.271      3.791
   6         -5.7      3.380      3.939
   7         -5.5      2.825      4.510
   8         -5.5      2.553      3.590
   9         -5.4      3.570      5.153
  10         -5.3      1.628      2.286
  11         -5.0      8.984     10.466
  12         -4.9      0.739      2.345
  13         -4.9      9.033     10.514
  14         -4.9      3.297      4.384
  15         -4.8      9.396     10.953
  16         -4.8      9.178     10.254
  17         -4.8      9.561     10.928
  18         -4.7      2.518      2.860
  19         -3.8     11.899     13.286
  20         -3.7      5.379      7.189
Writing output ... done.
