#################################################################
# If you used AutoDock Vina in your work, please cite:          #
#                                                               #
# O. Trott, A. J. Olson,                                        #
# AutoDock Vina: improving the speed and accuracy of docking    #
# with a new scoring function, efficient optimization and       #
# multithreading, Journal of Computational Chemistry 31 (2010)  #
# 455-461                                                       #
#                                                               #
# DOI 10.1002/jcc.21334                                         #
#                                                               #
# Please see http://vina.scripps.edu for more information.      #
#################################################################

Output will be mol_datas/123-66-0_out.pdbqt
Reading input ... done.
Setting up the scoring function ... done.
Analyzing the binding site ... done.
Using random seed: 1000
Performing search ... done.
Refining results ... done.

mode |   affinity | dist from best mode
     | (kcal/mol) | rmsd l.b.| rmsd u.b.
-----+------------+----------+----------
   1         -5.7      0.000      0.000
   2         -5.6      1.423      1.727
   3         -5.5      2.262      4.525
   4         -5.3      1.477      3.915
   5         -5.3      2.448      4.217
   6         -5.2      2.147      4.742
   7         -5.1      1.446      2.778
   8         -5.1      2.008      2.535
   9         -5.0      2.680      3.425
  10         -4.9      7.437     10.125
  11         -4.8      3.684      5.077
  12         -4.7      1.602      2.215
  13         -4.7      1.436      4.076
  14         -4.5      7.673     10.338
  15         -4.5      2.274      3.977
  16         -4.5      9.761     10.737
  17         -4.4      2.999      4.314
  18         -4.4      8.552     10.773
  19         -4.3      5.769      7.434
  20         -4.1      2.483      5.084
Writing output ... done.
