#################################################################
# If you used AutoDock Vina in your work, please cite:          #
#                                                               #
# O. Trott, A. J. Olson,                                        #
# AutoDock Vina: improving the speed and accuracy of docking    #
# with a new scoring function, efficient optimization and       #
# multithreading, Journal of Computational Chemistry 31 (2010)  #
# 455-461                                                       #
#                                                               #
# DOI 10.1002/jcc.21334                                         #
#                                                               #
# Please see http://vina.scripps.edu for more information.      #
#################################################################

Output will be mol_datas/97-77-8_out.pdbqt
Reading input ... done.
Setting up the scoring function ... done.
Analyzing the binding site ... done.
Using random seed: 1000
Performing search ... done.
Refining results ... done.

mode |   affinity | dist from best mode
     | (kcal/mol) | rmsd l.b.| rmsd u.b.
-----+------------+----------+----------
   1         -4.9      0.000      0.000
   2         -4.9      0.125      7.475
   3         -4.8      0.129      7.417
   4         -4.5      6.488      8.927
   5         -4.4      6.486      8.877
   6         -4.2      1.718      7.166
   7         -4.0      1.842      2.492
   8         -4.0      1.625      2.809
   9         -3.9      1.607      7.067
  10         -3.7      1.980      7.146
  11         -3.6      1.949      7.471
  12         -3.4     14.728     15.619
  13         -3.4      4.383      8.154
  14         -3.3      1.420      2.578
  15         -3.3     14.331     15.626
  16         -3.2      1.996      7.139
  17         -3.0     14.486     15.778
  18         -3.0     17.864     19.779
  19         -2.9     17.590     20.084
  20         -2.9     14.864     15.844
Writing output ... done.
