#################################################################
# If you used AutoDock Vina in your work, please cite:          #
#                                                               #
# O. Trott, A. J. Olson,                                        #
# AutoDock Vina: improving the speed and accuracy of docking    #
# with a new scoring function, efficient optimization and       #
# multithreading, Journal of Computational Chemistry 31 (2010)  #
# 455-461                                                       #
#                                                               #
# DOI 10.1002/jcc.21334                                         #
#                                                               #
# Please see http://vina.scripps.edu for more information.      #
#################################################################

Output will be mol_datas/51-79-6_out.pdbqt
Reading input ... done.
Setting up the scoring function ... done.
Analyzing the binding site ... done.
Using random seed: 1000
Performing search ... done.
Refining results ... done.

mode |   affinity | dist from best mode
     | (kcal/mol) | rmsd l.b.| rmsd u.b.
-----+------------+----------+----------
   1         -4.3      0.000      0.000
   2         -3.8      2.390      3.521
   3         -3.8      1.934      2.134
   4         -3.7      2.694      3.033
   5         -3.6      9.289      9.716
   6         -3.5      5.217      5.883
   7         -3.4      6.685      7.084
   8         -3.4      9.792     10.081
   9         -3.4      4.213      4.652
  10         -3.3      5.618      6.010
  11         -3.3      5.140      5.519
  12         -3.3      4.787      5.239
  13         -3.2     10.981     11.310
  14         -3.1      3.987      4.612
  15         -3.1      4.701      5.049
  16         -3.1      2.750      3.070
  17         -3.1     11.354     11.712
  18         -3.1      6.801      7.613
  19         -3.0      2.978      4.025
  20         -3.0      4.637      5.339
Writing output ... done.
