#################################################################
# If you used AutoDock Vina in your work, please cite:          #
#                                                               #
# O. Trott, A. J. Olson,                                        #
# AutoDock Vina: improving the speed and accuracy of docking    #
# with a new scoring function, efficient optimization and       #
# multithreading, Journal of Computational Chemistry 31 (2010)  #
# 455-461                                                       #
#                                                               #
# DOI 10.1002/jcc.21334                                         #
#                                                               #
# Please see http://vina.scripps.edu for more information.      #
#################################################################

Output will be mol_datas/619-45-4_out.pdbqt
Reading input ... done.
Setting up the scoring function ... done.
Analyzing the binding site ... done.
Using random seed: 1000
Performing search ... done.
Refining results ... done.

mode |   affinity | dist from best mode
     | (kcal/mol) | rmsd l.b.| rmsd u.b.
-----+------------+----------+----------
   1         -6.6      0.000      0.000
   2         -6.6      0.581      1.569
   3         -6.1      3.530      4.983
   4         -6.0      3.556      4.747
   5         -6.0      8.333      9.441
   6         -5.9      9.089     10.434
   7         -5.9      8.820     10.144
   8         -5.8      9.066     10.413
   9         -5.8      3.157      4.431
  10         -5.7      2.845      3.600
  11         -5.7      3.130      4.632
  12         -5.2      7.596      8.637
  13         -5.0      8.868     10.315
  14         -5.0      9.149     10.220
  15         -4.6      2.914      3.742
  16         -4.5      6.356      7.816
  17         -4.4      8.449      9.729
  18         -3.6     17.688     18.168
Writing output ... done.
