#################################################################
# If you used AutoDock Vina in your work, please cite:          #
#                                                               #
# O. Trott, A. J. Olson,                                        #
# AutoDock Vina: improving the speed and accuracy of docking    #
# with a new scoring function, efficient optimization and       #
# multithreading, Journal of Computational Chemistry 31 (2010)  #
# 455-461                                                       #
#                                                               #
# DOI 10.1002/jcc.21334                                         #
#                                                               #
# Please see http://vina.scripps.edu for more information.      #
#################################################################

Output will be mol_datas/150-69-6_out.pdbqt
Reading input ... done.
Setting up the scoring function ... done.
Analyzing the binding site ... done.
Using random seed: 1000
Performing search ... done.
Refining results ... done.

mode |   affinity | dist from best mode
     | (kcal/mol) | rmsd l.b.| rmsd u.b.
-----+------------+----------+----------
   1         -6.5      0.000      0.000
   2         -6.5      3.581      5.453
   3         -6.3      3.630      4.589
   4         -6.2      8.723     10.323
   5         -6.2      3.600      4.521
   6         -6.0      9.878     10.822
   7         -6.0      2.593      6.144
   8         -5.7      9.366     10.317
   9         -5.6     10.493     11.958
  10         -5.5      8.162      9.253
  11         -5.4      8.000     10.184
  12         -5.2     11.460     12.655
  13         -5.2      9.229     10.985
  14         -5.2      6.431      8.158
  15         -4.9      8.725      9.623
  16         -4.5     10.555     11.700
  17         -4.0     11.890     12.951
  18         -3.8     15.565     15.987
  19         -3.7     16.537     17.984
  20         -3.6     16.198     17.181
Writing output ... done.
