#################################################################
# If you used AutoDock Vina in your work, please cite:          #
#                                                               #
# O. Trott, A. J. Olson,                                        #
# AutoDock Vina: improving the speed and accuracy of docking    #
# with a new scoring function, efficient optimization and       #
# multithreading, Journal of Computational Chemistry 31 (2010)  #
# 455-461                                                       #
#                                                               #
# DOI 10.1002/jcc.21334                                         #
#                                                               #
# Please see http://vina.scripps.edu for more information.      #
#################################################################

Output will be mol_datas/1077-16-3_out.pdbqt
Reading input ... done.
Setting up the scoring function ... done.
Analyzing the binding site ... done.
Using random seed: 1000
Performing search ... done.
Refining results ... done.

mode |   affinity | dist from best mode
     | (kcal/mol) | rmsd l.b.| rmsd u.b.
-----+------------+----------+----------
   1         -7.8      0.000      0.000
   2         -7.7      0.673      1.543
   3         -7.6      0.899      5.358
   4         -7.5      0.962      5.558
   5         -7.2      1.508      5.241
   6         -7.0      2.530      5.873
   7         -6.0      7.229      8.994
   8         -5.8      1.991      4.930
   9         -5.7      3.602      5.972
  10         -5.7      9.154     11.453
  11         -5.7      3.728      4.737
  12         -5.6      4.182      5.991
  13         -5.6      2.470      6.028
  14         -5.6      1.967      3.038
  15         -5.2      5.055      7.355
  16         -5.0      8.006      9.944
  17         -4.9     10.565     13.106
Writing output ... done.
