#################################################################
# If you used AutoDock Vina in your work, please cite:          #
#                                                               #
# O. Trott, A. J. Olson,                                        #
# AutoDock Vina: improving the speed and accuracy of docking    #
# with a new scoring function, efficient optimization and       #
# multithreading, Journal of Computational Chemistry 31 (2010)  #
# 455-461                                                       #
#                                                               #
# DOI 10.1002/jcc.21334                                         #
#                                                               #
# Please see http://vina.scripps.edu for more information.      #
#################################################################

Output will be mol_datas/104-51-8_out.pdbqt
Reading input ... done.
Setting up the scoring function ... done.
Analyzing the binding site ... done.
Using random seed: 1000
Performing search ... done.
Refining results ... done.

mode |   affinity | dist from best mode
     | (kcal/mol) | rmsd l.b.| rmsd u.b.
-----+------------+----------+----------
   1         -7.0      0.000      0.000
   2         -7.0      0.074      1.532
   3         -6.8      1.167      5.044
   4         -6.6      1.400      5.170
   5         -6.5      2.831      5.397
   6         -6.2      3.135      5.440
   7         -5.9      2.682      4.288
   8         -5.8      9.293     10.876
   9         -5.8      1.445      2.429
  10         -5.8      1.891      4.406
  11         -5.6     10.928     12.153
  12         -5.6      9.368     10.995
  13         -5.3      9.711     10.818
  14         -5.2     11.118     12.439
  15         -5.0      9.889     11.215
  16         -5.0      9.817     11.139
  17         -5.0      8.564      9.773
  18         -4.8      7.143      8.762
  19         -4.7     11.296     12.538
  20         -4.6      9.844     11.564
Writing output ... done.
