#################################################################
# If you used AutoDock Vina in your work, please cite:          #
#                                                               #
# O. Trott, A. J. Olson,                                        #
# AutoDock Vina: improving the speed and accuracy of docking    #
# with a new scoring function, efficient optimization and       #
# multithreading, Journal of Computational Chemistry 31 (2010)  #
# 455-461                                                       #
#                                                               #
# DOI 10.1002/jcc.21334                                         #
#                                                               #
# Please see http://vina.scripps.edu for more information.      #
#################################################################

Output will be mol_datas/627-08-7_out.pdbqt
Reading input ... done.
Setting up the scoring function ... done.
Analyzing the binding site ... done.
Using random seed: 1000
Performing search ... done.
Refining results ... done.

mode |   affinity | dist from best mode
     | (kcal/mol) | rmsd l.b.| rmsd u.b.
-----+------------+----------+----------
   1         -4.6      0.000      0.000
   2         -4.4      1.352      2.159
   3         -4.2      1.180      3.503
   4         -4.2      1.407      1.863
   5         -4.0      3.692      5.212
   6         -4.0      4.093      5.768
   7         -3.9      3.273      4.219
   8         -3.9      2.465      4.308
   9         -3.7      2.141      3.533
  10         -3.6      2.831      3.848
  11         -3.6      2.878      4.258
  12         -3.6      1.516      3.241
  13         -3.6     10.020     11.721
  14         -3.5      4.910      6.251
  15         -3.5      6.937      8.792
  16         -3.4      9.025     10.050
  17         -3.2      7.684      9.095
  18         -3.2     12.054     12.776
  19         -3.2     11.301     12.526
  20         -3.1      2.773      3.739
Writing output ... done.
