#################################################################
# If you used AutoDock Vina in your work, please cite:          #
#                                                               #
# O. Trott, A. J. Olson,                                        #
# AutoDock Vina: improving the speed and accuracy of docking    #
# with a new scoring function, efficient optimization and       #
# multithreading, Journal of Computational Chemistry 31 (2010)  #
# 455-461                                                       #
#                                                               #
# DOI 10.1002/jcc.21334                                         #
#                                                               #
# Please see http://vina.scripps.edu for more information.      #
#################################################################

Output will be mol_datas/102-76-1_out.pdbqt
Reading input ... done.
Setting up the scoring function ... done.
Analyzing the binding site ... done.
Using random seed: 1000
Performing search ... done.
Refining results ... done.

mode |   affinity | dist from best mode
     | (kcal/mol) | rmsd l.b.| rmsd u.b.
-----+------------+----------+----------
   1         -6.4      0.000      0.000
   2         -6.0      1.046      4.990
   3         -5.9      1.456      5.091
   4         -5.9      1.228      3.699
   5         -5.9      1.571      4.759
   6         -5.8      7.534     10.428
   7         -5.8      2.477      4.792
   8         -5.8      1.972      2.639
   9         -5.7      1.652      2.444
  10         -5.6      5.647      7.221
  11         -5.6      7.527      9.271
  12         -5.4      8.267     10.714
  13         -5.4      7.469     10.317
  14         -5.4      8.116     10.979
  15         -5.1      6.337      8.538
  16         -4.9      6.948      9.792
  17         -4.7      7.561     10.316
  18         -4.4      8.832     11.467
  19         -4.2      7.939      9.739
  20         -4.1      6.674      8.921
Writing output ... done.
