#################################################################
# If you used AutoDock Vina in your work, please cite:          #
#                                                               #
# O. Trott, A. J. Olson,                                        #
# AutoDock Vina: improving the speed and accuracy of docking    #
# with a new scoring function, efficient optimization and       #
# multithreading, Journal of Computational Chemistry 31 (2010)  #
# 455-461                                                       #
#                                                               #
# DOI 10.1002/jcc.21334                                         #
#                                                               #
# Please see http://vina.scripps.edu for more information.      #
#################################################################

Output will be mol_datas/98-54-4_out.pdbqt
Reading input ... done.
Setting up the scoring function ... done.
Analyzing the binding site ... done.
Using random seed: 1000
Performing search ... done.
Refining results ... done.

mode |   affinity | dist from best mode
     | (kcal/mol) | rmsd l.b.| rmsd u.b.
-----+------------+----------+----------
   1         -7.6      0.000      0.000
   2         -6.4      3.256      4.812
   3         -6.3      2.442      4.222
   4         -5.7      2.944      4.402
   5         -5.5      2.862      4.140
   6         -5.2      8.023      9.811
   7         -5.2      8.107      9.699
   8         -5.1      8.084      9.789
   9         -5.1      7.470      8.711
  10         -4.9      7.577      9.327
  11         -4.8      7.502      9.161
  12         -4.7      8.841     10.487
  13         -4.7      6.801      7.874
Writing output ... done.
