#################################################################
# If you used AutoDock Vina in your work, please cite:          #
#                                                               #
# O. Trott, A. J. Olson,                                        #
# AutoDock Vina: improving the speed and accuracy of docking    #
# with a new scoring function, efficient optimization and       #
# multithreading, Journal of Computational Chemistry 31 (2010)  #
# 455-461                                                       #
#                                                               #
# DOI 10.1002/jcc.21334                                         #
#                                                               #
# Please see http://vina.scripps.edu for more information.      #
#################################################################

Output will be mol_datas/127-07-1_out.pdbqt
Reading input ... done.
Setting up the scoring function ... done.
Analyzing the binding site ... done.
Using random seed: 1000
Performing search ... done.
Refining results ... done.

mode |   affinity | dist from best mode
     | (kcal/mol) | rmsd l.b.| rmsd u.b.
-----+------------+----------+----------
   1         -4.1      0.000      0.000
   2         -3.8      2.000      2.785
   3         -3.7      7.689      8.034
   4         -3.6      7.952      8.091
   5         -3.5      9.559      9.802
   6         -3.5      7.487      7.646
   7         -3.4     10.276     10.686
   8         -3.4      7.517      8.008
   9         -3.3      8.718      9.386
  10         -3.3      7.221      7.359
  11         -3.3      7.309      7.590
  12         -3.3      9.514      9.937
  13         -3.3      8.749      8.875
  14         -3.2      7.496      7.990
  15         -3.2      8.993      9.438
  16         -3.2      9.996     10.491
  17         -3.2     11.702     11.994
  18         -3.2     10.315     10.776
  19         -3.2      7.685      7.903
  20         -3.1     10.438     10.746
Writing output ... done.
