#################################################################
# If you used AutoDock Vina in your work, please cite:          #
#                                                               #
# O. Trott, A. J. Olson,                                        #
# AutoDock Vina: improving the speed and accuracy of docking    #
# with a new scoring function, efficient optimization and       #
# multithreading, Journal of Computational Chemistry 31 (2010)  #
# 455-461                                                       #
#                                                               #
# DOI 10.1002/jcc.21334                                         #
#                                                               #
# Please see http://vina.scripps.edu for more information.      #
#################################################################

Output will be mol_datas/92-52-4_out.pdbqt
Reading input ... done.
Setting up the scoring function ... done.
Analyzing the binding site ... done.
Using random seed: 1000
Performing search ... done.
Refining results ... done.

mode |   affinity | dist from best mode
     | (kcal/mol) | rmsd l.b.| rmsd u.b.
-----+------------+----------+----------
   1         -7.6      0.000      0.000
   2         -7.6      0.031      4.947
   3         -6.8      2.056      5.170
   4         -6.8      2.065      3.016
   5         -6.8      2.611      4.434
   6         -6.7      2.603      4.734
   7         -6.5      4.989      7.675
   8         -6.5      4.989      8.958
   9         -6.4      1.634      2.683
  10         -6.4      1.634      4.726
  11         -6.3      7.768     10.606
  12         -6.3      7.771     10.635
  13         -6.3      7.766     11.185
  14         -6.1      2.789      3.960
  15         -5.9      2.079      5.845
  16         -5.9      2.159      4.269
  17         -5.6      1.180      5.114
  18         -5.1     16.011     17.358
  19         -5.1     16.017     17.978
  20         -4.6     15.699     16.470
Writing output ... done.
