#################################################################
# If you used AutoDock Vina in your work, please cite:          #
#                                                               #
# O. Trott, A. J. Olson,                                        #
# AutoDock Vina: improving the speed and accuracy of docking    #
# with a new scoring function, efficient optimization and       #
# multithreading, Journal of Computational Chemistry 31 (2010)  #
# 455-461                                                       #
#                                                               #
# DOI 10.1002/jcc.21334                                         #
#                                                               #
# Please see http://vina.scripps.edu for more information.      #
#################################################################

Output will be mol_datas/65-86-1_out.pdbqt
Reading input ... done.
Setting up the scoring function ... done.
Analyzing the binding site ... done.
Using random seed: 1000
Performing search ... done.
Refining results ... done.

mode |   affinity | dist from best mode
     | (kcal/mol) | rmsd l.b.| rmsd u.b.
-----+------------+----------+----------
   1         -6.1      0.000      0.000
   2         -5.9      0.816      2.407
   3         -5.9      2.662      5.052
   4         -5.9      7.060      9.286
   5         -5.8      2.617      3.735
   6         -5.8      1.087      3.775
   7         -5.7      2.696      4.502
   8         -5.6      1.529      4.392
   9         -5.6      1.564      2.984
  10         -5.6      2.321      3.988
  11         -5.6      8.096     10.157
  12         -5.5      8.099      9.623
  13         -5.5      9.590     10.806
  14         -5.5      9.922     12.015
  15         -5.4      8.291      9.110
  16         -5.4      1.510      1.694
  17         -5.4      7.397      9.662
  18         -5.4      1.967      3.925
  19         -5.3      8.271     10.038
  20         -5.2      8.059     10.191
Writing output ... done.
