#################################################################
# If you used AutoDock Vina in your work, please cite:          #
#                                                               #
# O. Trott, A. J. Olson,                                        #
# AutoDock Vina: improving the speed and accuracy of docking    #
# with a new scoring function, efficient optimization and       #
# multithreading, Journal of Computational Chemistry 31 (2010)  #
# 455-461                                                       #
#                                                               #
# DOI 10.1002/jcc.21334                                         #
#                                                               #
# Please see http://vina.scripps.edu for more information.      #
#################################################################

Output will be mol_datas/1129-41-5_out.pdbqt
Reading input ... done.
Setting up the scoring function ... done.
Analyzing the binding site ... done.
Using random seed: 1000
Performing search ... done.
Refining results ... done.

mode |   affinity | dist from best mode
     | (kcal/mol) | rmsd l.b.| rmsd u.b.
-----+------------+----------+----------
   1         -7.3      0.000      0.000
   2         -7.1      2.366      5.121
   3         -7.0      3.288      5.316
   4         -6.7      0.787      2.242
   5         -6.6      3.701      5.643
   6         -6.5      3.417      5.394
   7         -6.5      2.320      4.597
   8         -6.4      3.033      4.315
   9         -6.3      8.800     10.398
  10         -6.2      7.142      8.715
  11         -6.2      3.451      4.967
  12         -6.0      9.626     10.965
  13         -5.6      7.776      9.179
  14         -5.6     10.703     12.419
  15         -5.5     10.038     11.852
  16         -5.5      3.159      4.098
  17         -5.1      7.412      9.524
  18         -5.0      8.744     10.511
  19         -5.0      9.115     10.939
  20         -4.9      7.450      9.163
Writing output ... done.
