#################################################################
# If you used AutoDock Vina in your work, please cite:          #
#                                                               #
# O. Trott, A. J. Olson,                                        #
# AutoDock Vina: improving the speed and accuracy of docking    #
# with a new scoring function, efficient optimization and       #
# multithreading, Journal of Computational Chemistry 31 (2010)  #
# 455-461                                                       #
#                                                               #
# DOI 10.1002/jcc.21334                                         #
#                                                               #
# Please see http://vina.scripps.edu for more information.      #
#################################################################

Output will be mol_datas/624-95-3_out.pdbqt
Reading input ... done.
Setting up the scoring function ... done.
Analyzing the binding site ... done.
Using random seed: 1000
Performing search ... done.
Refining results ... done.

mode |   affinity | dist from best mode
     | (kcal/mol) | rmsd l.b.| rmsd u.b.
-----+------------+----------+----------
   1         -4.5      0.000      0.000
   2         -4.5      0.034      1.645
   3         -4.4      2.359      3.413
   4         -4.4      2.363      3.537
   5         -4.2      3.224      4.365
   6         -4.2      3.407      4.451
   7         -4.2      3.256      4.196
   8         -4.1      3.966      5.058
   9         -4.1      3.841      5.029
  10         -4.0      3.019      3.944
  11         -3.8      2.254      3.232
  12         -3.7      1.663      2.355
  13         -3.6      5.316      6.199
  14         -3.6     10.055     11.123
  15         -3.6     10.073     11.240
  16         -3.6      4.299      6.100
  17         -3.5      2.913      3.952
  18         -3.4      5.646      6.647
  19         -3.4      5.666      7.034
  20         -3.3      5.775      6.864
Writing output ... done.
