#################################################################
# If you used AutoDock Vina in your work, please cite:          #
#                                                               #
# O. Trott, A. J. Olson,                                        #
# AutoDock Vina: improving the speed and accuracy of docking    #
# with a new scoring function, efficient optimization and       #
# multithreading, Journal of Computational Chemistry 31 (2010)  #
# 455-461                                                       #
#                                                               #
# DOI 10.1002/jcc.21334                                         #
#                                                               #
# Please see http://vina.scripps.edu for more information.      #
#################################################################

Output will be mol_datas/95-87-4_out.pdbqt
Reading input ... done.
Setting up the scoring function ... done.
Analyzing the binding site ... done.
Using random seed: 1000
Performing search ... done.
Refining results ... done.

mode |   affinity | dist from best mode
     | (kcal/mol) | rmsd l.b.| rmsd u.b.
-----+------------+----------+----------
   1         -6.5      0.000      0.000
   2         -6.3      0.969      3.076
   3         -6.3      1.811      3.666
   4         -6.3      1.265      1.733
   5         -6.2      3.350      4.638
   6         -6.1      3.702      4.843
   7         -6.1      3.793      5.183
   8         -6.0      3.116      4.204
   9         -6.0      1.003      3.340
  10         -5.8      1.626      2.361
  11         -5.8      1.650      2.037
  12         -5.7      2.852      3.593
  13         -5.6      8.301     10.355
  14         -5.6      8.441     10.686
  15         -5.6      1.912      2.707
  16         -5.4      8.718     10.969
  17         -5.3      7.960     10.011
  18         -5.3      9.125     10.319
  19         -5.2      9.209     10.212
  20         -5.2      9.664     11.459
Writing output ... done.
