#################################################################
# If you used AutoDock Vina in your work, please cite:          #
#                                                               #
# O. Trott, A. J. Olson,                                        #
# AutoDock Vina: improving the speed and accuracy of docking    #
# with a new scoring function, efficient optimization and       #
# multithreading, Journal of Computational Chemistry 31 (2010)  #
# 455-461                                                       #
#                                                               #
# DOI 10.1002/jcc.21334                                         #
#                                                               #
# Please see http://vina.scripps.edu for more information.      #
#################################################################

Output will be mol_datas/96-88-8_out.pdbqt
Reading input ... done.
Setting up the scoring function ... done.
Analyzing the binding site ... done.
Using random seed: 1000
Performing search ... done.
Refining results ... done.

mode |   affinity | dist from best mode
     | (kcal/mol) | rmsd l.b.| rmsd u.b.
-----+------------+----------+----------
   1         -6.5      0.000      0.000
   2         -6.2      0.143      2.051
   3         -6.0      3.006      7.686
   4         -5.9      3.008      7.883
   5         -5.4     14.182     15.336
   6         -5.3     14.057     15.374
   7         -5.3     14.215     15.406
   8         -5.3     14.717     15.454
   9         -5.2     14.162     15.592
  10         -5.2     14.220     15.310
  11         -5.2     14.189     15.571
  12         -5.1     14.220     15.212
  13         -5.1     16.949     19.319
  14         -5.1     16.977     19.444
  15         -4.9     14.350     15.339
  16         -4.9     14.641     15.515
  17         -4.9     14.639     15.530
  18         -4.8     14.620     15.749
  19         -4.8     14.580     15.732
  20         -4.8     14.310     15.487
Writing output ... done.
