#################################################################
# If you used AutoDock Vina in your work, please cite:          #
#                                                               #
# O. Trott, A. J. Olson,                                        #
# AutoDock Vina: improving the speed and accuracy of docking    #
# with a new scoring function, efficient optimization and       #
# multithreading, Journal of Computational Chemistry 31 (2010)  #
# 455-461                                                       #
#                                                               #
# DOI 10.1002/jcc.21334                                         #
#                                                               #
# Please see http://vina.scripps.edu for more information.      #
#################################################################

Output will be mol_datas/614-61-9_out.pdbqt
Reading input ... done.
Setting up the scoring function ... done.
Analyzing the binding site ... done.
Using random seed: 1000
Performing search ... done.
Refining results ... done.

mode |   affinity | dist from best mode
     | (kcal/mol) | rmsd l.b.| rmsd u.b.
-----+------------+----------+----------
   1         -7.0      0.000      0.000
   2         -6.9      2.462      3.324
   3         -6.8      3.246      5.324
   4         -6.7      2.882      4.021
   5         -6.2      3.224      3.804
   6         -6.1      9.420     10.504
   7         -6.0      2.993      4.776
   8         -6.0      8.243      9.627
   9         -5.8      8.905     10.036
  10         -5.7      3.448      4.091
  11         -5.7      5.907      9.040
  12         -5.5      6.187      9.311
  13         -5.4      3.048      5.149
  14         -5.3      2.206      4.965
  15         -5.1      6.572      8.335
  16         -5.0      8.215      9.837
  17         -4.9      9.451     11.206
  18         -4.7      3.589      5.121
  19         -4.7      6.375      7.912
  20         -4.0     16.062     16.852
Writing output ... done.
