#################################################################
# If you used AutoDock Vina in your work, please cite:          #
#                                                               #
# O. Trott, A. J. Olson,                                        #
# AutoDock Vina: improving the speed and accuracy of docking    #
# with a new scoring function, efficient optimization and       #
# multithreading, Journal of Computational Chemistry 31 (2010)  #
# 455-461                                                       #
#                                                               #
# DOI 10.1002/jcc.21334                                         #
#                                                               #
# Please see http://vina.scripps.edu for more information.      #
#################################################################

Output will be mol_datas/51481-61-9_out.pdbqt
Reading input ... done.
Setting up the scoring function ... done.
Analyzing the binding site ... done.
Using random seed: 1000
Performing search ... done.
Refining results ... done.

mode |   affinity | dist from best mode
     | (kcal/mol) | rmsd l.b.| rmsd u.b.
-----+------------+----------+----------
   1         -6.9      0.000      0.000
   2         -6.4      5.074      9.267
   3         -6.2      2.011      7.589
   4         -5.9      5.024      9.465
   5         -5.7      1.510      7.772
   6         -5.5      3.529      6.932
   7         -5.4      2.809      3.525
   8         -5.1      1.745      2.521
   9         -4.9      6.238      8.894
  10         -4.8      4.900      9.699
  11         -4.5      6.436     10.659
  12         -4.5      3.897      8.087
  13         -4.2      4.338      9.525
  14         -4.2      7.206     10.423
Writing output ... done.
