#################################################################
# If you used AutoDock Vina in your work, please cite:          #
#                                                               #
# O. Trott, A. J. Olson,                                        #
# AutoDock Vina: improving the speed and accuracy of docking    #
# with a new scoring function, efficient optimization and       #
# multithreading, Journal of Computational Chemistry 31 (2010)  #
# 455-461                                                       #
#                                                               #
# DOI 10.1002/jcc.21334                                         #
#                                                               #
# Please see http://vina.scripps.edu for more information.      #
#################################################################

Output will be mol_datas/98-06-6_out.pdbqt
Reading input ... done.
Setting up the scoring function ... done.
Analyzing the binding site ... done.
Using random seed: 1000
Performing search ... done.
Refining results ... done.

mode |   affinity | dist from best mode
     | (kcal/mol) | rmsd l.b.| rmsd u.b.
-----+------------+----------+----------
   1         -7.3      0.000      0.000
   2         -7.0      2.228      4.509
   3         -5.9      2.821      4.251
   4         -5.2      8.404     10.927
   5         -5.0     12.177     13.492
   6         -4.7      8.128     10.690
   7         -4.6      9.198     10.456
   8         -4.6      1.043      3.699
   9         -4.6      9.214     10.382
  10         -4.6      8.695     10.696
  11         -4.5      8.603     10.903
Writing output ... done.
