#################################################################
# If you used AutoDock Vina in your work, please cite:          #
#                                                               #
# O. Trott, A. J. Olson,                                        #
# AutoDock Vina: improving the speed and accuracy of docking    #
# with a new scoring function, efficient optimization and       #
# multithreading, Journal of Computational Chemistry 31 (2010)  #
# 455-461                                                       #
#                                                               #
# DOI 10.1002/jcc.21334                                         #
#                                                               #
# Please see http://vina.scripps.edu for more information.      #
#################################################################

Output will be mol_datas/539-82-2_out.pdbqt
Reading input ... done.
Setting up the scoring function ... done.
Analyzing the binding site ... done.
Using random seed: 1000
Performing search ... done.
Refining results ... done.

mode |   affinity | dist from best mode
     | (kcal/mol) | rmsd l.b.| rmsd u.b.
-----+------------+----------+----------
   1         -5.5      0.000      0.000
   2         -5.5      1.043      1.484
   3         -5.1      2.033      4.132
   4         -4.9      1.676      2.518
   5         -4.8      1.313      3.710
   6         -4.8      1.189      3.854
   7         -4.7      2.444      3.846
   8         -4.5      4.147      5.528
   9         -4.5      2.244      3.073
  10         -4.3      3.855      5.141
  11         -4.3      6.193      8.740
  12         -4.3      6.962      9.359
  13         -4.1      5.624      7.329
  14         -4.1      2.967      4.370
  15         -4.1      9.544     11.022
  16         -4.0     10.461     11.586
  17         -4.0      9.076     11.483
  18         -4.0     10.176     11.518
  19         -4.0      2.694      5.304
  20         -4.0      8.076      9.847
Writing output ... done.
