#################################################################
# If you used AutoDock Vina in your work, please cite:          #
#                                                               #
# O. Trott, A. J. Olson,                                        #
# AutoDock Vina: improving the speed and accuracy of docking    #
# with a new scoring function, efficient optimization and       #
# multithreading, Journal of Computational Chemistry 31 (2010)  #
# 455-461                                                       #
#                                                               #
# DOI 10.1002/jcc.21334                                         #
#                                                               #
# Please see http://vina.scripps.edu for more information.      #
#################################################################

Output will be mol_datas/90-11-9_out.pdbqt
Reading input ... done.
Setting up the scoring function ... done.
Analyzing the binding site ... done.
Using random seed: 1000
Performing search ... done.
Refining results ... done.

mode |   affinity | dist from best mode
     | (kcal/mol) | rmsd l.b.| rmsd u.b.
-----+------------+----------+----------
   1         -8.2      0.000      0.000
   2         -7.6      2.767      4.319
   3         -7.4      1.659      2.688
   4         -7.3      2.562      4.903
   5         -7.1      1.803      3.457
   6         -6.6      2.653      4.010
   7         -6.4      2.204      3.418
   8         -6.3      2.157      3.464
   9         -6.3      2.565      3.942
  10         -6.1      8.957     10.676
  11         -5.9      2.146      2.898
  12         -5.9      1.070      3.434
  13         -5.8      9.066     10.596
  14         -5.7     16.774     17.217
  15         -5.5     16.805     17.366
  16         -5.3     16.815     17.188
Writing output ... done.
