#################################################################
# If you used AutoDock Vina in your work, please cite:          #
#                                                               #
# O. Trott, A. J. Olson,                                        #
# AutoDock Vina: improving the speed and accuracy of docking    #
# with a new scoring function, efficient optimization and       #
# multithreading, Journal of Computational Chemistry 31 (2010)  #
# 455-461                                                       #
#                                                               #
# DOI 10.1002/jcc.21334                                         #
#                                                               #
# Please see http://vina.scripps.edu for more information.      #
#################################################################

Output will be mol_datas/141-78-6_out.pdbqt
Reading input ... done.
Setting up the scoring function ... done.
Analyzing the binding site ... done.
Using random seed: 1000
Performing search ... done.
Refining results ... done.

mode |   affinity | dist from best mode
     | (kcal/mol) | rmsd l.b.| rmsd u.b.
-----+------------+----------+----------
   1         -4.0      0.000      0.000
   2         -3.9      1.598      2.048
   3         -3.8      4.472      5.615
   4         -3.8      1.455      3.082
   5         -3.4      4.443      5.689
   6         -3.4      9.940     10.342
   7         -3.3      9.152      9.650
   8         -3.3      5.209      5.695
   9         -3.2      9.142      9.849
  10         -3.2      3.597      5.106
  11         -3.2      7.142      7.577
  12         -3.2     10.114     10.797
  13         -3.1     11.479     12.018
  14         -3.1     10.428     10.926
  15         -3.1      3.047      4.130
  16         -3.1     12.024     12.973
  17         -3.1      3.038      4.280
  18         -3.0     11.187     11.665
  19         -3.0     10.148     10.618
  20         -2.9     11.080     11.901
Writing output ... done.
