#################################################################
# If you used AutoDock Vina in your work, please cite:          #
#                                                               #
# O. Trott, A. J. Olson,                                        #
# AutoDock Vina: improving the speed and accuracy of docking    #
# with a new scoring function, efficient optimization and       #
# multithreading, Journal of Computational Chemistry 31 (2010)  #
# 455-461                                                       #
#                                                               #
# DOI 10.1002/jcc.21334                                         #
#                                                               #
# Please see http://vina.scripps.edu for more information.      #
#################################################################

Output will be mol_datas/56030-54-7_out.pdbqt
Reading input ... done.
Setting up the scoring function ... done.
Analyzing the binding site ... done.
Using random seed: 1000
Performing search ... done.
Refining results ... done.

mode |   affinity | dist from best mode
     | (kcal/mol) | rmsd l.b.| rmsd u.b.
-----+------------+----------+----------
   1         -7.7      0.000      0.000
   2         -6.1     14.999     17.549
   3         -6.1     15.338     17.142
   4         -6.0     15.244     17.367
   5         -5.9     16.643     18.626
   6         -5.9      3.363      9.346
   7         -5.9     18.267     20.044
   8         -5.8     15.235     17.422
   9         -5.8     15.331     17.663
  10         -5.8     14.927     16.486
  11         -5.8      1.799      3.972
  12         -5.7     15.386     17.563
  13         -5.7     14.928     17.556
  14         -5.6     15.244     16.956
  15         -5.5     15.528     17.767
  16         -5.4     15.141     17.841
  17         -5.4     15.574     16.771
  18         -5.2     15.682     16.933
  19         -5.1     15.676     17.398
  20         -5.0     15.486     17.082
Writing output ... done.
