#################################################################
# If you used AutoDock Vina in your work, please cite:          #
#                                                               #
# O. Trott, A. J. Olson,                                        #
# AutoDock Vina: improving the speed and accuracy of docking    #
# with a new scoring function, efficient optimization and       #
# multithreading, Journal of Computational Chemistry 31 (2010)  #
# 455-461                                                       #
#                                                               #
# DOI 10.1002/jcc.21334                                         #
#                                                               #
# Please see http://vina.scripps.edu for more information.      #
#################################################################

Output will be mol_datas/93-89-0_out.pdbqt
Reading input ... done.
Setting up the scoring function ... done.
Analyzing the binding site ... done.
Using random seed: 1000
Performing search ... done.
Refining results ... done.

mode |   affinity | dist from best mode
     | (kcal/mol) | rmsd l.b.| rmsd u.b.
-----+------------+----------+----------
   1         -7.1      0.000      0.000
   2         -6.9      1.430      4.486
   3         -6.8      1.627      2.703
   4         -6.3      2.961      4.946
   5         -6.2      9.131     10.372
   6         -6.1      3.445      4.706
   7         -5.8      9.879     10.942
   8         -5.8      2.176      3.399
   9         -5.7     10.072     11.093
  10         -5.6      8.273      9.484
  11         -5.6      9.599     10.804
  12         -5.6      9.382     10.602
  13         -5.5      9.993     11.254
  14         -5.4      9.635     10.697
  15         -5.4     11.360     12.349
  16         -5.3     11.500     12.538
  17         -4.8     10.154     11.220
  18         -4.3     10.841     12.236
Writing output ... done.
