#################################################################
# If you used AutoDock Vina in your work, please cite:          #
#                                                               #
# O. Trott, A. J. Olson,                                        #
# AutoDock Vina: improving the speed and accuracy of docking    #
# with a new scoring function, efficient optimization and       #
# multithreading, Journal of Computational Chemistry 31 (2010)  #
# 455-461                                                       #
#                                                               #
# DOI 10.1002/jcc.21334                                         #
#                                                               #
# Please see http://vina.scripps.edu for more information.      #
#################################################################

Output will be mol_datas/544-10-5_out.pdbqt
Reading input ... done.
Setting up the scoring function ... done.
Analyzing the binding site ... done.
Using random seed: 1000
Performing search ... done.
Refining results ... done.

mode |   affinity | dist from best mode
     | (kcal/mol) | rmsd l.b.| rmsd u.b.
-----+------------+----------+----------
   1         -4.7      0.000      0.000
   2         -4.6      1.685      1.793
   3         -4.3      1.632      3.763
   4         -4.3      3.107      4.828
   5         -4.2      2.797      3.841
   6         -4.0      3.482      5.093
   7         -4.0      2.426      3.707
   8         -3.9      2.251      4.077
   9         -3.8      8.654     10.626
  10         -3.8      3.081      4.165
  11         -3.8      2.851      4.195
  12         -3.7      4.297      5.015
  13         -3.7     12.576     13.155
  14         -3.6      2.713      3.981
  15         -3.6      4.877      6.883
  16         -3.6      6.665      8.723
  17         -3.5      2.343      3.428
  18         -3.5      9.286     11.134
  19         -3.4      8.358      9.572
  20         -3.3     10.846     11.313
Writing output ... done.
