#################################################################
# If you used AutoDock Vina in your work, please cite:          #
#                                                               #
# O. Trott, A. J. Olson,                                        #
# AutoDock Vina: improving the speed and accuracy of docking    #
# with a new scoring function, efficient optimization and       #
# multithreading, Journal of Computational Chemistry 31 (2010)  #
# 455-461                                                       #
#                                                               #
# DOI 10.1002/jcc.21334                                         #
#                                                               #
# Please see http://vina.scripps.edu for more information.      #
#################################################################

Output will be mol_datas/2303-16-4_out.pdbqt
Reading input ... done.
Setting up the scoring function ... done.
Analyzing the binding site ... done.
Using random seed: 1000
Performing search ... done.
Refining results ... done.

mode |   affinity | dist from best mode
     | (kcal/mol) | rmsd l.b.| rmsd u.b.
-----+------------+----------+----------
   1         -5.7      0.000      0.000
   2         -5.7      3.923      5.293
   3         -5.3      6.625      8.577
   4         -5.2      1.243      2.563
   5         -5.2      4.137      5.504
   6         -5.1      1.522      2.688
   7         -4.4      3.927      6.663
   8         -4.3      6.245      8.045
   9         -4.1      4.323      5.590
  10         -4.1     14.620     16.021
  11         -4.1     14.661     16.076
  12         -4.0      4.155      7.147
  13         -3.8      7.181      8.874
  14         -3.7      4.801      6.285
  15         -3.6     14.874     15.860
  16         -3.3     15.043     16.523
  17         -3.3     15.320     16.443
  18         -3.2     15.185     16.812
  19         -3.2     15.390     16.949
  20         -3.1     15.308     16.822
Writing output ... done.
