#################################################################
# If you used AutoDock Vina in your work, please cite:          #
#                                                               #
# O. Trott, A. J. Olson,                                        #
# AutoDock Vina: improving the speed and accuracy of docking    #
# with a new scoring function, efficient optimization and       #
# multithreading, Journal of Computational Chemistry 31 (2010)  #
# 455-461                                                       #
#                                                               #
# DOI 10.1002/jcc.21334                                         #
#                                                               #
# Please see http://vina.scripps.edu for more information.      #
#################################################################

Output will be mol_datas/106-46-7_out.pdbqt
Reading input ... done.
Setting up the scoring function ... done.
Analyzing the binding site ... done.
Using random seed: 1000
Performing search ... done.
Refining results ... done.

mode |   affinity | dist from best mode
     | (kcal/mol) | rmsd l.b.| rmsd u.b.
-----+------------+----------+----------
   1         -5.6      0.000      0.000
   2         -5.6      0.039      3.590
   3         -5.3      3.326      4.278
   4         -5.3      3.285      5.071
   5         -5.1      2.010      2.469
   6         -5.1      2.553      3.270
   7         -4.9      3.210      4.627
   8         -4.8      9.861     11.115
   9         -4.8      9.716     11.001
  10         -4.4      9.958     11.146
  11         -4.3     10.330     11.655
  12         -4.3      2.862      4.112
  13         -4.0      6.617      7.837
  14         -3.7     16.888     17.790
  15         -3.7     16.756     18.102
  16         -3.3     19.932     20.670
  17         -3.2     15.618     16.452
  18         -3.2     15.663     16.408
  19         -3.1     15.832     16.662
  20         -3.0     20.122     21.277
Writing output ... done.
