#################################################################
# If you used AutoDock Vina in your work, please cite:          #
#                                                               #
# O. Trott, A. J. Olson,                                        #
# AutoDock Vina: improving the speed and accuracy of docking    #
# with a new scoring function, efficient optimization and       #
# multithreading, Journal of Computational Chemistry 31 (2010)  #
# 455-461                                                       #
#                                                               #
# DOI 10.1002/jcc.21334                                         #
#                                                               #
# Please see http://vina.scripps.edu for more information.      #
#################################################################

Output will be mol_datas/75-29-6_out.pdbqt
Reading input ... done.
Setting up the scoring function ... done.
Analyzing the binding site ... done.
Using random seed: 1000
Performing search ... done.
Refining results ... done.

mode |   affinity | dist from best mode
     | (kcal/mol) | rmsd l.b.| rmsd u.b.
-----+------------+----------+----------
   1         -3.4      0.000      0.000
   2         -3.2      1.632      2.286
   3         -3.2      1.650      2.336
   4         -3.0      5.514      6.166
   5         -3.0      5.948      6.461
   6         -3.0      5.821      6.171
   7         -3.0      6.411      6.807
   8         -2.8      2.328      2.831
   9         -2.8      3.497      3.720
  10         -2.7      3.344      3.823
  11         -2.7      4.590      4.897
  12         -2.7      3.658      4.332
  13         -2.7      3.061      3.367
  14         -2.7      3.455      4.107
  15         -2.7      4.658      4.962
  16         -2.6      2.874      3.144
  17         -2.6     12.373     12.743
  18         -2.6     12.538     12.913
  19         -2.6     12.313     12.599
  20         -2.6      9.424      9.869
Writing output ... done.
