#################################################################
# If you used AutoDock Vina in your work, please cite:          #
#                                                               #
# O. Trott, A. J. Olson,                                        #
# AutoDock Vina: improving the speed and accuracy of docking    #
# with a new scoring function, efficient optimization and       #
# multithreading, Journal of Computational Chemistry 31 (2010)  #
# 455-461                                                       #
#                                                               #
# DOI 10.1002/jcc.21334                                         #
#                                                               #
# Please see http://vina.scripps.edu for more information.      #
#################################################################

Output will be mol_datas/75-27-4_out.pdbqt
Reading input ... done.
Setting up the scoring function ... done.
Analyzing the binding site ... done.
Using random seed: 1000
Performing search ... done.
Refining results ... done.

mode |   affinity | dist from best mode
     | (kcal/mol) | rmsd l.b.| rmsd u.b.
-----+------------+----------+----------
   1         -3.3      0.000      0.000
   2         -3.2      2.190      2.692
   3         -3.1      1.600      1.600
   4         -3.0      5.641      6.176
   5         -3.0      6.160      6.844
   6         -3.0      2.339      2.996
   7         -2.9      2.420      2.420
   8         -2.9      6.704      7.107
   9         -2.9      2.204      2.776
  10         -2.9      3.342      3.852
  11         -2.8      3.606      3.690
  12         -2.8      4.772      4.987
  13         -2.8      3.533      4.052
  14         -2.8     12.924     13.029
  15         -2.7      4.223      4.315
  16         -2.7      3.359      3.990
  17         -2.7      2.529      2.682
  18         -2.7      4.035      4.475
  19         -2.6      2.395      3.374
  20         -2.6      4.217      4.529
Writing output ... done.
