#################################################################
# If you used AutoDock Vina in your work, please cite:          #
#                                                               #
# O. Trott, A. J. Olson,                                        #
# AutoDock Vina: improving the speed and accuracy of docking    #
# with a new scoring function, efficient optimization and       #
# multithreading, Journal of Computational Chemistry 31 (2010)  #
# 455-461                                                       #
#                                                               #
# DOI 10.1002/jcc.21334                                         #
#                                                               #
# Please see http://vina.scripps.edu for more information.      #
#################################################################

Output will be mol_datas/94-74-6_out.pdbqt
Reading input ... done.
Setting up the scoring function ... done.
Analyzing the binding site ... done.
Using random seed: 1000
Performing search ... done.
Refining results ... done.

mode |   affinity | dist from best mode
     | (kcal/mol) | rmsd l.b.| rmsd u.b.
-----+------------+----------+----------
   1         -7.1      0.000      0.000
   2         -7.0      3.453      4.953
   3         -7.0      3.664      5.374
   4         -6.7      2.287      3.839
   5         -6.5      1.285      2.370
   6         -6.5      3.439      5.169
   7         -6.2      3.811      5.462
   8         -6.1      9.076     10.713
   9         -5.9      6.875      8.671
  10         -5.8      1.459      2.613
  11         -5.8      5.459      7.211
  12         -5.7     10.477     12.535
  13         -5.6      9.438     10.852
  14         -5.6      9.510     11.612
  15         -5.5      1.599      2.328
  16         -5.4      9.550     11.593
  17         -5.3      6.674      8.316
  18         -5.2      6.673      8.835
  19         -5.1      8.576     10.438
  20         -5.0      9.036     11.142
Writing output ... done.
