#################################################################
# If you used AutoDock Vina in your work, please cite:          #
#                                                               #
# O. Trott, A. J. Olson,                                        #
# AutoDock Vina: improving the speed and accuracy of docking    #
# with a new scoring function, efficient optimization and       #
# multithreading, Journal of Computational Chemistry 31 (2010)  #
# 455-461                                                       #
#                                                               #
# DOI 10.1002/jcc.21334                                         #
#                                                               #
# Please see http://vina.scripps.edu for more information.      #
#################################################################

Output will be mol_datas/142-84-7_out.pdbqt
Reading input ... done.
Setting up the scoring function ... done.
Analyzing the binding site ... done.
Using random seed: 1000
Performing search ... done.
Refining results ... done.

mode |   affinity | dist from best mode
     | (kcal/mol) | rmsd l.b.| rmsd u.b.
-----+------------+----------+----------
   1         -4.4      0.000      0.000
   2         -4.4      0.206      3.399
   3         -4.3      1.083      1.568
   4         -4.2      1.730      4.118
   5         -4.0      7.399      9.684
   6         -3.9      6.936      8.565
   7         -3.8      2.846      3.737
   8         -3.8      2.805      3.873
   9         -3.8      2.372      3.633
  10         -3.7      3.030      4.636
  11         -3.6      4.812      6.378
  12         -3.6      1.885      4.062
  13         -3.6      1.356      1.927
  14         -3.6     12.285     14.138
  15         -3.5      8.627      9.750
  16         -3.5      4.877      6.047
  17         -3.4      8.781     10.804
  18         -3.4      3.282      4.620
  19         -3.4      9.972     11.603
  20         -3.3     11.016     13.129
Writing output ... done.
