#################################################################
# If you used AutoDock Vina in your work, please cite:          #
#                                                               #
# O. Trott, A. J. Olson,                                        #
# AutoDock Vina: improving the speed and accuracy of docking    #
# with a new scoring function, efficient optimization and       #
# multithreading, Journal of Computational Chemistry 31 (2010)  #
# 455-461                                                       #
#                                                               #
# DOI 10.1002/jcc.21334                                         #
#                                                               #
# Please see http://vina.scripps.edu for more information.      #
#################################################################

Output will be mol_datas/106-48-9_out.pdbqt
Reading input ... done.
Setting up the scoring function ... done.
Analyzing the binding site ... done.
Using random seed: 1000
Performing search ... done.
Refining results ... done.

mode |   affinity | dist from best mode
     | (kcal/mol) | rmsd l.b.| rmsd u.b.
-----+------------+----------+----------
   1         -6.0      0.000      0.000
   2         -6.0      0.015      1.714
   3         -5.7      3.151      4.088
   4         -5.7      3.147      3.808
   5         -5.5      4.298      4.847
   6         -5.3      3.907      4.782
   7         -5.3      4.737      5.680
   8         -5.3      4.036      4.833
   9         -5.1      1.636      2.507
  10         -5.1      2.003      2.869
  11         -4.9      8.635      9.715
  12         -4.9      8.105      9.062
  13         -4.9      8.111      9.027
  14         -4.9      3.590      4.626
  15         -4.8      3.579      4.319
  16         -4.8      9.731     10.767
  17         -4.7      4.395      4.815
  18         -4.5      8.623      9.550
  19         -4.5      9.292     10.246
  20         -4.3      8.244      9.202
Writing output ... done.
