#################################################################
# If you used AutoDock Vina in your work, please cite:          #
#                                                               #
# O. Trott, A. J. Olson,                                        #
# AutoDock Vina: improving the speed and accuracy of docking    #
# with a new scoring function, efficient optimization and       #
# multithreading, Journal of Computational Chemistry 31 (2010)  #
# 455-461                                                       #
#                                                               #
# DOI 10.1002/jcc.21334                                         #
#                                                               #
# Please see http://vina.scripps.edu for more information.      #
#################################################################

Output will be mol_datas/76-01-7_out.pdbqt
Reading input ... done.
Setting up the scoring function ... done.
Analyzing the binding site ... done.
Using random seed: 1000
Performing search ... done.
Refining results ... done.

mode |   affinity | dist from best mode
     | (kcal/mol) | rmsd l.b.| rmsd u.b.
-----+------------+----------+----------
   1         -4.5      0.000      0.000
   2         -4.4      1.706      2.974
   3         -4.2      1.339      2.597
   4         -4.2      0.737      2.476
   5         -4.2      1.215      3.484
   6         -4.1      1.213      2.586
   7         -4.0      1.353      3.333
   8         -4.0      1.124      3.123
   9         -3.9      0.870      2.587
  10         -3.6      6.887      8.446
  11         -3.6      6.883      8.449
  12         -3.4      6.440      8.074
  13         -3.3      5.202      6.647
  14         -3.2      6.415      7.635
  15         -3.1      6.786      8.102
  16         -2.9      6.702      8.343
  17         -2.9      8.922     10.294
  18         -2.9     15.428     16.845
  19         -2.8     17.732     18.757
  20         -2.8      7.957      9.320
Writing output ... done.
