#################################################################
# If you used AutoDock Vina in your work, please cite:          #
#                                                               #
# O. Trott, A. J. Olson,                                        #
# AutoDock Vina: improving the speed and accuracy of docking    #
# with a new scoring function, efficient optimization and       #
# multithreading, Journal of Computational Chemistry 31 (2010)  #
# 455-461                                                       #
#                                                               #
# DOI 10.1002/jcc.21334                                         #
#                                                               #
# Please see http://vina.scripps.edu for more information.      #
#################################################################

Output will be mol_datas/109-00-2_out.pdbqt
Reading input ... done.
Setting up the scoring function ... done.
Analyzing the binding site ... done.
Using random seed: 1000
Performing search ... done.
Refining results ... done.

mode |   affinity | dist from best mode
     | (kcal/mol) | rmsd l.b.| rmsd u.b.
-----+------------+----------+----------
   1         -4.9      0.000      0.000
   2         -4.9      5.195      5.970
   3         -4.5      2.074      2.551
   4         -4.3      1.760      2.466
   5         -4.3      1.726      2.936
   6         -4.2     10.463     11.223
   7         -4.1     10.784     11.577
   8         -4.0     10.383     11.136
   9         -4.0     12.195     12.957
  10         -3.9     10.655     11.378
  11         -3.9     10.918     11.686
  12         -3.9     11.222     11.979
  13         -3.7      8.115      8.995
  14         -3.6     11.145     11.859
  15         -3.6     13.417     14.054
  16         -3.4      7.800      8.520
  17         -3.3     11.239     12.019
  18         -3.3     19.904     20.423
  19         -3.2     13.605     14.344
  20         -2.9     20.428     20.920
Writing output ... done.
