#################################################################
# If you used AutoDock Vina in your work, please cite:          #
#                                                               #
# O. Trott, A. J. Olson,                                        #
# AutoDock Vina: improving the speed and accuracy of docking    #
# with a new scoring function, efficient optimization and       #
# multithreading, Journal of Computational Chemistry 31 (2010)  #
# 455-461                                                       #
#                                                               #
# DOI 10.1002/jcc.21334                                         #
#                                                               #
# Please see http://vina.scripps.edu for more information.      #
#################################################################

Output will be mol_datas/2051-60-7_out.pdbqt
Reading input ... done.
Setting up the scoring function ... done.
Analyzing the binding site ... done.
Using random seed: 1000
Performing search ... done.
Refining results ... done.

mode |   affinity | dist from best mode
     | (kcal/mol) | rmsd l.b.| rmsd u.b.
-----+------------+----------+----------
   1         -8.0      0.000      0.000
   2         -7.5      0.658      4.759
   3         -7.2      2.475      4.225
   4         -6.9      5.580      9.043
   5         -6.8      2.544      4.549
   6         -6.8      2.334      3.356
   7         -6.3      7.950     10.500
   8         -6.1      2.847      3.707
   9         -6.0      5.691      9.146
  10         -5.8      1.962      4.877
  11         -5.7      2.042      3.125
  12         -5.7      2.907      3.716
  13         -5.6      8.689     11.511
  14         -5.6      9.211     11.819
  15         -5.0     16.133     16.957
Writing output ... done.
