#################################################################
# If you used AutoDock Vina in your work, please cite:          #
#                                                               #
# O. Trott, A. J. Olson,                                        #
# AutoDock Vina: improving the speed and accuracy of docking    #
# with a new scoring function, efficient optimization and       #
# multithreading, Journal of Computational Chemistry 31 (2010)  #
# 455-461                                                       #
#                                                               #
# DOI 10.1002/jcc.21334                                         #
#                                                               #
# Please see http://vina.scripps.edu for more information.      #
#################################################################

Output will be mol_datas/109-65-9_out.pdbqt
Reading input ... done.
Setting up the scoring function ... done.
Analyzing the binding site ... done.
Using random seed: 1000
Performing search ... done.
Refining results ... done.

mode |   affinity | dist from best mode
     | (kcal/mol) | rmsd l.b.| rmsd u.b.
-----+------------+----------+----------
   1         -4.0      0.000      0.000
   2         -3.9      1.277      1.889
   3         -3.7      2.146      3.228
   4         -3.5      5.061      5.685
   5         -3.5      2.688      3.956
   6         -3.5      2.908      3.489
   7         -3.4      5.068      5.844
   8         -3.3      4.423      4.964
   9         -3.3      4.984      5.253
  10         -3.2      5.460      5.867
  11         -3.1     10.140     10.775
  12         -3.1     11.593     12.266
  13         -3.1      3.685      4.675
  14         -3.0     11.331     11.996
  15         -3.0      2.656      3.610
  16         -3.0     11.703     12.295
  17         -2.8     12.174     12.688
  18         -2.7     10.447     11.004
  19         -2.5     14.659     15.442
  20         -2.5     10.825     11.272
Writing output ... done.
