#################################################################
# If you used AutoDock Vina in your work, please cite:          #
#                                                               #
# O. Trott, A. J. Olson,                                        #
# AutoDock Vina: improving the speed and accuracy of docking    #
# with a new scoring function, efficient optimization and       #
# multithreading, Journal of Computational Chemistry 31 (2010)  #
# 455-461                                                       #
#                                                               #
# DOI 10.1002/jcc.21334                                         #
#                                                               #
# Please see http://vina.scripps.edu for more information.      #
#################################################################

Output will be mol_datas/5234-68-4_out.pdbqt
Reading input ... done.
Setting up the scoring function ... done.
Analyzing the binding site ... done.
Using random seed: 1000
Performing search ... done.
Refining results ... done.

mode |   affinity | dist from best mode
     | (kcal/mol) | rmsd l.b.| rmsd u.b.
-----+------------+----------+----------
   1         -6.5      0.000      0.000
   2         -6.5      2.527      6.514
   3         -6.2      8.277     10.381
   4         -6.0      4.311      7.942
   5         -5.9      6.574      9.067
   6         -5.5      3.408      6.775
   7         -5.5      8.500     12.179
   8         -5.5      3.858      7.520
   9         -5.4      5.087      8.473
  10         -5.3      1.653      2.483
  11         -5.2      8.301      9.959
  12         -5.2      4.428      6.719
  13         -4.7     16.743     18.721
  14         -4.4      9.584     13.332
  15         -4.3     15.091     16.595
  16         -4.2     14.982     16.129
  17         -4.2     15.262     16.253
  18         -4.1     16.665     17.936
  19         -4.1     15.553     16.889
  20         -4.0     15.501     15.812
Writing output ... done.
