#################################################################
# If you used AutoDock Vina in your work, please cite:          #
#                                                               #
# O. Trott, A. J. Olson,                                        #
# AutoDock Vina: improving the speed and accuracy of docking    #
# with a new scoring function, efficient optimization and       #
# multithreading, Journal of Computational Chemistry 31 (2010)  #
# 455-461                                                       #
#                                                               #
# DOI 10.1002/jcc.21334                                         #
#                                                               #
# Please see http://vina.scripps.edu for more information.      #
#################################################################

Output will be mol_datas/72-54-8_out.pdbqt
Reading input ... done.
Setting up the scoring function ... done.
Analyzing the binding site ... done.
Using random seed: 1000
Performing search ... done.
Refining results ... done.

mode |   affinity | dist from best mode
     | (kcal/mol) | rmsd l.b.| rmsd u.b.
-----+------------+----------+----------
   1         -8.1      0.000      0.000
   2         -7.2      0.801      5.616
   3         -6.7      7.828     10.196
   4         -6.6      1.926      5.624
   5         -6.5      5.765      9.051
   6         -6.5      2.098      5.601
   7         -6.4      5.915      7.559
   8         -6.4      1.268      5.460
   9         -6.4      1.756      5.716
  10         -5.9     15.737     16.873
  11         -5.8      5.654      7.367
  12         -5.8      2.136      4.883
  13         -5.7      2.055      3.830
  14         -5.6      2.189      4.470
  15         -5.1     15.469     17.511
Writing output ... done.
