#################################################################
# If you used AutoDock Vina in your work, please cite:          #
#                                                               #
# O. Trott, A. J. Olson,                                        #
# AutoDock Vina: improving the speed and accuracy of docking    #
# with a new scoring function, efficient optimization and       #
# multithreading, Journal of Computational Chemistry 31 (2010)  #
# 455-461                                                       #
#                                                               #
# DOI 10.1002/jcc.21334                                         #
#                                                               #
# Please see http://vina.scripps.edu for more information.      #
#################################################################

Output will be mol_datas/72-48-0_out.pdbqt
Reading input ... done.
Setting up the scoring function ... done.
Analyzing the binding site ... done.
Using random seed: 1000
Performing search ... done.
Refining results ... done.

mode |   affinity | dist from best mode
     | (kcal/mol) | rmsd l.b.| rmsd u.b.
-----+------------+----------+----------
   1         -7.4      0.000      0.000
   2         -7.3      5.764      9.065
   3         -6.7      1.510      5.861
   4         -6.2      5.970      7.621
   5         -6.1      7.993     10.685
   6         -5.7      8.698     11.137
   7         -5.0      8.091     10.290
   8         -4.9      2.658      5.484
   9         -4.7     16.220     17.327
  10         -4.7     16.092     17.012
  11         -4.6     16.376     17.408
  12         -4.5     15.908     17.582
  13         -4.5     15.727     16.695
  14         -4.5     15.798     17.199
  15         -4.5     15.605     16.273
  16         -4.5     16.204     17.314
Writing output ... done.
