#################################################################
# If you used AutoDock Vina in your work, please cite:          #
#                                                               #
# O. Trott, A. J. Olson,                                        #
# AutoDock Vina: improving the speed and accuracy of docking    #
# with a new scoring function, efficient optimization and       #
# multithreading, Journal of Computational Chemistry 31 (2010)  #
# 455-461                                                       #
#                                                               #
# DOI 10.1002/jcc.21334                                         #
#                                                               #
# Please see http://vina.scripps.edu for more information.      #
#################################################################

Output will be mol_datas/103-85-5_out.pdbqt
Reading input ... done.
Setting up the scoring function ... done.
Analyzing the binding site ... done.
Using random seed: 1000
Performing search ... done.
Refining results ... done.

mode |   affinity | dist from best mode
     | (kcal/mol) | rmsd l.b.| rmsd u.b.
-----+------------+----------+----------
   1         -6.6      0.000      0.000
   2         -6.4      0.837      1.722
   3         -6.3      1.544      1.688
   4         -6.2      1.710      2.280
   5         -6.2      3.145      4.743
   6         -5.9      4.277      5.217
   7         -5.9      4.258      5.336
   8         -5.6      1.910      2.567
   9         -5.5      9.708     10.773
  10         -5.4      3.006      3.875
  11         -5.4      9.288     10.315
  12         -5.2      9.960     10.912
  13         -5.1      3.929      5.061
  14         -5.0     11.468     12.389
  15         -4.8     12.546     13.515
  16         -4.7      3.421      4.300
  17         -4.5      3.191      5.061
  18         -4.5     11.035     11.927
  19         -4.4      2.662      4.291
  20         -4.3      7.952      8.846
Writing output ... done.
