#################################################################
# If you used AutoDock Vina in your work, please cite:          #
#                                                               #
# O. Trott, A. J. Olson,                                        #
# AutoDock Vina: improving the speed and accuracy of docking    #
# with a new scoring function, efficient optimization and       #
# multithreading, Journal of Computational Chemistry 31 (2010)  #
# 455-461                                                       #
#                                                               #
# DOI 10.1002/jcc.21334                                         #
#                                                               #
# Please see http://vina.scripps.edu for more information.      #
#################################################################

Output will be mol_datas/15258-73-8_out.pdbqt
Reading input ... done.
Setting up the scoring function ... done.
Analyzing the binding site ... done.
Using random seed: 1000
Performing search ... done.
Refining results ... done.

mode |   affinity | dist from best mode
     | (kcal/mol) | rmsd l.b.| rmsd u.b.
-----+------------+----------+----------
   1         -6.1      0.000      0.000
   2         -6.1      0.037      2.926
   3         -6.0      2.275      3.569
   4         -5.7      3.317      4.796
   5         -5.6      2.218      2.833
   6         -5.6      3.320      4.056
   7         -5.6      2.216      3.398
   8         -5.5      9.159     10.329
   9         -5.5      9.154     10.431
  10         -5.4      2.242      2.975
  11         -5.3      2.448      2.910
  12         -5.3      2.447      3.766
  13         -5.3      3.227      4.312
  14         -5.3      3.233      4.522
  15         -5.2      8.825      9.941
  16         -5.2      8.834     10.215
  17         -5.2      9.254     10.529
  18         -5.2      9.251     10.413
  19         -5.1      9.643     11.042
  20         -5.1      9.633     10.848
Writing output ... done.
