#################################################################
# If you used AutoDock Vina in your work, please cite:          #
#                                                               #
# O. Trott, A. J. Olson,                                        #
# AutoDock Vina: improving the speed and accuracy of docking    #
# with a new scoring function, efficient optimization and       #
# multithreading, Journal of Computational Chemistry 31 (2010)  #
# 455-461                                                       #
#                                                               #
# DOI 10.1002/jcc.21334                                         #
#                                                               #
# Please see http://vina.scripps.edu for more information.      #
#################################################################

Output will be mol_datas/23947-60-6_out.pdbqt
Reading input ... done.
Setting up the scoring function ... done.
Analyzing the binding site ... done.
Using random seed: 1000
Performing search ... done.
Refining results ... done.

mode |   affinity | dist from best mode
     | (kcal/mol) | rmsd l.b.| rmsd u.b.
-----+------------+----------+----------
   1         -6.9      0.000      0.000
   2         -6.8      1.779      5.466
   3         -6.8      2.654      4.552
   4         -6.6      8.088     10.485
   5         -6.6      5.423      7.743
   6         -6.6      2.223      5.696
   7         -6.2      2.733      5.135
   8         -6.1      3.216      5.815
   9         -6.1      8.770     10.616
  10         -6.0      7.325      8.695
  11         -6.0      2.719      4.480
  12         -6.0      6.064      7.912
  13         -6.0      1.683      2.290
  14         -5.9      5.506      7.834
  15         -5.7      8.323     10.155
  16         -5.7      8.725     10.720
  17         -5.5      3.269      5.630
  18         -5.4      6.393      8.242
  19         -4.8      2.752      4.792
  20         -4.8      5.973      8.599
Writing output ... done.
