#################################################################
# If you used AutoDock Vina in your work, please cite:          #
#                                                               #
# O. Trott, A. J. Olson,                                        #
# AutoDock Vina: improving the speed and accuracy of docking    #
# with a new scoring function, efficient optimization and       #
# multithreading, Journal of Computational Chemistry 31 (2010)  #
# 455-461                                                       #
#                                                               #
# DOI 10.1002/jcc.21334                                         #
#                                                               #
# Please see http://vina.scripps.edu for more information.      #
#################################################################

Output will be mol_datas/123-56-8_out.pdbqt
Reading input ... done.
Setting up the scoring function ... done.
Analyzing the binding site ... done.
Using random seed: 1000
Performing search ... done.
Refining results ... done.

mode |   affinity | dist from best mode
     | (kcal/mol) | rmsd l.b.| rmsd u.b.
-----+------------+----------+----------
   1         -4.8      0.000      0.000
   2         -4.8      0.131      2.867
   3         -4.7      4.537      5.534
   4         -4.7      1.922      3.143
   5         -4.7      1.925      2.176
   6         -4.5      4.742      5.695
   7         -4.4      2.772      3.131
   8         -4.3      8.415      9.057
   9         -4.3      8.560      9.106
  10         -4.3      4.293      5.529
  11         -4.2      8.708      9.141
  12         -4.2      1.963      3.486
  13         -4.1     10.893     11.555
  14         -4.1     10.912     11.322
  15         -4.0      9.983     10.725
  16         -3.9      9.345      9.750
  17         -3.9      8.535      9.256
  18         -3.9     10.113     10.869
  19         -3.9      9.805     10.176
  20         -3.8      2.454      3.047
Writing output ... done.
