#################################################################
# If you used AutoDock Vina in your work, please cite:          #
#                                                               #
# O. Trott, A. J. Olson,                                        #
# AutoDock Vina: improving the speed and accuracy of docking    #
# with a new scoring function, efficient optimization and       #
# multithreading, Journal of Computational Chemistry 31 (2010)  #
# 455-461                                                       #
#                                                               #
# DOI 10.1002/jcc.21334                                         #
#                                                               #
# Please see http://vina.scripps.edu for more information.      #
#################################################################

Output will be mol_datas/108-87-2_out.pdbqt
Reading input ... done.
Setting up the scoring function ... done.
Analyzing the binding site ... done.
Using random seed: 1000
Performing search ... done.
Refining results ... done.

mode |   affinity | dist from best mode
     | (kcal/mol) | rmsd l.b.| rmsd u.b.
-----+------------+----------+----------
   1         -5.8      0.000      0.000
   2         -5.3      3.849      5.081
   3         -5.3      0.915      3.456
   4         -5.3      4.229      5.493
   5         -5.2      0.726      2.018
   6         -5.2      0.926      2.873
   7         -4.9      3.253      4.693
   8         -4.6     10.515     11.793
   9         -4.6     10.150     11.582
  10         -4.5      9.966     11.244
  11         -4.4     10.233     11.672
  12         -4.4      2.580      3.952
  13         -3.8     11.768     12.496
  14         -3.5     12.899     14.136
  15         -3.4     12.442     13.167
  16         -3.4     12.968     13.607
  17         -3.4     12.857     14.134
  18         -3.4     15.816     17.276
  19         -3.3     12.852     13.424
  20         -3.2     14.486     16.105
Writing output ... done.
