#################################################################
# If you used AutoDock Vina in your work, please cite:          #
#                                                               #
# O. Trott, A. J. Olson,                                        #
# AutoDock Vina: improving the speed and accuracy of docking    #
# with a new scoring function, efficient optimization and       #
# multithreading, Journal of Computational Chemistry 31 (2010)  #
# 455-461                                                       #
#                                                               #
# DOI 10.1002/jcc.21334                                         #
#                                                               #
# Please see http://vina.scripps.edu for more information.      #
#################################################################

Output will be mol_datas/7286-84-2_out.pdbqt
Reading input ... done.
Setting up the scoring function ... done.
Analyzing the binding site ... done.
Using random seed: 1000
Performing search ... done.
Refining results ... done.

mode |   affinity | dist from best mode
     | (kcal/mol) | rmsd l.b.| rmsd u.b.
-----+------------+----------+----------
   1         -6.6      0.000      0.000
   2         -6.3      3.334      4.448
   3         -6.2      9.097     10.355
   4         -6.2      3.119      4.954
   5         -6.0      3.205      3.965
   6         -5.9      3.336      4.396
   7         -5.9      8.595      9.896
   8         -5.6      2.578      3.350
   9         -5.6      2.785      3.919
  10         -5.6      8.623     10.289
  11         -5.5      8.395     10.294
  12         -5.3      9.368     10.705
  13         -5.3      8.474      9.974
  14         -4.8      1.881      3.405
  15         -4.7      3.470      5.090
  16         -4.6      8.891     10.086
  17         -4.6      2.343      4.103
  18         -4.5      8.321      9.466
  19         -4.3      5.671      6.789
  20         -3.8     16.503     17.418
Writing output ... done.
