#################################################################
# If you used AutoDock Vina in your work, please cite:          #
#                                                               #
# O. Trott, A. J. Olson,                                        #
# AutoDock Vina: improving the speed and accuracy of docking    #
# with a new scoring function, efficient optimization and       #
# multithreading, Journal of Computational Chemistry 31 (2010)  #
# 455-461                                                       #
#                                                               #
# DOI 10.1002/jcc.21334                                         #
#                                                               #
# Please see http://vina.scripps.edu for more information.      #
#################################################################

Output will be mol_datas/88-67-5_out.pdbqt
Reading input ... done.
Setting up the scoring function ... done.
Analyzing the binding site ... done.
Using random seed: 1000
Performing search ... done.
Refining results ... done.

mode |   affinity | dist from best mode
     | (kcal/mol) | rmsd l.b.| rmsd u.b.
-----+------------+----------+----------
   1         -6.8      0.000      0.000
   2         -6.8      2.619      3.882
   3         -6.2      2.181      2.806
   4         -6.1      3.911      5.095
   5         -5.9      9.206     10.259
   6         -5.8      3.544      4.322
   7         -5.4     10.072     11.098
   8         -5.0      9.545     10.488
   9         -4.9     10.518     11.468
  10         -4.9     10.146     11.290
  11         -4.7      3.594      4.201
  12         -4.5      2.525      3.514
  13         -4.1     12.361     13.333
  14         -3.8     19.955     21.025
Writing output ... done.
