#################################################################
# If you used AutoDock Vina in your work, please cite:          #
#                                                               #
# O. Trott, A. J. Olson,                                        #
# AutoDock Vina: improving the speed and accuracy of docking    #
# with a new scoring function, efficient optimization and       #
# multithreading, Journal of Computational Chemistry 31 (2010)  #
# 455-461                                                       #
#                                                               #
# DOI 10.1002/jcc.21334                                         #
#                                                               #
# Please see http://vina.scripps.edu for more information.      #
#################################################################

Output will be mol_datas/2114-15-0_out.pdbqt
Reading input ... done.
Setting up the scoring function ... done.
Analyzing the binding site ... done.
Using random seed: 1000
Performing search ... done.
Refining results ... done.

mode |   affinity | dist from best mode
     | (kcal/mol) | rmsd l.b.| rmsd u.b.
-----+------------+----------+----------
   1         -4.8      0.000      0.000
   2         -4.8      2.170      3.953
   3         -4.8      2.356      4.069
   4         -4.6      2.394      3.974
   5         -4.5      2.205      3.649
   6         -4.4      3.151      4.238
   7         -4.3      8.852      9.862
   8         -4.3      4.130      5.217
   9         -4.2      2.379      2.822
  10         -4.2      2.910      4.275
  11         -4.2      2.693      3.353
  12         -4.1      5.263      5.990
  13         -4.0     10.659     11.628
  14         -4.0      4.415      5.120
  15         -3.9     11.087     12.064
  16         -3.8     10.626     12.064
  17         -3.8      9.191     10.173
  18         -3.7     10.426     11.325
  19         -3.7      8.333      9.361
  20         -3.5     11.201     12.431
Writing output ... done.
