#################################################################
# If you used AutoDock Vina in your work, please cite:          #
#                                                               #
# O. Trott, A. J. Olson,                                        #
# AutoDock Vina: improving the speed and accuracy of docking    #
# with a new scoring function, efficient optimization and       #
# multithreading, Journal of Computational Chemistry 31 (2010)  #
# 455-461                                                       #
#                                                               #
# DOI 10.1002/jcc.21334                                         #
#                                                               #
# Please see http://vina.scripps.edu for more information.      #
#################################################################

Output will be mol_datas/57-91-0_out.pdbqt
Reading input ... done.
Setting up the scoring function ... done.
Analyzing the binding site ... done.
Using random seed: 1000
Performing search ... done.
Refining results ... done.

mode |   affinity | dist from best mode
     | (kcal/mol) | rmsd l.b.| rmsd u.b.
-----+------------+----------+----------
   1         -5.5      0.000      0.000
   2         -5.3     14.460     16.589
   3         -5.3      2.101      6.210
   4         -5.3      4.993      6.678
   5         -5.2      1.672      2.382
   6         -5.2      3.540      6.249
   7         -5.2      3.837      6.904
   8         -5.1     10.583     12.840
   9         -5.1      3.126      7.621
  10         -5.1      4.852      6.753
  11         -4.9      3.855      6.789
  12         -4.9      4.363      6.994
  13         -4.8      3.673      4.942
  14         -4.8     12.966     15.105
  15         -4.8      3.818      6.501
  16         -4.8      3.636      6.016
  17         -4.7      4.699      7.108
  18         -4.6      1.942      3.373
  19         -4.6      5.499      8.266
  20         -4.6      2.807      4.002
Writing output ... done.
