#################################################################
# If you used AutoDock Vina in your work, please cite:          #
#                                                               #
# O. Trott, A. J. Olson,                                        #
# AutoDock Vina: improving the speed and accuracy of docking    #
# with a new scoring function, efficient optimization and       #
# multithreading, Journal of Computational Chemistry 31 (2010)  #
# 455-461                                                       #
#                                                               #
# DOI 10.1002/jcc.21334                                         #
#                                                               #
# Please see http://vina.scripps.edu for more information.      #
#################################################################

Output will be mol_datas/95-51-2_out.pdbqt
Reading input ... done.
Setting up the scoring function ... done.
Analyzing the binding site ... done.
Using random seed: 1000
Performing search ... done.
Refining results ... done.

mode |   affinity | dist from best mode
     | (kcal/mol) | rmsd l.b.| rmsd u.b.
-----+------------+----------+----------
   1         -6.1      0.000      0.000
   2         -5.7      1.998      2.871
   3         -5.6      1.574      2.309
   4         -5.6      1.569      2.166
   5         -5.3      4.322      5.456
   6         -5.3      3.813      4.204
   7         -5.3      3.920      4.793
   8         -5.2      4.385      5.217
   9         -5.2      3.930      4.712
  10         -5.1      2.397      3.629
  11         -4.9      3.480      4.130
  12         -4.9      4.210      4.897
  13         -4.9     10.225     11.118
  14         -4.9      9.632     10.584
  15         -4.8      2.230      3.055
  16         -4.7     10.604     11.601
  17         -4.6      9.999     11.095
  18         -4.4     11.195     12.258
  19         -3.9      6.989      8.110
  20         -3.6     20.338     20.723
Writing output ... done.
