#################################################################
# If you used AutoDock Vina in your work, please cite:          #
#                                                               #
# O. Trott, A. J. Olson,                                        #
# AutoDock Vina: improving the speed and accuracy of docking    #
# with a new scoring function, efficient optimization and       #
# multithreading, Journal of Computational Chemistry 31 (2010)  #
# 455-461                                                       #
#                                                               #
# DOI 10.1002/jcc.21334                                         #
#                                                               #
# Please see http://vina.scripps.edu for more information.      #
#################################################################

Output will be mol_datas/78-92-2_out.pdbqt
Reading input ... done.
Setting up the scoring function ... done.
Analyzing the binding site ... done.
Using random seed: 1000
Performing search ... done.
Refining results ... done.

mode |   affinity | dist from best mode
     | (kcal/mol) | rmsd l.b.| rmsd u.b.
-----+------------+----------+----------
   1         -4.0      0.000      0.000
   2         -3.9      5.523      6.284
   3         -3.8      5.939      6.409
   4         -3.6      1.077      2.664
   5         -3.6      2.453      3.743
   6         -3.6      1.944      2.991
   7         -3.5      6.114      6.946
   8         -3.5      2.067      2.710
   9         -3.4      3.050      3.611
  10         -3.2      4.789      5.660
  11         -3.2     12.924     13.728
  12         -3.2      7.911      8.884
  13         -3.2     10.282     10.917
  14         -3.2     11.263     12.227
  15         -3.1     12.029     12.936
  16         -3.1      3.968      4.695
  17         -3.0     10.024     10.634
  18         -2.9      9.458     10.495
  19         -2.9      4.201      4.850
  20         -2.9      2.651      3.185
Writing output ... done.
