#################################################################
# If you used AutoDock Vina in your work, please cite:          #
#                                                               #
# O. Trott, A. J. Olson,                                        #
# AutoDock Vina: improving the speed and accuracy of docking    #
# with a new scoring function, efficient optimization and       #
# multithreading, Journal of Computational Chemistry 31 (2010)  #
# 455-461                                                       #
#                                                               #
# DOI 10.1002/jcc.21334                                         #
#                                                               #
# Please see http://vina.scripps.edu for more information.      #
#################################################################

Output will be mol_datas/239-64-5_out.pdbqt
Reading input ... done.
Setting up the scoring function ... done.
Analyzing the binding site ... done.
Using random seed: 1000
Performing search ... done.
Refining results ... done.

mode |   affinity | dist from best mode
     | (kcal/mol) | rmsd l.b.| rmsd u.b.
-----+------------+----------+----------
   1         -8.7      0.000      0.000
   2         -8.7      0.029      6.362
   3         -8.1      1.675      3.354
   4         -8.1      1.679      7.046
   5         -6.7      1.319      2.798
   6         -6.7      1.325      6.709
   7         -6.7     17.726     20.211
   8         -6.7     17.723     19.401
   9         -6.5      6.071     11.598
  10         -6.4     14.879     15.704
  11         -6.4     15.272     16.739
  12         -6.4     15.291     15.738
  13         -6.3     14.916     16.115
  14         -6.3     14.923     16.138
  15         -6.2     14.925     16.494
  16         -6.1     15.035     15.828
  17         -6.1     17.258     17.930
  18         -5.8     16.418     17.793
  19         -5.8     15.152     16.329
  20         -5.8     15.199     15.976
Writing output ... done.
