#################################################################
# If you used AutoDock Vina in your work, please cite:          #
#                                                               #
# O. Trott, A. J. Olson,                                        #
# AutoDock Vina: improving the speed and accuracy of docking    #
# with a new scoring function, efficient optimization and       #
# multithreading, Journal of Computational Chemistry 31 (2010)  #
# 455-461                                                       #
#                                                               #
# DOI 10.1002/jcc.21334                                         #
#                                                               #
# Please see http://vina.scripps.edu for more information.      #
#################################################################

Output will be mol_datas/123-99-9_out.pdbqt
Reading input ... done.
Setting up the scoring function ... done.
Analyzing the binding site ... done.
Using random seed: 1000
Performing search ... done.
Refining results ... done.

mode |   affinity | dist from best mode
     | (kcal/mol) | rmsd l.b.| rmsd u.b.
-----+------------+----------+----------
   1         -6.4      0.000      0.000
   2         -6.3      2.716      3.246
   3         -6.2      2.222      6.543
   4         -6.2      2.159      3.046
   5         -6.2      2.239      2.808
   6         -6.1      2.780      6.224
   7         -6.1      0.864      6.642
   8         -6.0      4.563      7.119
   9         -6.0      3.206      5.125
  10         -6.0      2.609      5.700
  11         -5.9      2.319      7.169
  12         -5.9      2.935      3.639
  13         -5.9      4.321      5.249
  14         -5.7      8.964     10.377
  15         -5.7      2.385      3.542
  16         -5.6      3.302      4.477
  17         -5.6      4.945      5.726
  18         -5.6      5.504      7.521
  19         -5.6      8.082      9.154
  20         -5.5      5.424      6.248
Writing output ... done.
