#################################################################
# If you used AutoDock Vina in your work, please cite:          #
#                                                               #
# O. Trott, A. J. Olson,                                        #
# AutoDock Vina: improving the speed and accuracy of docking    #
# with a new scoring function, efficient optimization and       #
# multithreading, Journal of Computational Chemistry 31 (2010)  #
# 455-461                                                       #
#                                                               #
# DOI 10.1002/jcc.21334                                         #
#                                                               #
# Please see http://vina.scripps.edu for more information.      #
#################################################################

Output will be mol_datas/634-90-2_out.pdbqt
Reading input ... done.
Setting up the scoring function ... done.
Analyzing the binding site ... done.
Using random seed: 1000
Performing search ... done.
Refining results ... done.

mode |   affinity | dist from best mode
     | (kcal/mol) | rmsd l.b.| rmsd u.b.
-----+------------+----------+----------
   1         -6.1      0.000      0.000
   2         -6.1      0.035      2.909
   3         -5.9      1.906      3.981
   4         -5.5      2.042      3.395
   5         -5.5      2.056      2.784
   6         -5.4      1.449      3.369
   7         -5.0      2.589      3.834
   8         -4.9      8.035     10.068
   9         -4.9      8.038     10.130
  10         -4.9      1.233      3.681
  11         -4.8      8.474      9.856
  12         -4.7      8.488     10.197
  13         -4.6      1.153      3.366
  14         -4.0      7.347      9.247
  15         -3.8      2.151      3.593
  16         -3.8      1.759      1.960
  17         -3.3     15.651     16.984
  18         -3.3     15.591     16.925
  19         -3.3     16.235     16.863
  20         -3.3     15.998     16.691
Writing output ... done.
