#################################################################
# If you used AutoDock Vina in your work, please cite:          #
#                                                               #
# O. Trott, A. J. Olson,                                        #
# AutoDock Vina: improving the speed and accuracy of docking    #
# with a new scoring function, efficient optimization and       #
# multithreading, Journal of Computational Chemistry 31 (2010)  #
# 455-461                                                       #
#                                                               #
# DOI 10.1002/jcc.21334                                         #
#                                                               #
# Please see http://vina.scripps.edu for more information.      #
#################################################################

Output will be mol_datas/2050-67-1_out.pdbqt
Reading input ... done.
Setting up the scoring function ... done.
Analyzing the binding site ... done.
Using random seed: 1000
Performing search ... done.
Refining results ... done.

mode |   affinity | dist from best mode
     | (kcal/mol) | rmsd l.b.| rmsd u.b.
-----+------------+----------+----------
   1         -6.9      0.000      0.000
   2         -6.8      2.288      2.705
   3         -6.8      1.579      2.461
   4         -6.8      2.440      3.334
   5         -6.7      6.666     10.292
   6         -6.6      6.583     10.345
   7         -6.6      6.619      9.106
   8         -6.5      6.711      9.051
   9         -6.5      2.556      5.927
  10         -6.5      3.009      3.658
  11         -6.2      3.831      5.909
  12         -6.2      3.834      7.895
  13         -6.2      1.926      2.598
  14         -6.2      1.866      5.723
  15         -6.1      3.758      6.024
  16         -5.9      7.587      9.844
  17         -5.8      7.274      9.471
  18         -5.8      7.647      9.035
  19         -5.6      4.362      5.346
  20         -5.5      6.668      9.249
Writing output ... done.
