#################################################################
# If you used AutoDock Vina in your work, please cite:          #
#                                                               #
# O. Trott, A. J. Olson,                                        #
# AutoDock Vina: improving the speed and accuracy of docking    #
# with a new scoring function, efficient optimization and       #
# multithreading, Journal of Computational Chemistry 31 (2010)  #
# 455-461                                                       #
#                                                               #
# DOI 10.1002/jcc.21334                                         #
#                                                               #
# Please see http://vina.scripps.edu for more information.      #
#################################################################

Output will be mol_datas/628-71-7_out.pdbqt
Reading input ... done.
Setting up the scoring function ... done.
Analyzing the binding site ... done.
Using random seed: 1000
Performing search ... done.
Refining results ... done.

mode |   affinity | dist from best mode
     | (kcal/mol) | rmsd l.b.| rmsd u.b.
-----+------------+----------+----------
   1         -5.1      0.000      0.000
   2         -4.8      1.110      3.707
   3         -4.7      1.530      2.128
   4         -4.6      1.119      1.525
   5         -4.4      2.317      4.459
   6         -4.3      3.039      4.709
   7         -4.3      3.297      4.985
   8         -4.3      4.471      5.637
   9         -4.2      1.756      4.223
  10         -4.1      8.114     10.405
  11         -4.1      3.403      4.392
  12         -4.1      2.756      4.544
  13         -4.0      2.504      4.186
  14         -3.9      6.900      9.132
  15         -3.9     10.692     11.781
  16         -3.9      9.327     10.958
  17         -3.9      9.294     10.811
  18         -3.8      9.662     12.053
  19         -3.8      9.039     11.676
  20         -3.7     10.791     12.452
Writing output ... done.
