#################################################################
# If you used AutoDock Vina in your work, please cite:          #
#                                                               #
# O. Trott, A. J. Olson,                                        #
# AutoDock Vina: improving the speed and accuracy of docking    #
# with a new scoring function, efficient optimization and       #
# multithreading, Journal of Computational Chemistry 31 (2010)  #
# 455-461                                                       #
#                                                               #
# DOI 10.1002/jcc.21334                                         #
#                                                               #
# Please see http://vina.scripps.edu for more information.      #
#################################################################

Output will be mol_datas/105-05-5_out.pdbqt
Reading input ... done.
Setting up the scoring function ... done.
Analyzing the binding site ... done.
Using random seed: 1000
Performing search ... done.
Refining results ... done.

mode |   affinity | dist from best mode
     | (kcal/mol) | rmsd l.b.| rmsd u.b.
-----+------------+----------+----------
   1         -6.8      0.000      0.000
   2         -6.8      0.065      4.608
   3         -6.5      1.498      2.781
   4         -6.5      1.502      4.120
   5         -6.5      1.765      2.646
   6         -6.5      1.745      4.802
   7         -6.4      2.115      5.538
   8         -6.4      2.112      3.574
   9         -6.3      2.553      4.904
  10         -6.2      2.661      3.574
  11         -5.7      1.300      4.288
  12         -5.6      8.647     10.129
  13         -5.5      8.817     10.469
  14         -5.4      2.334      4.173
  15         -5.3      9.870     11.530
  16         -5.3      9.868     11.292
  17         -5.3      2.552      3.811
  18         -5.3      9.473     11.299
  19         -5.2     10.122     11.524
  20         -5.2      5.603      7.145
Writing output ... done.
