#################################################################
# If you used AutoDock Vina in your work, please cite:          #
#                                                               #
# O. Trott, A. J. Olson,                                        #
# AutoDock Vina: improving the speed and accuracy of docking    #
# with a new scoring function, efficient optimization and       #
# multithreading, Journal of Computational Chemistry 31 (2010)  #
# 455-461                                                       #
#                                                               #
# DOI 10.1002/jcc.21334                                         #
#                                                               #
# Please see http://vina.scripps.edu for more information.      #
#################################################################

Output will be mol_datas/52663-62-4_out.pdbqt
Reading input ... done.
Setting up the scoring function ... done.
Analyzing the binding site ... done.
Using random seed: 1000
Performing search ... done.
Refining results ... done.

mode |   affinity | dist from best mode
     | (kcal/mol) | rmsd l.b.| rmsd u.b.
-----+------------+----------+----------
   1         -4.8      0.000      0.000
   2         -4.8      2.282      5.362
   3         -4.7     16.212     18.825
   4         -4.7      1.960      5.827
   5         -4.7     13.869     16.776
   6         -4.6      1.129      5.837
   7         -4.5      2.313      4.663
   8         -4.4      4.303      5.169
   9         -4.4      4.632      5.728
  10         -4.3      1.809      2.824
  11         -4.3      1.789      2.284
  12         -4.3     12.982     16.416
  13         -4.3     13.547     17.038
  14         -4.3      2.831      4.144
  15         -4.2      2.341      3.092
  16         -4.2      3.035      4.704
  17         -4.2     14.112     17.015
  18         -4.1      2.876      4.601
  19         -4.0      3.389      4.382
  20         -2.4     15.199     18.647
Writing output ... done.
