#################################################################
# If you used AutoDock Vina in your work, please cite:          #
#                                                               #
# O. Trott, A. J. Olson,                                        #
# AutoDock Vina: improving the speed and accuracy of docking    #
# with a new scoring function, efficient optimization and       #
# multithreading, Journal of Computational Chemistry 31 (2010)  #
# 455-461                                                       #
#                                                               #
# DOI 10.1002/jcc.21334                                         #
#                                                               #
# Please see http://vina.scripps.edu for more information.      #
#################################################################

Output will be mol_datas/106-63-8_out.pdbqt
Reading input ... done.
Setting up the scoring function ... done.
Analyzing the binding site ... done.
Using random seed: 1000
Performing search ... done.
Refining results ... done.

mode |   affinity | dist from best mode
     | (kcal/mol) | rmsd l.b.| rmsd u.b.
-----+------------+----------+----------
   1         -5.5      0.000      0.000
   2         -5.4      1.313      3.876
   3         -4.8      1.869      2.893
   4         -4.8      3.033      5.068
   5         -4.7      1.825      4.293
   6         -4.7      1.926      2.799
   7         -4.6      8.397      9.387
   8         -4.5      8.262     10.227
   9         -4.5      7.718      9.342
  10         -4.3      9.649     11.315
  11         -4.1      4.786      6.164
  12         -4.1      9.982     11.496
  13         -4.1      8.632     10.240
  14         -4.1      3.872      5.476
  15         -4.1      8.849     11.096
  16         -3.9      4.752      7.121
  17         -3.9      8.566     10.308
  18         -3.9      8.303     10.342
  19         -3.9     11.853     12.612
  20         -3.8     10.789     12.938
Writing output ... done.
