#################################################################
# If you used AutoDock Vina in your work, please cite:          #
#                                                               #
# O. Trott, A. J. Olson,                                        #
# AutoDock Vina: improving the speed and accuracy of docking    #
# with a new scoring function, efficient optimization and       #
# multithreading, Journal of Computational Chemistry 31 (2010)  #
# 455-461                                                       #
#                                                               #
# DOI 10.1002/jcc.21334                                         #
#                                                               #
# Please see http://vina.scripps.edu for more information.      #
#################################################################

Output will be mol_datas/83-07-8_out.pdbqt
Reading input ... done.
Setting up the scoring function ... done.
Analyzing the binding site ... done.
Using random seed: 1000
Performing search ... done.
Refining results ... done.

mode |   affinity | dist from best mode
     | (kcal/mol) | rmsd l.b.| rmsd u.b.
-----+------------+----------+----------
   1         -6.6      0.000      0.000
   2         -6.4      6.748      9.676
   3         -6.0      2.234      5.547
   4         -5.7      4.469      7.170
   5         -5.5      1.749      2.419
   6         -5.4      6.498      9.458
   7         -5.4      3.364      5.679
   8         -5.2      7.627      9.554
   9         -5.1      2.119      5.328
  10         -5.1      5.547      7.641
  11         -5.0      2.412      4.451
  12         -5.0      2.317      4.175
  13         -4.6      3.550      5.684
  14         -4.2     14.007     15.339
  15         -4.2      2.623      5.963
  16         -4.0     14.371     15.020
  17         -4.0     14.054     14.833
  18         -4.0     13.846     14.976
  19         -4.0     14.085     15.240
  20         -3.9     14.690     15.352
Writing output ... done.
