#################################################################
# If you used AutoDock Vina in your work, please cite:          #
#                                                               #
# O. Trott, A. J. Olson,                                        #
# AutoDock Vina: improving the speed and accuracy of docking    #
# with a new scoring function, efficient optimization and       #
# multithreading, Journal of Computational Chemistry 31 (2010)  #
# 455-461                                                       #
#                                                               #
# DOI 10.1002/jcc.21334                                         #
#                                                               #
# Please see http://vina.scripps.edu for more information.      #
#################################################################

Output will be mol_datas/629-04-9_out.pdbqt
Reading input ... done.
Setting up the scoring function ... done.
Analyzing the binding site ... done.
Using random seed: 1000
Performing search ... done.
Refining results ... done.

mode |   affinity | dist from best mode
     | (kcal/mol) | rmsd l.b.| rmsd u.b.
-----+------------+----------+----------
   1         -5.1      0.000      0.000
   2         -5.0      1.822      1.828
   3         -4.9      2.646      4.802
   4         -4.8      2.077      4.447
   5         -4.6      1.978      3.942
   6         -4.5      1.844      2.494
   7         -4.3      2.207      2.997
   8         -4.3      2.568      5.082
   9         -4.3      3.070      3.782
  10         -4.3      1.127      2.355
  11         -4.1      1.986      2.712
  12         -4.1      2.094      4.200
  13         -4.1      8.583     10.188
  14         -4.0      9.595     11.341
  15         -4.0      3.051      4.803
  16         -4.0      8.741     10.923
  17         -4.0     10.499     11.684
  18         -3.9     10.427     12.502
  19         -3.9      3.416      4.950
  20         -3.6      8.888     10.706
Writing output ... done.
