#################################################################
# If you used AutoDock Vina in your work, please cite:          #
#                                                               #
# O. Trott, A. J. Olson,                                        #
# AutoDock Vina: improving the speed and accuracy of docking    #
# with a new scoring function, efficient optimization and       #
# multithreading, Journal of Computational Chemistry 31 (2010)  #
# 455-461                                                       #
#                                                               #
# DOI 10.1002/jcc.21334                                         #
#                                                               #
# Please see http://vina.scripps.edu for more information.      #
#################################################################

Output will be mol_datas/68-96-2_out.pdbqt
Reading input ... done.
Setting up the scoring function ... done.
Analyzing the binding site ... done.
Using random seed: 1000
Performing search ... done.
Refining results ... done.

mode |   affinity | dist from best mode
     | (kcal/mol) | rmsd l.b.| rmsd u.b.
-----+------------+----------+----------
   1         -5.6      0.000      0.000
   2         -5.5      3.180      5.446
   3         -5.5      4.210      7.289
   4         -5.4     10.782     15.114
   5         -5.2      1.964      3.663
   6         -4.9      1.530      6.994
   7         -4.8      1.707      2.210
   8         -4.8      6.620     10.001
   9         -4.8      2.901      4.201
  10         -4.6      2.839      4.555
  11         -4.5      2.103      6.858
  12         -4.5      5.745      8.801
  13         -4.4      1.660      2.355
  14         -4.4      2.703      4.466
  15         -4.2      2.932      3.947
  16         -3.9      5.634      8.625
  17         -3.7      2.906      3.871
  18         -3.7      2.479      6.800
  19         -3.6      2.341      3.432
  20         -3.5      2.310      3.414
Writing output ... done.
