#################################################################
# If you used AutoDock Vina in your work, please cite:          #
#                                                               #
# O. Trott, A. J. Olson,                                        #
# AutoDock Vina: improving the speed and accuracy of docking    #
# with a new scoring function, efficient optimization and       #
# multithreading, Journal of Computational Chemistry 31 (2010)  #
# 455-461                                                       #
#                                                               #
# DOI 10.1002/jcc.21334                                         #
#                                                               #
# Please see http://vina.scripps.edu for more information.      #
#################################################################

Output will be mol_datas/150-68-5_out.pdbqt
Reading input ... done.
Setting up the scoring function ... done.
Analyzing the binding site ... done.
Using random seed: 1000
Performing search ... done.
Refining results ... done.

mode |   affinity | dist from best mode
     | (kcal/mol) | rmsd l.b.| rmsd u.b.
-----+------------+----------+----------
   1         -6.2      0.000      0.000
   2         -5.9      4.529      5.705
   3         -5.8      3.417      5.943
   4         -5.6      6.517      8.339
   5         -5.5      6.742      8.612
   6         -5.5      3.400      4.751
   7         -5.4      7.759      9.266
   8         -5.2      4.440      7.269
   9         -5.1      1.263      1.544
  10         -5.1      7.202      8.992
  11         -5.1      4.034      6.748
  12         -4.8      6.677      8.387
  13         -4.8      3.951      6.051
  14         -4.7      3.424      5.840
  15         -4.6      5.581      7.252
  16         -4.5      6.537      9.623
  17         -4.4      1.999      3.125
  18         -4.3      3.633      5.897
  19         -4.2      4.457      6.580
  20         -3.9     18.717     19.710
Writing output ... done.
