#################################################################
# If you used AutoDock Vina in your work, please cite:          #
#                                                               #
# O. Trott, A. J. Olson,                                        #
# AutoDock Vina: improving the speed and accuracy of docking    #
# with a new scoring function, efficient optimization and       #
# multithreading, Journal of Computational Chemistry 31 (2010)  #
# 455-461                                                       #
#                                                               #
# DOI 10.1002/jcc.21334                                         #
#                                                               #
# Please see http://vina.scripps.edu for more information.      #
#################################################################

Output will be mol_datas/122-99-6_out.pdbqt
Reading input ... done.
Setting up the scoring function ... done.
Analyzing the binding site ... done.
Using random seed: 1000
Performing search ... done.
Refining results ... done.

mode |   affinity | dist from best mode
     | (kcal/mol) | rmsd l.b.| rmsd u.b.
-----+------------+----------+----------
   1         -6.3      0.000      0.000
   2         -6.1      2.053      3.276
   3         -6.0      3.377      5.171
   4         -5.9      3.657      4.644
   5         -5.8      2.391      4.860
   6         -5.4      2.017      4.235
   7         -5.3      5.259      8.801
   8         -5.2      9.455     10.655
   9         -5.2      9.596     10.743
  10         -5.2      6.611      9.964
  11         -5.1      3.503      4.540
  12         -4.9      9.178     11.040
  13         -4.6      7.838     10.608
  14         -4.3      5.877      7.547
  15         -4.2      9.956     12.214
  16         -4.1      9.268     11.278
  17         -3.7     15.525     16.317
  18         -3.3     15.137     16.013
  19         -3.3     17.116     18.542
Writing output ... done.
