#################################################################
# If you used AutoDock Vina in your work, please cite:          #
#                                                               #
# O. Trott, A. J. Olson,                                        #
# AutoDock Vina: improving the speed and accuracy of docking    #
# with a new scoring function, efficient optimization and       #
# multithreading, Journal of Computational Chemistry 31 (2010)  #
# 455-461                                                       #
#                                                               #
# DOI 10.1002/jcc.21334                                         #
#                                                               #
# Please see http://vina.scripps.edu for more information.      #
#################################################################

Output will be mol_datas/142-92-7_out.pdbqt
Reading input ... done.
Setting up the scoring function ... done.
Analyzing the binding site ... done.
Using random seed: 1000
Performing search ... done.
Refining results ... done.

mode |   affinity | dist from best mode
     | (kcal/mol) | rmsd l.b.| rmsd u.b.
-----+------------+----------+----------
   1         -5.7      0.000      0.000
   2         -5.7      2.133      2.442
   3         -5.7      2.536      5.296
   4         -5.5      2.461      5.561
   5         -5.4      1.917      2.650
   6         -5.3      2.009      2.619
   7         -5.2      2.778      5.104
   8         -5.0      4.886      6.055
   9         -4.9      3.084      4.922
  10         -4.9      1.927      5.415
  11         -4.8      9.438     10.583
  12         -4.8      4.376      4.760
  13         -4.7      5.116      5.891
  14         -4.4      8.785     10.672
  15         -4.3      2.900      3.705
  16         -4.2      2.260      3.551
  17         -4.0      2.098      2.810
  18         -3.9     11.218     13.053
  19         -3.9      1.873      3.501
  20         -3.7     10.576     12.783
Writing output ... done.
