#################################################################
# If you used AutoDock Vina in your work, please cite:          #
#                                                               #
# O. Trott, A. J. Olson,                                        #
# AutoDock Vina: improving the speed and accuracy of docking    #
# with a new scoring function, efficient optimization and       #
# multithreading, Journal of Computational Chemistry 31 (2010)  #
# 455-461                                                       #
#                                                               #
# DOI 10.1002/jcc.21334                                         #
#                                                               #
# Please see http://vina.scripps.edu for more information.      #
#################################################################

Output will be mol_datas/51-52-5_out.pdbqt
Reading input ... done.
Setting up the scoring function ... done.
Analyzing the binding site ... done.
Using random seed: 1000
Performing search ... done.
Refining results ... done.

mode |   affinity | dist from best mode
     | (kcal/mol) | rmsd l.b.| rmsd u.b.
-----+------------+----------+----------
   1         -6.2      0.000      0.000
   2         -6.1      2.076      4.077
   3         -6.1      2.243      2.553
   4         -5.9      2.674      4.245
   5         -5.8      2.598      4.003
   6         -5.6      7.829      9.703
   7         -5.6      2.610      4.057
   8         -5.5      1.928      2.201
   9         -5.4      2.345      3.722
  10         -5.4      2.356      3.812
  11         -5.1      8.408      9.747
  12         -5.1      6.039      8.112
  13         -5.1      8.744     10.589
  14         -4.9      1.891      2.091
  15         -4.8      5.909      7.093
  16         -4.4      3.135      4.866
  17         -4.2     10.897     12.644
  18         -3.4     16.115     16.865
  19         -3.3     16.052     16.696
Writing output ... done.
