#################################################################
# If you used AutoDock Vina in your work, please cite:          #
#                                                               #
# O. Trott, A. J. Olson,                                        #
# AutoDock Vina: improving the speed and accuracy of docking    #
# with a new scoring function, efficient optimization and       #
# multithreading, Journal of Computational Chemistry 31 (2010)  #
# 455-461                                                       #
#                                                               #
# DOI 10.1002/jcc.21334                                         #
#                                                               #
# Please see http://vina.scripps.edu for more information.      #
#################################################################

Output will be mol_datas/14214-32-5_out.pdbqt
Reading input ... done.
Setting up the scoring function ... done.
Analyzing the binding site ... done.
Using random seed: 1000
Performing search ... done.
Refining results ... done.

mode |   affinity | dist from best mode
     | (kcal/mol) | rmsd l.b.| rmsd u.b.
-----+------------+----------+----------
   1         -8.0      0.000      0.000
   2         -7.5      3.876      8.820
   3         -6.6      2.413      3.986
   4         -6.1      1.370      2.080
   5         -5.9      7.753      9.681
   6         -5.9      3.841      8.383
   7         -5.7      3.193      4.468
   8         -5.7      2.356      3.935
   9         -5.7      2.613      3.640
  10         -5.4      5.860      9.223
  11         -5.3      2.220      3.197
  12         -5.1      2.037      2.678
Writing output ... done.
